


ARM Macro Assembler    Page 1 


    1 00000000         ;/******************************************************
                       ********************//**
    2 00000000         ; * @file     startup_LPC17xx.s
    3 00000000         ; * @brief    CMSIS Cortex-M3 Core Device Startup File f
                       or
    4 00000000         ; *           NXP LPC17xx Device Series
    5 00000000         ; * @version  V1.10
    6 00000000         ; * @date     06. April 2011
    7 00000000         ; *
    8 00000000         ; * @note
    9 00000000         ; * Copyright (C) 2009-2011 ARM Limited. All rights rese
                       rved.
   10 00000000         ; *
   11 00000000         ; * @par
   12 00000000         ; * ARM Limited (ARM) is supplying this software for use
                        with Cortex-M
   13 00000000         ; * processor based microcontrollers.  This file can be 
                       freely distributed
   14 00000000         ; * within development tools that are supporting such AR
                       M based processors.
   15 00000000         ; *
   16 00000000         ; * @par
   17 00000000         ; * THIS SOFTWARE IS PROVIDED "AS IS".  NO WARRANTIES, W
                       HETHER EXPRESS, IMPLIED
   18 00000000         ; * OR STATUTORY, INCLUDING, BUT NOT LIMITED TO, IMPLIED
                        WARRANTIES OF
   19 00000000         ; * MERCHANTABILITY AND FITNESS FOR A PARTICULAR PURPOSE
                        APPLY TO THIS SOFTWARE.
   20 00000000         ; * ARM SHALL NOT, IN ANY CIRCUMSTANCES, BE LIABLE FOR S
                       PECIAL, INCIDENTAL, OR
   21 00000000         ; * CONSEQUENTIAL DAMAGES, FOR ANY REASON WHATSOEVER.
   22 00000000         ; *
   23 00000000         ; ******************************************************
                       ************************/
   24 00000000         
   25 00000000         ; *------- <<< Use Configuration Wizard in Context Menu 
                       >>> ------------------
   26 00000000         
   27 00000000         ; <h> Stack Configuration
   28 00000000         ;   <o> Stack Size (in Bytes) <0x0-0xFFFFFFFF:8>
   29 00000000         ; </h>
   30 00000000         
   31 00000000 00000200 
                       Stack_Size
                               EQU              0x00000200
   32 00000000         
   33 00000000                 AREA             STACK, NOINIT, READWRITE, ALIGN
=3
   34 00000000         Stack_Mem
                               SPACE            Stack_Size
   35 00000200         __initial_sp
   36 00000200         
   37 00000200         
   38 00000200         ; <h> Heap Configuration
   39 00000200         ;   <o>  Heap Size (in Bytes) <0x0-0xFFFFFFFF:8>
   40 00000200         ; </h>
   41 00000200         
   42 00000200 00000000 
                       Heap_Size



ARM Macro Assembler    Page 2 


                               EQU              0x00000000
   43 00000200         
   44 00000200                 AREA             HEAP, NOINIT, READWRITE, ALIGN=
3
   45 00000000         __heap_base
   46 00000000         Heap_Mem
                               SPACE            Heap_Size
   47 00000000         __heap_limit
   48 00000000         
   49 00000000         
   50 00000000                 PRESERVE8
   51 00000000                 THUMB
   52 00000000         
   53 00000000         
   54 00000000         ; Vector Table Mapped to Address 0 at Reset
   55 00000000         
   56 00000000                 AREA             RESET, DATA, READONLY
   57 00000000                 EXPORT           __Vectors
   58 00000000         
   59 00000000 00000000 
                       __Vectors
                               DCD              __initial_sp ; Top of Stack
   60 00000004 00000000        DCD              Reset_Handler ; Reset Handler
   61 00000008 00000000        DCD              NMI_Handler ; NMI Handler
   62 0000000C 00000000        DCD              HardFault_Handler ; Hard Fault 
                                                            Handler
   63 00000010 00000000        DCD              MemManage_Handler 
                                                            ; MPU Fault Handler
                                                            
   64 00000014 00000000        DCD              BusFault_Handler 
                                                            ; Bus Fault Handler
                                                            
   65 00000018 00000000        DCD              UsageFault_Handler ; Usage Faul
                                                            t Handler
   66 0000001C 00000000        DCD              0           ; Reserved
   67 00000020 00000000        DCD              0           ; Reserved
   68 00000024 00000000        DCD              0           ; Reserved
   69 00000028 00000000        DCD              0           ; Reserved
   70 0000002C 00000000        DCD              SVC_Handler ; SVCall Handler
   71 00000030 00000000        DCD              DebugMon_Handler ; Debug Monito
                                                            r Handler
   72 00000034 00000000        DCD              0           ; Reserved
   73 00000038 00000000        DCD              PendSV_Handler ; PendSV Handler
                                                            
   74 0000003C 00000000        DCD              SysTick_Handler 
                                                            ; SysTick Handler
   75 00000040         
   76 00000040         ; External Interrupts
   77 00000040 00000000        DCD              WDT_IRQHandler ; 16: Watchdog T
                                                            imer
   78 00000044 00000000        DCD              TIMER0_IRQHandler ; 17: Timer0
   79 00000048 00000000        DCD              TIMER1_IRQHandler ; 18: Timer1
   80 0000004C 00000000        DCD              TIMER2_IRQHandler ; 19: Timer2
   81 00000050 00000000        DCD              TIMER3_IRQHandler ; 20: Timer3
   82 00000054 00000000        DCD              UART0_IRQHandler ; 21: UART0
   83 00000058 00000000        DCD              UART1_IRQHandler ; 22: UART1
   84 0000005C 00000000        DCD              UART2_IRQHandler ; 23: UART2
   85 00000060 00000000        DCD              UART3_IRQHandler ; 24: UART3
   86 00000064 00000000        DCD              PWM1_IRQHandler ; 25: PWM1



ARM Macro Assembler    Page 3 


   87 00000068 00000000        DCD              I2C0_IRQHandler ; 26: I2C0
   88 0000006C 00000000        DCD              I2C1_IRQHandler ; 27: I2C1
   89 00000070 00000000        DCD              I2C2_IRQHandler ; 28: I2C2
   90 00000074 00000000        DCD              SPI_IRQHandler ; 29: SPI
   91 00000078 00000000        DCD              SSP0_IRQHandler ; 30: SSP0
   92 0000007C 00000000        DCD              SSP1_IRQHandler ; 31: SSP1
   93 00000080 00000000        DCD              PLL0_IRQHandler ; 32: PLL0 Lock
                                                             (Main PLL)
   94 00000084 00000000        DCD              RTC_IRQHandler ; 33: Real Time 
                                                            Clock
   95 00000088 00000000        DCD              EINT0_IRQHandler ; 34: External
                                                             Interrupt 0
   96 0000008C 00000000        DCD              EINT1_IRQHandler ; 35: External
                                                             Interrupt 1
   97 00000090 00000000        DCD              EINT2_IRQHandler ; 36: External
                                                             Interrupt 2
   98 00000094 00000000        DCD              EINT3_IRQHandler ; 37: External
                                                             Interrupt 3
   99 00000098 00000000        DCD              ADC_IRQHandler 
                                                            ; 38: A/D Converter
                                                            
  100 0000009C 00000000        DCD              BOD_IRQHandler ; 39: Brown-Out 
                                                            Detect
  101 000000A0 00000000        DCD              USB_IRQHandler ; 40: USB
  102 000000A4 00000000        DCD              CAN_IRQHandler ; 41: CAN
  103 000000A8 00000000        DCD              DMA_IRQHandler ; 42: General Pu
                                                            rpose DMA
  104 000000AC 00000000        DCD              I2S_IRQHandler ; 43: I2S
  105 000000B0 00000000        DCD              ENET_IRQHandler ; 44: Ethernet
  106 000000B4 00000000        DCD              RIT_IRQHandler ; 45: Repetitive
                                                             Interrupt Timer
  107 000000B8 00000000        DCD              MCPWM_IRQHandler ; 46: Motor Co
                                                            ntrol PWM
  108 000000BC 00000000        DCD              QEI_IRQHandler ; 47: Quadrature
                                                             Encoder Interface
  109 000000C0 00000000        DCD              PLL1_IRQHandler ; 48: PLL1 Lock
                                                             (USB PLL)
  110 000000C4 00000000        DCD              USBActivity_IRQHandler ; 49: US
                                                            B Activity interrup
                                                            t to wakeup
  111 000000C8 00000000        DCD              CANActivity_IRQHandler ; 50: CA
                                                            N Activity interrup
                                                            t to wakeup
  112 000000CC         
  113 000000CC         
  114 000000CC                 IF               :LNOT::DEF:NO_CRP
  115 000000CC                 AREA             |.ARM.__at_0x02FC|, CODE, READO
NLY
  116 00000000 FFFFFFFF 
                       CRP_Key DCD              0xFFFFFFFF
  117 00000004                 ENDIF
  118 00000004         
  119 00000004         
  120 00000004         
  121 00000004                 AREA             variableDeclaration, DATA, READ
WRITE
  122 00000000 00 00 00 
              00 00 00 
              00 00 00 



ARM Macro Assembler    Page 4 


              00 00 00 
              00 00 00 
              00 00 00 
              00 00 00 
              00 00 00 
              00 00 00 
              00 00 00 
              00 00 00 
              00 00 00 
              00 00 00 
              00 00 00 
              00 00 00 
              00 00 00 
              00 00 00 
              00 00 00 
              00 00 00 
              00 00 00 
              00 00 00 
              00 00 00 
              00 00 00 
              00 00 00 
              00 00 00 
              00 00 00 
              00 00 00 
              00 00 00 
              00 00 00 
              00 00 00 
              00 00 00 
              00 00 00 
              00 00 00 
              00 00 00 
              00 00 00 
              00 00 00 
              00 00 00 
              00 00 00 
              00 00 00 
              00 00 00 
              00 00 00 
              00 00 00 
              00 00    mySpace SPACE            128
  123 00000080         
  124 00000080                 AREA             stringDefinition, DATA, READONL
Y
  125 00000000         
  126 00000000 61 62 63 
              64 65 66 
              00       string1 DCB              "abcdef", 0
  127 00000007         
  128 00000007 62 64 61 
              66 00    string2 DCB              "bdaf", 0
  129 0000000C         
  130 0000000C                 AREA             |.text|, CODE, READONLY
  131 00000000         
  132 00000000                 AREA             |.text|, CODE, READONLY
  133 00000000         
  134 00000000         
  135 00000000         
  136 00000000         ; Reset Handler
  137 00000000         



ARM Macro Assembler    Page 5 


  138 00000000         Reset_Handler
                               PROC
  139 00000000                 EXPORT           Reset_Handler             [WEAK
]
  140 00000000 485B            LDR              r0, =string1
  141 00000002 495C            LDR              r1, =string2
  142 00000004 F7FF FFFE       BL               isContained
  143 00000008         
  144 00000008 4859            LDR              r0, =string1
  145 0000000A 495A            LDR              r1, =string2
  146 0000000C F7FF FFFE       BL               isAnagram
  147 00000010         
  148 00000010 4857            LDR              r0, =string1
  149 00000012 4958            LDR              r1, =string2
  150 00000014 F7FF FFFE       BL               longestSubstring
  151 00000018 E7FE    stop    b                stop
  152 0000001A         
  153 0000001A         
  154 0000001A         
  155 0000001A         isContained
                               proc
  156 0000001A E92D 4FF0       push{r4-r11,lr}              ;   change r4-r8, r
                                                            10, r11 to r4-r11
  157 0000001E 4604            mov              r4, r0
  158 00000020 460D            mov              r5, r1
  159 00000022 F04F 0900       mov              r9, #0      ;
  160 00000026         
  161 00000026 F815 7B01 
                       checkRule1
                               ldrb             r7, [r5], #1
  162 0000002A 4604            mov              r4, r0      ; move to this plac
                                                            e
  163 0000002C 2F00            cmp              r7, #0
  164 0000002E D006            beq              checkRule2
  165 00000030         
  166 00000030         checkRule1_1                         ;move this line for
                                                            ward 3 lines
  167 00000030 F814 6B01       ldrb             r6, [r4], #1
  168 00000034 2E00            cmp              r6, #0
  169 00000036 D02D            beq              end0
  170 00000038 42BE            cmp              r6, r7
  171 0000003A D0F4            beq              checkRule1
  172 0000003C E7F8            b                checkRule1_1
  173 0000003E         
  174 0000003E         
  175 0000003E 4604    checkRule2
                               mov              r4, r0
  176 00000040 460D            mov              r5, r1
  177 00000042         
  178 00000042 F815 6B01 
                       countS2 ldrb             r6, [r5], #1 ;change the addres
                                                            s base of S1
  179 00000046 2E00            cmp              r6, #0
  180 00000048 D027            beq              end1
  181 0000004A 46B0            mov              r8, r6
  182 0000004C F04F 0B01       mov              r11, #1
  183 00000050         
  184 00000050 F815 6B01 
                       countS2_1



ARM Macro Assembler    Page 6 


                               ldrb             r6, [r5], #1 ;change the addres
                                                            s base of S1
  185 00000054 2E00            cmp              r6, #0
  186 00000056 D005            beq              countS1
  187 00000058 45B0            cmp              r8, r6
  188 0000005A D000            beq              countS2p
  189 0000005C E7F8            b                countS2_1   ;add a labe b
  190 0000005E         
  191 0000005E F10B 0B01 
                       countS2p
                               add              r11, #1
  192 00000062 E7F5            b                countS2_1
  193 00000064         
  194 00000064 F04F 0A00 
                       countS1 mov              r10, #0
  195 00000068 F814 7B01 
                       loopS1  ldrb             r7, [r4], #1
  196 0000006C 2F00            cmp              r7, #0
  197 0000006E D005            beq              checkT
  198 00000070 4547            cmp              r7, r8
  199 00000072 D1F9            bne              loopS1
  200 00000074 E7FF            b                countS1p
  201 00000076         
  202 00000076 F10A 0A01 
                       countS1p
                               add              r10, #1
  203 0000007A E7F5            b                loopS1
  204 0000007C         
  205 0000007C 45DA    checkT  cmp              r10, r11
  206 0000007E D309            blo              end0
  207 00000080 F04F 0A00       mov              r10, #0
  208 00000084 F04F 0B00       mov              r11, #0
  209 00000088         
  210 00000088 F109 0901       add              r9, #1      ;
  211 0000008C 460D            mov              r5, r1      ;
  212 0000008E 444D            add              r5, r9      ;
  213 00000090 4604            mov              r4, r0      ;
  214 00000092 E7D6            b                countS2
  215 00000094         
  216 00000094 F04F 0000 
                       end0    mov              r0, #0
  217 00000098 E002            b                endProg
  218 0000009A         
  219 0000009A F04F 0001 
                       end1    mov              r0, #1
  220 0000009E E7FF            b                endProg
  221 000000A0         
  222 000000A0 E8BD 8FF0 
                       endProg pop{r4-r11,      pc}         ;   change r4-r8, r
                                                            10, r11 to r4-r11
  223 000000A4                 ENDP
  224 000000A4         
  225 000000A4         
  226 000000A4         
  227 000000A4         isAnagram
                               proc
  228 000000A4 E92D 4DF0       push{r4-r8,r10,r11,lr}
  229 000000A8         
  230 000000A8 4604            mov              r4, r0



ARM Macro Assembler    Page 7 


  231 000000AA 460D            mov              r5, r1
  232 000000AC F04F 0A00       mov              r10, #0
  233 000000B0 F04F 0B00       mov              r11, #0
  234 000000B4         
  235 000000B4 F814 6B01 
                       pro2CountS1
                               ldrb             r6, [r4], #1
  236 000000B8 2E00            cmp              r6, #0
  237 000000BA D002            beq              pro2CountS2
  238 000000BC F10A 0A01       add              r10, #1
  239 000000C0 E7F8            b                pro2CountS1
  240 000000C2         
  241 000000C2 F815 7B01 
                       pro2CountS2
                               ldrb             r7, [r5], #1
  242 000000C6 2F00            cmp              r7, #0
  243 000000C8 D002            beq              pro2Compare
  244 000000CA F10B 0B01       add              r11, #1
  245 000000CE E7F8            b                pro2CountS2
  246 000000D0         
  247 000000D0         
  248 000000D0 45DA    pro2Compare
                               cmp              r10, r11
  249 000000D2 D000            beq              call
  250 000000D4 E002            b                end20
  251 000000D6         
  252 000000D6 F7FF FFFE 
                       call    bl               isContained
  253 000000DA E002            b                endPro2
  254 000000DC         
  255 000000DC F04F 0000 
                       end20   mov              r0, #0
  256 000000E0 E7FF            b                endPro2
  257 000000E2         
  258 000000E2 E8BD 8DF0 
                       endPro2 pop{r4-r8,r10,r11,pc}
  259 000000E6                 ENDP
  260 000000E6         
  261 000000E6         
  262 000000E6         
  263 000000E6         
  264 000000E6         longestSubstring
                               proc
  265 000000E6 E92D 4DF0       push{r4-r8,r10,r11,lr}
  266 000000EA         
  267 000000EA         
  268 000000EA F04F 0B00       mov              r11, #0
  269 000000EE F04F 0A00       mov              r10, #0
  270 000000F2 4689            mov              r9, r1
  271 000000F4 460D            mov              r5, r1
  272 000000F6         
  273 000000F6 F815 7B01 
                       pro3CountS2
                               ldrb             r7, [r5], #1
  274 000000FA 2F00            cmp              r7, #0
  275 000000FC D002            beq              Pro3
  276 000000FE F108 0801       add              r8, #1
  277 00000102 E7F8            b                pro3CountS2
  278 00000104         



ARM Macro Assembler    Page 8 


  279 00000104         
  280 00000104 464D    Pro3    mov              r5, r9
  281 00000106 4604            mov              r4, r0
  282 00000108         
  283 00000108 F815 7B01 
                       cheS2   ldrb             r7, [r5], #1
  284 0000010C         
  285 0000010C 2F00            cmp              r7, #0
  286 0000010E D009            beq              compare     ;change the label n
                                                            ame 
  287 00000110         
  288 00000110         
  289 00000110 F814 6B01 
                       cheS1   ldrb             r6, [r4], #1
  290 00000114 2E00            cmp              r6, #0
  291 00000116 D005            beq              compare
  292 00000118 42B7            cmp              r7, r6
  293 0000011A D1F9            bne              cheS1
  294 0000011C E7FF            b                countT
  295 0000011E         
  296 0000011E F10B 0B01 
                       countT  add              r11, #1
  297 00000122 E7F1            b                cheS2
  298 00000124         
  299 00000124 F1A8 0801 
                       compare sub              r8, #1      ;
  300 00000128 F1B8 0F00       cmp              r8, #0      ;
  301 0000012C D00C            beq              endNum      ;
  302 0000012E 45DA            cmp              r10, r11
  303 00000130 D304            blo              change
  304 00000132 F109 0901       add              r9, #1      ;change number 8 to
                                                             1
  305 00000136 F04F 0B00       mov              r11, #0     ;
  306 0000013A E7E3            B                Pro3
  307 0000013C         
  308 0000013C         
  309 0000013C 46DA    change  mov              r10, r11
  310 0000013E F04F 0B00       mov              r11, #0
  311 00000142 F109 0901       add              r9, #1      ;change number 8 to
                                                             1
  312 00000146 E7DD            b                Pro3
  313 00000148         
  314 00000148 4650    endNum  mov              r0, r10
  315 0000014A         
  316 0000014A E8BD 8DF0       pop{r4-r8,r10,r11,pc}
  317 0000014E                 ENDP
  318 0000014E         
  319 0000014E         
  320 0000014E         ; Dummy Exception Handlers (infinite loops which can be 
                       modified)
  321 0000014E         
  322 0000014E         NMI_Handler
                               PROC
  323 0000014E                 EXPORT           NMI_Handler               [WEAK
]
  324 0000014E E7FE            B                .
  325 00000150                 ENDP
  327 00000150         HardFault_Handler
                               PROC



ARM Macro Assembler    Page 9 


  328 00000150                 EXPORT           HardFault_Handler         [WEAK
]
  329 00000150 E7FE            B                .
  330 00000152                 ENDP
  332 00000152         MemManage_Handler
                               PROC
  333 00000152                 EXPORT           MemManage_Handler         [WEAK
]
  334 00000152 E7FE            B                .
  335 00000154                 ENDP
  337 00000154         BusFault_Handler
                               PROC
  338 00000154                 EXPORT           BusFault_Handler          [WEAK
]
  339 00000154 E7FE            B                .
  340 00000156                 ENDP
  342 00000156         UsageFault_Handler
                               PROC
  343 00000156                 EXPORT           UsageFault_Handler        [WEAK
]
  344 00000156 E7FE            B                .
  345 00000158                 ENDP
  346 00000158         SVC_Handler
                               PROC
  347 00000158                 EXPORT           SVC_Handler               [WEAK
]
  348 00000158 E7FE            B                .
  349 0000015A                 ENDP
  351 0000015A         DebugMon_Handler
                               PROC
  352 0000015A                 EXPORT           DebugMon_Handler          [WEAK
]
  353 0000015A E7FE            B                .
  354 0000015C                 ENDP
  355 0000015C         PendSV_Handler
                               PROC
  356 0000015C                 EXPORT           PendSV_Handler            [WEAK
]
  357 0000015C E7FE            B                .
  358 0000015E                 ENDP
  359 0000015E         SysTick_Handler
                               PROC
  360 0000015E                 EXPORT           SysTick_Handler           [WEAK
]
  361 0000015E E7FE            B                .
  362 00000160                 ENDP
  363 00000160         
  364 00000160         Default_Handler
                               PROC
  365 00000160         
  366 00000160                 EXPORT           WDT_IRQHandler            [WEAK
]
  367 00000160                 EXPORT           TIMER0_IRQHandler         [WEAK
]
  368 00000160                 EXPORT           TIMER1_IRQHandler         [WEAK
]
  369 00000160                 EXPORT           TIMER2_IRQHandler         [WEAK
]
  370 00000160                 EXPORT           TIMER3_IRQHandler         [WEAK



ARM Macro Assembler    Page 10 


]
  371 00000160                 EXPORT           UART0_IRQHandler          [WEAK
]
  372 00000160                 EXPORT           UART1_IRQHandler          [WEAK
]
  373 00000160                 EXPORT           UART2_IRQHandler          [WEAK
]
  374 00000160                 EXPORT           UART3_IRQHandler          [WEAK
]
  375 00000160                 EXPORT           PWM1_IRQHandler           [WEAK
]
  376 00000160                 EXPORT           I2C0_IRQHandler           [WEAK
]
  377 00000160                 EXPORT           I2C1_IRQHandler           [WEAK
]
  378 00000160                 EXPORT           I2C2_IRQHandler           [WEAK
]
  379 00000160                 EXPORT           SPI_IRQHandler            [WEAK
]
  380 00000160                 EXPORT           SSP0_IRQHandler           [WEAK
]
  381 00000160                 EXPORT           SSP1_IRQHandler           [WEAK
]
  382 00000160                 EXPORT           PLL0_IRQHandler           [WEAK
]
  383 00000160                 EXPORT           RTC_IRQHandler            [WEAK
]
  384 00000160                 EXPORT           EINT0_IRQHandler          [WEAK
]
  385 00000160                 EXPORT           EINT1_IRQHandler          [WEAK
]
  386 00000160                 EXPORT           EINT2_IRQHandler          [WEAK
]
  387 00000160                 EXPORT           EINT3_IRQHandler          [WEAK
]
  388 00000160                 EXPORT           ADC_IRQHandler            [WEAK
]
  389 00000160                 EXPORT           BOD_IRQHandler            [WEAK
]
  390 00000160                 EXPORT           USB_IRQHandler            [WEAK
]
  391 00000160                 EXPORT           CAN_IRQHandler            [WEAK
]
  392 00000160                 EXPORT           DMA_IRQHandler            [WEAK
]
  393 00000160                 EXPORT           I2S_IRQHandler            [WEAK
]
  394 00000160                 EXPORT           ENET_IRQHandler           [WEAK
]
  395 00000160                 EXPORT           RIT_IRQHandler            [WEAK
]
  396 00000160                 EXPORT           MCPWM_IRQHandler          [WEAK
]
  397 00000160                 EXPORT           QEI_IRQHandler            [WEAK
]
  398 00000160                 EXPORT           PLL1_IRQHandler           [WEAK
]
  399 00000160                 EXPORT           USBActivity_IRQHandler    [WEAK
]



ARM Macro Assembler    Page 11 


  400 00000160                 EXPORT           CANActivity_IRQHandler    [WEAK
]
  401 00000160         
  402 00000160         WDT_IRQHandler
  403 00000160         TIMER0_IRQHandler
  404 00000160         TIMER1_IRQHandler
  405 00000160         TIMER2_IRQHandler
  406 00000160         TIMER3_IRQHandler
  407 00000160         UART0_IRQHandler
  408 00000160         UART1_IRQHandler
  409 00000160         UART2_IRQHandler
  410 00000160         UART3_IRQHandler
  411 00000160         PWM1_IRQHandler
  412 00000160         I2C0_IRQHandler
  413 00000160         I2C1_IRQHandler
  414 00000160         I2C2_IRQHandler
  415 00000160         SPI_IRQHandler
  416 00000160         SSP0_IRQHandler
  417 00000160         SSP1_IRQHandler
  418 00000160         PLL0_IRQHandler
  419 00000160         RTC_IRQHandler
  420 00000160         EINT0_IRQHandler
  421 00000160         EINT1_IRQHandler
  422 00000160         EINT2_IRQHandler
  423 00000160         EINT3_IRQHandler
  424 00000160         ADC_IRQHandler
  425 00000160         BOD_IRQHandler
  426 00000160         USB_IRQHandler
  427 00000160         CAN_IRQHandler
  428 00000160         DMA_IRQHandler
  429 00000160         I2S_IRQHandler
  430 00000160         ENET_IRQHandler
  431 00000160         RIT_IRQHandler
  432 00000160         MCPWM_IRQHandler
  433 00000160         QEI_IRQHandler
  434 00000160         PLL1_IRQHandler
  435 00000160         USBActivity_IRQHandler
  436 00000160         CANActivity_IRQHandler
  437 00000160         
  438 00000160 E7FE            B                .
  439 00000162         
  440 00000162                 ENDP
  441 00000162         
  442 00000162         
  443 00000162 00 00           ALIGN
  444 00000164         
  445 00000164         
  446 00000164         ; User Initial Stack & Heap
  447 00000164         
  448 00000164                 IF               :DEF:__MICROLIB
  455 00000164         
  456 00000164                 IMPORT           __use_two_region_memory
  457 00000164                 EXPORT           __user_initial_stackheap
  458 00000164         __user_initial_stackheap
  459 00000164         
  460 00000164 4804            LDR              R0, =  Heap_Mem
  461 00000166 4905            LDR              R1, =(Stack_Mem + Stack_Size)
  462 00000168 4A03            LDR              R2, = (Heap_Mem +  Heap_Size)
  463 0000016A 4B05            LDR              R3, = Stack_Mem



ARM Macro Assembler    Page 12 


  464 0000016C 4770            BX               LR
  465 0000016E         
  466 0000016E 00 00           ALIGN
  467 00000170         
  468 00000170                 ENDIF
  469 00000170         
  470 00000170         
  471 00000170                 END
              00000000 
              00000000 
              00000000 
              00000200 
              00000000 
Command Line: --debug --xref --diag_suppress=9931 --cpu=Cortex-M3 --apcs=interw
ork --depend=.\objects\startup_lpc17xx.d -o.\objects\startup_lpc17xx.o -I.\RTE\
Device\LPC1768 -I.\RTE\_Target_1 -I"D:\Program Files\Keil_V5\pack\ARM\CMSIS\5.6
.0\CMSIS\Core\Include" -I"D:\Program Files\Keil_V5\pack\Keil\LPC1700_DFP\2.6.0\
Device\Include" --predefine="__EVAL SETA 1" --predefine="__UVISION_VERSION SETA
 529" --predefine="_RTE_ SETA 1" --predefine="LPC175x_6x SETA 1" --list=.\listi
ngs\startup_lpc17xx.lst RTE\Device\LPC1768\startup_LPC17xx.s



ARM Macro Assembler    Page 1 Alphabetic symbol ordering
Relocatable symbols

STACK 00000000

Symbol: STACK
   Definitions
      At line 33 in file RTE\Device\LPC1768\startup_LPC17xx.s
   Uses
      None
Comment: STACK unused
Stack_Mem 00000000

Symbol: Stack_Mem
   Definitions
      At line 34 in file RTE\Device\LPC1768\startup_LPC17xx.s
   Uses
      At line 461 in file RTE\Device\LPC1768\startup_LPC17xx.s
      At line 463 in file RTE\Device\LPC1768\startup_LPC17xx.s

__initial_sp 00000200

Symbol: __initial_sp
   Definitions
      At line 35 in file RTE\Device\LPC1768\startup_LPC17xx.s
   Uses
      At line 59 in file RTE\Device\LPC1768\startup_LPC17xx.s
Comment: __initial_sp used once
3 symbols



ARM Macro Assembler    Page 1 Alphabetic symbol ordering
Relocatable symbols

HEAP 00000000

Symbol: HEAP
   Definitions
      At line 44 in file RTE\Device\LPC1768\startup_LPC17xx.s
   Uses
      None
Comment: HEAP unused
Heap_Mem 00000000

Symbol: Heap_Mem
   Definitions
      At line 46 in file RTE\Device\LPC1768\startup_LPC17xx.s
   Uses
      At line 460 in file RTE\Device\LPC1768\startup_LPC17xx.s
      At line 462 in file RTE\Device\LPC1768\startup_LPC17xx.s

__heap_base 00000000

Symbol: __heap_base
   Definitions
      At line 45 in file RTE\Device\LPC1768\startup_LPC17xx.s
   Uses
      None
Comment: __heap_base unused
__heap_limit 00000000

Symbol: __heap_limit
   Definitions
      At line 47 in file RTE\Device\LPC1768\startup_LPC17xx.s
   Uses
      None
Comment: __heap_limit unused
4 symbols



ARM Macro Assembler    Page 1 Alphabetic symbol ordering
Relocatable symbols

RESET 00000000

Symbol: RESET
   Definitions
      At line 56 in file RTE\Device\LPC1768\startup_LPC17xx.s
   Uses
      None
Comment: RESET unused
__Vectors 00000000

Symbol: __Vectors
   Definitions
      At line 59 in file RTE\Device\LPC1768\startup_LPC17xx.s
   Uses
      At line 57 in file RTE\Device\LPC1768\startup_LPC17xx.s
Comment: __Vectors used once
2 symbols



ARM Macro Assembler    Page 1 Alphabetic symbol ordering
Relocatable symbols

.ARM.__at_0x02FC 00000000

Symbol: .ARM.__at_0x02FC
   Definitions
      At line 115 in file RTE\Device\LPC1768\startup_LPC17xx.s
   Uses
      None
Comment: .ARM.__at_0x02FC unused
CRP_Key 00000000

Symbol: CRP_Key
   Definitions
      At line 116 in file RTE\Device\LPC1768\startup_LPC17xx.s
   Uses
      None
Comment: CRP_Key unused
2 symbols



ARM Macro Assembler    Page 1 Alphabetic symbol ordering
Relocatable symbols

mySpace 00000000

Symbol: mySpace
   Definitions
      At line 122 in file RTE\Device\LPC1768\startup_LPC17xx.s
   Uses
      None
Comment: mySpace unused
variableDeclaration 00000000

Symbol: variableDeclaration
   Definitions
      At line 121 in file RTE\Device\LPC1768\startup_LPC17xx.s
   Uses
      None
Comment: variableDeclaration unused
2 symbols



ARM Macro Assembler    Page 1 Alphabetic symbol ordering
Relocatable symbols

string1 00000000

Symbol: string1
   Definitions
      At line 126 in file RTE\Device\LPC1768\startup_LPC17xx.s
   Uses
      At line 140 in file RTE\Device\LPC1768\startup_LPC17xx.s
      At line 144 in file RTE\Device\LPC1768\startup_LPC17xx.s
      At line 148 in file RTE\Device\LPC1768\startup_LPC17xx.s

string2 00000007

Symbol: string2
   Definitions
      At line 128 in file RTE\Device\LPC1768\startup_LPC17xx.s
   Uses
      At line 141 in file RTE\Device\LPC1768\startup_LPC17xx.s
      At line 145 in file RTE\Device\LPC1768\startup_LPC17xx.s
      At line 149 in file RTE\Device\LPC1768\startup_LPC17xx.s

stringDefinition 00000000

Symbol: stringDefinition
   Definitions
      At line 124 in file RTE\Device\LPC1768\startup_LPC17xx.s
   Uses
      None
Comment: stringDefinition unused
3 symbols



ARM Macro Assembler    Page 1 Alphabetic symbol ordering
Relocatable symbols

.text 00000000

Symbol: .text
   Definitions
      At line 130 in file RTE\Device\LPC1768\startup_LPC17xx.s
   Uses
      None
Comment: .text unused
ADC_IRQHandler 00000160

Symbol: ADC_IRQHandler
   Definitions
      At line 424 in file RTE\Device\LPC1768\startup_LPC17xx.s
   Uses
      At line 99 in file RTE\Device\LPC1768\startup_LPC17xx.s
      At line 388 in file RTE\Device\LPC1768\startup_LPC17xx.s

BOD_IRQHandler 00000160

Symbol: BOD_IRQHandler
   Definitions
      At line 425 in file RTE\Device\LPC1768\startup_LPC17xx.s
   Uses
      At line 100 in file RTE\Device\LPC1768\startup_LPC17xx.s
      At line 389 in file RTE\Device\LPC1768\startup_LPC17xx.s

BusFault_Handler 00000154

Symbol: BusFault_Handler
   Definitions
      At line 337 in file RTE\Device\LPC1768\startup_LPC17xx.s
   Uses
      At line 64 in file RTE\Device\LPC1768\startup_LPC17xx.s
      At line 338 in file RTE\Device\LPC1768\startup_LPC17xx.s

CANActivity_IRQHandler 00000160

Symbol: CANActivity_IRQHandler
   Definitions
      At line 436 in file RTE\Device\LPC1768\startup_LPC17xx.s
   Uses
      At line 111 in file RTE\Device\LPC1768\startup_LPC17xx.s
      At line 400 in file RTE\Device\LPC1768\startup_LPC17xx.s

CAN_IRQHandler 00000160

Symbol: CAN_IRQHandler
   Definitions
      At line 427 in file RTE\Device\LPC1768\startup_LPC17xx.s
   Uses
      At line 102 in file RTE\Device\LPC1768\startup_LPC17xx.s
      At line 391 in file RTE\Device\LPC1768\startup_LPC17xx.s

DMA_IRQHandler 00000160

Symbol: DMA_IRQHandler
   Definitions
      At line 428 in file RTE\Device\LPC1768\startup_LPC17xx.s
   Uses



ARM Macro Assembler    Page 2 Alphabetic symbol ordering
Relocatable symbols

      At line 103 in file RTE\Device\LPC1768\startup_LPC17xx.s
      At line 392 in file RTE\Device\LPC1768\startup_LPC17xx.s

DebugMon_Handler 0000015A

Symbol: DebugMon_Handler
   Definitions
      At line 351 in file RTE\Device\LPC1768\startup_LPC17xx.s
   Uses
      At line 71 in file RTE\Device\LPC1768\startup_LPC17xx.s
      At line 352 in file RTE\Device\LPC1768\startup_LPC17xx.s

Default_Handler 00000160

Symbol: Default_Handler
   Definitions
      At line 364 in file RTE\Device\LPC1768\startup_LPC17xx.s
   Uses
      None
Comment: Default_Handler unused
EINT0_IRQHandler 00000160

Symbol: EINT0_IRQHandler
   Definitions
      At line 420 in file RTE\Device\LPC1768\startup_LPC17xx.s
   Uses
      At line 95 in file RTE\Device\LPC1768\startup_LPC17xx.s
      At line 384 in file RTE\Device\LPC1768\startup_LPC17xx.s

EINT1_IRQHandler 00000160

Symbol: EINT1_IRQHandler
   Definitions
      At line 421 in file RTE\Device\LPC1768\startup_LPC17xx.s
   Uses
      At line 96 in file RTE\Device\LPC1768\startup_LPC17xx.s
      At line 385 in file RTE\Device\LPC1768\startup_LPC17xx.s

EINT2_IRQHandler 00000160

Symbol: EINT2_IRQHandler
   Definitions
      At line 422 in file RTE\Device\LPC1768\startup_LPC17xx.s
   Uses
      At line 97 in file RTE\Device\LPC1768\startup_LPC17xx.s
      At line 386 in file RTE\Device\LPC1768\startup_LPC17xx.s

EINT3_IRQHandler 00000160

Symbol: EINT3_IRQHandler
   Definitions
      At line 423 in file RTE\Device\LPC1768\startup_LPC17xx.s
   Uses
      At line 98 in file RTE\Device\LPC1768\startup_LPC17xx.s
      At line 387 in file RTE\Device\LPC1768\startup_LPC17xx.s

ENET_IRQHandler 00000160

Symbol: ENET_IRQHandler



ARM Macro Assembler    Page 3 Alphabetic symbol ordering
Relocatable symbols

   Definitions
      At line 430 in file RTE\Device\LPC1768\startup_LPC17xx.s
   Uses
      At line 105 in file RTE\Device\LPC1768\startup_LPC17xx.s
      At line 394 in file RTE\Device\LPC1768\startup_LPC17xx.s

HardFault_Handler 00000150

Symbol: HardFault_Handler
   Definitions
      At line 327 in file RTE\Device\LPC1768\startup_LPC17xx.s
   Uses
      At line 62 in file RTE\Device\LPC1768\startup_LPC17xx.s
      At line 328 in file RTE\Device\LPC1768\startup_LPC17xx.s

I2C0_IRQHandler 00000160

Symbol: I2C0_IRQHandler
   Definitions
      At line 412 in file RTE\Device\LPC1768\startup_LPC17xx.s
   Uses
      At line 87 in file RTE\Device\LPC1768\startup_LPC17xx.s
      At line 376 in file RTE\Device\LPC1768\startup_LPC17xx.s

I2C1_IRQHandler 00000160

Symbol: I2C1_IRQHandler
   Definitions
      At line 413 in file RTE\Device\LPC1768\startup_LPC17xx.s
   Uses
      At line 88 in file RTE\Device\LPC1768\startup_LPC17xx.s
      At line 377 in file RTE\Device\LPC1768\startup_LPC17xx.s

I2C2_IRQHandler 00000160

Symbol: I2C2_IRQHandler
   Definitions
      At line 414 in file RTE\Device\LPC1768\startup_LPC17xx.s
   Uses
      At line 89 in file RTE\Device\LPC1768\startup_LPC17xx.s
      At line 378 in file RTE\Device\LPC1768\startup_LPC17xx.s

I2S_IRQHandler 00000160

Symbol: I2S_IRQHandler
   Definitions
      At line 429 in file RTE\Device\LPC1768\startup_LPC17xx.s
   Uses
      At line 104 in file RTE\Device\LPC1768\startup_LPC17xx.s
      At line 393 in file RTE\Device\LPC1768\startup_LPC17xx.s

MCPWM_IRQHandler 00000160

Symbol: MCPWM_IRQHandler
   Definitions
      At line 432 in file RTE\Device\LPC1768\startup_LPC17xx.s
   Uses
      At line 107 in file RTE\Device\LPC1768\startup_LPC17xx.s
      At line 396 in file RTE\Device\LPC1768\startup_LPC17xx.s



ARM Macro Assembler    Page 4 Alphabetic symbol ordering
Relocatable symbols


MemManage_Handler 00000152

Symbol: MemManage_Handler
   Definitions
      At line 332 in file RTE\Device\LPC1768\startup_LPC17xx.s
   Uses
      At line 63 in file RTE\Device\LPC1768\startup_LPC17xx.s
      At line 333 in file RTE\Device\LPC1768\startup_LPC17xx.s

NMI_Handler 0000014E

Symbol: NMI_Handler
   Definitions
      At line 322 in file RTE\Device\LPC1768\startup_LPC17xx.s
   Uses
      At line 61 in file RTE\Device\LPC1768\startup_LPC17xx.s
      At line 323 in file RTE\Device\LPC1768\startup_LPC17xx.s

PLL0_IRQHandler 00000160

Symbol: PLL0_IRQHandler
   Definitions
      At line 418 in file RTE\Device\LPC1768\startup_LPC17xx.s
   Uses
      At line 93 in file RTE\Device\LPC1768\startup_LPC17xx.s
      At line 382 in file RTE\Device\LPC1768\startup_LPC17xx.s

PLL1_IRQHandler 00000160

Symbol: PLL1_IRQHandler
   Definitions
      At line 434 in file RTE\Device\LPC1768\startup_LPC17xx.s
   Uses
      At line 109 in file RTE\Device\LPC1768\startup_LPC17xx.s
      At line 398 in file RTE\Device\LPC1768\startup_LPC17xx.s

PWM1_IRQHandler 00000160

Symbol: PWM1_IRQHandler
   Definitions
      At line 411 in file RTE\Device\LPC1768\startup_LPC17xx.s
   Uses
      At line 86 in file RTE\Device\LPC1768\startup_LPC17xx.s
      At line 375 in file RTE\Device\LPC1768\startup_LPC17xx.s

PendSV_Handler 0000015C

Symbol: PendSV_Handler
   Definitions
      At line 355 in file RTE\Device\LPC1768\startup_LPC17xx.s
   Uses
      At line 73 in file RTE\Device\LPC1768\startup_LPC17xx.s
      At line 356 in file RTE\Device\LPC1768\startup_LPC17xx.s

Pro3 00000104

Symbol: Pro3
   Definitions



ARM Macro Assembler    Page 5 Alphabetic symbol ordering
Relocatable symbols

      At line 280 in file RTE\Device\LPC1768\startup_LPC17xx.s
   Uses
      At line 275 in file RTE\Device\LPC1768\startup_LPC17xx.s
      At line 306 in file RTE\Device\LPC1768\startup_LPC17xx.s
      At line 312 in file RTE\Device\LPC1768\startup_LPC17xx.s

QEI_IRQHandler 00000160

Symbol: QEI_IRQHandler
   Definitions
      At line 433 in file RTE\Device\LPC1768\startup_LPC17xx.s
   Uses
      At line 108 in file RTE\Device\LPC1768\startup_LPC17xx.s
      At line 397 in file RTE\Device\LPC1768\startup_LPC17xx.s

RIT_IRQHandler 00000160

Symbol: RIT_IRQHandler
   Definitions
      At line 431 in file RTE\Device\LPC1768\startup_LPC17xx.s
   Uses
      At line 106 in file RTE\Device\LPC1768\startup_LPC17xx.s
      At line 395 in file RTE\Device\LPC1768\startup_LPC17xx.s

RTC_IRQHandler 00000160

Symbol: RTC_IRQHandler
   Definitions
      At line 419 in file RTE\Device\LPC1768\startup_LPC17xx.s
   Uses
      At line 94 in file RTE\Device\LPC1768\startup_LPC17xx.s
      At line 383 in file RTE\Device\LPC1768\startup_LPC17xx.s

Reset_Handler 00000000

Symbol: Reset_Handler
   Definitions
      At line 138 in file RTE\Device\LPC1768\startup_LPC17xx.s
   Uses
      At line 60 in file RTE\Device\LPC1768\startup_LPC17xx.s
      At line 139 in file RTE\Device\LPC1768\startup_LPC17xx.s

SPI_IRQHandler 00000160

Symbol: SPI_IRQHandler
   Definitions
      At line 415 in file RTE\Device\LPC1768\startup_LPC17xx.s
   Uses
      At line 90 in file RTE\Device\LPC1768\startup_LPC17xx.s
      At line 379 in file RTE\Device\LPC1768\startup_LPC17xx.s

SSP0_IRQHandler 00000160

Symbol: SSP0_IRQHandler
   Definitions
      At line 416 in file RTE\Device\LPC1768\startup_LPC17xx.s
   Uses
      At line 91 in file RTE\Device\LPC1768\startup_LPC17xx.s
      At line 380 in file RTE\Device\LPC1768\startup_LPC17xx.s



ARM Macro Assembler    Page 6 Alphabetic symbol ordering
Relocatable symbols


SSP1_IRQHandler 00000160

Symbol: SSP1_IRQHandler
   Definitions
      At line 417 in file RTE\Device\LPC1768\startup_LPC17xx.s
   Uses
      At line 92 in file RTE\Device\LPC1768\startup_LPC17xx.s
      At line 381 in file RTE\Device\LPC1768\startup_LPC17xx.s

SVC_Handler 00000158

Symbol: SVC_Handler
   Definitions
      At line 346 in file RTE\Device\LPC1768\startup_LPC17xx.s
   Uses
      At line 70 in file RTE\Device\LPC1768\startup_LPC17xx.s
      At line 347 in file RTE\Device\LPC1768\startup_LPC17xx.s

SysTick_Handler 0000015E

Symbol: SysTick_Handler
   Definitions
      At line 359 in file RTE\Device\LPC1768\startup_LPC17xx.s
   Uses
      At line 74 in file RTE\Device\LPC1768\startup_LPC17xx.s
      At line 360 in file RTE\Device\LPC1768\startup_LPC17xx.s

TIMER0_IRQHandler 00000160

Symbol: TIMER0_IRQHandler
   Definitions
      At line 403 in file RTE\Device\LPC1768\startup_LPC17xx.s
   Uses
      At line 78 in file RTE\Device\LPC1768\startup_LPC17xx.s
      At line 367 in file RTE\Device\LPC1768\startup_LPC17xx.s

TIMER1_IRQHandler 00000160

Symbol: TIMER1_IRQHandler
   Definitions
      At line 404 in file RTE\Device\LPC1768\startup_LPC17xx.s
   Uses
      At line 79 in file RTE\Device\LPC1768\startup_LPC17xx.s
      At line 368 in file RTE\Device\LPC1768\startup_LPC17xx.s

TIMER2_IRQHandler 00000160

Symbol: TIMER2_IRQHandler
   Definitions
      At line 405 in file RTE\Device\LPC1768\startup_LPC17xx.s
   Uses
      At line 80 in file RTE\Device\LPC1768\startup_LPC17xx.s
      At line 369 in file RTE\Device\LPC1768\startup_LPC17xx.s

TIMER3_IRQHandler 00000160

Symbol: TIMER3_IRQHandler
   Definitions



ARM Macro Assembler    Page 7 Alphabetic symbol ordering
Relocatable symbols

      At line 406 in file RTE\Device\LPC1768\startup_LPC17xx.s
   Uses
      At line 81 in file RTE\Device\LPC1768\startup_LPC17xx.s
      At line 370 in file RTE\Device\LPC1768\startup_LPC17xx.s

UART0_IRQHandler 00000160

Symbol: UART0_IRQHandler
   Definitions
      At line 407 in file RTE\Device\LPC1768\startup_LPC17xx.s
   Uses
      At line 82 in file RTE\Device\LPC1768\startup_LPC17xx.s
      At line 371 in file RTE\Device\LPC1768\startup_LPC17xx.s

UART1_IRQHandler 00000160

Symbol: UART1_IRQHandler
   Definitions
      At line 408 in file RTE\Device\LPC1768\startup_LPC17xx.s
   Uses
      At line 83 in file RTE\Device\LPC1768\startup_LPC17xx.s
      At line 372 in file RTE\Device\LPC1768\startup_LPC17xx.s

UART2_IRQHandler 00000160

Symbol: UART2_IRQHandler
   Definitions
      At line 409 in file RTE\Device\LPC1768\startup_LPC17xx.s
   Uses
      At line 84 in file RTE\Device\LPC1768\startup_LPC17xx.s
      At line 373 in file RTE\Device\LPC1768\startup_LPC17xx.s

UART3_IRQHandler 00000160

Symbol: UART3_IRQHandler
   Definitions
      At line 410 in file RTE\Device\LPC1768\startup_LPC17xx.s
   Uses
      At line 85 in file RTE\Device\LPC1768\startup_LPC17xx.s
      At line 374 in file RTE\Device\LPC1768\startup_LPC17xx.s

USBActivity_IRQHandler 00000160

Symbol: USBActivity_IRQHandler
   Definitions
      At line 435 in file RTE\Device\LPC1768\startup_LPC17xx.s
   Uses
      At line 110 in file RTE\Device\LPC1768\startup_LPC17xx.s
      At line 399 in file RTE\Device\LPC1768\startup_LPC17xx.s

USB_IRQHandler 00000160

Symbol: USB_IRQHandler
   Definitions
      At line 426 in file RTE\Device\LPC1768\startup_LPC17xx.s
   Uses
      At line 101 in file RTE\Device\LPC1768\startup_LPC17xx.s
      At line 390 in file RTE\Device\LPC1768\startup_LPC17xx.s




ARM Macro Assembler    Page 8 Alphabetic symbol ordering
Relocatable symbols

UsageFault_Handler 00000156

Symbol: UsageFault_Handler
   Definitions
      At line 342 in file RTE\Device\LPC1768\startup_LPC17xx.s
   Uses
      At line 65 in file RTE\Device\LPC1768\startup_LPC17xx.s
      At line 343 in file RTE\Device\LPC1768\startup_LPC17xx.s

WDT_IRQHandler 00000160

Symbol: WDT_IRQHandler
   Definitions
      At line 402 in file RTE\Device\LPC1768\startup_LPC17xx.s
   Uses
      At line 77 in file RTE\Device\LPC1768\startup_LPC17xx.s
      At line 366 in file RTE\Device\LPC1768\startup_LPC17xx.s

__user_initial_stackheap 00000164

Symbol: __user_initial_stackheap
   Definitions
      At line 458 in file RTE\Device\LPC1768\startup_LPC17xx.s
   Uses
      At line 457 in file RTE\Device\LPC1768\startup_LPC17xx.s
Comment: __user_initial_stackheap used once
call 000000D6

Symbol: call
   Definitions
      At line 252 in file RTE\Device\LPC1768\startup_LPC17xx.s
   Uses
      At line 249 in file RTE\Device\LPC1768\startup_LPC17xx.s
Comment: call used once
change 0000013C

Symbol: change
   Definitions
      At line 309 in file RTE\Device\LPC1768\startup_LPC17xx.s
   Uses
      At line 303 in file RTE\Device\LPC1768\startup_LPC17xx.s
Comment: change used once
cheS1 00000110

Symbol: cheS1
   Definitions
      At line 289 in file RTE\Device\LPC1768\startup_LPC17xx.s
   Uses
      At line 293 in file RTE\Device\LPC1768\startup_LPC17xx.s
Comment: cheS1 used once
cheS2 00000108

Symbol: cheS2
   Definitions
      At line 283 in file RTE\Device\LPC1768\startup_LPC17xx.s
   Uses
      At line 297 in file RTE\Device\LPC1768\startup_LPC17xx.s
Comment: cheS2 used once
checkRule1 00000026



ARM Macro Assembler    Page 9 Alphabetic symbol ordering
Relocatable symbols


Symbol: checkRule1
   Definitions
      At line 161 in file RTE\Device\LPC1768\startup_LPC17xx.s
   Uses
      At line 171 in file RTE\Device\LPC1768\startup_LPC17xx.s
Comment: checkRule1 used once
checkRule1_1 00000030

Symbol: checkRule1_1
   Definitions
      At line 166 in file RTE\Device\LPC1768\startup_LPC17xx.s
   Uses
      At line 172 in file RTE\Device\LPC1768\startup_LPC17xx.s
Comment: checkRule1_1 used once
checkRule2 0000003E

Symbol: checkRule2
   Definitions
      At line 175 in file RTE\Device\LPC1768\startup_LPC17xx.s
   Uses
      At line 164 in file RTE\Device\LPC1768\startup_LPC17xx.s
Comment: checkRule2 used once
checkT 0000007C

Symbol: checkT
   Definitions
      At line 205 in file RTE\Device\LPC1768\startup_LPC17xx.s
   Uses
      At line 197 in file RTE\Device\LPC1768\startup_LPC17xx.s
Comment: checkT used once
compare 00000124

Symbol: compare
   Definitions
      At line 299 in file RTE\Device\LPC1768\startup_LPC17xx.s
   Uses
      At line 286 in file RTE\Device\LPC1768\startup_LPC17xx.s
      At line 291 in file RTE\Device\LPC1768\startup_LPC17xx.s

countS1 00000064

Symbol: countS1
   Definitions
      At line 194 in file RTE\Device\LPC1768\startup_LPC17xx.s
   Uses
      At line 186 in file RTE\Device\LPC1768\startup_LPC17xx.s
Comment: countS1 used once
countS1p 00000076

Symbol: countS1p
   Definitions
      At line 202 in file RTE\Device\LPC1768\startup_LPC17xx.s
   Uses
      At line 200 in file RTE\Device\LPC1768\startup_LPC17xx.s
Comment: countS1p used once
countS2 00000042

Symbol: countS2



ARM Macro Assembler    Page 10 Alphabetic symbol ordering
Relocatable symbols

   Definitions
      At line 178 in file RTE\Device\LPC1768\startup_LPC17xx.s
   Uses
      At line 214 in file RTE\Device\LPC1768\startup_LPC17xx.s
Comment: countS2 used once
countS2_1 00000050

Symbol: countS2_1
   Definitions
      At line 184 in file RTE\Device\LPC1768\startup_LPC17xx.s
   Uses
      At line 189 in file RTE\Device\LPC1768\startup_LPC17xx.s
      At line 192 in file RTE\Device\LPC1768\startup_LPC17xx.s

countS2p 0000005E

Symbol: countS2p
   Definitions
      At line 191 in file RTE\Device\LPC1768\startup_LPC17xx.s
   Uses
      At line 188 in file RTE\Device\LPC1768\startup_LPC17xx.s
Comment: countS2p used once
countT 0000011E

Symbol: countT
   Definitions
      At line 296 in file RTE\Device\LPC1768\startup_LPC17xx.s
   Uses
      At line 294 in file RTE\Device\LPC1768\startup_LPC17xx.s
Comment: countT used once
end0 00000094

Symbol: end0
   Definitions
      At line 216 in file RTE\Device\LPC1768\startup_LPC17xx.s
   Uses
      At line 169 in file RTE\Device\LPC1768\startup_LPC17xx.s
      At line 206 in file RTE\Device\LPC1768\startup_LPC17xx.s

end1 0000009A

Symbol: end1
   Definitions
      At line 219 in file RTE\Device\LPC1768\startup_LPC17xx.s
   Uses
      At line 180 in file RTE\Device\LPC1768\startup_LPC17xx.s
Comment: end1 used once
end20 000000DC

Symbol: end20
   Definitions
      At line 255 in file RTE\Device\LPC1768\startup_LPC17xx.s
   Uses
      At line 250 in file RTE\Device\LPC1768\startup_LPC17xx.s
Comment: end20 used once
endNum 00000148

Symbol: endNum
   Definitions



ARM Macro Assembler    Page 11 Alphabetic symbol ordering
Relocatable symbols

      At line 314 in file RTE\Device\LPC1768\startup_LPC17xx.s
   Uses
      At line 301 in file RTE\Device\LPC1768\startup_LPC17xx.s
Comment: endNum used once
endPro2 000000E2

Symbol: endPro2
   Definitions
      At line 258 in file RTE\Device\LPC1768\startup_LPC17xx.s
   Uses
      At line 253 in file RTE\Device\LPC1768\startup_LPC17xx.s
      At line 256 in file RTE\Device\LPC1768\startup_LPC17xx.s

endProg 000000A0

Symbol: endProg
   Definitions
      At line 222 in file RTE\Device\LPC1768\startup_LPC17xx.s
   Uses
      At line 217 in file RTE\Device\LPC1768\startup_LPC17xx.s
      At line 220 in file RTE\Device\LPC1768\startup_LPC17xx.s

isAnagram 000000A4

Symbol: isAnagram
   Definitions
      At line 227 in file RTE\Device\LPC1768\startup_LPC17xx.s
   Uses
      At line 146 in file RTE\Device\LPC1768\startup_LPC17xx.s
Comment: isAnagram used once
isContained 0000001A

Symbol: isContained
   Definitions
      At line 155 in file RTE\Device\LPC1768\startup_LPC17xx.s
   Uses
      At line 142 in file RTE\Device\LPC1768\startup_LPC17xx.s
      At line 252 in file RTE\Device\LPC1768\startup_LPC17xx.s

longestSubstring 000000E6

Symbol: longestSubstring
   Definitions
      At line 264 in file RTE\Device\LPC1768\startup_LPC17xx.s
   Uses
      At line 150 in file RTE\Device\LPC1768\startup_LPC17xx.s
Comment: longestSubstring used once
loopS1 00000068

Symbol: loopS1
   Definitions
      At line 195 in file RTE\Device\LPC1768\startup_LPC17xx.s
   Uses
      At line 199 in file RTE\Device\LPC1768\startup_LPC17xx.s
      At line 203 in file RTE\Device\LPC1768\startup_LPC17xx.s

pro2Compare 000000D0

Symbol: pro2Compare



ARM Macro Assembler    Page 12 Alphabetic symbol ordering
Relocatable symbols

   Definitions
      At line 248 in file RTE\Device\LPC1768\startup_LPC17xx.s
   Uses
      At line 243 in file RTE\Device\LPC1768\startup_LPC17xx.s
Comment: pro2Compare used once
pro2CountS1 000000B4

Symbol: pro2CountS1
   Definitions
      At line 235 in file RTE\Device\LPC1768\startup_LPC17xx.s
   Uses
      At line 239 in file RTE\Device\LPC1768\startup_LPC17xx.s
Comment: pro2CountS1 used once
pro2CountS2 000000C2

Symbol: pro2CountS2
   Definitions
      At line 241 in file RTE\Device\LPC1768\startup_LPC17xx.s
   Uses
      At line 237 in file RTE\Device\LPC1768\startup_LPC17xx.s
      At line 245 in file RTE\Device\LPC1768\startup_LPC17xx.s

pro3CountS2 000000F6

Symbol: pro3CountS2
   Definitions
      At line 273 in file RTE\Device\LPC1768\startup_LPC17xx.s
   Uses
      At line 277 in file RTE\Device\LPC1768\startup_LPC17xx.s
Comment: pro3CountS2 used once
stop 00000018

Symbol: stop
   Definitions
      At line 151 in file RTE\Device\LPC1768\startup_LPC17xx.s
   Uses
      At line 151 in file RTE\Device\LPC1768\startup_LPC17xx.s
Comment: stop used once
79 symbols



ARM Macro Assembler    Page 1 Alphabetic symbol ordering
Absolute symbols

Heap_Size 00000000

Symbol: Heap_Size
   Definitions
      At line 42 in file RTE\Device\LPC1768\startup_LPC17xx.s
   Uses
      At line 46 in file RTE\Device\LPC1768\startup_LPC17xx.s
      At line 462 in file RTE\Device\LPC1768\startup_LPC17xx.s

Stack_Size 00000200

Symbol: Stack_Size
   Definitions
      At line 31 in file RTE\Device\LPC1768\startup_LPC17xx.s
   Uses
      At line 34 in file RTE\Device\LPC1768\startup_LPC17xx.s
      At line 461 in file RTE\Device\LPC1768\startup_LPC17xx.s

2 symbols



ARM Macro Assembler    Page 1 Alphabetic symbol ordering
External symbols

__use_two_region_memory 00000000

Symbol: __use_two_region_memory
   Definitions
      At line 456 in file RTE\Device\LPC1768\startup_LPC17xx.s
   Uses
      None
Comment: __use_two_region_memory unused
1 symbol
438 symbols in table
