


ARM Macro Assembler    Page 1 


    1 00000000         ;/******************************************************
                       ********************//**
    2 00000000         ; * @file     startup_LPC17xx.s
    3 00000000         ; * @brief    CMSIS Cortex-M3 Core Device Startup File f
                       or
    4 00000000         ; *           NXP LPC17xx Device Series
    5 00000000         ; * @version  V1.10
    6 00000000         ; * @date     06. April 2011
    7 00000000         ; *
    8 00000000         ; * @note
    9 00000000         ; * Copyright (C) 2009-2011 ARM Limited. All rights rese
                       rved.
   10 00000000         ; *
   11 00000000         ; * @par
   12 00000000         ; * ARM Limited (ARM) is supplying this software for use
                        with Cortex-M
   13 00000000         ; * processor based microcontrollers.  This file can be 
                       freely distributed
   14 00000000         ; * within development tools that are supporting such AR
                       M based processors.
   15 00000000         ; *
   16 00000000         ; * @par
   17 00000000         ; * THIS SOFTWARE IS PROVIDED "AS IS".  NO WARRANTIES, W
                       HETHER EXPRESS, IMPLIED
   18 00000000         ; * OR STATUTORY, INCLUDING, BUT NOT LIMITED TO, IMPLIED
                        WARRANTIES OF
   19 00000000         ; * MERCHANTABILITY AND FITNESS FOR A PARTICULAR PURPOSE
                        APPLY TO THIS SOFTWARE.
   20 00000000         ; * ARM SHALL NOT, IN ANY CIRCUMSTANCES, BE LIABLE FOR S
                       PECIAL, INCIDENTAL, OR
   21 00000000         ; * CONSEQUENTIAL DAMAGES, FOR ANY REASON WHATSOEVER.
   22 00000000         ; *
   23 00000000         ; ******************************************************
                       ************************/
   24 00000000         
   25 00000000         ; *------- <<< Use Configuration Wizard in Context Menu 
                       >>> ------------------
   26 00000000         
   27 00000000         ; <h> Stack Configuration
   28 00000000         ;   <o> Stack Size (in Bytes) <0x0-0xFFFFFFFF:8>
   29 00000000         ; </h>
   30 00000000         
   31 00000000 00000200 
                       Stack_Size
                               EQU              0x00000200
   32 00000000         
   33 00000000                 AREA             STACK, NOINIT, READWRITE, ALIGN
=3
   34 00000000         Stack_Mem
                               SPACE            Stack_Size
   35 00000200         __initial_sp
   36 00000200         
   37 00000200         
   38 00000200         ; <h> Heap Configuration
   39 00000200         ;   <o>  Heap Size (in Bytes) <0x0-0xFFFFFFFF:8>
   40 00000200         ; </h>
   41 00000200         
   42 00000200 00000000 
                       Heap_Size



ARM Macro Assembler    Page 2 


                               EQU              0x00000000
   43 00000200         
   44 00000200                 AREA             HEAP, NOINIT, READWRITE, ALIGN=
3
   45 00000000         
   46 00000000         
   47 00000000         __heap_base
   48 00000000         Heap_Mem
                               SPACE            Heap_Size
   49 00000000         __heap_limit
   50 00000000                 AREA             MYDATA, DATA, READWRITE
   51 00000000 00 00 00 
              00 00 00 
              00 00 00 
              00 00 00 
              00 00 00 
              00 00 00 
              00 00 00 
              00 00 00 
              00 00    Fibonacci
                               SPACE            26
   52 0000001A         
   53 0000001A                 PRESERVE8
   54 0000001A                 THUMB
   55 0000001A         
   56 0000001A         
   57 0000001A         ; Vector Table Mapped to Address 0 at Reset
   58 0000001A         
   59 0000001A                 AREA             RESET, DATA, READONLY
   60 00000000                 EXPORT           __Vectors
   61 00000000         
   62 00000000 00000000 
                       __Vectors
                               DCD              __initial_sp ; Top of Stack
   63 00000004 00000000        DCD              Reset_Handler ; Reset Handler
   64 00000008 00000000        DCD              NMI_Handler ; NMI Handler
   65 0000000C 00000000        DCD              HardFault_Handler ; Hard Fault 
                                                            Handler
   66 00000010 00000000        DCD              MemManage_Handler 
                                                            ; MPU Fault Handler
                                                            
   67 00000014 00000000        DCD              BusFault_Handler 
                                                            ; Bus Fault Handler
                                                            
   68 00000018 00000000        DCD              UsageFault_Handler ; Usage Faul
                                                            t Handler
   69 0000001C 00000000        DCD              0           ; Reserved
   70 00000020 00000000        DCD              0           ; Reserved
   71 00000024 00000000        DCD              0           ; Reserved
   72 00000028 00000000        DCD              0           ; Reserved
   73 0000002C 00000000        DCD              SVC_Handler ; SVCall Handler
   74 00000030 00000000        DCD              DebugMon_Handler ; Debug Monito
                                                            r Handler
   75 00000034 00000000        DCD              0           ; Reserved
   76 00000038 00000000        DCD              PendSV_Handler ; PendSV Handler
                                                            
   77 0000003C 00000000        DCD              SysTick_Handler 
                                                            ; SysTick Handler
   78 00000040         



ARM Macro Assembler    Page 3 


   79 00000040         ; External Interrupts
   80 00000040 00000000        DCD              WDT_IRQHandler ; 16: Watchdog T
                                                            imer
   81 00000044 00000000        DCD              TIMER0_IRQHandler ; 17: Timer0
   82 00000048 00000000        DCD              TIMER1_IRQHandler ; 18: Timer1
   83 0000004C 00000000        DCD              TIMER2_IRQHandler ; 19: Timer2
   84 00000050 00000000        DCD              TIMER3_IRQHandler ; 20: Timer3
   85 00000054 00000000        DCD              UART0_IRQHandler ; 21: UART0
   86 00000058 00000000        DCD              UART1_IRQHandler ; 22: UART1
   87 0000005C 00000000        DCD              UART2_IRQHandler ; 23: UART2
   88 00000060 00000000        DCD              UART3_IRQHandler ; 24: UART3
   89 00000064 00000000        DCD              PWM1_IRQHandler ; 25: PWM1
   90 00000068 00000000        DCD              I2C0_IRQHandler ; 26: I2C0
   91 0000006C 00000000        DCD              I2C1_IRQHandler ; 27: I2C1
   92 00000070 00000000        DCD              I2C2_IRQHandler ; 28: I2C2
   93 00000074 00000000        DCD              SPI_IRQHandler ; 29: SPI
   94 00000078 00000000        DCD              SSP0_IRQHandler ; 30: SSP0
   95 0000007C 00000000        DCD              SSP1_IRQHandler ; 31: SSP1
   96 00000080 00000000        DCD              PLL0_IRQHandler ; 32: PLL0 Lock
                                                             (Main PLL)
   97 00000084 00000000        DCD              RTC_IRQHandler ; 33: Real Time 
                                                            Clock
   98 00000088 00000000        DCD              EINT0_IRQHandler ; 34: External
                                                             Interrupt 0
   99 0000008C 00000000        DCD              EINT1_IRQHandler ; 35: External
                                                             Interrupt 1
  100 00000090 00000000        DCD              EINT2_IRQHandler ; 36: External
                                                             Interrupt 2
  101 00000094 00000000        DCD              EINT3_IRQHandler ; 37: External
                                                             Interrupt 3
  102 00000098 00000000        DCD              ADC_IRQHandler 
                                                            ; 38: A/D Converter
                                                            
  103 0000009C 00000000        DCD              BOD_IRQHandler ; 39: Brown-Out 
                                                            Detect
  104 000000A0 00000000        DCD              USB_IRQHandler ; 40: USB
  105 000000A4 00000000        DCD              CAN_IRQHandler ; 41: CAN
  106 000000A8 00000000        DCD              DMA_IRQHandler ; 42: General Pu
                                                            rpose DMA
  107 000000AC 00000000        DCD              I2S_IRQHandler ; 43: I2S
  108 000000B0 00000000        DCD              ENET_IRQHandler ; 44: Ethernet
  109 000000B4 00000000        DCD              RIT_IRQHandler ; 45: Repetitive
                                                             Interrupt Timer
  110 000000B8 00000000        DCD              MCPWM_IRQHandler ; 46: Motor Co
                                                            ntrol PWM
  111 000000BC 00000000        DCD              QEI_IRQHandler ; 47: Quadrature
                                                             Encoder Interface
  112 000000C0 00000000        DCD              PLL1_IRQHandler ; 48: PLL1 Lock
                                                             (USB PLL)
  113 000000C4 00000000        DCD              USBActivity_IRQHandler ; 49: US
                                                            B Activity interrup
                                                            t to wakeup
  114 000000C8 00000000        DCD              CANActivity_IRQHandler ; 50: CA
                                                            N Activity interrup
                                                            t to wakeup
  115 000000CC         
  116 000000CC         
  117 000000CC                 IF               :LNOT::DEF:NO_CRP
  118 000000CC                 AREA             |.ARM.__at_0x02FC|, CODE, READO



ARM Macro Assembler    Page 4 


NLY
  119 00000000 FFFFFFFF 
                       CRP_Key DCD              0xFFFFFFFF
  120 00000004                 ENDIF
  121 00000004         
  122 00000004         
  123 00000004                 AREA             |.text|, CODE, READONLY
  124 00000000         
  125 00000000         
  126 00000000         ; Reset Handler
  127 00000000         
  128 00000000         Reset_Handler
                               PROC
  129 00000000                 EXPORT           Reset_Handler             [WEAK
]
  130 00000000 F04F 0101       MOV              R1, #1
  131 00000004 F04F 0001       MOV              R0, #1
  132 00000008         
  133 00000008 EB01 0200       ADD              R2, R1, R0
  134 0000000C EB02 0301       ADD              R3, R2, R1
  135 00000010 EB03 0402       ADD              R4, R3, R2
  136 00000014 EB04 0503       ADD              R5, R4, R3
  137 00000018 EB05 0604       ADD              R6, R5, R4
  138 0000001C EB06 0705       ADD              R7, R6, R5
  139 00000020 EB07 0806       ADD              R8, R7, R6
  140 00000024 EB08 0907       ADD              R9, R8, R7
  141 00000028 EB09 0A08       ADD              R10, R9, R8
  142 0000002C EB0A 0B09       ADD              R11, R10, R9
  143 00000030 EB0B 0C0A       ADD              R12, R11, R10
  144 00000034         
  145 00000034 F8DF E08C       LDR              R14, =Fibonacci
  146 00000038         
  147 00000038 F80E 0B01       STRB             R0, [R14], #1
  148 0000003C F80E 1B01       STRB             R1, [R14], #1
  149 00000040 F80E 2B01       STRB             R2, [R14], #1
  150 00000044 F80E 3B01       STRB             R3, [R14], #1
  151 00000048 F80E 4B01       STRB             R4, [R14], #1
  152 0000004C F80E 5B01       STRB             R5, [R14], #1
  153 00000050 F80E 6B01       STRB             R6, [R14], #1
  154 00000054 F80E 7B01       STRB             R7, [R14], #1
  155 00000058 F80E 8B01       STRB             R8, [R14], #1
  156 0000005C F80E 9B01       STRB             R9, [R14], #1
  157 00000060 F80E AB01       STRB             R10, [R14], #1
  158 00000064 F80E BB01       STRB             R11, [R14], #1
  159 00000068 F80E CB01       STRB             R12, [R14], #1
  160 0000006C         
  161 0000006C F80E CB01       STRB             R12, [R14], #1
  162 00000070 F80E BB01       STRB             R11, [R14], #1
  163 00000074 F80E AB01       STRB             R10, [R14], #1
  164 00000078 F80E 9B01       STRB             R9, [R14], #1
  165 0000007C F80E 8B01       STRB             R8, [R14], #1
  166 00000080 F80E 7B01       STRB             R7, [R14], #1
  167 00000084 F80E 6B01       STRB             R6, [R14], #1
  168 00000088 F80E 5B01       STRB             R5, [R14], #1
  169 0000008C F80E 4B01       STRB             R4, [R14], #1
  170 00000090 F80E 3B01       STRB             R3, [R14], #1
  171 00000094 F80E 2B01       STRB             R2, [R14], #1
  172 00000098 F80E 1B01       STRB             R1, [R14], #1
  173 0000009C F80E 0B01       STRB             R0, [R14], #1



ARM Macro Assembler    Page 5 


  174 000000A0         
  175 000000A0 E7FE    stop    B                stop
  176 000000A2                 ENDP
  177 000000A2         
  178 000000A2         
  179 000000A2         ; Dummy Exception Handlers (infinite loops which can be 
                       modified)
  180 000000A2         
  181 000000A2         NMI_Handler
                               PROC
  182 000000A2                 EXPORT           NMI_Handler               [WEAK
]
  183 000000A2 E7FE            B                .
  184 000000A4                 ENDP
  186 000000A4         HardFault_Handler
                               PROC
  187 000000A4                 EXPORT           HardFault_Handler         [WEAK
]
  188 000000A4 E7FE            B                .
  189 000000A6                 ENDP
  191 000000A6         MemManage_Handler
                               PROC
  192 000000A6                 EXPORT           MemManage_Handler         [WEAK
]
  193 000000A6 E7FE            B                .
  194 000000A8                 ENDP
  196 000000A8         BusFault_Handler
                               PROC
  197 000000A8                 EXPORT           BusFault_Handler          [WEAK
]
  198 000000A8 E7FE            B                .
  199 000000AA                 ENDP
  201 000000AA         UsageFault_Handler
                               PROC
  202 000000AA                 EXPORT           UsageFault_Handler        [WEAK
]
  203 000000AA E7FE            B                .
  204 000000AC                 ENDP
  205 000000AC         SVC_Handler
                               PROC
  206 000000AC                 EXPORT           SVC_Handler               [WEAK
]
  207 000000AC E7FE            B                .
  208 000000AE                 ENDP
  210 000000AE         DebugMon_Handler
                               PROC
  211 000000AE                 EXPORT           DebugMon_Handler          [WEAK
]
  212 000000AE E7FE            B                .
  213 000000B0                 ENDP
  214 000000B0         PendSV_Handler
                               PROC
  215 000000B0                 EXPORT           PendSV_Handler            [WEAK
]
  216 000000B0 E7FE            B                .
  217 000000B2                 ENDP
  218 000000B2         SysTick_Handler
                               PROC
  219 000000B2                 EXPORT           SysTick_Handler           [WEAK



ARM Macro Assembler    Page 6 


]
  220 000000B2 E7FE            B                .
  221 000000B4                 ENDP
  222 000000B4         
  223 000000B4         Default_Handler
                               PROC
  224 000000B4         
  225 000000B4                 EXPORT           WDT_IRQHandler            [WEAK
]
  226 000000B4                 EXPORT           TIMER0_IRQHandler         [WEAK
]
  227 000000B4                 EXPORT           TIMER1_IRQHandler         [WEAK
]
  228 000000B4                 EXPORT           TIMER2_IRQHandler         [WEAK
]
  229 000000B4                 EXPORT           TIMER3_IRQHandler         [WEAK
]
  230 000000B4                 EXPORT           UART0_IRQHandler          [WEAK
]
  231 000000B4                 EXPORT           UART1_IRQHandler          [WEAK
]
  232 000000B4                 EXPORT           UART2_IRQHandler          [WEAK
]
  233 000000B4                 EXPORT           UART3_IRQHandler          [WEAK
]
  234 000000B4                 EXPORT           PWM1_IRQHandler           [WEAK
]
  235 000000B4                 EXPORT           I2C0_IRQHandler           [WEAK
]
  236 000000B4                 EXPORT           I2C1_IRQHandler           [WEAK
]
  237 000000B4                 EXPORT           I2C2_IRQHandler           [WEAK
]
  238 000000B4                 EXPORT           SPI_IRQHandler            [WEAK
]
  239 000000B4                 EXPORT           SSP0_IRQHandler           [WEAK
]
  240 000000B4                 EXPORT           SSP1_IRQHandler           [WEAK
]
  241 000000B4                 EXPORT           PLL0_IRQHandler           [WEAK
]
  242 000000B4                 EXPORT           RTC_IRQHandler            [WEAK
]
  243 000000B4                 EXPORT           EINT0_IRQHandler          [WEAK
]
  244 000000B4                 EXPORT           EINT1_IRQHandler          [WEAK
]
  245 000000B4                 EXPORT           EINT2_IRQHandler          [WEAK
]
  246 000000B4                 EXPORT           EINT3_IRQHandler          [WEAK
]
  247 000000B4                 EXPORT           ADC_IRQHandler            [WEAK
]
  248 000000B4                 EXPORT           BOD_IRQHandler            [WEAK
]
  249 000000B4                 EXPORT           USB_IRQHandler            [WEAK
]
  250 000000B4                 EXPORT           CAN_IRQHandler            [WEAK
]



ARM Macro Assembler    Page 7 


  251 000000B4                 EXPORT           DMA_IRQHandler            [WEAK
]
  252 000000B4                 EXPORT           I2S_IRQHandler            [WEAK
]
  253 000000B4                 EXPORT           ENET_IRQHandler           [WEAK
]
  254 000000B4                 EXPORT           RIT_IRQHandler            [WEAK
]
  255 000000B4                 EXPORT           MCPWM_IRQHandler          [WEAK
]
  256 000000B4                 EXPORT           QEI_IRQHandler            [WEAK
]
  257 000000B4                 EXPORT           PLL1_IRQHandler           [WEAK
]
  258 000000B4                 EXPORT           USBActivity_IRQHandler    [WEAK
]
  259 000000B4                 EXPORT           CANActivity_IRQHandler    [WEAK
]
  260 000000B4         
  261 000000B4         WDT_IRQHandler
  262 000000B4         TIMER0_IRQHandler
  263 000000B4         TIMER1_IRQHandler
  264 000000B4         TIMER2_IRQHandler
  265 000000B4         TIMER3_IRQHandler
  266 000000B4         UART0_IRQHandler
  267 000000B4         UART1_IRQHandler
  268 000000B4         UART2_IRQHandler
  269 000000B4         UART3_IRQHandler
  270 000000B4         PWM1_IRQHandler
  271 000000B4         I2C0_IRQHandler
  272 000000B4         I2C1_IRQHandler
  273 000000B4         I2C2_IRQHandler
  274 000000B4         SPI_IRQHandler
  275 000000B4         SSP0_IRQHandler
  276 000000B4         SSP1_IRQHandler
  277 000000B4         PLL0_IRQHandler
  278 000000B4         RTC_IRQHandler
  279 000000B4         EINT0_IRQHandler
  280 000000B4         EINT1_IRQHandler
  281 000000B4         EINT2_IRQHandler
  282 000000B4         EINT3_IRQHandler
  283 000000B4         ADC_IRQHandler
  284 000000B4         BOD_IRQHandler
  285 000000B4         USB_IRQHandler
  286 000000B4         CAN_IRQHandler
  287 000000B4         DMA_IRQHandler
  288 000000B4         I2S_IRQHandler
  289 000000B4         ENET_IRQHandler
  290 000000B4         RIT_IRQHandler
  291 000000B4         MCPWM_IRQHandler
  292 000000B4         QEI_IRQHandler
  293 000000B4         PLL1_IRQHandler
  294 000000B4         USBActivity_IRQHandler
  295 000000B4         CANActivity_IRQHandler
  296 000000B4         
  297 000000B4 E7FE            B                .
  298 000000B6         
  299 000000B6                 ENDP
  300 000000B6         



ARM Macro Assembler    Page 8 


  301 000000B6         
  302 000000B6 00 00           ALIGN
  303 000000B8         
  304 000000B8         
  305 000000B8         ; User Initial Stack & Heap
  306 000000B8         
  307 000000B8                 IF               :DEF:__MICROLIB
  314 000000B8         
  315 000000B8                 IMPORT           __use_two_region_memory
  316 000000B8                 EXPORT           __user_initial_stackheap
  317 000000B8         __user_initial_stackheap
  318 000000B8         
  319 000000B8 4803            LDR              R0, =  Heap_Mem
  320 000000BA 4904            LDR              R1, =(Stack_Mem + Stack_Size)
  321 000000BC 4A02            LDR              R2, = (Heap_Mem +  Heap_Size)
  322 000000BE 4B04            LDR              R3, = Stack_Mem
  323 000000C0 4770            BX               LR
  324 000000C2         
  325 000000C2 00 00           ALIGN
  326 000000C4         
  327 000000C4                 ENDIF
  328 000000C4         
  329 000000C4         
  330 000000C4                 END
              00000000 
              00000000 
              00000200 
              00000000 
Command Line: --debug --xref --diag_suppress=9931 --cpu=Cortex-M3 --apcs=interw
ork --depend=.\objects\startup_lpc17xx.d -o.\objects\startup_lpc17xx.o -I.\RTE\
Device\LPC1768 -I.\RTE\_Target_1 -I"D:\Program Files\Keil_V5\pack\ARM\CMSIS\5.6
.0\CMSIS\Core\Include" -I"D:\Program Files\Keil_V5\pack\Keil\LPC1700_DFP\2.6.0\
Device\Include" --predefine="__EVAL SETA 1" --predefine="__UVISION_VERSION SETA
 529" --predefine="_RTE_ SETA 1" --predefine="LPC175x_6x SETA 1" --list=.\listi
ngs\startup_lpc17xx.lst RTE\Device\LPC1768\startup_LPC17xx.s



ARM Macro Assembler    Page 1 Alphabetic symbol ordering
Relocatable symbols

STACK 00000000

Symbol: STACK
   Definitions
      At line 33 in file RTE\Device\LPC1768\startup_LPC17xx.s
   Uses
      None
Comment: STACK unused
Stack_Mem 00000000

Symbol: Stack_Mem
   Definitions
      At line 34 in file RTE\Device\LPC1768\startup_LPC17xx.s
   Uses
      At line 320 in file RTE\Device\LPC1768\startup_LPC17xx.s
      At line 322 in file RTE\Device\LPC1768\startup_LPC17xx.s

__initial_sp 00000200

Symbol: __initial_sp
   Definitions
      At line 35 in file RTE\Device\LPC1768\startup_LPC17xx.s
   Uses
      At line 62 in file RTE\Device\LPC1768\startup_LPC17xx.s
Comment: __initial_sp used once
3 symbols



ARM Macro Assembler    Page 1 Alphabetic symbol ordering
Relocatable symbols

HEAP 00000000

Symbol: HEAP
   Definitions
      At line 44 in file RTE\Device\LPC1768\startup_LPC17xx.s
   Uses
      None
Comment: HEAP unused
Heap_Mem 00000000

Symbol: Heap_Mem
   Definitions
      At line 48 in file RTE\Device\LPC1768\startup_LPC17xx.s
   Uses
      At line 319 in file RTE\Device\LPC1768\startup_LPC17xx.s
      At line 321 in file RTE\Device\LPC1768\startup_LPC17xx.s

__heap_base 00000000

Symbol: __heap_base
   Definitions
      At line 47 in file RTE\Device\LPC1768\startup_LPC17xx.s
   Uses
      None
Comment: __heap_base unused
__heap_limit 00000000

Symbol: __heap_limit
   Definitions
      At line 49 in file RTE\Device\LPC1768\startup_LPC17xx.s
   Uses
      None
Comment: __heap_limit unused
4 symbols



ARM Macro Assembler    Page 1 Alphabetic symbol ordering
Relocatable symbols

Fibonacci 00000000

Symbol: Fibonacci
   Definitions
      At line 51 in file RTE\Device\LPC1768\startup_LPC17xx.s
   Uses
      At line 145 in file RTE\Device\LPC1768\startup_LPC17xx.s
Comment: Fibonacci used once
MYDATA 00000000

Symbol: MYDATA
   Definitions
      At line 50 in file RTE\Device\LPC1768\startup_LPC17xx.s
   Uses
      None
Comment: MYDATA unused
2 symbols



ARM Macro Assembler    Page 1 Alphabetic symbol ordering
Relocatable symbols

RESET 00000000

Symbol: RESET
   Definitions
      At line 59 in file RTE\Device\LPC1768\startup_LPC17xx.s
   Uses
      None
Comment: RESET unused
__Vectors 00000000

Symbol: __Vectors
   Definitions
      At line 62 in file RTE\Device\LPC1768\startup_LPC17xx.s
   Uses
      At line 60 in file RTE\Device\LPC1768\startup_LPC17xx.s
Comment: __Vectors used once
2 symbols



ARM Macro Assembler    Page 1 Alphabetic symbol ordering
Relocatable symbols

.ARM.__at_0x02FC 00000000

Symbol: .ARM.__at_0x02FC
   Definitions
      At line 118 in file RTE\Device\LPC1768\startup_LPC17xx.s
   Uses
      None
Comment: .ARM.__at_0x02FC unused
CRP_Key 00000000

Symbol: CRP_Key
   Definitions
      At line 119 in file RTE\Device\LPC1768\startup_LPC17xx.s
   Uses
      None
Comment: CRP_Key unused
2 symbols



ARM Macro Assembler    Page 1 Alphabetic symbol ordering
Relocatable symbols

.text 00000000

Symbol: .text
   Definitions
      At line 123 in file RTE\Device\LPC1768\startup_LPC17xx.s
   Uses
      None
Comment: .text unused
ADC_IRQHandler 000000B4

Symbol: ADC_IRQHandler
   Definitions
      At line 283 in file RTE\Device\LPC1768\startup_LPC17xx.s
   Uses
      At line 102 in file RTE\Device\LPC1768\startup_LPC17xx.s
      At line 247 in file RTE\Device\LPC1768\startup_LPC17xx.s

BOD_IRQHandler 000000B4

Symbol: BOD_IRQHandler
   Definitions
      At line 284 in file RTE\Device\LPC1768\startup_LPC17xx.s
   Uses
      At line 103 in file RTE\Device\LPC1768\startup_LPC17xx.s
      At line 248 in file RTE\Device\LPC1768\startup_LPC17xx.s

BusFault_Handler 000000A8

Symbol: BusFault_Handler
   Definitions
      At line 196 in file RTE\Device\LPC1768\startup_LPC17xx.s
   Uses
      At line 67 in file RTE\Device\LPC1768\startup_LPC17xx.s
      At line 197 in file RTE\Device\LPC1768\startup_LPC17xx.s

CANActivity_IRQHandler 000000B4

Symbol: CANActivity_IRQHandler
   Definitions
      At line 295 in file RTE\Device\LPC1768\startup_LPC17xx.s
   Uses
      At line 114 in file RTE\Device\LPC1768\startup_LPC17xx.s
      At line 259 in file RTE\Device\LPC1768\startup_LPC17xx.s

CAN_IRQHandler 000000B4

Symbol: CAN_IRQHandler
   Definitions
      At line 286 in file RTE\Device\LPC1768\startup_LPC17xx.s
   Uses
      At line 105 in file RTE\Device\LPC1768\startup_LPC17xx.s
      At line 250 in file RTE\Device\LPC1768\startup_LPC17xx.s

DMA_IRQHandler 000000B4

Symbol: DMA_IRQHandler
   Definitions
      At line 287 in file RTE\Device\LPC1768\startup_LPC17xx.s
   Uses



ARM Macro Assembler    Page 2 Alphabetic symbol ordering
Relocatable symbols

      At line 106 in file RTE\Device\LPC1768\startup_LPC17xx.s
      At line 251 in file RTE\Device\LPC1768\startup_LPC17xx.s

DebugMon_Handler 000000AE

Symbol: DebugMon_Handler
   Definitions
      At line 210 in file RTE\Device\LPC1768\startup_LPC17xx.s
   Uses
      At line 74 in file RTE\Device\LPC1768\startup_LPC17xx.s
      At line 211 in file RTE\Device\LPC1768\startup_LPC17xx.s

Default_Handler 000000B4

Symbol: Default_Handler
   Definitions
      At line 223 in file RTE\Device\LPC1768\startup_LPC17xx.s
   Uses
      None
Comment: Default_Handler unused
EINT0_IRQHandler 000000B4

Symbol: EINT0_IRQHandler
   Definitions
      At line 279 in file RTE\Device\LPC1768\startup_LPC17xx.s
   Uses
      At line 98 in file RTE\Device\LPC1768\startup_LPC17xx.s
      At line 243 in file RTE\Device\LPC1768\startup_LPC17xx.s

EINT1_IRQHandler 000000B4

Symbol: EINT1_IRQHandler
   Definitions
      At line 280 in file RTE\Device\LPC1768\startup_LPC17xx.s
   Uses
      At line 99 in file RTE\Device\LPC1768\startup_LPC17xx.s
      At line 244 in file RTE\Device\LPC1768\startup_LPC17xx.s

EINT2_IRQHandler 000000B4

Symbol: EINT2_IRQHandler
   Definitions
      At line 281 in file RTE\Device\LPC1768\startup_LPC17xx.s
   Uses
      At line 100 in file RTE\Device\LPC1768\startup_LPC17xx.s
      At line 245 in file RTE\Device\LPC1768\startup_LPC17xx.s

EINT3_IRQHandler 000000B4

Symbol: EINT3_IRQHandler
   Definitions
      At line 282 in file RTE\Device\LPC1768\startup_LPC17xx.s
   Uses
      At line 101 in file RTE\Device\LPC1768\startup_LPC17xx.s
      At line 246 in file RTE\Device\LPC1768\startup_LPC17xx.s

ENET_IRQHandler 000000B4

Symbol: ENET_IRQHandler



ARM Macro Assembler    Page 3 Alphabetic symbol ordering
Relocatable symbols

   Definitions
      At line 289 in file RTE\Device\LPC1768\startup_LPC17xx.s
   Uses
      At line 108 in file RTE\Device\LPC1768\startup_LPC17xx.s
      At line 253 in file RTE\Device\LPC1768\startup_LPC17xx.s

HardFault_Handler 000000A4

Symbol: HardFault_Handler
   Definitions
      At line 186 in file RTE\Device\LPC1768\startup_LPC17xx.s
   Uses
      At line 65 in file RTE\Device\LPC1768\startup_LPC17xx.s
      At line 187 in file RTE\Device\LPC1768\startup_LPC17xx.s

I2C0_IRQHandler 000000B4

Symbol: I2C0_IRQHandler
   Definitions
      At line 271 in file RTE\Device\LPC1768\startup_LPC17xx.s
   Uses
      At line 90 in file RTE\Device\LPC1768\startup_LPC17xx.s
      At line 235 in file RTE\Device\LPC1768\startup_LPC17xx.s

I2C1_IRQHandler 000000B4

Symbol: I2C1_IRQHandler
   Definitions
      At line 272 in file RTE\Device\LPC1768\startup_LPC17xx.s
   Uses
      At line 91 in file RTE\Device\LPC1768\startup_LPC17xx.s
      At line 236 in file RTE\Device\LPC1768\startup_LPC17xx.s

I2C2_IRQHandler 000000B4

Symbol: I2C2_IRQHandler
   Definitions
      At line 273 in file RTE\Device\LPC1768\startup_LPC17xx.s
   Uses
      At line 92 in file RTE\Device\LPC1768\startup_LPC17xx.s
      At line 237 in file RTE\Device\LPC1768\startup_LPC17xx.s

I2S_IRQHandler 000000B4

Symbol: I2S_IRQHandler
   Definitions
      At line 288 in file RTE\Device\LPC1768\startup_LPC17xx.s
   Uses
      At line 107 in file RTE\Device\LPC1768\startup_LPC17xx.s
      At line 252 in file RTE\Device\LPC1768\startup_LPC17xx.s

MCPWM_IRQHandler 000000B4

Symbol: MCPWM_IRQHandler
   Definitions
      At line 291 in file RTE\Device\LPC1768\startup_LPC17xx.s
   Uses
      At line 110 in file RTE\Device\LPC1768\startup_LPC17xx.s
      At line 255 in file RTE\Device\LPC1768\startup_LPC17xx.s



ARM Macro Assembler    Page 4 Alphabetic symbol ordering
Relocatable symbols


MemManage_Handler 000000A6

Symbol: MemManage_Handler
   Definitions
      At line 191 in file RTE\Device\LPC1768\startup_LPC17xx.s
   Uses
      At line 66 in file RTE\Device\LPC1768\startup_LPC17xx.s
      At line 192 in file RTE\Device\LPC1768\startup_LPC17xx.s

NMI_Handler 000000A2

Symbol: NMI_Handler
   Definitions
      At line 181 in file RTE\Device\LPC1768\startup_LPC17xx.s
   Uses
      At line 64 in file RTE\Device\LPC1768\startup_LPC17xx.s
      At line 182 in file RTE\Device\LPC1768\startup_LPC17xx.s

PLL0_IRQHandler 000000B4

Symbol: PLL0_IRQHandler
   Definitions
      At line 277 in file RTE\Device\LPC1768\startup_LPC17xx.s
   Uses
      At line 96 in file RTE\Device\LPC1768\startup_LPC17xx.s
      At line 241 in file RTE\Device\LPC1768\startup_LPC17xx.s

PLL1_IRQHandler 000000B4

Symbol: PLL1_IRQHandler
   Definitions
      At line 293 in file RTE\Device\LPC1768\startup_LPC17xx.s
   Uses
      At line 112 in file RTE\Device\LPC1768\startup_LPC17xx.s
      At line 257 in file RTE\Device\LPC1768\startup_LPC17xx.s

PWM1_IRQHandler 000000B4

Symbol: PWM1_IRQHandler
   Definitions
      At line 270 in file RTE\Device\LPC1768\startup_LPC17xx.s
   Uses
      At line 89 in file RTE\Device\LPC1768\startup_LPC17xx.s
      At line 234 in file RTE\Device\LPC1768\startup_LPC17xx.s

PendSV_Handler 000000B0

Symbol: PendSV_Handler
   Definitions
      At line 214 in file RTE\Device\LPC1768\startup_LPC17xx.s
   Uses
      At line 76 in file RTE\Device\LPC1768\startup_LPC17xx.s
      At line 215 in file RTE\Device\LPC1768\startup_LPC17xx.s

QEI_IRQHandler 000000B4

Symbol: QEI_IRQHandler
   Definitions



ARM Macro Assembler    Page 5 Alphabetic symbol ordering
Relocatable symbols

      At line 292 in file RTE\Device\LPC1768\startup_LPC17xx.s
   Uses
      At line 111 in file RTE\Device\LPC1768\startup_LPC17xx.s
      At line 256 in file RTE\Device\LPC1768\startup_LPC17xx.s

RIT_IRQHandler 000000B4

Symbol: RIT_IRQHandler
   Definitions
      At line 290 in file RTE\Device\LPC1768\startup_LPC17xx.s
   Uses
      At line 109 in file RTE\Device\LPC1768\startup_LPC17xx.s
      At line 254 in file RTE\Device\LPC1768\startup_LPC17xx.s

RTC_IRQHandler 000000B4

Symbol: RTC_IRQHandler
   Definitions
      At line 278 in file RTE\Device\LPC1768\startup_LPC17xx.s
   Uses
      At line 97 in file RTE\Device\LPC1768\startup_LPC17xx.s
      At line 242 in file RTE\Device\LPC1768\startup_LPC17xx.s

Reset_Handler 00000000

Symbol: Reset_Handler
   Definitions
      At line 128 in file RTE\Device\LPC1768\startup_LPC17xx.s
   Uses
      At line 63 in file RTE\Device\LPC1768\startup_LPC17xx.s
      At line 129 in file RTE\Device\LPC1768\startup_LPC17xx.s

SPI_IRQHandler 000000B4

Symbol: SPI_IRQHandler
   Definitions
      At line 274 in file RTE\Device\LPC1768\startup_LPC17xx.s
   Uses
      At line 93 in file RTE\Device\LPC1768\startup_LPC17xx.s
      At line 238 in file RTE\Device\LPC1768\startup_LPC17xx.s

SSP0_IRQHandler 000000B4

Symbol: SSP0_IRQHandler
   Definitions
      At line 275 in file RTE\Device\LPC1768\startup_LPC17xx.s
   Uses
      At line 94 in file RTE\Device\LPC1768\startup_LPC17xx.s
      At line 239 in file RTE\Device\LPC1768\startup_LPC17xx.s

SSP1_IRQHandler 000000B4

Symbol: SSP1_IRQHandler
   Definitions
      At line 276 in file RTE\Device\LPC1768\startup_LPC17xx.s
   Uses
      At line 95 in file RTE\Device\LPC1768\startup_LPC17xx.s
      At line 240 in file RTE\Device\LPC1768\startup_LPC17xx.s




ARM Macro Assembler    Page 6 Alphabetic symbol ordering
Relocatable symbols

SVC_Handler 000000AC

Symbol: SVC_Handler
   Definitions
      At line 205 in file RTE\Device\LPC1768\startup_LPC17xx.s
   Uses
      At line 73 in file RTE\Device\LPC1768\startup_LPC17xx.s
      At line 206 in file RTE\Device\LPC1768\startup_LPC17xx.s

SysTick_Handler 000000B2

Symbol: SysTick_Handler
   Definitions
      At line 218 in file RTE\Device\LPC1768\startup_LPC17xx.s
   Uses
      At line 77 in file RTE\Device\LPC1768\startup_LPC17xx.s
      At line 219 in file RTE\Device\LPC1768\startup_LPC17xx.s

TIMER0_IRQHandler 000000B4

Symbol: TIMER0_IRQHandler
   Definitions
      At line 262 in file RTE\Device\LPC1768\startup_LPC17xx.s
   Uses
      At line 81 in file RTE\Device\LPC1768\startup_LPC17xx.s
      At line 226 in file RTE\Device\LPC1768\startup_LPC17xx.s

TIMER1_IRQHandler 000000B4

Symbol: TIMER1_IRQHandler
   Definitions
      At line 263 in file RTE\Device\LPC1768\startup_LPC17xx.s
   Uses
      At line 82 in file RTE\Device\LPC1768\startup_LPC17xx.s
      At line 227 in file RTE\Device\LPC1768\startup_LPC17xx.s

TIMER2_IRQHandler 000000B4

Symbol: TIMER2_IRQHandler
   Definitions
      At line 264 in file RTE\Device\LPC1768\startup_LPC17xx.s
   Uses
      At line 83 in file RTE\Device\LPC1768\startup_LPC17xx.s
      At line 228 in file RTE\Device\LPC1768\startup_LPC17xx.s

TIMER3_IRQHandler 000000B4

Symbol: TIMER3_IRQHandler
   Definitions
      At line 265 in file RTE\Device\LPC1768\startup_LPC17xx.s
   Uses
      At line 84 in file RTE\Device\LPC1768\startup_LPC17xx.s
      At line 229 in file RTE\Device\LPC1768\startup_LPC17xx.s

UART0_IRQHandler 000000B4

Symbol: UART0_IRQHandler
   Definitions
      At line 266 in file RTE\Device\LPC1768\startup_LPC17xx.s



ARM Macro Assembler    Page 7 Alphabetic symbol ordering
Relocatable symbols

   Uses
      At line 85 in file RTE\Device\LPC1768\startup_LPC17xx.s
      At line 230 in file RTE\Device\LPC1768\startup_LPC17xx.s

UART1_IRQHandler 000000B4

Symbol: UART1_IRQHandler
   Definitions
      At line 267 in file RTE\Device\LPC1768\startup_LPC17xx.s
   Uses
      At line 86 in file RTE\Device\LPC1768\startup_LPC17xx.s
      At line 231 in file RTE\Device\LPC1768\startup_LPC17xx.s

UART2_IRQHandler 000000B4

Symbol: UART2_IRQHandler
   Definitions
      At line 268 in file RTE\Device\LPC1768\startup_LPC17xx.s
   Uses
      At line 87 in file RTE\Device\LPC1768\startup_LPC17xx.s
      At line 232 in file RTE\Device\LPC1768\startup_LPC17xx.s

UART3_IRQHandler 000000B4

Symbol: UART3_IRQHandler
   Definitions
      At line 269 in file RTE\Device\LPC1768\startup_LPC17xx.s
   Uses
      At line 88 in file RTE\Device\LPC1768\startup_LPC17xx.s
      At line 233 in file RTE\Device\LPC1768\startup_LPC17xx.s

USBActivity_IRQHandler 000000B4

Symbol: USBActivity_IRQHandler
   Definitions
      At line 294 in file RTE\Device\LPC1768\startup_LPC17xx.s
   Uses
      At line 113 in file RTE\Device\LPC1768\startup_LPC17xx.s
      At line 258 in file RTE\Device\LPC1768\startup_LPC17xx.s

USB_IRQHandler 000000B4

Symbol: USB_IRQHandler
   Definitions
      At line 285 in file RTE\Device\LPC1768\startup_LPC17xx.s
   Uses
      At line 104 in file RTE\Device\LPC1768\startup_LPC17xx.s
      At line 249 in file RTE\Device\LPC1768\startup_LPC17xx.s

UsageFault_Handler 000000AA

Symbol: UsageFault_Handler
   Definitions
      At line 201 in file RTE\Device\LPC1768\startup_LPC17xx.s
   Uses
      At line 68 in file RTE\Device\LPC1768\startup_LPC17xx.s
      At line 202 in file RTE\Device\LPC1768\startup_LPC17xx.s

WDT_IRQHandler 000000B4



ARM Macro Assembler    Page 8 Alphabetic symbol ordering
Relocatable symbols


Symbol: WDT_IRQHandler
   Definitions
      At line 261 in file RTE\Device\LPC1768\startup_LPC17xx.s
   Uses
      At line 80 in file RTE\Device\LPC1768\startup_LPC17xx.s
      At line 225 in file RTE\Device\LPC1768\startup_LPC17xx.s

__user_initial_stackheap 000000B8

Symbol: __user_initial_stackheap
   Definitions
      At line 317 in file RTE\Device\LPC1768\startup_LPC17xx.s
   Uses
      At line 316 in file RTE\Device\LPC1768\startup_LPC17xx.s
Comment: __user_initial_stackheap used once
stop 000000A0

Symbol: stop
   Definitions
      At line 175 in file RTE\Device\LPC1768\startup_LPC17xx.s
   Uses
      At line 175 in file RTE\Device\LPC1768\startup_LPC17xx.s
Comment: stop used once
49 symbols



ARM Macro Assembler    Page 1 Alphabetic symbol ordering
Absolute symbols

Heap_Size 00000000

Symbol: Heap_Size
   Definitions
      At line 42 in file RTE\Device\LPC1768\startup_LPC17xx.s
   Uses
      At line 48 in file RTE\Device\LPC1768\startup_LPC17xx.s
      At line 321 in file RTE\Device\LPC1768\startup_LPC17xx.s

Stack_Size 00000200

Symbol: Stack_Size
   Definitions
      At line 31 in file RTE\Device\LPC1768\startup_LPC17xx.s
   Uses
      At line 34 in file RTE\Device\LPC1768\startup_LPC17xx.s
      At line 320 in file RTE\Device\LPC1768\startup_LPC17xx.s

2 symbols



ARM Macro Assembler    Page 1 Alphabetic symbol ordering
External symbols

__use_two_region_memory 00000000

Symbol: __use_two_region_memory
   Definitions
      At line 315 in file RTE\Device\LPC1768\startup_LPC17xx.s
   Uses
      None
Comment: __use_two_region_memory unused
1 symbol
405 symbols in table
