


ARM Macro Assembler    Page 1 


    1 00000000         ;/******************************************************
                       ********************//**
    2 00000000         ; * @file     startup_LPC17xx.s
    3 00000000         ; * @brief    CMSIS Cortex-M3 Core Device Startup File f
                       or
    4 00000000         ; *           NXP LPC17xx Device Series
    5 00000000         ; * @version  V1.10
    6 00000000         ; * @date     06. April 2011
    7 00000000         ; *
    8 00000000         ; * @note
    9 00000000         ; * Copyright (C) 2009-2011 ARM Limited. All rights rese
                       rved.
   10 00000000         ; *
   11 00000000         ; * @par
   12 00000000         ; * ARM Limited (ARM) is supplying this software for use
                        with Cortex-M
   13 00000000         ; * processor based microcontrollers.  This file can be 
                       freely distributed
   14 00000000         ; * within development tools that are supporting such AR
                       M based processors.
   15 00000000         ; *
   16 00000000         ; * @par
   17 00000000         ; * THIS SOFTWARE IS PROVIDED "AS IS".  NO WARRANTIES, W
                       HETHER EXPRESS, IMPLIED
   18 00000000         ; * OR STATUTORY, INCLUDING, BUT NOT LIMITED TO, IMPLIED
                        WARRANTIES OF
   19 00000000         ; * MERCHANTABILITY AND FITNESS FOR A PARTICULAR PURPOSE
                        APPLY TO THIS SOFTWARE.
   20 00000000         ; * ARM SHALL NOT, IN ANY CIRCUMSTANCES, BE LIABLE FOR S
                       PECIAL, INCIDENTAL, OR
   21 00000000         ; * CONSEQUENTIAL DAMAGES, FOR ANY REASON WHATSOEVER.
   22 00000000         ; *
   23 00000000         ; ******************************************************
                       ************************/
   24 00000000         
   25 00000000         ; *------- <<< Use Configuration Wizard in Context Menu 
                       >>> ------------------
   26 00000000         
   27 00000000         ; <h> Stack Configuration
   28 00000000         ;   <o> Stack Size (in Bytes) <0x0-0xFFFFFFFF:8>
   29 00000000         ; </h>
   30 00000000         
   31 00000000 00000200 
                       Stack_Size
                               EQU              0x00000200
   32 00000000         
   33 00000000                 AREA             STACK, NOINIT, READWRITE, ALIGN
=3
   34 00000000         Stack_Mem
                               SPACE            Stack_Size
   35 00000200         __initial_sp
   36 00000200         
   37 00000200         
   38 00000200         ; <h> Heap Configuration
   39 00000200         ;   <o>  Heap Size (in Bytes) <0x0-0xFFFFFFFF:8>
   40 00000200         ; </h>
   41 00000200         
   42 00000200 00000000 
                       Heap_Size



ARM Macro Assembler    Page 2 


                               EQU              0x00000000
   43 00000200         
   44 00000200                 AREA             HEAP, NOINIT, READWRITE, ALIGN=
3
   45 00000000         __heap_base
   46 00000000         Heap_Mem
                               SPACE            Heap_Size
   47 00000000         __heap_limit
   48 00000000         
   49 00000000         
   50 00000000                 PRESERVE8
   51 00000000                 THUMB
   52 00000000         
   53 00000000         
   54 00000000         ; Vector Table Mapped to Address 0 at Reset
   55 00000000         
   56 00000000                 AREA             RESET, DATA, READONLY
   57 00000000                 EXPORT           __Vectors
   58 00000000         
   59 00000000 00000000 
                       __Vectors
                               DCD              __initial_sp ; Top of Stack
   60 00000004 00000000        DCD              Reset_Handler ; Reset Handler
   61 00000008 00000000        DCD              NMI_Handler ; NMI Handler
   62 0000000C 00000000        DCD              HardFault_Handler ; Hard Fault 
                                                            Handler
   63 00000010 00000000        DCD              MemManage_Handler 
                                                            ; MPU Fault Handler
                                                            
   64 00000014 00000000        DCD              BusFault_Handler 
                                                            ; Bus Fault Handler
                                                            
   65 00000018 00000000        DCD              UsageFault_Handler ; Usage Faul
                                                            t Handler
   66 0000001C 00000000        DCD              0           ; Reserved
   67 00000020 00000000        DCD              0           ; Reserved
   68 00000024 00000000        DCD              0           ; Reserved
   69 00000028 00000000        DCD              0           ; Reserved
   70 0000002C 00000000        DCD              SVC_Handler ; SVCall Handler
   71 00000030 00000000        DCD              DebugMon_Handler ; Debug Monito
                                                            r Handler
   72 00000034 00000000        DCD              0           ; Reserved
   73 00000038 00000000        DCD              PendSV_Handler ; PendSV Handler
                                                            
   74 0000003C 00000000        DCD              SysTick_Handler 
                                                            ; SysTick Handler
   75 00000040         
   76 00000040         ; External Interrupts
   77 00000040 00000000        DCD              WDT_IRQHandler ; 16: Watchdog T
                                                            imer
   78 00000044 00000000        DCD              TIMER0_IRQHandler ; 17: Timer0
   79 00000048 00000000        DCD              TIMER1_IRQHandler ; 18: Timer1
   80 0000004C 00000000        DCD              TIMER2_IRQHandler ; 19: Timer2
   81 00000050 00000000        DCD              TIMER3_IRQHandler ; 20: Timer3
   82 00000054 00000000        DCD              UART0_IRQHandler ; 21: UART0
   83 00000058 00000000        DCD              UART1_IRQHandler ; 22: UART1
   84 0000005C 00000000        DCD              UART2_IRQHandler ; 23: UART2
   85 00000060 00000000        DCD              UART3_IRQHandler ; 24: UART3
   86 00000064 00000000        DCD              PWM1_IRQHandler ; 25: PWM1



ARM Macro Assembler    Page 3 


   87 00000068 00000000        DCD              I2C0_IRQHandler ; 26: I2C0
   88 0000006C 00000000        DCD              I2C1_IRQHandler ; 27: I2C1
   89 00000070 00000000        DCD              I2C2_IRQHandler ; 28: I2C2
   90 00000074 00000000        DCD              SPI_IRQHandler ; 29: SPI
   91 00000078 00000000        DCD              SSP0_IRQHandler ; 30: SSP0
   92 0000007C 00000000        DCD              SSP1_IRQHandler ; 31: SSP1
   93 00000080 00000000        DCD              PLL0_IRQHandler ; 32: PLL0 Lock
                                                             (Main PLL)
   94 00000084 00000000        DCD              RTC_IRQHandler ; 33: Real Time 
                                                            Clock
   95 00000088 00000000        DCD              EINT0_IRQHandler ; 34: External
                                                             Interrupt 0
   96 0000008C 00000000        DCD              EINT1_IRQHandler ; 35: External
                                                             Interrupt 1
   97 00000090 00000000        DCD              EINT2_IRQHandler ; 36: External
                                                             Interrupt 2
   98 00000094 00000000        DCD              EINT3_IRQHandler ; 37: External
                                                             Interrupt 3
   99 00000098 00000000        DCD              ADC_IRQHandler 
                                                            ; 38: A/D Converter
                                                            
  100 0000009C 00000000        DCD              BOD_IRQHandler ; 39: Brown-Out 
                                                            Detect
  101 000000A0 00000000        DCD              USB_IRQHandler ; 40: USB
  102 000000A4 00000000        DCD              CAN_IRQHandler ; 41: CAN
  103 000000A8 00000000        DCD              DMA_IRQHandler ; 42: General Pu
                                                            rpose DMA
  104 000000AC 00000000        DCD              I2S_IRQHandler ; 43: I2S
  105 000000B0 00000000        DCD              ENET_IRQHandler ; 44: Ethernet
  106 000000B4 00000000        DCD              RIT_IRQHandler ; 45: Repetitive
                                                             Interrupt Timer
  107 000000B8 00000000        DCD              MCPWM_IRQHandler ; 46: Motor Co
                                                            ntrol PWM
  108 000000BC 00000000        DCD              QEI_IRQHandler ; 47: Quadrature
                                                             Encoder Interface
  109 000000C0 00000000        DCD              PLL1_IRQHandler ; 48: PLL1 Lock
                                                             (USB PLL)
  110 000000C4 00000000        DCD              USBActivity_IRQHandler ; 49: US
                                                            B Activity interrup
                                                            t to wakeup
  111 000000C8 00000000        DCD              CANActivity_IRQHandler ; 50: CA
                                                            N Activity interrup
                                                            t to wakeup
  112 000000CC         
  113 000000CC         
  114 000000CC                 IF               :LNOT::DEF:NO_CRP
  115 000000CC                 AREA             |.ARM.__at_0x02FC|, CODE, READO
NLY
  116 00000000 FFFFFFFF 
                       CRP_Key DCD              0xFFFFFFFF
  117 00000004                 ENDIF
  118 00000004         
  119 00000004                 AREA             inputData, DATA, READONLY
  120 00000000 00000004 
              00000014 
              00000006 
              0000000F 
              00000007 
              0000000A 



ARM Macro Assembler    Page 4 


              0000000A 
              00000005 
              00000010 
              00000008 Price_list
                               DCD              0x004, 20, 0x006, 15, 0x007, 10
, 0x00A, 5, 0x010, 8
  121 00000028 00000012 
              00000007 
              00000016 
              00000016 
              00000017 
              00000011 
              00000018 
              00000026 
              0000001A 
              00000016         DCD              0x012, 7, 0x016, 22, 0x017, 17,
 0x018, 38, 0x01A, 22
  122 00000050 0000001B 
              00000022 
              0000001E 
              0000000B 
              00000022 
              00000003 
              00000023 
              00000009 
              00000025 
              00000028         DCD              0x01B, 34, 0x01E, 11, 0x022, 3,
 0x023, 9, 0x025, 40
  123 00000078 00000027 
              0000000C 
              00000028 
              0000000B 
              0000002C 
              0000002D 
              0000002D 
              0000000A 
              00000031 
              00000028         DCD              0x027, 12, 0x028, 11, 0x02C, 45
, 0x02D, 10, 0x031, 40
  124 000000A0 00000033 
              0000002D 
              00000035 
              00000009 
              00000036 
              0000000B 
              00000039 
              0000000C 
              0000003C 
              00000013         DCD              0x033, 45, 0x035, 9, 0x036, 11,
 0x039, 12, 0x03C, 19
  125 000000C8 0000003E 
              00000001 
              00000041 
              00000014 
              00000042 
              0000001E 
              00000045 
              0000000C 
              00000047 



ARM Macro Assembler    Page 5 


              00000007         DCD              0x03E, 1, 0x041, 20, 0x042, 30,
 0x045, 12, 0x047, 7
  126 000000F0         
  127 000000F0 00000022 
              00000004 
              00000006 
              00000001 
              0000003E 
              0000000A 
              00000017 
              00000002 Item_list
                               DCD              0x022, 4, 0x006, 1, 0x03E, 10, 
0x017, 2 
                                                            ; total cost is 71 
                                                            (0x47)
  128 00000110         
  129 00000110         
  130 00000110                 AREA             |.text|, CODE, READONLY
  131 00000000         
  132 00000000         
  133 00000000         ; Reset Handler
  134 00000000         
  135 00000000         Reset_Handler
                               PROC
  136 00000000                 EXPORT           Reset_Handler             [WEAK
]
  137 00000000         
  138 00000000         ; item 1
  139 00000000 480C            LDR              r0, =Price_list
  140 00000002 490D            LDR              r1, =Item_list1
  141 00000004 F000 F800       BL               sequentialSearch
  142 00000008         
  143 00000008         ; remove comments to solve item 2
  144 00000008 480A            LDR              r0, =Price_list
  145 0000000A 490B            LDR              r1, =Item_list1
  146 0000000C F000 F800       BL               binarySearch
  147 00000010         
  148 00000010         ; remove comments to solve item 3
  149 00000010         ;IMPORT  SystemInit
  150 00000010         ;IMPORT  __main
  151 00000010         ;LDR     R0, =SystemInit
  152 00000010         ;BLX     R0
  153 00000010         ;LDR     R0, =__main
  154 00000010         ;BX      R0
  155 00000010 E7FE    stop    B                stop
  156 00000012                 ENDP
  157 00000012         
  158 00000012         
  159 00000012         ; Dummy Exception Handlers (infinite loops which can be 
                       modified)
  160 00000012         
  161 00000012         NMI_Handler
                               PROC
  162 00000012                 EXPORT           NMI_Handler               [WEAK
]
  163 00000012 E7FE            B                .
  164 00000014                 ENDP
  166 00000014         HardFault_Handler
                               PROC



ARM Macro Assembler    Page 6 


  167 00000014                 EXPORT           HardFault_Handler         [WEAK
]
  168 00000014 E7FE            B                .
  169 00000016                 ENDP
  171 00000016         MemManage_Handler
                               PROC
  172 00000016                 EXPORT           MemManage_Handler         [WEAK
]
  173 00000016 E7FE            B                .
  174 00000018                 ENDP
  176 00000018         BusFault_Handler
                               PROC
  177 00000018                 EXPORT           BusFault_Handler          [WEAK
]
  178 00000018 E7FE            B                .
  179 0000001A                 ENDP
  181 0000001A         UsageFault_Handler
                               PROC
  182 0000001A                 EXPORT           UsageFault_Handler        [WEAK
]
  183 0000001A E7FE            B                .
  184 0000001C                 ENDP
  185 0000001C         SVC_Handler
                               PROC
  186 0000001C                 EXPORT           SVC_Handler               [WEAK
]
  187 0000001C E7FE            B                .
  188 0000001E                 ENDP
  190 0000001E         DebugMon_Handler
                               PROC
  191 0000001E                 EXPORT           DebugMon_Handler          [WEAK
]
  192 0000001E E7FE            B                .
  193 00000020                 ENDP
  194 00000020         PendSV_Handler
                               PROC
  195 00000020                 EXPORT           PendSV_Handler            [WEAK
]
  196 00000020 E7FE            B                .
  197 00000022                 ENDP
  198 00000022         SysTick_Handler
                               PROC
  199 00000022                 EXPORT           SysTick_Handler           [WEAK
]
  200 00000022 E7FE            B                .
  201 00000024                 ENDP
  202 00000024         
  203 00000024         Default_Handler
                               PROC
  204 00000024         
  205 00000024                 EXPORT           WDT_IRQHandler            [WEAK
]
  206 00000024                 EXPORT           TIMER0_IRQHandler         [WEAK
]
  207 00000024                 EXPORT           TIMER1_IRQHandler         [WEAK
]
  208 00000024                 EXPORT           TIMER2_IRQHandler         [WEAK
]
  209 00000024                 EXPORT           TIMER3_IRQHandler         [WEAK



ARM Macro Assembler    Page 7 


]
  210 00000024                 EXPORT           UART0_IRQHandler          [WEAK
]
  211 00000024                 EXPORT           UART1_IRQHandler          [WEAK
]
  212 00000024                 EXPORT           UART2_IRQHandler          [WEAK
]
  213 00000024                 EXPORT           UART3_IRQHandler          [WEAK
]
  214 00000024                 EXPORT           PWM1_IRQHandler           [WEAK
]
  215 00000024                 EXPORT           I2C0_IRQHandler           [WEAK
]
  216 00000024                 EXPORT           I2C1_IRQHandler           [WEAK
]
  217 00000024                 EXPORT           I2C2_IRQHandler           [WEAK
]
  218 00000024                 EXPORT           SPI_IRQHandler            [WEAK
]
  219 00000024                 EXPORT           SSP0_IRQHandler           [WEAK
]
  220 00000024                 EXPORT           SSP1_IRQHandler           [WEAK
]
  221 00000024                 EXPORT           PLL0_IRQHandler           [WEAK
]
  222 00000024                 EXPORT           RTC_IRQHandler            [WEAK
]
  223 00000024                 EXPORT           EINT0_IRQHandler          [WEAK
]
  224 00000024                 EXPORT           EINT1_IRQHandler          [WEAK
]
  225 00000024                 EXPORT           EINT2_IRQHandler          [WEAK
]
  226 00000024                 EXPORT           EINT3_IRQHandler          [WEAK
]
  227 00000024                 EXPORT           ADC_IRQHandler            [WEAK
]
  228 00000024                 EXPORT           BOD_IRQHandler            [WEAK
]
  229 00000024                 EXPORT           USB_IRQHandler            [WEAK
]
  230 00000024                 EXPORT           CAN_IRQHandler            [WEAK
]
  231 00000024                 EXPORT           DMA_IRQHandler            [WEAK
]
  232 00000024                 EXPORT           I2S_IRQHandler            [WEAK
]
  233 00000024                 EXPORT           ENET_IRQHandler           [WEAK
]
  234 00000024                 EXPORT           RIT_IRQHandler            [WEAK
]
  235 00000024                 EXPORT           MCPWM_IRQHandler          [WEAK
]
  236 00000024                 EXPORT           QEI_IRQHandler            [WEAK
]
  237 00000024                 EXPORT           PLL1_IRQHandler           [WEAK
]
  238 00000024                 EXPORT           USBActivity_IRQHandler    [WEAK
]



ARM Macro Assembler    Page 8 


  239 00000024                 EXPORT           CANActivity_IRQHandler    [WEAK
]
  240 00000024         
  241 00000024         WDT_IRQHandler
  242 00000024         TIMER0_IRQHandler
  243 00000024         TIMER1_IRQHandler
  244 00000024         TIMER2_IRQHandler
  245 00000024         TIMER3_IRQHandler
  246 00000024         UART0_IRQHandler
  247 00000024         UART1_IRQHandler
  248 00000024         UART2_IRQHandler
  249 00000024         UART3_IRQHandler
  250 00000024         PWM1_IRQHandler
  251 00000024         I2C0_IRQHandler
  252 00000024         I2C1_IRQHandler
  253 00000024         I2C2_IRQHandler
  254 00000024         SPI_IRQHandler
  255 00000024         SSP0_IRQHandler
  256 00000024         SSP1_IRQHandler
  257 00000024         PLL0_IRQHandler
  258 00000024         RTC_IRQHandler
  259 00000024         EINT0_IRQHandler
  260 00000024         EINT1_IRQHandler
  261 00000024         EINT2_IRQHandler
  262 00000024         EINT3_IRQHandler
  263 00000024         ADC_IRQHandler
  264 00000024         BOD_IRQHandler
  265 00000024         USB_IRQHandler
  266 00000024         CAN_IRQHandler
  267 00000024         DMA_IRQHandler
  268 00000024         I2S_IRQHandler
  269 00000024         ENET_IRQHandler
  270 00000024         RIT_IRQHandler
  271 00000024         MCPWM_IRQHandler
  272 00000024         QEI_IRQHandler
  273 00000024         PLL1_IRQHandler
  274 00000024         USBActivity_IRQHandler
  275 00000024         CANActivity_IRQHandler
  276 00000024         
  277 00000024 E7FE            B                .
  278 00000026         
  279 00000026                 ENDP
  280 00000026         
  281 00000026         
  282 00000026 00 00           ALIGN
  283 00000028         
  284 00000028         
  285 00000028         ; User Initial Stack & Heap
  286 00000028         
  287 00000028                 IF               :DEF:__MICROLIB
  294 00000028         
  295 00000028                 IMPORT           __use_two_region_memory
  296 00000028                 EXPORT           __user_initial_stackheap
  297 00000028         __user_initial_stackheap
  298 00000028         
  299 00000028 4805            LDR              R0, =  Heap_Mem
  300 0000002A 4906            LDR              R1, =(Stack_Mem + Stack_Size)
  301 0000002C 4A04            LDR              R2, = (Heap_Mem +  Heap_Size)
  302 0000002E 4B06            LDR              R3, = Stack_Mem



ARM Macro Assembler    Page 9 


  303 00000030 4770            BX               LR
  304 00000032         
  305 00000032 00 00           ALIGN
  306 00000034         
  307 00000034                 ENDIF
  308 00000034         
  309 00000034         
  310 00000034                 END
              00000000 
              00000000 
              00000000 
              00000000 
              00000200 
              00000000 
Command Line: --debug --xref --diag_suppress=9931 --cpu=Cortex-M3 --apcs=interw
ork --depend=.\objects\startup_lpc17xx_1.d -o.\objects\startup_lpc17xx_1.o -I.\
RTE\Device\LPC1768 -I.\RTE\_Target_1 -I"D:\Program Files\Keil_V5\pack\ARM\CMSIS
\5.6.0\CMSIS\Core\Include" -I"D:\Program Files\Keil_V5\pack\Keil\LPC1700_DFP\2.
6.0\Device\Include" --predefine="__EVAL SETA 1" --predefine="__UVISION_VERSION 
SETA 529" --predefine="_RTE_ SETA 1" --predefine="LPC175x_6x SETA 1" --list=.\l
istings\startup_lpc17xx.lst RTE\Device\LPC1768\startup_LPC17xx.s
