


ARM Macro Assembler    Page 1 


    1 00000000         ;/******************************************************
                       ********************//**
    2 00000000         ; * @file     startup_LPC17xx.s
    3 00000000         ; * @brief    CMSIS Cortex-M3 Core Device Startup File f
                       or
    4 00000000         ; *           NXP LPC17xx Device Series
    5 00000000         ; * @version  V1.10
    6 00000000         ; * @date     06. April 2011
    7 00000000         ; *
    8 00000000         ; * @note
    9 00000000         ; * Copyright (C) 2009-2011 ARM Limited. All rights rese
                       rved.
   10 00000000         ; *
   11 00000000         ; * @par
   12 00000000         ; * ARM Limited (ARM) is supplying this software for use
                        with Cortex-M
   13 00000000         ; * processor based microcontrollers.  This file can be 
                       freely distributed
   14 00000000         ; * within development tools that are supporting such AR
                       M based processors.
   15 00000000         ; *
   16 00000000         ; * @par
   17 00000000         ; * THIS SOFTWARE IS PROVIDED "AS IS".  NO WARRANTIES, W
                       HETHER EXPRESS, IMPLIED
   18 00000000         ; * OR STATUTORY, INCLUDING, BUT NOT LIMITED TO, IMPLIED
                        WARRANTIES OF
   19 00000000         ; * MERCHANTABILITY AND FITNESS FOR A PARTICULAR PURPOSE
                        APPLY TO THIS SOFTWARE.
   20 00000000         ; * ARM SHALL NOT, IN ANY CIRCUMSTANCES, BE LIABLE FOR S
                       PECIAL, INCIDENTAL, OR
   21 00000000         ; * CONSEQUENTIAL DAMAGES, FOR ANY REASON WHATSOEVER.
   22 00000000         ; *
   23 00000000         ; ******************************************************
                       ************************/
   24 00000000         
   25 00000000         ; *------- <<< Use Configuration Wizard in Context Menu 
                       >>> ------------------
   26 00000000         
   27 00000000         ; <h> Stack Configuration
   28 00000000         ;   <o> Stack Size (in Bytes) <0x0-0xFFFFFFFF:8>
   29 00000000         ; </h>
   30 00000000         
   31 00000000 00000200 
                       Stack_Size
                               EQU              0x00000200
   32 00000000         
   33 00000000                 AREA             STACK, NOINIT, READWRITE, ALIGN
=3
   34 00000000         Stack_Mem
                               SPACE            Stack_Size
   35 00000200         __initial_sp
   36 00000200         
   37 00000200         
   38 00000200         ; <h> Heap Configuration
   39 00000200         ;   <o>  Heap Size (in Bytes) <0x0-0xFFFFFFFF:8>
   40 00000200         ; </h>
   41 00000200         
   42 00000200 00000000 
                       Heap_Size



ARM Macro Assembler    Page 2 


                               EQU              0x00000000
   43 00000200         
   44 00000200                 AREA             HEAP, NOINIT, READWRITE, ALIGN=
3
   45 00000000         __heap_base
   46 00000000         Heap_Mem
                               SPACE            Heap_Size
   47 00000000         __heap_limit
   48 00000000         
   49 00000000 00000003 
                       N       EQU              3
   50 00000000 00000004 
                       M       EQU              4
   51 00000000 00000002 
                       P       EQU              2
   52 00000000         
   53 00000000                 AREA             Matrix_DATA, DATA, READONLY
   54 00000000 00000004 
              FFFFFFFD 
              00000005 
              00000001 
              00000003 
              FFFFFFFB 
              00000000 
              0000000B 
              FFFFFFFB 
              0000000C 
              00000004 
              FFFFFFFB Matrix1 DCD              4, -3, 5, 1, 3, -5, 0, 11, -5, 
12, 4, -5
   55 00000030 FFFFFFFE 
              00000003 
              00000005 
              FFFFFFFF 
              00000004 
              00000003 
              00000009 
              FFFFFFF9 Matrix2 DCD              -2, 3, 5, -1, 4, 3, 9, -7
   56 00000050         
   57 00000050                 AREA             Matrix_Result, DATA, READWRITE
   58 00000000 00 00 00 
              00 00 00 
              00 00 00 
              00 00 00 
              00 00 00 
              00 00 00 
              00 00 00 
              00 00 00 Matrix3 SPACE            N*P*4
   59 00000018         
   60 00000018                 PRESERVE8
   61 00000018                 THUMB
   62 00000018         
   63 00000018         
   64 00000018         ; Vector Table Mapped to Address 0 at Reset
   65 00000018         
   66 00000018                 AREA             RESET, DATA, READONLY
   67 00000000                 EXPORT           __Vectors
   68 00000000         
   69 00000000 00000000 



ARM Macro Assembler    Page 3 


                       __Vectors
                               DCD              __initial_sp ; Top of Stack
   70 00000004 00000000        DCD              Reset_Handler ; Reset Handler
   71 00000008 00000000        DCD              NMI_Handler ; NMI Handler
   72 0000000C 00000000        DCD              HardFault_Handler ; Hard Fault 
                                                            Handler
   73 00000010 00000000        DCD              MemManage_Handler 
                                                            ; MPU Fault Handler
                                                            
   74 00000014 00000000        DCD              BusFault_Handler 
                                                            ; Bus Fault Handler
                                                            
   75 00000018 00000000        DCD              UsageFault_Handler ; Usage Faul
                                                            t Handler
   76 0000001C 00000000        DCD              0           ; Reserved
   77 00000020 00000000        DCD              0           ; Reserved
   78 00000024 00000000        DCD              0           ; Reserved
   79 00000028 00000000        DCD              0           ; Reserved
   80 0000002C 00000000        DCD              SVC_Handler ; SVCall Handler
   81 00000030 00000000        DCD              DebugMon_Handler ; Debug Monito
                                                            r Handler
   82 00000034 00000000        DCD              0           ; Reserved
   83 00000038 00000000        DCD              PendSV_Handler ; PendSV Handler
                                                            
   84 0000003C 00000000        DCD              SysTick_Handler 
                                                            ; SysTick Handler
   85 00000040         
   86 00000040         ; External Interrupts
   87 00000040 00000000        DCD              WDT_IRQHandler ; 16: Watchdog T
                                                            imer
   88 00000044 00000000        DCD              TIMER0_IRQHandler ; 17: Timer0
   89 00000048 00000000        DCD              TIMER1_IRQHandler ; 18: Timer1
   90 0000004C 00000000        DCD              TIMER2_IRQHandler ; 19: Timer2
   91 00000050 00000000        DCD              TIMER3_IRQHandler ; 20: Timer3
   92 00000054 00000000        DCD              UART0_IRQHandler ; 21: UART0
   93 00000058 00000000        DCD              UART1_IRQHandler ; 22: UART1
   94 0000005C 00000000        DCD              UART2_IRQHandler ; 23: UART2
   95 00000060 00000000        DCD              UART3_IRQHandler ; 24: UART3
   96 00000064 00000000        DCD              PWM1_IRQHandler ; 25: PWM1
   97 00000068 00000000        DCD              I2C0_IRQHandler ; 26: I2C0
   98 0000006C 00000000        DCD              I2C1_IRQHandler ; 27: I2C1
   99 00000070 00000000        DCD              I2C2_IRQHandler ; 28: I2C2
  100 00000074 00000000        DCD              SPI_IRQHandler ; 29: SPI
  101 00000078 00000000        DCD              SSP0_IRQHandler ; 30: SSP0
  102 0000007C 00000000        DCD              SSP1_IRQHandler ; 31: SSP1
  103 00000080 00000000        DCD              PLL0_IRQHandler ; 32: PLL0 Lock
                                                             (Main PLL)
  104 00000084 00000000        DCD              RTC_IRQHandler ; 33: Real Time 
                                                            Clock
  105 00000088 00000000        DCD              EINT0_IRQHandler ; 34: External
                                                             Interrupt 0
  106 0000008C 00000000        DCD              EINT1_IRQHandler ; 35: External
                                                             Interrupt 1
  107 00000090 00000000        DCD              EINT2_IRQHandler ; 36: External
                                                             Interrupt 2
  108 00000094 00000000        DCD              EINT3_IRQHandler ; 37: External
                                                             Interrupt 3
  109 00000098 00000000        DCD              ADC_IRQHandler 
                                                            ; 38: A/D Converter



ARM Macro Assembler    Page 4 


                                                            
  110 0000009C 00000000        DCD              BOD_IRQHandler ; 39: Brown-Out 
                                                            Detect
  111 000000A0 00000000        DCD              USB_IRQHandler ; 40: USB
  112 000000A4 00000000        DCD              CAN_IRQHandler ; 41: CAN
  113 000000A8 00000000        DCD              DMA_IRQHandler ; 42: General Pu
                                                            rpose DMA
  114 000000AC 00000000        DCD              I2S_IRQHandler ; 43: I2S
  115 000000B0 00000000        DCD              ENET_IRQHandler ; 44: Ethernet
  116 000000B4 00000000        DCD              RIT_IRQHandler ; 45: Repetitive
                                                             Interrupt Timer
  117 000000B8 00000000        DCD              MCPWM_IRQHandler ; 46: Motor Co
                                                            ntrol PWM
  118 000000BC 00000000        DCD              QEI_IRQHandler ; 47: Quadrature
                                                             Encoder Interface
  119 000000C0 00000000        DCD              PLL1_IRQHandler ; 48: PLL1 Lock
                                                             (USB PLL)
  120 000000C4 00000000        DCD              USBActivity_IRQHandler ; 49: US
                                                            B Activity interrup
                                                            t to wakeup
  121 000000C8 00000000        DCD              CANActivity_IRQHandler ; 50: CA
                                                            N Activity interrup
                                                            t to wakeup
  122 000000CC         
  123 000000CC         
  124 000000CC                 IF               :LNOT::DEF:NO_CRP
  125 000000CC                 AREA             |.ARM.__at_0x02FC|, CODE, READO
NLY
  126 00000000 FFFFFFFF 
                       CRP_Key DCD              0xFFFFFFFF
  127 00000004                 ENDIF
  128 00000004         
  129 00000004         
  130 00000004                 AREA             |.text|, CODE, READONLY
  131 00000000         
  132 00000000         
  133 00000000         ; Reset Handler
  134 00000000         
  135 00000000         
  136 00000000         
  137 00000000         Reset_Handler
                               PROC
  138 00000000                 EXPORT           Reset_Handler             [WEAK
]
  139 00000000         
  140 00000000 4A21            LDR              R2, =Matrix3
  141 00000002 F043 0303       ORR              R3, N
  142 00000006         
  143 00000006 F04F 0903 
                       outloop MOV              R9, N
  144 0000000A EBA9 0903       SUB              R9, R3
  145 0000000E EA4F 1909       LSL              R9, #4
  146 00000012 B408            PUSH             {R3}
  147 00000014 F04F 0302       MOV              R3, P
  148 00000018         
  149 00000018         
  150 00000018         
  151 00000018         midloop
  152 00000018 491C            LDR              R1, =Matrix2



ARM Macro Assembler    Page 5 


  153 0000001A 481D            LDR              R0, =Matrix1
  154 0000001C F04F 0802       MOV              R8, P
  155 00000020 EBA8 0803       SUB              R8, R3
  156 00000024 EA4F 0888       LSL              R8, #2
  157 00000028 4441            ADD              R1, R8
  158 0000002A 4448            ADD              R0, R9
  159 0000002C B408            PUSH             {R3}
  160 0000002E F04F 0304       MOV              R3, M
  161 00000032 EA87 0707       EOR              R7, R7
  162 00000036         
  163 00000036 F850 4B04 
                       innloop LDR              R4, [R0], #4
  164 0000003A F851 5B08       LDR              R5, [R1], #4*P
  165 0000003E FB04 F605       MUL              R6, R4, R5
  166 00000042 4437            ADD              R7, R6
  167 00000044 F1A3 0301       SUB              R3, #1
  168 00000048 2B00            CMP              R3, #0
  169 0000004A D1F4            BNE              innloop
  170 0000004C         
  171 0000004C BC08            POP              {R3}
  172 0000004E F1A3 0301       SUB              R3, #1
  173 00000052 F842 7B04       STR              R7, [R2], #4
  174 00000056 2B00            CMP              R3, #0
  175 00000058 D1DE            BNE              midloop
  176 0000005A         
  177 0000005A BC08            POP              {R3}
  178 0000005C F1A3 0301       SUB              R3, #1
  179 00000060 2B00            CMP              R3, #0
  180 00000062 D1D0            BNE              outloop
  181 00000064         
  182 00000064         
  183 00000064 E7FE    stop    B                stop
  184 00000066                 ENDP
  185 00000066         
  186 00000066         
  187 00000066         ; Dummy Exception Handlers (infinite loops which can be 
                       modified)
  188 00000066         
  189 00000066         NMI_Handler
                               PROC
  190 00000066                 EXPORT           NMI_Handler               [WEAK
]
  191 00000066 E7FE            B                .
  192 00000068                 ENDP
  194 00000068         HardFault_Handler
                               PROC
  195 00000068                 EXPORT           HardFault_Handler         [WEAK
]
  196 00000068 E7FE            B                .
  197 0000006A                 ENDP
  199 0000006A         MemManage_Handler
                               PROC
  200 0000006A                 EXPORT           MemManage_Handler         [WEAK
]
  201 0000006A E7FE            B                .
  202 0000006C                 ENDP
  204 0000006C         BusFault_Handler
                               PROC
  205 0000006C                 EXPORT           BusFault_Handler          [WEAK



ARM Macro Assembler    Page 6 


]
  206 0000006C E7FE            B                .
  207 0000006E                 ENDP
  209 0000006E         UsageFault_Handler
                               PROC
  210 0000006E                 EXPORT           UsageFault_Handler        [WEAK
]
  211 0000006E E7FE            B                .
  212 00000070                 ENDP
  213 00000070         SVC_Handler
                               PROC
  214 00000070                 EXPORT           SVC_Handler               [WEAK
]
  215 00000070 E7FE            B                .
  216 00000072                 ENDP
  218 00000072         DebugMon_Handler
                               PROC
  219 00000072                 EXPORT           DebugMon_Handler          [WEAK
]
  220 00000072 E7FE            B                .
  221 00000074                 ENDP
  222 00000074         PendSV_Handler
                               PROC
  223 00000074                 EXPORT           PendSV_Handler            [WEAK
]
  224 00000074 E7FE            B                .
  225 00000076                 ENDP
  226 00000076         SysTick_Handler
                               PROC
  227 00000076                 EXPORT           SysTick_Handler           [WEAK
]
  228 00000076 E7FE            B                .
  229 00000078                 ENDP
  230 00000078         
  231 00000078         Default_Handler
                               PROC
  232 00000078         
  233 00000078                 EXPORT           WDT_IRQHandler            [WEAK
]
  234 00000078                 EXPORT           TIMER0_IRQHandler         [WEAK
]
  235 00000078                 EXPORT           TIMER1_IRQHandler         [WEAK
]
  236 00000078                 EXPORT           TIMER2_IRQHandler         [WEAK
]
  237 00000078                 EXPORT           TIMER3_IRQHandler         [WEAK
]
  238 00000078                 EXPORT           UART0_IRQHandler          [WEAK
]
  239 00000078                 EXPORT           UART1_IRQHandler          [WEAK
]
  240 00000078                 EXPORT           UART2_IRQHandler          [WEAK
]
  241 00000078                 EXPORT           UART3_IRQHandler          [WEAK
]
  242 00000078                 EXPORT           PWM1_IRQHandler           [WEAK
]
  243 00000078                 EXPORT           I2C0_IRQHandler           [WEAK
]



ARM Macro Assembler    Page 7 


  244 00000078                 EXPORT           I2C1_IRQHandler           [WEAK
]
  245 00000078                 EXPORT           I2C2_IRQHandler           [WEAK
]
  246 00000078                 EXPORT           SPI_IRQHandler            [WEAK
]
  247 00000078                 EXPORT           SSP0_IRQHandler           [WEAK
]
  248 00000078                 EXPORT           SSP1_IRQHandler           [WEAK
]
  249 00000078                 EXPORT           PLL0_IRQHandler           [WEAK
]
  250 00000078                 EXPORT           RTC_IRQHandler            [WEAK
]
  251 00000078                 EXPORT           EINT0_IRQHandler          [WEAK
]
  252 00000078                 EXPORT           EINT1_IRQHandler          [WEAK
]
  253 00000078                 EXPORT           EINT2_IRQHandler          [WEAK
]
  254 00000078                 EXPORT           EINT3_IRQHandler          [WEAK
]
  255 00000078                 EXPORT           ADC_IRQHandler            [WEAK
]
  256 00000078                 EXPORT           BOD_IRQHandler            [WEAK
]
  257 00000078                 EXPORT           USB_IRQHandler            [WEAK
]
  258 00000078                 EXPORT           CAN_IRQHandler            [WEAK
]
  259 00000078                 EXPORT           DMA_IRQHandler            [WEAK
]
  260 00000078                 EXPORT           I2S_IRQHandler            [WEAK
]
  261 00000078                 EXPORT           ENET_IRQHandler           [WEAK
]
  262 00000078                 EXPORT           RIT_IRQHandler            [WEAK
]
  263 00000078                 EXPORT           MCPWM_IRQHandler          [WEAK
]
  264 00000078                 EXPORT           QEI_IRQHandler            [WEAK
]
  265 00000078                 EXPORT           PLL1_IRQHandler           [WEAK
]
  266 00000078                 EXPORT           USBActivity_IRQHandler    [WEAK
]
  267 00000078                 EXPORT           CANActivity_IRQHandler    [WEAK
]
  268 00000078         
  269 00000078         WDT_IRQHandler
  270 00000078         TIMER0_IRQHandler
  271 00000078         TIMER1_IRQHandler
  272 00000078         TIMER2_IRQHandler
  273 00000078         TIMER3_IRQHandler
  274 00000078         UART0_IRQHandler
  275 00000078         UART1_IRQHandler
  276 00000078         UART2_IRQHandler
  277 00000078         UART3_IRQHandler
  278 00000078         PWM1_IRQHandler



ARM Macro Assembler    Page 8 


  279 00000078         I2C0_IRQHandler
  280 00000078         I2C1_IRQHandler
  281 00000078         I2C2_IRQHandler
  282 00000078         SPI_IRQHandler
  283 00000078         SSP0_IRQHandler
  284 00000078         SSP1_IRQHandler
  285 00000078         PLL0_IRQHandler
  286 00000078         RTC_IRQHandler
  287 00000078         EINT0_IRQHandler
  288 00000078         EINT1_IRQHandler
  289 00000078         EINT2_IRQHandler
  290 00000078         EINT3_IRQHandler
  291 00000078         ADC_IRQHandler
  292 00000078         BOD_IRQHandler
  293 00000078         USB_IRQHandler
  294 00000078         CAN_IRQHandler
  295 00000078         DMA_IRQHandler
  296 00000078         I2S_IRQHandler
  297 00000078         ENET_IRQHandler
  298 00000078         RIT_IRQHandler
  299 00000078         MCPWM_IRQHandler
  300 00000078         QEI_IRQHandler
  301 00000078         PLL1_IRQHandler
  302 00000078         USBActivity_IRQHandler
  303 00000078         CANActivity_IRQHandler
  304 00000078         
  305 00000078 E7FE            B                .
  306 0000007A         
  307 0000007A                 ENDP
  308 0000007A         
  309 0000007A         
  310 0000007A 00 00           ALIGN
  311 0000007C         
  312 0000007C         
  313 0000007C         ; User Initial Stack & Heap
  314 0000007C         
  315 0000007C                 IF               :DEF:__MICROLIB
  322 0000007C         
  323 0000007C                 IMPORT           __use_two_region_memory
  324 0000007C                 EXPORT           __user_initial_stackheap
  325 0000007C         __user_initial_stackheap
  326 0000007C         
  327 0000007C 4805            LDR              R0, =  Heap_Mem
  328 0000007E 4906            LDR              R1, =(Stack_Mem + Stack_Size)
  329 00000080 4A04            LDR              R2, = (Heap_Mem +  Heap_Size)
  330 00000082 4B06            LDR              R3, = Stack_Mem
  331 00000084 4770            BX               LR
  332 00000086         
  333 00000086 00 00           ALIGN
  334 00000088         
  335 00000088                 ENDIF
  336 00000088         
  337 00000088         
  338 00000088                 END
              00000000 
              00000000 
              00000000 
              00000000 
              00000200 



ARM Macro Assembler    Page 9 


              00000000 
Command Line: --debug --xref --diag_suppress=9931 --cpu=Cortex-M3 --apcs=interw
ork --depend=.\objects\startup_lpc17xx.d -o.\objects\startup_lpc17xx.o -I.\RTE\
Device\LPC1768 -I.\RTE\_Target_1 -I"D:\Program Files\Keil_V5\pack\ARM\CMSIS\5.6
.0\CMSIS\Core\Include" -I"D:\Program Files\Keil_V5\pack\Keil\LPC1700_DFP\2.6.0\
Device\Include" --predefine="__EVAL SETA 1" --predefine="__UVISION_VERSION SETA
 529" --predefine="_RTE_ SETA 1" --predefine="LPC175x_6x SETA 1" --list=.\listi
ngs\startup_lpc17xx.lst RTE\Device\LPC1768\startup_LPC17xx.s



ARM Macro Assembler    Page 1 Alphabetic symbol ordering
Relocatable symbols

STACK 00000000

Symbol: STACK
   Definitions
      At line 33 in file RTE\Device\LPC1768\startup_LPC17xx.s
   Uses
      None
Comment: STACK unused
Stack_Mem 00000000

Symbol: Stack_Mem
   Definitions
      At line 34 in file RTE\Device\LPC1768\startup_LPC17xx.s
   Uses
      At line 328 in file RTE\Device\LPC1768\startup_LPC17xx.s
      At line 330 in file RTE\Device\LPC1768\startup_LPC17xx.s

__initial_sp 00000200

Symbol: __initial_sp
   Definitions
      At line 35 in file RTE\Device\LPC1768\startup_LPC17xx.s
   Uses
      At line 69 in file RTE\Device\LPC1768\startup_LPC17xx.s
Comment: __initial_sp used once
3 symbols



ARM Macro Assembler    Page 1 Alphabetic symbol ordering
Relocatable symbols

HEAP 00000000

Symbol: HEAP
   Definitions
      At line 44 in file RTE\Device\LPC1768\startup_LPC17xx.s
   Uses
      None
Comment: HEAP unused
Heap_Mem 00000000

Symbol: Heap_Mem
   Definitions
      At line 46 in file RTE\Device\LPC1768\startup_LPC17xx.s
   Uses
      At line 327 in file RTE\Device\LPC1768\startup_LPC17xx.s
      At line 329 in file RTE\Device\LPC1768\startup_LPC17xx.s

__heap_base 00000000

Symbol: __heap_base
   Definitions
      At line 45 in file RTE\Device\LPC1768\startup_LPC17xx.s
   Uses
      None
Comment: __heap_base unused
__heap_limit 00000000

Symbol: __heap_limit
   Definitions
      At line 47 in file RTE\Device\LPC1768\startup_LPC17xx.s
   Uses
      None
Comment: __heap_limit unused
4 symbols



ARM Macro Assembler    Page 1 Alphabetic symbol ordering
Relocatable symbols

Matrix1 00000000

Symbol: Matrix1
   Definitions
      At line 54 in file RTE\Device\LPC1768\startup_LPC17xx.s
   Uses
      At line 153 in file RTE\Device\LPC1768\startup_LPC17xx.s
Comment: Matrix1 used once
Matrix2 00000030

Symbol: Matrix2
   Definitions
      At line 55 in file RTE\Device\LPC1768\startup_LPC17xx.s
   Uses
      At line 152 in file RTE\Device\LPC1768\startup_LPC17xx.s
Comment: Matrix2 used once
Matrix_DATA 00000000

Symbol: Matrix_DATA
   Definitions
      At line 53 in file RTE\Device\LPC1768\startup_LPC17xx.s
   Uses
      None
Comment: Matrix_DATA unused
3 symbols



ARM Macro Assembler    Page 1 Alphabetic symbol ordering
Relocatable symbols

Matrix3 00000000

Symbol: Matrix3
   Definitions
      At line 58 in file RTE\Device\LPC1768\startup_LPC17xx.s
   Uses
      At line 140 in file RTE\Device\LPC1768\startup_LPC17xx.s
Comment: Matrix3 used once
Matrix_Result 00000000

Symbol: Matrix_Result
   Definitions
      At line 57 in file RTE\Device\LPC1768\startup_LPC17xx.s
   Uses
      None
Comment: Matrix_Result unused
2 symbols



ARM Macro Assembler    Page 1 Alphabetic symbol ordering
Relocatable symbols

RESET 00000000

Symbol: RESET
   Definitions
      At line 66 in file RTE\Device\LPC1768\startup_LPC17xx.s
   Uses
      None
Comment: RESET unused
__Vectors 00000000

Symbol: __Vectors
   Definitions
      At line 69 in file RTE\Device\LPC1768\startup_LPC17xx.s
   Uses
      At line 67 in file RTE\Device\LPC1768\startup_LPC17xx.s
Comment: __Vectors used once
2 symbols



ARM Macro Assembler    Page 1 Alphabetic symbol ordering
Relocatable symbols

.ARM.__at_0x02FC 00000000

Symbol: .ARM.__at_0x02FC
   Definitions
      At line 125 in file RTE\Device\LPC1768\startup_LPC17xx.s
   Uses
      None
Comment: .ARM.__at_0x02FC unused
CRP_Key 00000000

Symbol: CRP_Key
   Definitions
      At line 126 in file RTE\Device\LPC1768\startup_LPC17xx.s
   Uses
      None
Comment: CRP_Key unused
2 symbols



ARM Macro Assembler    Page 1 Alphabetic symbol ordering
Relocatable symbols

.text 00000000

Symbol: .text
   Definitions
      At line 130 in file RTE\Device\LPC1768\startup_LPC17xx.s
   Uses
      None
Comment: .text unused
ADC_IRQHandler 00000078

Symbol: ADC_IRQHandler
   Definitions
      At line 291 in file RTE\Device\LPC1768\startup_LPC17xx.s
   Uses
      At line 109 in file RTE\Device\LPC1768\startup_LPC17xx.s
      At line 255 in file RTE\Device\LPC1768\startup_LPC17xx.s

BOD_IRQHandler 00000078

Symbol: BOD_IRQHandler
   Definitions
      At line 292 in file RTE\Device\LPC1768\startup_LPC17xx.s
   Uses
      At line 110 in file RTE\Device\LPC1768\startup_LPC17xx.s
      At line 256 in file RTE\Device\LPC1768\startup_LPC17xx.s

BusFault_Handler 0000006C

Symbol: BusFault_Handler
   Definitions
      At line 204 in file RTE\Device\LPC1768\startup_LPC17xx.s
   Uses
      At line 74 in file RTE\Device\LPC1768\startup_LPC17xx.s
      At line 205 in file RTE\Device\LPC1768\startup_LPC17xx.s

CANActivity_IRQHandler 00000078

Symbol: CANActivity_IRQHandler
   Definitions
      At line 303 in file RTE\Device\LPC1768\startup_LPC17xx.s
   Uses
      At line 121 in file RTE\Device\LPC1768\startup_LPC17xx.s
      At line 267 in file RTE\Device\LPC1768\startup_LPC17xx.s

CAN_IRQHandler 00000078

Symbol: CAN_IRQHandler
   Definitions
      At line 294 in file RTE\Device\LPC1768\startup_LPC17xx.s
   Uses
      At line 112 in file RTE\Device\LPC1768\startup_LPC17xx.s
      At line 258 in file RTE\Device\LPC1768\startup_LPC17xx.s

DMA_IRQHandler 00000078

Symbol: DMA_IRQHandler
   Definitions
      At line 295 in file RTE\Device\LPC1768\startup_LPC17xx.s
   Uses



ARM Macro Assembler    Page 2 Alphabetic symbol ordering
Relocatable symbols

      At line 113 in file RTE\Device\LPC1768\startup_LPC17xx.s
      At line 259 in file RTE\Device\LPC1768\startup_LPC17xx.s

DebugMon_Handler 00000072

Symbol: DebugMon_Handler
   Definitions
      At line 218 in file RTE\Device\LPC1768\startup_LPC17xx.s
   Uses
      At line 81 in file RTE\Device\LPC1768\startup_LPC17xx.s
      At line 219 in file RTE\Device\LPC1768\startup_LPC17xx.s

Default_Handler 00000078

Symbol: Default_Handler
   Definitions
      At line 231 in file RTE\Device\LPC1768\startup_LPC17xx.s
   Uses
      None
Comment: Default_Handler unused
EINT0_IRQHandler 00000078

Symbol: EINT0_IRQHandler
   Definitions
      At line 287 in file RTE\Device\LPC1768\startup_LPC17xx.s
   Uses
      At line 105 in file RTE\Device\LPC1768\startup_LPC17xx.s
      At line 251 in file RTE\Device\LPC1768\startup_LPC17xx.s

EINT1_IRQHandler 00000078

Symbol: EINT1_IRQHandler
   Definitions
      At line 288 in file RTE\Device\LPC1768\startup_LPC17xx.s
   Uses
      At line 106 in file RTE\Device\LPC1768\startup_LPC17xx.s
      At line 252 in file RTE\Device\LPC1768\startup_LPC17xx.s

EINT2_IRQHandler 00000078

Symbol: EINT2_IRQHandler
   Definitions
      At line 289 in file RTE\Device\LPC1768\startup_LPC17xx.s
   Uses
      At line 107 in file RTE\Device\LPC1768\startup_LPC17xx.s
      At line 253 in file RTE\Device\LPC1768\startup_LPC17xx.s

EINT3_IRQHandler 00000078

Symbol: EINT3_IRQHandler
   Definitions
      At line 290 in file RTE\Device\LPC1768\startup_LPC17xx.s
   Uses
      At line 108 in file RTE\Device\LPC1768\startup_LPC17xx.s
      At line 254 in file RTE\Device\LPC1768\startup_LPC17xx.s

ENET_IRQHandler 00000078

Symbol: ENET_IRQHandler



ARM Macro Assembler    Page 3 Alphabetic symbol ordering
Relocatable symbols

   Definitions
      At line 297 in file RTE\Device\LPC1768\startup_LPC17xx.s
   Uses
      At line 115 in file RTE\Device\LPC1768\startup_LPC17xx.s
      At line 261 in file RTE\Device\LPC1768\startup_LPC17xx.s

HardFault_Handler 00000068

Symbol: HardFault_Handler
   Definitions
      At line 194 in file RTE\Device\LPC1768\startup_LPC17xx.s
   Uses
      At line 72 in file RTE\Device\LPC1768\startup_LPC17xx.s
      At line 195 in file RTE\Device\LPC1768\startup_LPC17xx.s

I2C0_IRQHandler 00000078

Symbol: I2C0_IRQHandler
   Definitions
      At line 279 in file RTE\Device\LPC1768\startup_LPC17xx.s
   Uses
      At line 97 in file RTE\Device\LPC1768\startup_LPC17xx.s
      At line 243 in file RTE\Device\LPC1768\startup_LPC17xx.s

I2C1_IRQHandler 00000078

Symbol: I2C1_IRQHandler
   Definitions
      At line 280 in file RTE\Device\LPC1768\startup_LPC17xx.s
   Uses
      At line 98 in file RTE\Device\LPC1768\startup_LPC17xx.s
      At line 244 in file RTE\Device\LPC1768\startup_LPC17xx.s

I2C2_IRQHandler 00000078

Symbol: I2C2_IRQHandler
   Definitions
      At line 281 in file RTE\Device\LPC1768\startup_LPC17xx.s
   Uses
      At line 99 in file RTE\Device\LPC1768\startup_LPC17xx.s
      At line 245 in file RTE\Device\LPC1768\startup_LPC17xx.s

I2S_IRQHandler 00000078

Symbol: I2S_IRQHandler
   Definitions
      At line 296 in file RTE\Device\LPC1768\startup_LPC17xx.s
   Uses
      At line 114 in file RTE\Device\LPC1768\startup_LPC17xx.s
      At line 260 in file RTE\Device\LPC1768\startup_LPC17xx.s

MCPWM_IRQHandler 00000078

Symbol: MCPWM_IRQHandler
   Definitions
      At line 299 in file RTE\Device\LPC1768\startup_LPC17xx.s
   Uses
      At line 117 in file RTE\Device\LPC1768\startup_LPC17xx.s
      At line 263 in file RTE\Device\LPC1768\startup_LPC17xx.s



ARM Macro Assembler    Page 4 Alphabetic symbol ordering
Relocatable symbols


MemManage_Handler 0000006A

Symbol: MemManage_Handler
   Definitions
      At line 199 in file RTE\Device\LPC1768\startup_LPC17xx.s
   Uses
      At line 73 in file RTE\Device\LPC1768\startup_LPC17xx.s
      At line 200 in file RTE\Device\LPC1768\startup_LPC17xx.s

NMI_Handler 00000066

Symbol: NMI_Handler
   Definitions
      At line 189 in file RTE\Device\LPC1768\startup_LPC17xx.s
   Uses
      At line 71 in file RTE\Device\LPC1768\startup_LPC17xx.s
      At line 190 in file RTE\Device\LPC1768\startup_LPC17xx.s

PLL0_IRQHandler 00000078

Symbol: PLL0_IRQHandler
   Definitions
      At line 285 in file RTE\Device\LPC1768\startup_LPC17xx.s
   Uses
      At line 103 in file RTE\Device\LPC1768\startup_LPC17xx.s
      At line 249 in file RTE\Device\LPC1768\startup_LPC17xx.s

PLL1_IRQHandler 00000078

Symbol: PLL1_IRQHandler
   Definitions
      At line 301 in file RTE\Device\LPC1768\startup_LPC17xx.s
   Uses
      At line 119 in file RTE\Device\LPC1768\startup_LPC17xx.s
      At line 265 in file RTE\Device\LPC1768\startup_LPC17xx.s

PWM1_IRQHandler 00000078

Symbol: PWM1_IRQHandler
   Definitions
      At line 278 in file RTE\Device\LPC1768\startup_LPC17xx.s
   Uses
      At line 96 in file RTE\Device\LPC1768\startup_LPC17xx.s
      At line 242 in file RTE\Device\LPC1768\startup_LPC17xx.s

PendSV_Handler 00000074

Symbol: PendSV_Handler
   Definitions
      At line 222 in file RTE\Device\LPC1768\startup_LPC17xx.s
   Uses
      At line 83 in file RTE\Device\LPC1768\startup_LPC17xx.s
      At line 223 in file RTE\Device\LPC1768\startup_LPC17xx.s

QEI_IRQHandler 00000078

Symbol: QEI_IRQHandler
   Definitions



ARM Macro Assembler    Page 5 Alphabetic symbol ordering
Relocatable symbols

      At line 300 in file RTE\Device\LPC1768\startup_LPC17xx.s
   Uses
      At line 118 in file RTE\Device\LPC1768\startup_LPC17xx.s
      At line 264 in file RTE\Device\LPC1768\startup_LPC17xx.s

RIT_IRQHandler 00000078

Symbol: RIT_IRQHandler
   Definitions
      At line 298 in file RTE\Device\LPC1768\startup_LPC17xx.s
   Uses
      At line 116 in file RTE\Device\LPC1768\startup_LPC17xx.s
      At line 262 in file RTE\Device\LPC1768\startup_LPC17xx.s

RTC_IRQHandler 00000078

Symbol: RTC_IRQHandler
   Definitions
      At line 286 in file RTE\Device\LPC1768\startup_LPC17xx.s
   Uses
      At line 104 in file RTE\Device\LPC1768\startup_LPC17xx.s
      At line 250 in file RTE\Device\LPC1768\startup_LPC17xx.s

Reset_Handler 00000000

Symbol: Reset_Handler
   Definitions
      At line 137 in file RTE\Device\LPC1768\startup_LPC17xx.s
   Uses
      At line 70 in file RTE\Device\LPC1768\startup_LPC17xx.s
      At line 138 in file RTE\Device\LPC1768\startup_LPC17xx.s

SPI_IRQHandler 00000078

Symbol: SPI_IRQHandler
   Definitions
      At line 282 in file RTE\Device\LPC1768\startup_LPC17xx.s
   Uses
      At line 100 in file RTE\Device\LPC1768\startup_LPC17xx.s
      At line 246 in file RTE\Device\LPC1768\startup_LPC17xx.s

SSP0_IRQHandler 00000078

Symbol: SSP0_IRQHandler
   Definitions
      At line 283 in file RTE\Device\LPC1768\startup_LPC17xx.s
   Uses
      At line 101 in file RTE\Device\LPC1768\startup_LPC17xx.s
      At line 247 in file RTE\Device\LPC1768\startup_LPC17xx.s

SSP1_IRQHandler 00000078

Symbol: SSP1_IRQHandler
   Definitions
      At line 284 in file RTE\Device\LPC1768\startup_LPC17xx.s
   Uses
      At line 102 in file RTE\Device\LPC1768\startup_LPC17xx.s
      At line 248 in file RTE\Device\LPC1768\startup_LPC17xx.s




ARM Macro Assembler    Page 6 Alphabetic symbol ordering
Relocatable symbols

SVC_Handler 00000070

Symbol: SVC_Handler
   Definitions
      At line 213 in file RTE\Device\LPC1768\startup_LPC17xx.s
   Uses
      At line 80 in file RTE\Device\LPC1768\startup_LPC17xx.s
      At line 214 in file RTE\Device\LPC1768\startup_LPC17xx.s

SysTick_Handler 00000076

Symbol: SysTick_Handler
   Definitions
      At line 226 in file RTE\Device\LPC1768\startup_LPC17xx.s
   Uses
      At line 84 in file RTE\Device\LPC1768\startup_LPC17xx.s
      At line 227 in file RTE\Device\LPC1768\startup_LPC17xx.s

TIMER0_IRQHandler 00000078

Symbol: TIMER0_IRQHandler
   Definitions
      At line 270 in file RTE\Device\LPC1768\startup_LPC17xx.s
   Uses
      At line 88 in file RTE\Device\LPC1768\startup_LPC17xx.s
      At line 234 in file RTE\Device\LPC1768\startup_LPC17xx.s

TIMER1_IRQHandler 00000078

Symbol: TIMER1_IRQHandler
   Definitions
      At line 271 in file RTE\Device\LPC1768\startup_LPC17xx.s
   Uses
      At line 89 in file RTE\Device\LPC1768\startup_LPC17xx.s
      At line 235 in file RTE\Device\LPC1768\startup_LPC17xx.s

TIMER2_IRQHandler 00000078

Symbol: TIMER2_IRQHandler
   Definitions
      At line 272 in file RTE\Device\LPC1768\startup_LPC17xx.s
   Uses
      At line 90 in file RTE\Device\LPC1768\startup_LPC17xx.s
      At line 236 in file RTE\Device\LPC1768\startup_LPC17xx.s

TIMER3_IRQHandler 00000078

Symbol: TIMER3_IRQHandler
   Definitions
      At line 273 in file RTE\Device\LPC1768\startup_LPC17xx.s
   Uses
      At line 91 in file RTE\Device\LPC1768\startup_LPC17xx.s
      At line 237 in file RTE\Device\LPC1768\startup_LPC17xx.s

UART0_IRQHandler 00000078

Symbol: UART0_IRQHandler
   Definitions
      At line 274 in file RTE\Device\LPC1768\startup_LPC17xx.s



ARM Macro Assembler    Page 7 Alphabetic symbol ordering
Relocatable symbols

   Uses
      At line 92 in file RTE\Device\LPC1768\startup_LPC17xx.s
      At line 238 in file RTE\Device\LPC1768\startup_LPC17xx.s

UART1_IRQHandler 00000078

Symbol: UART1_IRQHandler
   Definitions
      At line 275 in file RTE\Device\LPC1768\startup_LPC17xx.s
   Uses
      At line 93 in file RTE\Device\LPC1768\startup_LPC17xx.s
      At line 239 in file RTE\Device\LPC1768\startup_LPC17xx.s

UART2_IRQHandler 00000078

Symbol: UART2_IRQHandler
   Definitions
      At line 276 in file RTE\Device\LPC1768\startup_LPC17xx.s
   Uses
      At line 94 in file RTE\Device\LPC1768\startup_LPC17xx.s
      At line 240 in file RTE\Device\LPC1768\startup_LPC17xx.s

UART3_IRQHandler 00000078

Symbol: UART3_IRQHandler
   Definitions
      At line 277 in file RTE\Device\LPC1768\startup_LPC17xx.s
   Uses
      At line 95 in file RTE\Device\LPC1768\startup_LPC17xx.s
      At line 241 in file RTE\Device\LPC1768\startup_LPC17xx.s

USBActivity_IRQHandler 00000078

Symbol: USBActivity_IRQHandler
   Definitions
      At line 302 in file RTE\Device\LPC1768\startup_LPC17xx.s
   Uses
      At line 120 in file RTE\Device\LPC1768\startup_LPC17xx.s
      At line 266 in file RTE\Device\LPC1768\startup_LPC17xx.s

USB_IRQHandler 00000078

Symbol: USB_IRQHandler
   Definitions
      At line 293 in file RTE\Device\LPC1768\startup_LPC17xx.s
   Uses
      At line 111 in file RTE\Device\LPC1768\startup_LPC17xx.s
      At line 257 in file RTE\Device\LPC1768\startup_LPC17xx.s

UsageFault_Handler 0000006E

Symbol: UsageFault_Handler
   Definitions
      At line 209 in file RTE\Device\LPC1768\startup_LPC17xx.s
   Uses
      At line 75 in file RTE\Device\LPC1768\startup_LPC17xx.s
      At line 210 in file RTE\Device\LPC1768\startup_LPC17xx.s

WDT_IRQHandler 00000078



ARM Macro Assembler    Page 8 Alphabetic symbol ordering
Relocatable symbols


Symbol: WDT_IRQHandler
   Definitions
      At line 269 in file RTE\Device\LPC1768\startup_LPC17xx.s
   Uses
      At line 87 in file RTE\Device\LPC1768\startup_LPC17xx.s
      At line 233 in file RTE\Device\LPC1768\startup_LPC17xx.s

__user_initial_stackheap 0000007C

Symbol: __user_initial_stackheap
   Definitions
      At line 325 in file RTE\Device\LPC1768\startup_LPC17xx.s
   Uses
      At line 324 in file RTE\Device\LPC1768\startup_LPC17xx.s
Comment: __user_initial_stackheap used once
innloop 00000036

Symbol: innloop
   Definitions
      At line 163 in file RTE\Device\LPC1768\startup_LPC17xx.s
   Uses
      At line 169 in file RTE\Device\LPC1768\startup_LPC17xx.s
Comment: innloop used once
midloop 00000018

Symbol: midloop
   Definitions
      At line 151 in file RTE\Device\LPC1768\startup_LPC17xx.s
   Uses
      At line 175 in file RTE\Device\LPC1768\startup_LPC17xx.s
Comment: midloop used once
outloop 00000006

Symbol: outloop
   Definitions
      At line 143 in file RTE\Device\LPC1768\startup_LPC17xx.s
   Uses
      At line 180 in file RTE\Device\LPC1768\startup_LPC17xx.s
Comment: outloop used once
stop 00000064

Symbol: stop
   Definitions
      At line 183 in file RTE\Device\LPC1768\startup_LPC17xx.s
   Uses
      At line 183 in file RTE\Device\LPC1768\startup_LPC17xx.s
Comment: stop used once
52 symbols



ARM Macro Assembler    Page 1 Alphabetic symbol ordering
Absolute symbols

Heap_Size 00000000

Symbol: Heap_Size
   Definitions
      At line 42 in file RTE\Device\LPC1768\startup_LPC17xx.s
   Uses
      At line 46 in file RTE\Device\LPC1768\startup_LPC17xx.s
      At line 329 in file RTE\Device\LPC1768\startup_LPC17xx.s

M 00000004

Symbol: M
   Definitions
      At line 50 in file RTE\Device\LPC1768\startup_LPC17xx.s
   Uses
      At line 160 in file RTE\Device\LPC1768\startup_LPC17xx.s
Comment: M used once
N 00000003

Symbol: N
   Definitions
      At line 49 in file RTE\Device\LPC1768\startup_LPC17xx.s
   Uses
      At line 58 in file RTE\Device\LPC1768\startup_LPC17xx.s
      At line 141 in file RTE\Device\LPC1768\startup_LPC17xx.s
      At line 143 in file RTE\Device\LPC1768\startup_LPC17xx.s

P 00000002

Symbol: P
   Definitions
      At line 51 in file RTE\Device\LPC1768\startup_LPC17xx.s
   Uses
      At line 58 in file RTE\Device\LPC1768\startup_LPC17xx.s
      At line 147 in file RTE\Device\LPC1768\startup_LPC17xx.s
      At line 154 in file RTE\Device\LPC1768\startup_LPC17xx.s
      At line 164 in file RTE\Device\LPC1768\startup_LPC17xx.s

Stack_Size 00000200

Symbol: Stack_Size
   Definitions
      At line 31 in file RTE\Device\LPC1768\startup_LPC17xx.s
   Uses
      At line 34 in file RTE\Device\LPC1768\startup_LPC17xx.s
      At line 328 in file RTE\Device\LPC1768\startup_LPC17xx.s

5 symbols



ARM Macro Assembler    Page 1 Alphabetic symbol ordering
External symbols

__use_two_region_memory 00000000

Symbol: __use_two_region_memory
   Definitions
      At line 323 in file RTE\Device\LPC1768\startup_LPC17xx.s
   Uses
      None
Comment: __use_two_region_memory unused
1 symbol
414 symbols in table
