


ARM Macro Assembler    Page 1 


    1 00000000         ;/******************************************************
                       ********************//**
    2 00000000         ; * @file     startup_LPC17xx.s
    3 00000000         ; * @brief    CMSIS Cortex-M3 Core Device Startup File f
                       or
    4 00000000         ; *           NXP LPC17xx Device Series
    5 00000000         ; * @version  V1.10
    6 00000000         ; * @date     06. April 2011
    7 00000000         ; *
    8 00000000         ; * @note
    9 00000000         ; * Copyright (C) 2009-2011 ARM Limited. All rights rese
                       rved.
   10 00000000         ; *
   11 00000000         ; * @par
   12 00000000         ; * ARM Limited (ARM) is supplying this software for use
                        with Cortex-M
   13 00000000         ; * processor based microcontrollers.  This file can be 
                       freely distributed
   14 00000000         ; * within development tools that are supporting such AR
                       M based processors.
   15 00000000         ; *
   16 00000000         ; * @par
   17 00000000         ; * THIS SOFTWARE IS PROVIDED "AS IS".  NO WARRANTIES, W
                       HETHER EXPRESS, IMPLIED
   18 00000000         ; * OR STATUTORY, INCLUDING, BUT NOT LIMITED TO, IMPLIED
                        WARRANTIES OF
   19 00000000         ; * MERCHANTABILITY AND FITNESS FOR A PARTICULAR PURPOSE
                        APPLY TO THIS SOFTWARE.
   20 00000000         ; * ARM SHALL NOT, IN ANY CIRCUMSTANCES, BE LIABLE FOR S
                       PECIAL, INCIDENTAL, OR
   21 00000000         ; * CONSEQUENTIAL DAMAGES, FOR ANY REASON WHATSOEVER.
   22 00000000         ; *
   23 00000000         ; ******************************************************
                       ************************/
   24 00000000         
   25 00000000         ; *------- <<< Use Configuration Wizard in Context Menu 
                       >>> ------------------
   26 00000000         
   27 00000000         ; <h> Stack Configuration
   28 00000000         ;   <o> Stack Size (in Bytes) <0x0-0xFFFFFFFF:8>
   29 00000000         ; </h>
   30 00000000         
   31 00000000 00000200 
                       Stack_Size
                               EQU              0x00000200
   32 00000000         
   33 00000000                 AREA             STACK, NOINIT, READWRITE, ALIGN
=3
   34 00000000         Stack_Mem
                               SPACE            Stack_Size
   35 00000200         __initial_sp
   36 00000200         
   37 00000200         
   38 00000200         ; <h> Heap Configuration
   39 00000200         ;   <o>  Heap Size (in Bytes) <0x0-0xFFFFFFFF:8>
   40 00000200         ; </h>
   41 00000200         
   42 00000200 00000000 
                       Heap_Size



ARM Macro Assembler    Page 2 


                               EQU              0x00000000
   43 00000200         
   44 00000200                 AREA             HEAP, NOINIT, READWRITE, ALIGN=
3
   45 00000000         __heap_base
   46 00000000         Heap_Mem
                               SPACE            Heap_Size
   47 00000000         __heap_limit
   48 00000000         
   49 00000000         
   50 00000000                 PRESERVE8
   51 00000000                 THUMB
   52 00000000         
   53 00000000         
   54 00000000         ; Vector Table Mapped to Address 0 at Reset
   55 00000000         
   56 00000000                 AREA             RESET, DATA, READONLY
   57 00000000                 EXPORT           __Vectors
   58 00000000         
   59 00000000 00000000 
                       __Vectors
                               DCD              __initial_sp ; Top of Stack
   60 00000004 00000000        DCD              Reset_Handler ; Reset Handler
   61 00000008 00000000        DCD              NMI_Handler ; NMI Handler
   62 0000000C 00000000        DCD              HardFault_Handler ; Hard Fault 
                                                            Handler
   63 00000010 00000000        DCD              MemManage_Handler 
                                                            ; MPU Fault Handler
                                                            
   64 00000014 00000000        DCD              BusFault_Handler 
                                                            ; Bus Fault Handler
                                                            
   65 00000018 00000000        DCD              UsageFault_Handler ; Usage Faul
                                                            t Handler
   66 0000001C 00000000        DCD              0           ; Reserved
   67 00000020 00000000        DCD              0           ; Reserved
   68 00000024 00000000        DCD              0           ; Reserved
   69 00000028 00000000        DCD              0           ; Reserved
   70 0000002C 00000000        DCD              SVC_Handler ; SVCall Handler
   71 00000030 00000000        DCD              DebugMon_Handler ; Debug Monito
                                                            r Handler
   72 00000034 00000000        DCD              0           ; Reserved
   73 00000038 00000000        DCD              PendSV_Handler ; PendSV Handler
                                                            
   74 0000003C 00000000        DCD              SysTick_Handler 
                                                            ; SysTick Handler
   75 00000040         
   76 00000040         ; External Interrupts
   77 00000040 00000000        DCD              WDT_IRQHandler ; 16: Watchdog T
                                                            imer
   78 00000044 00000000        DCD              TIMER0_IRQHandler ; 17: Timer0
   79 00000048 00000000        DCD              TIMER1_IRQHandler ; 18: Timer1
   80 0000004C 00000000        DCD              TIMER2_IRQHandler ; 19: Timer2
   81 00000050 00000000        DCD              TIMER3_IRQHandler ; 20: Timer3
   82 00000054 00000000        DCD              UART0_IRQHandler ; 21: UART0
   83 00000058 00000000        DCD              UART1_IRQHandler ; 22: UART1
   84 0000005C 00000000        DCD              UART2_IRQHandler ; 23: UART2
   85 00000060 00000000        DCD              UART3_IRQHandler ; 24: UART3
   86 00000064 00000000        DCD              PWM1_IRQHandler ; 25: PWM1



ARM Macro Assembler    Page 3 


   87 00000068 00000000        DCD              I2C0_IRQHandler ; 26: I2C0
   88 0000006C 00000000        DCD              I2C1_IRQHandler ; 27: I2C1
   89 00000070 00000000        DCD              I2C2_IRQHandler ; 28: I2C2
   90 00000074 00000000        DCD              SPI_IRQHandler ; 29: SPI
   91 00000078 00000000        DCD              SSP0_IRQHandler ; 30: SSP0
   92 0000007C 00000000        DCD              SSP1_IRQHandler ; 31: SSP1
   93 00000080 00000000        DCD              PLL0_IRQHandler ; 32: PLL0 Lock
                                                             (Main PLL)
   94 00000084 00000000        DCD              RTC_IRQHandler ; 33: Real Time 
                                                            Clock
   95 00000088 00000000        DCD              EINT0_IRQHandler ; 34: External
                                                             Interrupt 0
   96 0000008C 00000000        DCD              EINT1_IRQHandler ; 35: External
                                                             Interrupt 1
   97 00000090 00000000        DCD              EINT2_IRQHandler ; 36: External
                                                             Interrupt 2
   98 00000094 00000000        DCD              EINT3_IRQHandler ; 37: External
                                                             Interrupt 3
   99 00000098 00000000        DCD              ADC_IRQHandler 
                                                            ; 38: A/D Converter
                                                            
  100 0000009C 00000000        DCD              BOD_IRQHandler ; 39: Brown-Out 
                                                            Detect
  101 000000A0 00000000        DCD              USB_IRQHandler ; 40: USB
  102 000000A4 00000000        DCD              CAN_IRQHandler ; 41: CAN
  103 000000A8 00000000        DCD              DMA_IRQHandler ; 42: General Pu
                                                            rpose DMA
  104 000000AC 00000000        DCD              I2S_IRQHandler ; 43: I2S
  105 000000B0 00000000        DCD              ENET_IRQHandler ; 44: Ethernet
  106 000000B4 00000000        DCD              RIT_IRQHandler ; 45: Repetitive
                                                             Interrupt Timer
  107 000000B8 00000000        DCD              MCPWM_IRQHandler ; 46: Motor Co
                                                            ntrol PWM
  108 000000BC 00000000        DCD              QEI_IRQHandler ; 47: Quadrature
                                                             Encoder Interface
  109 000000C0 00000000        DCD              PLL1_IRQHandler ; 48: PLL1 Lock
                                                             (USB PLL)
  110 000000C4 00000000        DCD              USBActivity_IRQHandler ; 49: US
                                                            B Activity interrup
                                                            t to wakeup
  111 000000C8 00000000        DCD              CANActivity_IRQHandler ; 50: CA
                                                            N Activity interrup
                                                            t to wakeup
  112 000000CC         
  113 000000CC         
  114 000000CC                 IF               :LNOT::DEF:NO_CRP
  115 000000CC                 AREA             |.ARM.__at_0x02FC|, CODE, READO
NLY
  116 00000000 FFFFFFFF 
                       CRP_Key DCD              0xFFFFFFFF
  117 00000004                 ENDIF
  118 00000004                 AREA             MYDATA, DATA, READWRITE
  119 00000000 00000000 
                       RES     DCD              0
  120 00000004         
  121 00000004                 AREA             |.text|, CODE, READONLY
  122 00000000         
  123 00000000         
  124 00000000         ; Reset Handler



ARM Macro Assembler    Page 4 


  125 00000000         
  126 00000000         Reset_Handler
                               PROC
  127 00000000                 EXPORT           Reset_Handler             [WEAK
]
  128 00000000 4829            LDR              R0, =0x7A30458D
  129 00000002 492A            LDR              R1, =0xC3159EAA
  130 00000004 F7FF FFFE       BL               myUSAD8
  131 00000008 E03D            B                stop
  132 0000000A         
  133 0000000A         myUSAD8 PROC
  134 0000000A B500            PUSH             {LR}
  135 0000000C 4605            MOV              R5, R0
  136 0000000E 460E            MOV              R6, R1
  137 00000010 F005 00FF       AND              R0, R5, #0X000000FF
  138 00000014 F006 01FF       AND              R1, R6, #0X000000FF
  139 00000018 F7FF FFFE       BL               rssub
  140 0000001C 4607            MOV              R7, R0
  141 0000001E EA80 0000       EOR              R0, R0
  142 00000022 EA81 0101       EOR              R1, R1
  143 00000026         
  144 00000026 F405 407F       AND              R0, R5, #0X0000FF00
  145 0000002A F406 417F       AND              R1, R6, #0X0000FF00
  146 0000002E F7FF FFFE       BL               rssub
  147 00000032 4680            MOV              R8, R0
  148 00000034 EA4F 2818       LSR              R8, #8
  149 00000038 4447            ADD              R7, R8
  150 0000003A EA80 0000       EOR              R0, R0
  151 0000003E EA81 0101       EOR              R1, R1
  152 00000042         
  153 00000042 F405 007F       AND              R0, R5, #0X00FF0000
  154 00000046 F406 017F       AND              R1, R6, #0X00FF0000
  155 0000004A F7FF FFFE       BL               rssub
  156 0000004E 4680            MOV              R8, R0
  157 00000050 EA4F 4818       LSR              R8, #16
  158 00000054 4447            ADD              R7, R8
  159 00000056 EA80 0000       EOR              R0, R0
  160 0000005A EA81 0101       EOR              R1, R1
  161 0000005E         
  162 0000005E F005 407F       AND              R0, R5, #0XFF000000
  163 00000062 F006 417F       AND              R1, R6, #0XFF000000
  164 00000066 F7FF FFFE       BL               rssub
  165 0000006A EA4F 6010       LSR              R0, #24
  166 0000006E 4438            ADD              R0, R7
  167 00000070 BD00            POP              {PC}
  168 00000072                 ENDP
  169 00000072         
  170 00000072         
  171 00000072         rssub   PROC
  172 00000072 E92D 43F0       PUSH             {R4-R9,LR}
  173 00000076 4602            MOV              R2, R0
  174 00000078 4291            CMP              R1, R2
  175 0000007A BF34            ITE              CC
  176 0000007C EBC1 0002       RSBCC            R0, R1, R2
  177 00000080 1A88            SUBHS            R0, R1, R2
  178 00000082         
  179 00000082 E8BD 83F0       POP              {R4-R9,PC}
  180 00000086                 ENDP
  181 00000086         



ARM Macro Assembler    Page 5 


  182 00000086 E7FE    stop    B                stop
  183 00000088                 ENDP
  184 00000088         
  185 00000088         
  186 00000088         ; Dummy Exception Handlers (infinite loops which can be 
                       modified)
  187 00000088         
  188 00000088         NMI_Handler
                               PROC
  189 00000088                 EXPORT           NMI_Handler               [WEAK
]
  190 00000088 E7FE            B                .
  191 0000008A                 ENDP
  193 0000008A         HardFault_Handler
                               PROC
  194 0000008A                 EXPORT           HardFault_Handler         [WEAK
]
  195 0000008A E7FE            B                .
  196 0000008C                 ENDP
  198 0000008C         MemManage_Handler
                               PROC
  199 0000008C                 EXPORT           MemManage_Handler         [WEAK
]
  200 0000008C E7FE            B                .
  201 0000008E                 ENDP
  203 0000008E         BusFault_Handler
                               PROC
  204 0000008E                 EXPORT           BusFault_Handler          [WEAK
]
  205 0000008E E7FE            B                .
  206 00000090                 ENDP
  208 00000090         UsageFault_Handler
                               PROC
  209 00000090                 EXPORT           UsageFault_Handler        [WEAK
]
  210 00000090 E7FE            B                .
  211 00000092                 ENDP
  212 00000092         SVC_Handler
                               PROC
  213 00000092                 EXPORT           SVC_Handler               [WEAK
]
  214 00000092 E7FE            B                .
  215 00000094                 ENDP
  217 00000094         DebugMon_Handler
                               PROC
  218 00000094                 EXPORT           DebugMon_Handler          [WEAK
]
  219 00000094 E7FE            B                .
  220 00000096                 ENDP
  221 00000096         PendSV_Handler
                               PROC
  222 00000096                 EXPORT           PendSV_Handler            [WEAK
]
  223 00000096 E7FE            B                .
  224 00000098                 ENDP
  225 00000098         SysTick_Handler
                               PROC
  226 00000098                 EXPORT           SysTick_Handler           [WEAK
]



ARM Macro Assembler    Page 6 


  227 00000098 E7FE            B                .
  228 0000009A                 ENDP
  229 0000009A         
  230 0000009A         Default_Handler
                               PROC
  231 0000009A         
  232 0000009A                 EXPORT           WDT_IRQHandler            [WEAK
]
  233 0000009A                 EXPORT           TIMER0_IRQHandler         [WEAK
]
  234 0000009A                 EXPORT           TIMER1_IRQHandler         [WEAK
]
  235 0000009A                 EXPORT           TIMER2_IRQHandler         [WEAK
]
  236 0000009A                 EXPORT           TIMER3_IRQHandler         [WEAK
]
  237 0000009A                 EXPORT           UART0_IRQHandler          [WEAK
]
  238 0000009A                 EXPORT           UART1_IRQHandler          [WEAK
]
  239 0000009A                 EXPORT           UART2_IRQHandler          [WEAK
]
  240 0000009A                 EXPORT           UART3_IRQHandler          [WEAK
]
  241 0000009A                 EXPORT           PWM1_IRQHandler           [WEAK
]
  242 0000009A                 EXPORT           I2C0_IRQHandler           [WEAK
]
  243 0000009A                 EXPORT           I2C1_IRQHandler           [WEAK
]
  244 0000009A                 EXPORT           I2C2_IRQHandler           [WEAK
]
  245 0000009A                 EXPORT           SPI_IRQHandler            [WEAK
]
  246 0000009A                 EXPORT           SSP0_IRQHandler           [WEAK
]
  247 0000009A                 EXPORT           SSP1_IRQHandler           [WEAK
]
  248 0000009A                 EXPORT           PLL0_IRQHandler           [WEAK
]
  249 0000009A                 EXPORT           RTC_IRQHandler            [WEAK
]
  250 0000009A                 EXPORT           EINT0_IRQHandler          [WEAK
]
  251 0000009A                 EXPORT           EINT1_IRQHandler          [WEAK
]
  252 0000009A                 EXPORT           EINT2_IRQHandler          [WEAK
]
  253 0000009A                 EXPORT           EINT3_IRQHandler          [WEAK
]
  254 0000009A                 EXPORT           ADC_IRQHandler            [WEAK
]
  255 0000009A                 EXPORT           BOD_IRQHandler            [WEAK
]
  256 0000009A                 EXPORT           USB_IRQHandler            [WEAK
]
  257 0000009A                 EXPORT           CAN_IRQHandler            [WEAK
]
  258 0000009A                 EXPORT           DMA_IRQHandler            [WEAK



ARM Macro Assembler    Page 7 


]
  259 0000009A                 EXPORT           I2S_IRQHandler            [WEAK
]
  260 0000009A                 EXPORT           ENET_IRQHandler           [WEAK
]
  261 0000009A                 EXPORT           RIT_IRQHandler            [WEAK
]
  262 0000009A                 EXPORT           MCPWM_IRQHandler          [WEAK
]
  263 0000009A                 EXPORT           QEI_IRQHandler            [WEAK
]
  264 0000009A                 EXPORT           PLL1_IRQHandler           [WEAK
]
  265 0000009A                 EXPORT           USBActivity_IRQHandler    [WEAK
]
  266 0000009A                 EXPORT           CANActivity_IRQHandler    [WEAK
]
  267 0000009A         
  268 0000009A         WDT_IRQHandler
  269 0000009A         TIMER0_IRQHandler
  270 0000009A         TIMER1_IRQHandler
  271 0000009A         TIMER2_IRQHandler
  272 0000009A         TIMER3_IRQHandler
  273 0000009A         UART0_IRQHandler
  274 0000009A         UART1_IRQHandler
  275 0000009A         UART2_IRQHandler
  276 0000009A         UART3_IRQHandler
  277 0000009A         PWM1_IRQHandler
  278 0000009A         I2C0_IRQHandler
  279 0000009A         I2C1_IRQHandler
  280 0000009A         I2C2_IRQHandler
  281 0000009A         SPI_IRQHandler
  282 0000009A         SSP0_IRQHandler
  283 0000009A         SSP1_IRQHandler
  284 0000009A         PLL0_IRQHandler
  285 0000009A         RTC_IRQHandler
  286 0000009A         EINT0_IRQHandler
  287 0000009A         EINT1_IRQHandler
  288 0000009A         EINT2_IRQHandler
  289 0000009A         EINT3_IRQHandler
  290 0000009A         ADC_IRQHandler
  291 0000009A         BOD_IRQHandler
  292 0000009A         USB_IRQHandler
  293 0000009A         CAN_IRQHandler
  294 0000009A         DMA_IRQHandler
  295 0000009A         I2S_IRQHandler
  296 0000009A         ENET_IRQHandler
  297 0000009A         RIT_IRQHandler
  298 0000009A         MCPWM_IRQHandler
  299 0000009A         QEI_IRQHandler
  300 0000009A         PLL1_IRQHandler
  301 0000009A         USBActivity_IRQHandler
  302 0000009A         CANActivity_IRQHandler
  303 0000009A         
  304 0000009A E7FE            B                .
  305 0000009C         
  306 0000009C                 ENDP
  307 0000009C         
  308 0000009C         



ARM Macro Assembler    Page 8 


  309 0000009C                 ALIGN
  310 0000009C         
  311 0000009C         
  312 0000009C         ; User Initial Stack & Heap
  313 0000009C         
  314 0000009C                 IF               :DEF:__MICROLIB
  321 0000009C         
  322 0000009C                 IMPORT           __use_two_region_memory
  323 0000009C                 EXPORT           __user_initial_stackheap
  324 0000009C         __user_initial_stackheap
  325 0000009C         
  326 0000009C 4804            LDR              R0, =  Heap_Mem
  327 0000009E 4905            LDR              R1, =(Stack_Mem + Stack_Size)
  328 000000A0 4A03            LDR              R2, = (Heap_Mem +  Heap_Size)
  329 000000A2 4B05            LDR              R3, = Stack_Mem
  330 000000A4 4770            BX               LR
  331 000000A6         
  332 000000A6 00 00           ALIGN
  333 000000A8         
  334 000000A8                 ENDIF
  335 000000A8         
  336 000000A8         
  337 000000A8                 END
              7A30458D 
              C3159EAA 
              00000000 
              00000200 
              00000000 
Command Line: --debug --xref --diag_suppress=9931 --cpu=Cortex-M3 --apcs=interw
ork --depend=.\objects\startup_lpc17xx.d -o.\objects\startup_lpc17xx.o -I.\RTE\
Device\LPC1768 -I.\RTE\_Target_1 -I"D:\Program Files\Keil_V5\pack\ARM\CMSIS\5.6
.0\CMSIS\Core\Include" -I"D:\Program Files\Keil_V5\pack\Keil\LPC1700_DFP\2.6.0\
Device\Include" --predefine="__EVAL SETA 1" --predefine="__UVISION_VERSION SETA
 529" --predefine="_RTE_ SETA 1" --predefine="LPC175x_6x SETA 1" --list=.\listi
ngs\startup_lpc17xx.lst RTE\Device\LPC1768\startup_LPC17xx.s



ARM Macro Assembler    Page 1 Alphabetic symbol ordering
Relocatable symbols

STACK 00000000

Symbol: STACK
   Definitions
      At line 33 in file RTE\Device\LPC1768\startup_LPC17xx.s
   Uses
      None
Comment: STACK unused
Stack_Mem 00000000

Symbol: Stack_Mem
   Definitions
      At line 34 in file RTE\Device\LPC1768\startup_LPC17xx.s
   Uses
      At line 327 in file RTE\Device\LPC1768\startup_LPC17xx.s
      At line 329 in file RTE\Device\LPC1768\startup_LPC17xx.s

__initial_sp 00000200

Symbol: __initial_sp
   Definitions
      At line 35 in file RTE\Device\LPC1768\startup_LPC17xx.s
   Uses
      At line 59 in file RTE\Device\LPC1768\startup_LPC17xx.s
Comment: __initial_sp used once
3 symbols



ARM Macro Assembler    Page 1 Alphabetic symbol ordering
Relocatable symbols

HEAP 00000000

Symbol: HEAP
   Definitions
      At line 44 in file RTE\Device\LPC1768\startup_LPC17xx.s
   Uses
      None
Comment: HEAP unused
Heap_Mem 00000000

Symbol: Heap_Mem
   Definitions
      At line 46 in file RTE\Device\LPC1768\startup_LPC17xx.s
   Uses
      At line 326 in file RTE\Device\LPC1768\startup_LPC17xx.s
      At line 328 in file RTE\Device\LPC1768\startup_LPC17xx.s

__heap_base 00000000

Symbol: __heap_base
   Definitions
      At line 45 in file RTE\Device\LPC1768\startup_LPC17xx.s
   Uses
      None
Comment: __heap_base unused
__heap_limit 00000000

Symbol: __heap_limit
   Definitions
      At line 47 in file RTE\Device\LPC1768\startup_LPC17xx.s
   Uses
      None
Comment: __heap_limit unused
4 symbols



ARM Macro Assembler    Page 1 Alphabetic symbol ordering
Relocatable symbols

RESET 00000000

Symbol: RESET
   Definitions
      At line 56 in file RTE\Device\LPC1768\startup_LPC17xx.s
   Uses
      None
Comment: RESET unused
__Vectors 00000000

Symbol: __Vectors
   Definitions
      At line 59 in file RTE\Device\LPC1768\startup_LPC17xx.s
   Uses
      At line 57 in file RTE\Device\LPC1768\startup_LPC17xx.s
Comment: __Vectors used once
2 symbols



ARM Macro Assembler    Page 1 Alphabetic symbol ordering
Relocatable symbols

.ARM.__at_0x02FC 00000000

Symbol: .ARM.__at_0x02FC
   Definitions
      At line 115 in file RTE\Device\LPC1768\startup_LPC17xx.s
   Uses
      None
Comment: .ARM.__at_0x02FC unused
CRP_Key 00000000

Symbol: CRP_Key
   Definitions
      At line 116 in file RTE\Device\LPC1768\startup_LPC17xx.s
   Uses
      None
Comment: CRP_Key unused
2 symbols



ARM Macro Assembler    Page 1 Alphabetic symbol ordering
Relocatable symbols

MYDATA 00000000

Symbol: MYDATA
   Definitions
      At line 118 in file RTE\Device\LPC1768\startup_LPC17xx.s
   Uses
      None
Comment: MYDATA unused
RES 00000000

Symbol: RES
   Definitions
      At line 119 in file RTE\Device\LPC1768\startup_LPC17xx.s
   Uses
      None
Comment: RES unused
2 symbols



ARM Macro Assembler    Page 1 Alphabetic symbol ordering
Relocatable symbols

.text 00000000

Symbol: .text
   Definitions
      At line 121 in file RTE\Device\LPC1768\startup_LPC17xx.s
   Uses
      None
Comment: .text unused
ADC_IRQHandler 0000009A

Symbol: ADC_IRQHandler
   Definitions
      At line 290 in file RTE\Device\LPC1768\startup_LPC17xx.s
   Uses
      At line 99 in file RTE\Device\LPC1768\startup_LPC17xx.s
      At line 254 in file RTE\Device\LPC1768\startup_LPC17xx.s

BOD_IRQHandler 0000009A

Symbol: BOD_IRQHandler
   Definitions
      At line 291 in file RTE\Device\LPC1768\startup_LPC17xx.s
   Uses
      At line 100 in file RTE\Device\LPC1768\startup_LPC17xx.s
      At line 255 in file RTE\Device\LPC1768\startup_LPC17xx.s

BusFault_Handler 0000008E

Symbol: BusFault_Handler
   Definitions
      At line 203 in file RTE\Device\LPC1768\startup_LPC17xx.s
   Uses
      At line 64 in file RTE\Device\LPC1768\startup_LPC17xx.s
      At line 204 in file RTE\Device\LPC1768\startup_LPC17xx.s

CANActivity_IRQHandler 0000009A

Symbol: CANActivity_IRQHandler
   Definitions
      At line 302 in file RTE\Device\LPC1768\startup_LPC17xx.s
   Uses
      At line 111 in file RTE\Device\LPC1768\startup_LPC17xx.s
      At line 266 in file RTE\Device\LPC1768\startup_LPC17xx.s

CAN_IRQHandler 0000009A

Symbol: CAN_IRQHandler
   Definitions
      At line 293 in file RTE\Device\LPC1768\startup_LPC17xx.s
   Uses
      At line 102 in file RTE\Device\LPC1768\startup_LPC17xx.s
      At line 257 in file RTE\Device\LPC1768\startup_LPC17xx.s

DMA_IRQHandler 0000009A

Symbol: DMA_IRQHandler
   Definitions
      At line 294 in file RTE\Device\LPC1768\startup_LPC17xx.s
   Uses



ARM Macro Assembler    Page 2 Alphabetic symbol ordering
Relocatable symbols

      At line 103 in file RTE\Device\LPC1768\startup_LPC17xx.s
      At line 258 in file RTE\Device\LPC1768\startup_LPC17xx.s

DebugMon_Handler 00000094

Symbol: DebugMon_Handler
   Definitions
      At line 217 in file RTE\Device\LPC1768\startup_LPC17xx.s
   Uses
      At line 71 in file RTE\Device\LPC1768\startup_LPC17xx.s
      At line 218 in file RTE\Device\LPC1768\startup_LPC17xx.s

Default_Handler 0000009A

Symbol: Default_Handler
   Definitions
      At line 230 in file RTE\Device\LPC1768\startup_LPC17xx.s
   Uses
      None
Comment: Default_Handler unused
EINT0_IRQHandler 0000009A

Symbol: EINT0_IRQHandler
   Definitions
      At line 286 in file RTE\Device\LPC1768\startup_LPC17xx.s
   Uses
      At line 95 in file RTE\Device\LPC1768\startup_LPC17xx.s
      At line 250 in file RTE\Device\LPC1768\startup_LPC17xx.s

EINT1_IRQHandler 0000009A

Symbol: EINT1_IRQHandler
   Definitions
      At line 287 in file RTE\Device\LPC1768\startup_LPC17xx.s
   Uses
      At line 96 in file RTE\Device\LPC1768\startup_LPC17xx.s
      At line 251 in file RTE\Device\LPC1768\startup_LPC17xx.s

EINT2_IRQHandler 0000009A

Symbol: EINT2_IRQHandler
   Definitions
      At line 288 in file RTE\Device\LPC1768\startup_LPC17xx.s
   Uses
      At line 97 in file RTE\Device\LPC1768\startup_LPC17xx.s
      At line 252 in file RTE\Device\LPC1768\startup_LPC17xx.s

EINT3_IRQHandler 0000009A

Symbol: EINT3_IRQHandler
   Definitions
      At line 289 in file RTE\Device\LPC1768\startup_LPC17xx.s
   Uses
      At line 98 in file RTE\Device\LPC1768\startup_LPC17xx.s
      At line 253 in file RTE\Device\LPC1768\startup_LPC17xx.s

ENET_IRQHandler 0000009A

Symbol: ENET_IRQHandler



ARM Macro Assembler    Page 3 Alphabetic symbol ordering
Relocatable symbols

   Definitions
      At line 296 in file RTE\Device\LPC1768\startup_LPC17xx.s
   Uses
      At line 105 in file RTE\Device\LPC1768\startup_LPC17xx.s
      At line 260 in file RTE\Device\LPC1768\startup_LPC17xx.s

HardFault_Handler 0000008A

Symbol: HardFault_Handler
   Definitions
      At line 193 in file RTE\Device\LPC1768\startup_LPC17xx.s
   Uses
      At line 62 in file RTE\Device\LPC1768\startup_LPC17xx.s
      At line 194 in file RTE\Device\LPC1768\startup_LPC17xx.s

I2C0_IRQHandler 0000009A

Symbol: I2C0_IRQHandler
   Definitions
      At line 278 in file RTE\Device\LPC1768\startup_LPC17xx.s
   Uses
      At line 87 in file RTE\Device\LPC1768\startup_LPC17xx.s
      At line 242 in file RTE\Device\LPC1768\startup_LPC17xx.s

I2C1_IRQHandler 0000009A

Symbol: I2C1_IRQHandler
   Definitions
      At line 279 in file RTE\Device\LPC1768\startup_LPC17xx.s
   Uses
      At line 88 in file RTE\Device\LPC1768\startup_LPC17xx.s
      At line 243 in file RTE\Device\LPC1768\startup_LPC17xx.s

I2C2_IRQHandler 0000009A

Symbol: I2C2_IRQHandler
   Definitions
      At line 280 in file RTE\Device\LPC1768\startup_LPC17xx.s
   Uses
      At line 89 in file RTE\Device\LPC1768\startup_LPC17xx.s
      At line 244 in file RTE\Device\LPC1768\startup_LPC17xx.s

I2S_IRQHandler 0000009A

Symbol: I2S_IRQHandler
   Definitions
      At line 295 in file RTE\Device\LPC1768\startup_LPC17xx.s
   Uses
      At line 104 in file RTE\Device\LPC1768\startup_LPC17xx.s
      At line 259 in file RTE\Device\LPC1768\startup_LPC17xx.s

MCPWM_IRQHandler 0000009A

Symbol: MCPWM_IRQHandler
   Definitions
      At line 298 in file RTE\Device\LPC1768\startup_LPC17xx.s
   Uses
      At line 107 in file RTE\Device\LPC1768\startup_LPC17xx.s
      At line 262 in file RTE\Device\LPC1768\startup_LPC17xx.s



ARM Macro Assembler    Page 4 Alphabetic symbol ordering
Relocatable symbols


MemManage_Handler 0000008C

Symbol: MemManage_Handler
   Definitions
      At line 198 in file RTE\Device\LPC1768\startup_LPC17xx.s
   Uses
      At line 63 in file RTE\Device\LPC1768\startup_LPC17xx.s
      At line 199 in file RTE\Device\LPC1768\startup_LPC17xx.s

NMI_Handler 00000088

Symbol: NMI_Handler
   Definitions
      At line 188 in file RTE\Device\LPC1768\startup_LPC17xx.s
   Uses
      At line 61 in file RTE\Device\LPC1768\startup_LPC17xx.s
      At line 189 in file RTE\Device\LPC1768\startup_LPC17xx.s

PLL0_IRQHandler 0000009A

Symbol: PLL0_IRQHandler
   Definitions
      At line 284 in file RTE\Device\LPC1768\startup_LPC17xx.s
   Uses
      At line 93 in file RTE\Device\LPC1768\startup_LPC17xx.s
      At line 248 in file RTE\Device\LPC1768\startup_LPC17xx.s

PLL1_IRQHandler 0000009A

Symbol: PLL1_IRQHandler
   Definitions
      At line 300 in file RTE\Device\LPC1768\startup_LPC17xx.s
   Uses
      At line 109 in file RTE\Device\LPC1768\startup_LPC17xx.s
      At line 264 in file RTE\Device\LPC1768\startup_LPC17xx.s

PWM1_IRQHandler 0000009A

Symbol: PWM1_IRQHandler
   Definitions
      At line 277 in file RTE\Device\LPC1768\startup_LPC17xx.s
   Uses
      At line 86 in file RTE\Device\LPC1768\startup_LPC17xx.s
      At line 241 in file RTE\Device\LPC1768\startup_LPC17xx.s

PendSV_Handler 00000096

Symbol: PendSV_Handler
   Definitions
      At line 221 in file RTE\Device\LPC1768\startup_LPC17xx.s
   Uses
      At line 73 in file RTE\Device\LPC1768\startup_LPC17xx.s
      At line 222 in file RTE\Device\LPC1768\startup_LPC17xx.s

QEI_IRQHandler 0000009A

Symbol: QEI_IRQHandler
   Definitions



ARM Macro Assembler    Page 5 Alphabetic symbol ordering
Relocatable symbols

      At line 299 in file RTE\Device\LPC1768\startup_LPC17xx.s
   Uses
      At line 108 in file RTE\Device\LPC1768\startup_LPC17xx.s
      At line 263 in file RTE\Device\LPC1768\startup_LPC17xx.s

RIT_IRQHandler 0000009A

Symbol: RIT_IRQHandler
   Definitions
      At line 297 in file RTE\Device\LPC1768\startup_LPC17xx.s
   Uses
      At line 106 in file RTE\Device\LPC1768\startup_LPC17xx.s
      At line 261 in file RTE\Device\LPC1768\startup_LPC17xx.s

RTC_IRQHandler 0000009A

Symbol: RTC_IRQHandler
   Definitions
      At line 285 in file RTE\Device\LPC1768\startup_LPC17xx.s
   Uses
      At line 94 in file RTE\Device\LPC1768\startup_LPC17xx.s
      At line 249 in file RTE\Device\LPC1768\startup_LPC17xx.s

Reset_Handler 00000000

Symbol: Reset_Handler
   Definitions
      At line 126 in file RTE\Device\LPC1768\startup_LPC17xx.s
   Uses
      At line 60 in file RTE\Device\LPC1768\startup_LPC17xx.s
      At line 127 in file RTE\Device\LPC1768\startup_LPC17xx.s

SPI_IRQHandler 0000009A

Symbol: SPI_IRQHandler
   Definitions
      At line 281 in file RTE\Device\LPC1768\startup_LPC17xx.s
   Uses
      At line 90 in file RTE\Device\LPC1768\startup_LPC17xx.s
      At line 245 in file RTE\Device\LPC1768\startup_LPC17xx.s

SSP0_IRQHandler 0000009A

Symbol: SSP0_IRQHandler
   Definitions
      At line 282 in file RTE\Device\LPC1768\startup_LPC17xx.s
   Uses
      At line 91 in file RTE\Device\LPC1768\startup_LPC17xx.s
      At line 246 in file RTE\Device\LPC1768\startup_LPC17xx.s

SSP1_IRQHandler 0000009A

Symbol: SSP1_IRQHandler
   Definitions
      At line 283 in file RTE\Device\LPC1768\startup_LPC17xx.s
   Uses
      At line 92 in file RTE\Device\LPC1768\startup_LPC17xx.s
      At line 247 in file RTE\Device\LPC1768\startup_LPC17xx.s




ARM Macro Assembler    Page 6 Alphabetic symbol ordering
Relocatable symbols

SVC_Handler 00000092

Symbol: SVC_Handler
   Definitions
      At line 212 in file RTE\Device\LPC1768\startup_LPC17xx.s
   Uses
      At line 70 in file RTE\Device\LPC1768\startup_LPC17xx.s
      At line 213 in file RTE\Device\LPC1768\startup_LPC17xx.s

SysTick_Handler 00000098

Symbol: SysTick_Handler
   Definitions
      At line 225 in file RTE\Device\LPC1768\startup_LPC17xx.s
   Uses
      At line 74 in file RTE\Device\LPC1768\startup_LPC17xx.s
      At line 226 in file RTE\Device\LPC1768\startup_LPC17xx.s

TIMER0_IRQHandler 0000009A

Symbol: TIMER0_IRQHandler
   Definitions
      At line 269 in file RTE\Device\LPC1768\startup_LPC17xx.s
   Uses
      At line 78 in file RTE\Device\LPC1768\startup_LPC17xx.s
      At line 233 in file RTE\Device\LPC1768\startup_LPC17xx.s

TIMER1_IRQHandler 0000009A

Symbol: TIMER1_IRQHandler
   Definitions
      At line 270 in file RTE\Device\LPC1768\startup_LPC17xx.s
   Uses
      At line 79 in file RTE\Device\LPC1768\startup_LPC17xx.s
      At line 234 in file RTE\Device\LPC1768\startup_LPC17xx.s

TIMER2_IRQHandler 0000009A

Symbol: TIMER2_IRQHandler
   Definitions
      At line 271 in file RTE\Device\LPC1768\startup_LPC17xx.s
   Uses
      At line 80 in file RTE\Device\LPC1768\startup_LPC17xx.s
      At line 235 in file RTE\Device\LPC1768\startup_LPC17xx.s

TIMER3_IRQHandler 0000009A

Symbol: TIMER3_IRQHandler
   Definitions
      At line 272 in file RTE\Device\LPC1768\startup_LPC17xx.s
   Uses
      At line 81 in file RTE\Device\LPC1768\startup_LPC17xx.s
      At line 236 in file RTE\Device\LPC1768\startup_LPC17xx.s

UART0_IRQHandler 0000009A

Symbol: UART0_IRQHandler
   Definitions
      At line 273 in file RTE\Device\LPC1768\startup_LPC17xx.s



ARM Macro Assembler    Page 7 Alphabetic symbol ordering
Relocatable symbols

   Uses
      At line 82 in file RTE\Device\LPC1768\startup_LPC17xx.s
      At line 237 in file RTE\Device\LPC1768\startup_LPC17xx.s

UART1_IRQHandler 0000009A

Symbol: UART1_IRQHandler
   Definitions
      At line 274 in file RTE\Device\LPC1768\startup_LPC17xx.s
   Uses
      At line 83 in file RTE\Device\LPC1768\startup_LPC17xx.s
      At line 238 in file RTE\Device\LPC1768\startup_LPC17xx.s

UART2_IRQHandler 0000009A

Symbol: UART2_IRQHandler
   Definitions
      At line 275 in file RTE\Device\LPC1768\startup_LPC17xx.s
   Uses
      At line 84 in file RTE\Device\LPC1768\startup_LPC17xx.s
      At line 239 in file RTE\Device\LPC1768\startup_LPC17xx.s

UART3_IRQHandler 0000009A

Symbol: UART3_IRQHandler
   Definitions
      At line 276 in file RTE\Device\LPC1768\startup_LPC17xx.s
   Uses
      At line 85 in file RTE\Device\LPC1768\startup_LPC17xx.s
      At line 240 in file RTE\Device\LPC1768\startup_LPC17xx.s

USBActivity_IRQHandler 0000009A

Symbol: USBActivity_IRQHandler
   Definitions
      At line 301 in file RTE\Device\LPC1768\startup_LPC17xx.s
   Uses
      At line 110 in file RTE\Device\LPC1768\startup_LPC17xx.s
      At line 265 in file RTE\Device\LPC1768\startup_LPC17xx.s

USB_IRQHandler 0000009A

Symbol: USB_IRQHandler
   Definitions
      At line 292 in file RTE\Device\LPC1768\startup_LPC17xx.s
   Uses
      At line 101 in file RTE\Device\LPC1768\startup_LPC17xx.s
      At line 256 in file RTE\Device\LPC1768\startup_LPC17xx.s

UsageFault_Handler 00000090

Symbol: UsageFault_Handler
   Definitions
      At line 208 in file RTE\Device\LPC1768\startup_LPC17xx.s
   Uses
      At line 65 in file RTE\Device\LPC1768\startup_LPC17xx.s
      At line 209 in file RTE\Device\LPC1768\startup_LPC17xx.s

WDT_IRQHandler 0000009A



ARM Macro Assembler    Page 8 Alphabetic symbol ordering
Relocatable symbols


Symbol: WDT_IRQHandler
   Definitions
      At line 268 in file RTE\Device\LPC1768\startup_LPC17xx.s
   Uses
      At line 77 in file RTE\Device\LPC1768\startup_LPC17xx.s
      At line 232 in file RTE\Device\LPC1768\startup_LPC17xx.s

__user_initial_stackheap 0000009C

Symbol: __user_initial_stackheap
   Definitions
      At line 324 in file RTE\Device\LPC1768\startup_LPC17xx.s
   Uses
      At line 323 in file RTE\Device\LPC1768\startup_LPC17xx.s
Comment: __user_initial_stackheap used once
myUSAD8 0000000A

Symbol: myUSAD8
   Definitions
      At line 133 in file RTE\Device\LPC1768\startup_LPC17xx.s
   Uses
      At line 130 in file RTE\Device\LPC1768\startup_LPC17xx.s
Comment: myUSAD8 used once
rssub 00000072

Symbol: rssub
   Definitions
      At line 171 in file RTE\Device\LPC1768\startup_LPC17xx.s
   Uses
      At line 139 in file RTE\Device\LPC1768\startup_LPC17xx.s
      At line 146 in file RTE\Device\LPC1768\startup_LPC17xx.s
      At line 155 in file RTE\Device\LPC1768\startup_LPC17xx.s
      At line 164 in file RTE\Device\LPC1768\startup_LPC17xx.s

stop 00000086

Symbol: stop
   Definitions
      At line 182 in file RTE\Device\LPC1768\startup_LPC17xx.s
   Uses
      At line 131 in file RTE\Device\LPC1768\startup_LPC17xx.s
      At line 182 in file RTE\Device\LPC1768\startup_LPC17xx.s

51 symbols



ARM Macro Assembler    Page 1 Alphabetic symbol ordering
Absolute symbols

Heap_Size 00000000

Symbol: Heap_Size
   Definitions
      At line 42 in file RTE\Device\LPC1768\startup_LPC17xx.s
   Uses
      At line 46 in file RTE\Device\LPC1768\startup_LPC17xx.s
      At line 328 in file RTE\Device\LPC1768\startup_LPC17xx.s

Stack_Size 00000200

Symbol: Stack_Size
   Definitions
      At line 31 in file RTE\Device\LPC1768\startup_LPC17xx.s
   Uses
      At line 34 in file RTE\Device\LPC1768\startup_LPC17xx.s
      At line 327 in file RTE\Device\LPC1768\startup_LPC17xx.s

2 symbols



ARM Macro Assembler    Page 1 Alphabetic symbol ordering
External symbols

__use_two_region_memory 00000000

Symbol: __use_two_region_memory
   Definitions
      At line 322 in file RTE\Device\LPC1768\startup_LPC17xx.s
   Uses
      None
Comment: __use_two_region_memory unused
1 symbol
407 symbols in table
