


ARM Macro Assembler    Page 1 


    1 00000000         ;/******************************************************
                       ********************//**
    2 00000000         ; * @file     startup_LPC17xx.s
    3 00000000         ; * @brief    CMSIS Cortex-M3 Core Device Startup File f
                       or
    4 00000000         ; *           NXP LPC17xx Device Series
    5 00000000         ; * @version  V1.10
    6 00000000         ; * @date     06. April 2011
    7 00000000         ; *
    8 00000000         ; * @note
    9 00000000         ; * Copyright (C) 2009-2011 ARM Limited. All rights rese
                       rved.
   10 00000000         ; *
   11 00000000         ; * @par
   12 00000000         ; * ARM Limited (ARM) is supplying this software for use
                        with Cortex-M
   13 00000000         ; * processor based microcontrollers.  This file can be 
                       freely distributed
   14 00000000         ; * within development tools that are supporting such AR
                       M based processors.
   15 00000000         ; *
   16 00000000         ; * @par
   17 00000000         ; * THIS SOFTWARE IS PROVIDED "AS IS".  NO WARRANTIES, W
                       HETHER EXPRESS, IMPLIED
   18 00000000         ; * OR STATUTORY, INCLUDING, BUT NOT LIMITED TO, IMPLIED
                        WARRANTIES OF
   19 00000000         ; * MERCHANTABILITY AND FITNESS FOR A PARTICULAR PURPOSE
                        APPLY TO THIS SOFTWARE.
   20 00000000         ; * ARM SHALL NOT, IN ANY CIRCUMSTANCES, BE LIABLE FOR S
                       PECIAL, INCIDENTAL, OR
   21 00000000         ; * CONSEQUENTIAL DAMAGES, FOR ANY REASON WHATSOEVER.
   22 00000000         ; *
   23 00000000         ; ******************************************************
                       ************************/
   24 00000000         
   25 00000000         ; *------- <<< Use Configuration Wizard in Context Menu 
                       >>> ------------------
   26 00000000         
   27 00000000         ; <h> Stack Configuration
   28 00000000         ;   <o> Stack Size (in Bytes) <0x0-0xFFFFFFFF:8>
   29 00000000         ; </h>
   30 00000000         
   31 00000000 00000200 
                       Stack_Size
                               EQU              0x00000200
   32 00000000         
   33 00000000                 AREA             STACK, NOINIT, READWRITE, ALIGN
=3
   34 00000000         Stack_Mem
                               SPACE            Stack_Size
   35 00000200         __initial_sp
   36 00000200         
   37 00000200         
   38 00000200         ; <h> Heap Configuration
   39 00000200         ;   <o>  Heap Size (in Bytes) <0x0-0xFFFFFFFF:8>
   40 00000200         ; </h>
   41 00000200         
   42 00000200 00000000 
                       Heap_Size



ARM Macro Assembler    Page 2 


                               EQU              0x00000000
   43 00000200         
   44 00000200                 AREA             HEAP, NOINIT, READWRITE, ALIGN=
3
   45 00000000         __heap_base
   46 00000000         Heap_Mem
                               SPACE            Heap_Size
   47 00000000         __heap_limit
   48 00000000         
   49 00000000                 AREA             MYDATA, DATA, READWRITE
   50 00000000         
   51 00000000 00 00 00 
              00 00 00 
              00 00 00 
              00 00 00 
              00 00 00 
              00       DataArea
                               SPACE            16
   52 00000010         
   53 00000010                 PRESERVE8
   54 00000010                 THUMB
   55 00000010         
   56 00000010         
   57 00000010         ; Vector Table Mapped to Address 0 at Reset
   58 00000010         
   59 00000010                 AREA             RESET, DATA, READONLY
   60 00000000                 EXPORT           __Vectors
   61 00000000         
   62 00000000 00000000 
                       __Vectors
                               DCD              __initial_sp ; Top of Stack
   63 00000004 00000000        DCD              Reset_Handler ; Reset Handler
   64 00000008 00000000        DCD              NMI_Handler ; NMI Handler
   65 0000000C 00000000        DCD              HardFault_Handler ; Hard Fault 
                                                            Handler
   66 00000010 00000000        DCD              MemManage_Handler 
                                                            ; MPU Fault Handler
                                                            
   67 00000014 00000000        DCD              BusFault_Handler 
                                                            ; Bus Fault Handler
                                                            
   68 00000018 00000000        DCD              UsageFault_Handler ; Usage Faul
                                                            t Handler
   69 0000001C 00000000        DCD              0           ; Reserved
   70 00000020 00000000        DCD              0           ; Reserved
   71 00000024 00000000        DCD              0           ; Reserved
   72 00000028 00000000        DCD              0           ; Reserved
   73 0000002C 00000000        DCD              SVC_Handler ; SVCall Handler
   74 00000030 00000000        DCD              DebugMon_Handler ; Debug Monito
                                                            r Handler
   75 00000034 00000000        DCD              0           ; Reserved
   76 00000038 00000000        DCD              PendSV_Handler ; PendSV Handler
                                                            
   77 0000003C 00000000        DCD              SysTick_Handler 
                                                            ; SysTick Handler
   78 00000040         
   79 00000040         ; External Interrupts
   80 00000040 00000000        DCD              WDT_IRQHandler ; 16: Watchdog T
                                                            imer



ARM Macro Assembler    Page 3 


   81 00000044 00000000        DCD              TIMER0_IRQHandler ; 17: Timer0
   82 00000048 00000000        DCD              TIMER1_IRQHandler ; 18: Timer1
   83 0000004C 00000000        DCD              TIMER2_IRQHandler ; 19: Timer2
   84 00000050 00000000        DCD              TIMER3_IRQHandler ; 20: Timer3
   85 00000054 00000000        DCD              UART0_IRQHandler ; 21: UART0
   86 00000058 00000000        DCD              UART1_IRQHandler ; 22: UART1
   87 0000005C 00000000        DCD              UART2_IRQHandler ; 23: UART2
   88 00000060 00000000        DCD              UART3_IRQHandler ; 24: UART3
   89 00000064 00000000        DCD              PWM1_IRQHandler ; 25: PWM1
   90 00000068 00000000        DCD              I2C0_IRQHandler ; 26: I2C0
   91 0000006C 00000000        DCD              I2C1_IRQHandler ; 27: I2C1
   92 00000070 00000000        DCD              I2C2_IRQHandler ; 28: I2C2
   93 00000074 00000000        DCD              SPI_IRQHandler ; 29: SPI
   94 00000078 00000000        DCD              SSP0_IRQHandler ; 30: SSP0
   95 0000007C 00000000        DCD              SSP1_IRQHandler ; 31: SSP1
   96 00000080 00000000        DCD              PLL0_IRQHandler ; 32: PLL0 Lock
                                                             (Main PLL)
   97 00000084 00000000        DCD              RTC_IRQHandler ; 33: Real Time 
                                                            Clock
   98 00000088 00000000        DCD              EINT0_IRQHandler ; 34: External
                                                             Interrupt 0
   99 0000008C 00000000        DCD              EINT1_IRQHandler ; 35: External
                                                             Interrupt 1
  100 00000090 00000000        DCD              EINT2_IRQHandler ; 36: External
                                                             Interrupt 2
  101 00000094 00000000        DCD              EINT3_IRQHandler ; 37: External
                                                             Interrupt 3
  102 00000098 00000000        DCD              ADC_IRQHandler 
                                                            ; 38: A/D Converter
                                                            
  103 0000009C 00000000        DCD              BOD_IRQHandler ; 39: Brown-Out 
                                                            Detect
  104 000000A0 00000000        DCD              USB_IRQHandler ; 40: USB
  105 000000A4 00000000        DCD              CAN_IRQHandler ; 41: CAN
  106 000000A8 00000000        DCD              DMA_IRQHandler ; 42: General Pu
                                                            rpose DMA
  107 000000AC 00000000        DCD              I2S_IRQHandler ; 43: I2S
  108 000000B0 00000000        DCD              ENET_IRQHandler ; 44: Ethernet
  109 000000B4 00000000        DCD              RIT_IRQHandler ; 45: Repetitive
                                                             Interrupt Timer
  110 000000B8 00000000        DCD              MCPWM_IRQHandler ; 46: Motor Co
                                                            ntrol PWM
  111 000000BC 00000000        DCD              QEI_IRQHandler ; 47: Quadrature
                                                             Encoder Interface
  112 000000C0 00000000        DCD              PLL1_IRQHandler ; 48: PLL1 Lock
                                                             (USB PLL)
  113 000000C4 00000000        DCD              USBActivity_IRQHandler ; 49: US
                                                            B Activity interrup
                                                            t to wakeup
  114 000000C8 00000000        DCD              CANActivity_IRQHandler ; 50: CA
                                                            N Activity interrup
                                                            t to wakeup
  115 000000CC         
  116 000000CC         
  117 000000CC                 IF               :LNOT::DEF:NO_CRP
  118 000000CC                 AREA             |.ARM.__at_0x02FC|, CODE, READO
NLY
  119 00000000 FFFFFFFF 
                       CRP_Key DCD              0xFFFFFFFF



ARM Macro Assembler    Page 4 


  120 00000004                 ENDIF
  121 00000004         
  122 00000004         
  123 00000004                 AREA             |.text|, CODE, READONLY
  124 00000000         
  125 00000000 0000E179 
              0000DD49 
              00003BE0 
              0000ECBE 
              0000C809 
              00002030 
              00005EF6 
              0000A4AF myConstants
                               DCD              57721, 56649, 15328, 60606, 512
09, 8240, 24310, 42159
  126 00000020         
  127 00000020         
  128 00000020         ; Reset Handler
  129 00000020         
  130 00000020         Reset_Handler
                               PROC
  131 00000020                 EXPORT           Reset_Handler             [WEAK
]
  132 00000020 4829            LDR              R0, =myConstants
  133 00000022 4929            LDR              R1, =myConstants
  134 00000024 F8DF E0A4       LDR              R14, =DataArea
  135 00000028         
  136 00000028 F101 0110       ADD              R1, #16
  137 0000002C         ;----------------------0x57721 + 0x51209----------------
                       -------------------------------- 
  138 0000002C         
  139 0000002C F830 2B02       LDRH             R2, [R0], #2
  140 00000030 F831 3B02       LDRH             R3, [R1], #2
  141 00000034 EB03 0402       ADD              R4, R3, R2
  142 00000038         
  143 00000038 F830 2B02       LDRH             R2, [R0], #2
  144 0000003C F831 3B02       LDRH             R3, [R1], #2
  145 00000040 EB03 0602       ADD              R6, R3, R2
  146 00000044 4434            ADD              R4, R6
  147 00000046 F84E 4B04       STR              R4, [R14], #4
  148 0000004A         
  149 0000004A         ;-----------------------0x56649 + 0x8240----------------
                       -------------------------------     
  150 0000004A         
  151 0000004A F830 2B02       LDRH             R2, [R0], #2
  152 0000004E F831 3B02       LDRH             R3, [R1], #2
  153 00000052 EB03 0402       ADD              R4, R3, R2
  154 00000056         
  155 00000056 F830 2B02       LDRH             R2, [R0], #2
  156 0000005A F831 3B02       LDRH             R3, [R1], #2
  157 0000005E EB03 0602       ADD              R6, R3, R2
  158 00000062 4434            ADD              R4, R6
  159 00000064 F84E 4B04       STR              R4, [R14], #4
  160 00000068         ;------------------------0x15328 + 0x24310--------------
                       --------------------------------     
  161 00000068         
  162 00000068 F830 2B02       LDRH             R2, [R0], #2
  163 0000006C F831 3B02       LDRH             R3, [R1], #2
  164 00000070 EB03 0402       ADD              R4, R3, R2



ARM Macro Assembler    Page 5 


  165 00000074         
  166 00000074 F830 2B02       LDRH             R2, [R0], #2
  167 00000078 F831 3B02       LDRH             R3, [R1], #2
  168 0000007C EB03 0602       ADD              R6, R3, R2
  169 00000080 4434            ADD              R4, R6
  170 00000082 F84E 4B04       STR              R4, [R14], #4
  171 00000086         ;----------------------0x60606 + 0x42159----------------
                       --------------------------------     
  172 00000086         
  173 00000086 F830 2B02       LDRH             R2, [R0], #2
  174 0000008A F831 3B02       LDRH             R3, [R1], #2
  175 0000008E EB03 0402       ADD              R4, R3, R2
  176 00000092         
  177 00000092 F830 2B02       LDRH             R2, [R0], #2
  178 00000096 F831 3B02       LDRH             R3, [R1], #2
  179 0000009A EB03 0602       ADD              R6, R3, R2
  180 0000009E 4434            ADD              R4, R6
  181 000000A0 F84E 4B04       STR              R4, [R14], #4
  182 000000A4         
  183 000000A4         
  184 000000A4         
  185 000000A4         
  186 000000A4         
  187 000000A4         
  188 000000A4 E7FE    stop    B                stop
  189 000000A6                 ENDP
  190 000000A6         
  191 000000A6         
  192 000000A6         ; Dummy Exception Handlers (infinite loops which can be 
                       modified)
  193 000000A6         
  194 000000A6         NMI_Handler
                               PROC
  195 000000A6                 EXPORT           NMI_Handler               [WEAK
]
  196 000000A6 E7FE            B                .
  197 000000A8                 ENDP
  199 000000A8         HardFault_Handler
                               PROC
  200 000000A8                 EXPORT           HardFault_Handler         [WEAK
]
  201 000000A8 E7FE            B                .
  202 000000AA                 ENDP
  204 000000AA         MemManage_Handler
                               PROC
  205 000000AA                 EXPORT           MemManage_Handler         [WEAK
]
  206 000000AA E7FE            B                .
  207 000000AC                 ENDP
  209 000000AC         BusFault_Handler
                               PROC
  210 000000AC                 EXPORT           BusFault_Handler          [WEAK
]
  211 000000AC E7FE            B                .
  212 000000AE                 ENDP
  214 000000AE         UsageFault_Handler
                               PROC
  215 000000AE                 EXPORT           UsageFault_Handler        [WEAK
]



ARM Macro Assembler    Page 6 


  216 000000AE E7FE            B                .
  217 000000B0                 ENDP
  218 000000B0         SVC_Handler
                               PROC
  219 000000B0                 EXPORT           SVC_Handler               [WEAK
]
  220 000000B0 E7FE            B                .
  221 000000B2                 ENDP
  223 000000B2         DebugMon_Handler
                               PROC
  224 000000B2                 EXPORT           DebugMon_Handler          [WEAK
]
  225 000000B2 E7FE            B                .
  226 000000B4                 ENDP
  227 000000B4         PendSV_Handler
                               PROC
  228 000000B4                 EXPORT           PendSV_Handler            [WEAK
]
  229 000000B4 E7FE            B                .
  230 000000B6                 ENDP
  231 000000B6         SysTick_Handler
                               PROC
  232 000000B6                 EXPORT           SysTick_Handler           [WEAK
]
  233 000000B6 E7FE            B                .
  234 000000B8                 ENDP
  235 000000B8         
  236 000000B8         Default_Handler
                               PROC
  237 000000B8         
  238 000000B8                 EXPORT           WDT_IRQHandler            [WEAK
]
  239 000000B8                 EXPORT           TIMER0_IRQHandler         [WEAK
]
  240 000000B8                 EXPORT           TIMER1_IRQHandler         [WEAK
]
  241 000000B8                 EXPORT           TIMER2_IRQHandler         [WEAK
]
  242 000000B8                 EXPORT           TIMER3_IRQHandler         [WEAK
]
  243 000000B8                 EXPORT           UART0_IRQHandler          [WEAK
]
  244 000000B8                 EXPORT           UART1_IRQHandler          [WEAK
]
  245 000000B8                 EXPORT           UART2_IRQHandler          [WEAK
]
  246 000000B8                 EXPORT           UART3_IRQHandler          [WEAK
]
  247 000000B8                 EXPORT           PWM1_IRQHandler           [WEAK
]
  248 000000B8                 EXPORT           I2C0_IRQHandler           [WEAK
]
  249 000000B8                 EXPORT           I2C1_IRQHandler           [WEAK
]
  250 000000B8                 EXPORT           I2C2_IRQHandler           [WEAK
]
  251 000000B8                 EXPORT           SPI_IRQHandler            [WEAK
]
  252 000000B8                 EXPORT           SSP0_IRQHandler           [WEAK



ARM Macro Assembler    Page 7 


]
  253 000000B8                 EXPORT           SSP1_IRQHandler           [WEAK
]
  254 000000B8                 EXPORT           PLL0_IRQHandler           [WEAK
]
  255 000000B8                 EXPORT           RTC_IRQHandler            [WEAK
]
  256 000000B8                 EXPORT           EINT0_IRQHandler          [WEAK
]
  257 000000B8                 EXPORT           EINT1_IRQHandler          [WEAK
]
  258 000000B8                 EXPORT           EINT2_IRQHandler          [WEAK
]
  259 000000B8                 EXPORT           EINT3_IRQHandler          [WEAK
]
  260 000000B8                 EXPORT           ADC_IRQHandler            [WEAK
]
  261 000000B8                 EXPORT           BOD_IRQHandler            [WEAK
]
  262 000000B8                 EXPORT           USB_IRQHandler            [WEAK
]
  263 000000B8                 EXPORT           CAN_IRQHandler            [WEAK
]
  264 000000B8                 EXPORT           DMA_IRQHandler            [WEAK
]
  265 000000B8                 EXPORT           I2S_IRQHandler            [WEAK
]
  266 000000B8                 EXPORT           ENET_IRQHandler           [WEAK
]
  267 000000B8                 EXPORT           RIT_IRQHandler            [WEAK
]
  268 000000B8                 EXPORT           MCPWM_IRQHandler          [WEAK
]
  269 000000B8                 EXPORT           QEI_IRQHandler            [WEAK
]
  270 000000B8                 EXPORT           PLL1_IRQHandler           [WEAK
]
  271 000000B8                 EXPORT           USBActivity_IRQHandler    [WEAK
]
  272 000000B8                 EXPORT           CANActivity_IRQHandler    [WEAK
]
  273 000000B8         
  274 000000B8         WDT_IRQHandler
  275 000000B8         TIMER0_IRQHandler
  276 000000B8         TIMER1_IRQHandler
  277 000000B8         TIMER2_IRQHandler
  278 000000B8         TIMER3_IRQHandler
  279 000000B8         UART0_IRQHandler
  280 000000B8         UART1_IRQHandler
  281 000000B8         UART2_IRQHandler
  282 000000B8         UART3_IRQHandler
  283 000000B8         PWM1_IRQHandler
  284 000000B8         I2C0_IRQHandler
  285 000000B8         I2C1_IRQHandler
  286 000000B8         I2C2_IRQHandler
  287 000000B8         SPI_IRQHandler
  288 000000B8         SSP0_IRQHandler
  289 000000B8         SSP1_IRQHandler
  290 000000B8         PLL0_IRQHandler



ARM Macro Assembler    Page 8 


  291 000000B8         RTC_IRQHandler
  292 000000B8         EINT0_IRQHandler
  293 000000B8         EINT1_IRQHandler
  294 000000B8         EINT2_IRQHandler
  295 000000B8         EINT3_IRQHandler
  296 000000B8         ADC_IRQHandler
  297 000000B8         BOD_IRQHandler
  298 000000B8         USB_IRQHandler
  299 000000B8         CAN_IRQHandler
  300 000000B8         DMA_IRQHandler
  301 000000B8         I2S_IRQHandler
  302 000000B8         ENET_IRQHandler
  303 000000B8         RIT_IRQHandler
  304 000000B8         MCPWM_IRQHandler
  305 000000B8         QEI_IRQHandler
  306 000000B8         PLL1_IRQHandler
  307 000000B8         USBActivity_IRQHandler
  308 000000B8         CANActivity_IRQHandler
  309 000000B8         
  310 000000B8 E7FE            B                .
  311 000000BA         
  312 000000BA                 ENDP
  313 000000BA         
  314 000000BA         
  315 000000BA 00 00           ALIGN
  316 000000BC         
  317 000000BC         
  318 000000BC         ; User Initial Stack & Heap
  319 000000BC         
  320 000000BC                 IF               :DEF:__MICROLIB
  327 000000BC         
  328 000000BC                 IMPORT           __use_two_region_memory
  329 000000BC                 EXPORT           __user_initial_stackheap
  330 000000BC         __user_initial_stackheap
  331 000000BC         
  332 000000BC 4804            LDR              R0, =  Heap_Mem
  333 000000BE 4905            LDR              R1, =(Stack_Mem + Stack_Size)
  334 000000C0 4A03            LDR              R2, = (Heap_Mem +  Heap_Size)
  335 000000C2 4B05            LDR              R3, = Stack_Mem
  336 000000C4 4770            BX               LR
  337 000000C6         
  338 000000C6 00 00           ALIGN
  339 000000C8         
  340 000000C8                 ENDIF
  341 000000C8         
  342 000000C8         
  343 000000C8                 END
              00000000 
              00000000 
              00000000 
              00000200 
              00000000 
Command Line: --debug --xref --diag_suppress=9931 --cpu=Cortex-M3 --apcs=interw
ork --depend=.\objects\startup_lpc17xx.d -o.\objects\startup_lpc17xx.o -I.\RTE\
Device\LPC1768 -I.\RTE\_Target_1 -I"D:\Program Files\Keil_V5\pack\ARM\CMSIS\5.6
.0\CMSIS\Core\Include" -I"D:\Program Files\Keil_V5\pack\Keil\LPC1700_DFP\2.6.0\
Device\Include" --predefine="__EVAL SETA 1" --predefine="__UVISION_VERSION SETA
 529" --predefine="_RTE_ SETA 1" --predefine="LPC175x_6x SETA 1" --list=.\listi
ngs\startup_lpc17xx.lst RTE\Device\LPC1768\startup_LPC17xx.s



ARM Macro Assembler    Page 1 Alphabetic symbol ordering
Relocatable symbols

STACK 00000000

Symbol: STACK
   Definitions
      At line 33 in file RTE\Device\LPC1768\startup_LPC17xx.s
   Uses
      None
Comment: STACK unused
Stack_Mem 00000000

Symbol: Stack_Mem
   Definitions
      At line 34 in file RTE\Device\LPC1768\startup_LPC17xx.s
   Uses
      At line 333 in file RTE\Device\LPC1768\startup_LPC17xx.s
      At line 335 in file RTE\Device\LPC1768\startup_LPC17xx.s

__initial_sp 00000200

Symbol: __initial_sp
   Definitions
      At line 35 in file RTE\Device\LPC1768\startup_LPC17xx.s
   Uses
      At line 62 in file RTE\Device\LPC1768\startup_LPC17xx.s
Comment: __initial_sp used once
3 symbols



ARM Macro Assembler    Page 1 Alphabetic symbol ordering
Relocatable symbols

HEAP 00000000

Symbol: HEAP
   Definitions
      At line 44 in file RTE\Device\LPC1768\startup_LPC17xx.s
   Uses
      None
Comment: HEAP unused
Heap_Mem 00000000

Symbol: Heap_Mem
   Definitions
      At line 46 in file RTE\Device\LPC1768\startup_LPC17xx.s
   Uses
      At line 332 in file RTE\Device\LPC1768\startup_LPC17xx.s
      At line 334 in file RTE\Device\LPC1768\startup_LPC17xx.s

__heap_base 00000000

Symbol: __heap_base
   Definitions
      At line 45 in file RTE\Device\LPC1768\startup_LPC17xx.s
   Uses
      None
Comment: __heap_base unused
__heap_limit 00000000

Symbol: __heap_limit
   Definitions
      At line 47 in file RTE\Device\LPC1768\startup_LPC17xx.s
   Uses
      None
Comment: __heap_limit unused
4 symbols



ARM Macro Assembler    Page 1 Alphabetic symbol ordering
Relocatable symbols

DataArea 00000000

Symbol: DataArea
   Definitions
      At line 51 in file RTE\Device\LPC1768\startup_LPC17xx.s
   Uses
      At line 134 in file RTE\Device\LPC1768\startup_LPC17xx.s
Comment: DataArea used once
MYDATA 00000000

Symbol: MYDATA
   Definitions
      At line 49 in file RTE\Device\LPC1768\startup_LPC17xx.s
   Uses
      None
Comment: MYDATA unused
2 symbols



ARM Macro Assembler    Page 1 Alphabetic symbol ordering
Relocatable symbols

RESET 00000000

Symbol: RESET
   Definitions
      At line 59 in file RTE\Device\LPC1768\startup_LPC17xx.s
   Uses
      None
Comment: RESET unused
__Vectors 00000000

Symbol: __Vectors
   Definitions
      At line 62 in file RTE\Device\LPC1768\startup_LPC17xx.s
   Uses
      At line 60 in file RTE\Device\LPC1768\startup_LPC17xx.s
Comment: __Vectors used once
2 symbols



ARM Macro Assembler    Page 1 Alphabetic symbol ordering
Relocatable symbols

.ARM.__at_0x02FC 00000000

Symbol: .ARM.__at_0x02FC
   Definitions
      At line 118 in file RTE\Device\LPC1768\startup_LPC17xx.s
   Uses
      None
Comment: .ARM.__at_0x02FC unused
CRP_Key 00000000

Symbol: CRP_Key
   Definitions
      At line 119 in file RTE\Device\LPC1768\startup_LPC17xx.s
   Uses
      None
Comment: CRP_Key unused
2 symbols



ARM Macro Assembler    Page 1 Alphabetic symbol ordering
Relocatable symbols

.text 00000000

Symbol: .text
   Definitions
      At line 123 in file RTE\Device\LPC1768\startup_LPC17xx.s
   Uses
      None
Comment: .text unused
ADC_IRQHandler 000000B8

Symbol: ADC_IRQHandler
   Definitions
      At line 296 in file RTE\Device\LPC1768\startup_LPC17xx.s
   Uses
      At line 102 in file RTE\Device\LPC1768\startup_LPC17xx.s
      At line 260 in file RTE\Device\LPC1768\startup_LPC17xx.s

BOD_IRQHandler 000000B8

Symbol: BOD_IRQHandler
   Definitions
      At line 297 in file RTE\Device\LPC1768\startup_LPC17xx.s
   Uses
      At line 103 in file RTE\Device\LPC1768\startup_LPC17xx.s
      At line 261 in file RTE\Device\LPC1768\startup_LPC17xx.s

BusFault_Handler 000000AC

Symbol: BusFault_Handler
   Definitions
      At line 209 in file RTE\Device\LPC1768\startup_LPC17xx.s
   Uses
      At line 67 in file RTE\Device\LPC1768\startup_LPC17xx.s
      At line 210 in file RTE\Device\LPC1768\startup_LPC17xx.s

CANActivity_IRQHandler 000000B8

Symbol: CANActivity_IRQHandler
   Definitions
      At line 308 in file RTE\Device\LPC1768\startup_LPC17xx.s
   Uses
      At line 114 in file RTE\Device\LPC1768\startup_LPC17xx.s
      At line 272 in file RTE\Device\LPC1768\startup_LPC17xx.s

CAN_IRQHandler 000000B8

Symbol: CAN_IRQHandler
   Definitions
      At line 299 in file RTE\Device\LPC1768\startup_LPC17xx.s
   Uses
      At line 105 in file RTE\Device\LPC1768\startup_LPC17xx.s
      At line 263 in file RTE\Device\LPC1768\startup_LPC17xx.s

DMA_IRQHandler 000000B8

Symbol: DMA_IRQHandler
   Definitions
      At line 300 in file RTE\Device\LPC1768\startup_LPC17xx.s
   Uses



ARM Macro Assembler    Page 2 Alphabetic symbol ordering
Relocatable symbols

      At line 106 in file RTE\Device\LPC1768\startup_LPC17xx.s
      At line 264 in file RTE\Device\LPC1768\startup_LPC17xx.s

DebugMon_Handler 000000B2

Symbol: DebugMon_Handler
   Definitions
      At line 223 in file RTE\Device\LPC1768\startup_LPC17xx.s
   Uses
      At line 74 in file RTE\Device\LPC1768\startup_LPC17xx.s
      At line 224 in file RTE\Device\LPC1768\startup_LPC17xx.s

Default_Handler 000000B8

Symbol: Default_Handler
   Definitions
      At line 236 in file RTE\Device\LPC1768\startup_LPC17xx.s
   Uses
      None
Comment: Default_Handler unused
EINT0_IRQHandler 000000B8

Symbol: EINT0_IRQHandler
   Definitions
      At line 292 in file RTE\Device\LPC1768\startup_LPC17xx.s
   Uses
      At line 98 in file RTE\Device\LPC1768\startup_LPC17xx.s
      At line 256 in file RTE\Device\LPC1768\startup_LPC17xx.s

EINT1_IRQHandler 000000B8

Symbol: EINT1_IRQHandler
   Definitions
      At line 293 in file RTE\Device\LPC1768\startup_LPC17xx.s
   Uses
      At line 99 in file RTE\Device\LPC1768\startup_LPC17xx.s
      At line 257 in file RTE\Device\LPC1768\startup_LPC17xx.s

EINT2_IRQHandler 000000B8

Symbol: EINT2_IRQHandler
   Definitions
      At line 294 in file RTE\Device\LPC1768\startup_LPC17xx.s
   Uses
      At line 100 in file RTE\Device\LPC1768\startup_LPC17xx.s
      At line 258 in file RTE\Device\LPC1768\startup_LPC17xx.s

EINT3_IRQHandler 000000B8

Symbol: EINT3_IRQHandler
   Definitions
      At line 295 in file RTE\Device\LPC1768\startup_LPC17xx.s
   Uses
      At line 101 in file RTE\Device\LPC1768\startup_LPC17xx.s
      At line 259 in file RTE\Device\LPC1768\startup_LPC17xx.s

ENET_IRQHandler 000000B8

Symbol: ENET_IRQHandler



ARM Macro Assembler    Page 3 Alphabetic symbol ordering
Relocatable symbols

   Definitions
      At line 302 in file RTE\Device\LPC1768\startup_LPC17xx.s
   Uses
      At line 108 in file RTE\Device\LPC1768\startup_LPC17xx.s
      At line 266 in file RTE\Device\LPC1768\startup_LPC17xx.s

HardFault_Handler 000000A8

Symbol: HardFault_Handler
   Definitions
      At line 199 in file RTE\Device\LPC1768\startup_LPC17xx.s
   Uses
      At line 65 in file RTE\Device\LPC1768\startup_LPC17xx.s
      At line 200 in file RTE\Device\LPC1768\startup_LPC17xx.s

I2C0_IRQHandler 000000B8

Symbol: I2C0_IRQHandler
   Definitions
      At line 284 in file RTE\Device\LPC1768\startup_LPC17xx.s
   Uses
      At line 90 in file RTE\Device\LPC1768\startup_LPC17xx.s
      At line 248 in file RTE\Device\LPC1768\startup_LPC17xx.s

I2C1_IRQHandler 000000B8

Symbol: I2C1_IRQHandler
   Definitions
      At line 285 in file RTE\Device\LPC1768\startup_LPC17xx.s
   Uses
      At line 91 in file RTE\Device\LPC1768\startup_LPC17xx.s
      At line 249 in file RTE\Device\LPC1768\startup_LPC17xx.s

I2C2_IRQHandler 000000B8

Symbol: I2C2_IRQHandler
   Definitions
      At line 286 in file RTE\Device\LPC1768\startup_LPC17xx.s
   Uses
      At line 92 in file RTE\Device\LPC1768\startup_LPC17xx.s
      At line 250 in file RTE\Device\LPC1768\startup_LPC17xx.s

I2S_IRQHandler 000000B8

Symbol: I2S_IRQHandler
   Definitions
      At line 301 in file RTE\Device\LPC1768\startup_LPC17xx.s
   Uses
      At line 107 in file RTE\Device\LPC1768\startup_LPC17xx.s
      At line 265 in file RTE\Device\LPC1768\startup_LPC17xx.s

MCPWM_IRQHandler 000000B8

Symbol: MCPWM_IRQHandler
   Definitions
      At line 304 in file RTE\Device\LPC1768\startup_LPC17xx.s
   Uses
      At line 110 in file RTE\Device\LPC1768\startup_LPC17xx.s
      At line 268 in file RTE\Device\LPC1768\startup_LPC17xx.s



ARM Macro Assembler    Page 4 Alphabetic symbol ordering
Relocatable symbols


MemManage_Handler 000000AA

Symbol: MemManage_Handler
   Definitions
      At line 204 in file RTE\Device\LPC1768\startup_LPC17xx.s
   Uses
      At line 66 in file RTE\Device\LPC1768\startup_LPC17xx.s
      At line 205 in file RTE\Device\LPC1768\startup_LPC17xx.s

NMI_Handler 000000A6

Symbol: NMI_Handler
   Definitions
      At line 194 in file RTE\Device\LPC1768\startup_LPC17xx.s
   Uses
      At line 64 in file RTE\Device\LPC1768\startup_LPC17xx.s
      At line 195 in file RTE\Device\LPC1768\startup_LPC17xx.s

PLL0_IRQHandler 000000B8

Symbol: PLL0_IRQHandler
   Definitions
      At line 290 in file RTE\Device\LPC1768\startup_LPC17xx.s
   Uses
      At line 96 in file RTE\Device\LPC1768\startup_LPC17xx.s
      At line 254 in file RTE\Device\LPC1768\startup_LPC17xx.s

PLL1_IRQHandler 000000B8

Symbol: PLL1_IRQHandler
   Definitions
      At line 306 in file RTE\Device\LPC1768\startup_LPC17xx.s
   Uses
      At line 112 in file RTE\Device\LPC1768\startup_LPC17xx.s
      At line 270 in file RTE\Device\LPC1768\startup_LPC17xx.s

PWM1_IRQHandler 000000B8

Symbol: PWM1_IRQHandler
   Definitions
      At line 283 in file RTE\Device\LPC1768\startup_LPC17xx.s
   Uses
      At line 89 in file RTE\Device\LPC1768\startup_LPC17xx.s
      At line 247 in file RTE\Device\LPC1768\startup_LPC17xx.s

PendSV_Handler 000000B4

Symbol: PendSV_Handler
   Definitions
      At line 227 in file RTE\Device\LPC1768\startup_LPC17xx.s
   Uses
      At line 76 in file RTE\Device\LPC1768\startup_LPC17xx.s
      At line 228 in file RTE\Device\LPC1768\startup_LPC17xx.s

QEI_IRQHandler 000000B8

Symbol: QEI_IRQHandler
   Definitions



ARM Macro Assembler    Page 5 Alphabetic symbol ordering
Relocatable symbols

      At line 305 in file RTE\Device\LPC1768\startup_LPC17xx.s
   Uses
      At line 111 in file RTE\Device\LPC1768\startup_LPC17xx.s
      At line 269 in file RTE\Device\LPC1768\startup_LPC17xx.s

RIT_IRQHandler 000000B8

Symbol: RIT_IRQHandler
   Definitions
      At line 303 in file RTE\Device\LPC1768\startup_LPC17xx.s
   Uses
      At line 109 in file RTE\Device\LPC1768\startup_LPC17xx.s
      At line 267 in file RTE\Device\LPC1768\startup_LPC17xx.s

RTC_IRQHandler 000000B8

Symbol: RTC_IRQHandler
   Definitions
      At line 291 in file RTE\Device\LPC1768\startup_LPC17xx.s
   Uses
      At line 97 in file RTE\Device\LPC1768\startup_LPC17xx.s
      At line 255 in file RTE\Device\LPC1768\startup_LPC17xx.s

Reset_Handler 00000020

Symbol: Reset_Handler
   Definitions
      At line 130 in file RTE\Device\LPC1768\startup_LPC17xx.s
   Uses
      At line 63 in file RTE\Device\LPC1768\startup_LPC17xx.s
      At line 131 in file RTE\Device\LPC1768\startup_LPC17xx.s

SPI_IRQHandler 000000B8

Symbol: SPI_IRQHandler
   Definitions
      At line 287 in file RTE\Device\LPC1768\startup_LPC17xx.s
   Uses
      At line 93 in file RTE\Device\LPC1768\startup_LPC17xx.s
      At line 251 in file RTE\Device\LPC1768\startup_LPC17xx.s

SSP0_IRQHandler 000000B8

Symbol: SSP0_IRQHandler
   Definitions
      At line 288 in file RTE\Device\LPC1768\startup_LPC17xx.s
   Uses
      At line 94 in file RTE\Device\LPC1768\startup_LPC17xx.s
      At line 252 in file RTE\Device\LPC1768\startup_LPC17xx.s

SSP1_IRQHandler 000000B8

Symbol: SSP1_IRQHandler
   Definitions
      At line 289 in file RTE\Device\LPC1768\startup_LPC17xx.s
   Uses
      At line 95 in file RTE\Device\LPC1768\startup_LPC17xx.s
      At line 253 in file RTE\Device\LPC1768\startup_LPC17xx.s




ARM Macro Assembler    Page 6 Alphabetic symbol ordering
Relocatable symbols

SVC_Handler 000000B0

Symbol: SVC_Handler
   Definitions
      At line 218 in file RTE\Device\LPC1768\startup_LPC17xx.s
   Uses
      At line 73 in file RTE\Device\LPC1768\startup_LPC17xx.s
      At line 219 in file RTE\Device\LPC1768\startup_LPC17xx.s

SysTick_Handler 000000B6

Symbol: SysTick_Handler
   Definitions
      At line 231 in file RTE\Device\LPC1768\startup_LPC17xx.s
   Uses
      At line 77 in file RTE\Device\LPC1768\startup_LPC17xx.s
      At line 232 in file RTE\Device\LPC1768\startup_LPC17xx.s

TIMER0_IRQHandler 000000B8

Symbol: TIMER0_IRQHandler
   Definitions
      At line 275 in file RTE\Device\LPC1768\startup_LPC17xx.s
   Uses
      At line 81 in file RTE\Device\LPC1768\startup_LPC17xx.s
      At line 239 in file RTE\Device\LPC1768\startup_LPC17xx.s

TIMER1_IRQHandler 000000B8

Symbol: TIMER1_IRQHandler
   Definitions
      At line 276 in file RTE\Device\LPC1768\startup_LPC17xx.s
   Uses
      At line 82 in file RTE\Device\LPC1768\startup_LPC17xx.s
      At line 240 in file RTE\Device\LPC1768\startup_LPC17xx.s

TIMER2_IRQHandler 000000B8

Symbol: TIMER2_IRQHandler
   Definitions
      At line 277 in file RTE\Device\LPC1768\startup_LPC17xx.s
   Uses
      At line 83 in file RTE\Device\LPC1768\startup_LPC17xx.s
      At line 241 in file RTE\Device\LPC1768\startup_LPC17xx.s

TIMER3_IRQHandler 000000B8

Symbol: TIMER3_IRQHandler
   Definitions
      At line 278 in file RTE\Device\LPC1768\startup_LPC17xx.s
   Uses
      At line 84 in file RTE\Device\LPC1768\startup_LPC17xx.s
      At line 242 in file RTE\Device\LPC1768\startup_LPC17xx.s

UART0_IRQHandler 000000B8

Symbol: UART0_IRQHandler
   Definitions
      At line 279 in file RTE\Device\LPC1768\startup_LPC17xx.s



ARM Macro Assembler    Page 7 Alphabetic symbol ordering
Relocatable symbols

   Uses
      At line 85 in file RTE\Device\LPC1768\startup_LPC17xx.s
      At line 243 in file RTE\Device\LPC1768\startup_LPC17xx.s

UART1_IRQHandler 000000B8

Symbol: UART1_IRQHandler
   Definitions
      At line 280 in file RTE\Device\LPC1768\startup_LPC17xx.s
   Uses
      At line 86 in file RTE\Device\LPC1768\startup_LPC17xx.s
      At line 244 in file RTE\Device\LPC1768\startup_LPC17xx.s

UART2_IRQHandler 000000B8

Symbol: UART2_IRQHandler
   Definitions
      At line 281 in file RTE\Device\LPC1768\startup_LPC17xx.s
   Uses
      At line 87 in file RTE\Device\LPC1768\startup_LPC17xx.s
      At line 245 in file RTE\Device\LPC1768\startup_LPC17xx.s

UART3_IRQHandler 000000B8

Symbol: UART3_IRQHandler
   Definitions
      At line 282 in file RTE\Device\LPC1768\startup_LPC17xx.s
   Uses
      At line 88 in file RTE\Device\LPC1768\startup_LPC17xx.s
      At line 246 in file RTE\Device\LPC1768\startup_LPC17xx.s

USBActivity_IRQHandler 000000B8

Symbol: USBActivity_IRQHandler
   Definitions
      At line 307 in file RTE\Device\LPC1768\startup_LPC17xx.s
   Uses
      At line 113 in file RTE\Device\LPC1768\startup_LPC17xx.s
      At line 271 in file RTE\Device\LPC1768\startup_LPC17xx.s

USB_IRQHandler 000000B8

Symbol: USB_IRQHandler
   Definitions
      At line 298 in file RTE\Device\LPC1768\startup_LPC17xx.s
   Uses
      At line 104 in file RTE\Device\LPC1768\startup_LPC17xx.s
      At line 262 in file RTE\Device\LPC1768\startup_LPC17xx.s

UsageFault_Handler 000000AE

Symbol: UsageFault_Handler
   Definitions
      At line 214 in file RTE\Device\LPC1768\startup_LPC17xx.s
   Uses
      At line 68 in file RTE\Device\LPC1768\startup_LPC17xx.s
      At line 215 in file RTE\Device\LPC1768\startup_LPC17xx.s

WDT_IRQHandler 000000B8



ARM Macro Assembler    Page 8 Alphabetic symbol ordering
Relocatable symbols


Symbol: WDT_IRQHandler
   Definitions
      At line 274 in file RTE\Device\LPC1768\startup_LPC17xx.s
   Uses
      At line 80 in file RTE\Device\LPC1768\startup_LPC17xx.s
      At line 238 in file RTE\Device\LPC1768\startup_LPC17xx.s

__user_initial_stackheap 000000BC

Symbol: __user_initial_stackheap
   Definitions
      At line 330 in file RTE\Device\LPC1768\startup_LPC17xx.s
   Uses
      At line 329 in file RTE\Device\LPC1768\startup_LPC17xx.s
Comment: __user_initial_stackheap used once
myConstants 00000000

Symbol: myConstants
   Definitions
      At line 125 in file RTE\Device\LPC1768\startup_LPC17xx.s
   Uses
      At line 132 in file RTE\Device\LPC1768\startup_LPC17xx.s
      At line 133 in file RTE\Device\LPC1768\startup_LPC17xx.s

stop 000000A4

Symbol: stop
   Definitions
      At line 188 in file RTE\Device\LPC1768\startup_LPC17xx.s
   Uses
      At line 188 in file RTE\Device\LPC1768\startup_LPC17xx.s
Comment: stop used once
50 symbols



ARM Macro Assembler    Page 1 Alphabetic symbol ordering
Absolute symbols

Heap_Size 00000000

Symbol: Heap_Size
   Definitions
      At line 42 in file RTE\Device\LPC1768\startup_LPC17xx.s
   Uses
      At line 46 in file RTE\Device\LPC1768\startup_LPC17xx.s
      At line 334 in file RTE\Device\LPC1768\startup_LPC17xx.s

Stack_Size 00000200

Symbol: Stack_Size
   Definitions
      At line 31 in file RTE\Device\LPC1768\startup_LPC17xx.s
   Uses
      At line 34 in file RTE\Device\LPC1768\startup_LPC17xx.s
      At line 333 in file RTE\Device\LPC1768\startup_LPC17xx.s

2 symbols



ARM Macro Assembler    Page 1 Alphabetic symbol ordering
External symbols

__use_two_region_memory 00000000

Symbol: __use_two_region_memory
   Definitions
      At line 328 in file RTE\Device\LPC1768\startup_LPC17xx.s
   Uses
      None
Comment: __use_two_region_memory unused
1 symbol
406 symbols in table
