


ARM Macro Assembler    Page 1 


    1 00000000         ;/******************************************************
                       ********************//**
    2 00000000         ; * @file     startup_LPC17xx.s
    3 00000000         ; * @brief    CMSIS Cortex-M3 Core Device Startup File f
                       or
    4 00000000         ; *           NXP LPC17xx Device Series
    5 00000000         ; * @version  V1.10
    6 00000000         ; * @date     06. April 2011
    7 00000000         ; *
    8 00000000         ; * @note
    9 00000000         ; * Copyright (C) 2009-2011 ARM Limited. All rights rese
                       rved.
   10 00000000         ; *
   11 00000000         ; * @par
   12 00000000         ; * ARM Limited (ARM) is supplying this software for use
                        with Cortex-M
   13 00000000         ; * processor based microcontrollers.  This file can be 
                       freely distributed
   14 00000000         ; * within development tools that are supporting such AR
                       M based processors.
   15 00000000         ; *
   16 00000000         ; * @par
   17 00000000         ; * THIS SOFTWARE IS PROVIDED "AS IS".  NO WARRANTIES, W
                       HETHER EXPRESS, IMPLIED
   18 00000000         ; * OR STATUTORY, INCLUDING, BUT NOT LIMITED TO, IMPLIED
                        WARRANTIES OF
   19 00000000         ; * MERCHANTABILITY AND FITNESS FOR A PARTICULAR PURPOSE
                        APPLY TO THIS SOFTWARE.
   20 00000000         ; * ARM SHALL NOT, IN ANY CIRCUMSTANCES, BE LIABLE FOR S
                       PECIAL, INCIDENTAL, OR
   21 00000000         ; * CONSEQUENTIAL DAMAGES, FOR ANY REASON WHATSOEVER.
   22 00000000         ; *
   23 00000000         ; ******************************************************
                       ************************/
   24 00000000         
   25 00000000         ; *------- <<< Use Configuration Wizard in Context Menu 
                       >>> ------------------
   26 00000000         
   27 00000000         ; <h> Stack Configuration
   28 00000000         ;   <o> Stack Size (in Bytes) <0x0-0xFFFFFFFF:8>
   29 00000000         ; </h>
   30 00000000         
   31 00000000 00000200 
                       Stack_Size
                               EQU              0x00000200
   32 00000000         
   33 00000000                 AREA             STACK, NOINIT, READWRITE, ALIGN
=3
   34 00000000         Stack_Mem
                               SPACE            Stack_Size
   35 00000200         __initial_sp
   36 00000200         
   37 00000200         
   38 00000200         ; <h> Heap Configuration
   39 00000200         ;   <o>  Heap Size (in Bytes) <0x0-0xFFFFFFFF:8>
   40 00000200         ; </h>
   41 00000200         
   42 00000200 00000000 
                       Heap_Size



ARM Macro Assembler    Page 2 


                               EQU              0x00000000
   43 00000200         
   44 00000200                 AREA             HEAP, NOINIT, READWRITE, ALIGN=
3
   45 00000000         __heap_base
   46 00000000         Heap_Mem
                               SPACE            Heap_Size
   47 00000000         __heap_limit
   48 00000000         
   49 00000000         
   50 00000000                 PRESERVE8
   51 00000000                 THUMB
   52 00000000         
   53 00000000         
   54 00000000         ; Vector Table Mapped to Address 0 at Reset
   55 00000000         
   56 00000000                 AREA             RESET, DATA, READONLY
   57 00000000                 EXPORT           __Vectors
   58 00000000         
   59 00000000 00000000 
                       __Vectors
                               DCD              __initial_sp ; Top of Stack
   60 00000004 00000000        DCD              Reset_Handler ; Reset Handler
   61 00000008 00000000        DCD              NMI_Handler ; NMI Handler
   62 0000000C 00000000        DCD              HardFault_Handler ; Hard Fault 
                                                            Handler
   63 00000010 00000000        DCD              MemManage_Handler 
                                                            ; MPU Fault Handler
                                                            
   64 00000014 00000000        DCD              BusFault_Handler 
                                                            ; Bus Fault Handler
                                                            
   65 00000018 00000000        DCD              UsageFault_Handler ; Usage Faul
                                                            t Handler
   66 0000001C 00000000        DCD              0           ; Reserved
   67 00000020 00000000        DCD              0           ; Reserved
   68 00000024 00000000        DCD              0           ; Reserved
   69 00000028 00000000        DCD              0           ; Reserved
   70 0000002C 00000000        DCD              SVC_Handler ; SVCall Handler
   71 00000030 00000000        DCD              DebugMon_Handler ; Debug Monito
                                                            r Handler
   72 00000034 00000000        DCD              0           ; Reserved
   73 00000038 00000000        DCD              PendSV_Handler ; PendSV Handler
                                                            
   74 0000003C 00000000        DCD              SysTick_Handler 
                                                            ; SysTick Handler
   75 00000040         
   76 00000040         ; External Interrupts
   77 00000040 00000000        DCD              WDT_IRQHandler ; 16: Watchdog T
                                                            imer
   78 00000044 00000000        DCD              TIMER0_IRQHandler ; 17: Timer0
   79 00000048 00000000        DCD              TIMER1_IRQHandler ; 18: Timer1
   80 0000004C 00000000        DCD              TIMER2_IRQHandler ; 19: Timer2
   81 00000050 00000000        DCD              TIMER3_IRQHandler ; 20: Timer3
   82 00000054 00000000        DCD              UART0_IRQHandler ; 21: UART0
   83 00000058 00000000        DCD              UART1_IRQHandler ; 22: UART1
   84 0000005C 00000000        DCD              UART2_IRQHandler ; 23: UART2
   85 00000060 00000000        DCD              UART3_IRQHandler ; 24: UART3
   86 00000064 00000000        DCD              PWM1_IRQHandler ; 25: PWM1



ARM Macro Assembler    Page 3 


   87 00000068 00000000        DCD              I2C0_IRQHandler ; 26: I2C0
   88 0000006C 00000000        DCD              I2C1_IRQHandler ; 27: I2C1
   89 00000070 00000000        DCD              I2C2_IRQHandler ; 28: I2C2
   90 00000074 00000000        DCD              SPI_IRQHandler ; 29: SPI
   91 00000078 00000000        DCD              SSP0_IRQHandler ; 30: SSP0
   92 0000007C 00000000        DCD              SSP1_IRQHandler ; 31: SSP1
   93 00000080 00000000        DCD              PLL0_IRQHandler ; 32: PLL0 Lock
                                                             (Main PLL)
   94 00000084 00000000        DCD              RTC_IRQHandler ; 33: Real Time 
                                                            Clock
   95 00000088 00000000        DCD              EINT0_IRQHandler ; 34: External
                                                             Interrupt 0
   96 0000008C 00000000        DCD              EINT1_IRQHandler ; 35: External
                                                             Interrupt 1
   97 00000090 00000000        DCD              EINT2_IRQHandler ; 36: External
                                                             Interrupt 2
   98 00000094 00000000        DCD              EINT3_IRQHandler ; 37: External
                                                             Interrupt 3
   99 00000098 00000000        DCD              ADC_IRQHandler 
                                                            ; 38: A/D Converter
                                                            
  100 0000009C 00000000        DCD              BOD_IRQHandler ; 39: Brown-Out 
                                                            Detect
  101 000000A0 00000000        DCD              USB_IRQHandler ; 40: USB
  102 000000A4 00000000        DCD              CAN_IRQHandler ; 41: CAN
  103 000000A8 00000000        DCD              DMA_IRQHandler ; 42: General Pu
                                                            rpose DMA
  104 000000AC 00000000        DCD              I2S_IRQHandler ; 43: I2S
  105 000000B0 00000000        DCD              ENET_IRQHandler ; 44: Ethernet
  106 000000B4 00000000        DCD              RIT_IRQHandler ; 45: Repetitive
                                                             Interrupt Timer
  107 000000B8 00000000        DCD              MCPWM_IRQHandler ; 46: Motor Co
                                                            ntrol PWM
  108 000000BC 00000000        DCD              QEI_IRQHandler ; 47: Quadrature
                                                             Encoder Interface
  109 000000C0 00000000        DCD              PLL1_IRQHandler ; 48: PLL1 Lock
                                                             (USB PLL)
  110 000000C4 00000000        DCD              USBActivity_IRQHandler ; 49: US
                                                            B Activity interrup
                                                            t to wakeup
  111 000000C8 00000000        DCD              CANActivity_IRQHandler ; 50: CA
                                                            N Activity interrup
                                                            t to wakeup
  112 000000CC         
  113 000000CC         
  114 000000CC                 IF               :LNOT::DEF:NO_CRP
  115 000000CC                 AREA             |.ARM.__at_0x02FC|, CODE, READO
NLY
  116 00000000 FFFFFFFF 
                       CRP_Key DCD              0xFFFFFFFF
  117 00000004                 ENDIF
  118 00000004         
  119 00000004                 AREA             MYDATA, DATA, READWRITE
  120 00000000 00000000 
                       MYSMUAD DCD              0
  121 00000004 00000000 
                       MYSMUSD DCD              0
  122 00000008         
  123 00000008                 AREA             |.text|, CODE, READONLY



ARM Macro Assembler    Page 4 


  124 00000000         
  125 00000000         
  126 00000000         ; Reset Handler
  127 00000000         
  128 00000000         Reset_Handler
                               PROC
  129 00000000                 EXPORT           Reset_Handler             [WEAK
]
  130 00000000 4824            LDR              R0, =0x7A30458D
  131 00000002 4925            LDR              R1, =0xC3159EAA
  132 00000004 F7FF FFFE       BL               mySMUAD
  133 00000008         
  134 00000008 4822            LDR              R0, =0x7A30458D
  135 0000000A 4923            LDR              R1, =0xC3159EAA
  136 0000000C F7FF FFFE       BL               mySMUSD
  137 00000010 E7FE    stop    B                stop
  138 00000012                 ENDP
  139 00000012         
  140 00000012         
  141 00000012         mySMUAD PROC
  142 00000012 E92D 4DF0       PUSH             {R4-R8, R10, R11, LR}
  143 00000016 4604            MOV              R4, R0
  144 00000018 460D            MOV              R5, R1
  145 0000001A         
  146 0000001A EA4F 4404       LSL              R4, #16
  147 0000001E EA4F 4505       LSL              R5, #16
  148 00000022         
  149 00000022 FB84 7805       SMULL            R7, R8, R4, R5
  150 00000026         
  151 00000026 EA4F 4010       LSR              R0, #16
  152 0000002A EA4F 4111       LSR              R1, #16
  153 0000002E EA4F 4000       LSL              R0, #16
  154 00000032 EA4F 4101       LSL              R1, #16
  155 00000036         
  156 00000036 FB80 4501       SMULL            R4, R5, R0, R1
  157 0000003A         
  158 0000003A EB08 0005       ADD              R0, R8, R5
  159 0000003E         
  160 0000003E E8BD 8DF0       POP              {R4-R8, R10, R11, PC}
  161 00000042         
  162 00000042                 ENDP
  163 00000042         
  164 00000042         mySMUSD PROC
  165 00000042 E92D 4FF0       PUSH             {R4-R9, R10, R11, LR}
  166 00000046 4604            MOV              R4, R0
  167 00000048 460D            MOV              R5, R1
  168 0000004A         
  169 0000004A EA4F 4404       LSL              R4, #16
  170 0000004E EA4F 4505       LSL              R5, #16
  171 00000052         
  172 00000052 FB84 7805       SMULL            R7, R8, R4, R5
  173 00000056         
  174 00000056 EA4F 4010       LSR              R0, #16
  175 0000005A EA4F 4111       LSR              R1, #16
  176 0000005E EA4F 4000       LSL              R0, #16
  177 00000062 EA4F 4101       LSL              R1, #16
  178 00000066         
  179 00000066 FB80 4501       SMULL            R4, R5, R0, R1
  180 0000006A         



ARM Macro Assembler    Page 5 


  181 0000006A EBA8 0005       SUB              R0, R8, R5
  182 0000006E         
  183 0000006E E8BD 8FF0       POP              {R4-R9, R10, R11, PC}
  184 00000072         
  185 00000072                 ENDP
  186 00000072         
  187 00000072         
  188 00000072         
  189 00000072         
  190 00000072         ; Dummy Exception Handlers (infinite loops which can be 
                       modified)
  191 00000072         
  192 00000072         NMI_Handler
                               PROC
  193 00000072                 EXPORT           NMI_Handler               [WEAK
]
  194 00000072 E7FE            B                .
  195 00000074                 ENDP
  197 00000074         HardFault_Handler
                               PROC
  198 00000074                 EXPORT           HardFault_Handler         [WEAK
]
  199 00000074 E7FE            B                .
  200 00000076                 ENDP
  202 00000076         MemManage_Handler
                               PROC
  203 00000076                 EXPORT           MemManage_Handler         [WEAK
]
  204 00000076 E7FE            B                .
  205 00000078                 ENDP
  207 00000078         BusFault_Handler
                               PROC
  208 00000078                 EXPORT           BusFault_Handler          [WEAK
]
  209 00000078 E7FE            B                .
  210 0000007A                 ENDP
  212 0000007A         UsageFault_Handler
                               PROC
  213 0000007A                 EXPORT           UsageFault_Handler        [WEAK
]
  214 0000007A E7FE            B                .
  215 0000007C                 ENDP
  216 0000007C         SVC_Handler
                               PROC
  217 0000007C                 EXPORT           SVC_Handler               [WEAK
]
  218 0000007C E7FE            B                .
  219 0000007E                 ENDP
  221 0000007E         DebugMon_Handler
                               PROC
  222 0000007E                 EXPORT           DebugMon_Handler          [WEAK
]
  223 0000007E E7FE            B                .
  224 00000080                 ENDP
  225 00000080         PendSV_Handler
                               PROC
  226 00000080                 EXPORT           PendSV_Handler            [WEAK
]
  227 00000080 E7FE            B                .



ARM Macro Assembler    Page 6 


  228 00000082                 ENDP
  229 00000082         SysTick_Handler
                               PROC
  230 00000082                 EXPORT           SysTick_Handler           [WEAK
]
  231 00000082 E7FE            B                .
  232 00000084                 ENDP
  233 00000084         
  234 00000084         Default_Handler
                               PROC
  235 00000084         
  236 00000084                 EXPORT           WDT_IRQHandler            [WEAK
]
  237 00000084                 EXPORT           TIMER0_IRQHandler         [WEAK
]
  238 00000084                 EXPORT           TIMER1_IRQHandler         [WEAK
]
  239 00000084                 EXPORT           TIMER2_IRQHandler         [WEAK
]
  240 00000084                 EXPORT           TIMER3_IRQHandler         [WEAK
]
  241 00000084                 EXPORT           UART0_IRQHandler          [WEAK
]
  242 00000084                 EXPORT           UART1_IRQHandler          [WEAK
]
  243 00000084                 EXPORT           UART2_IRQHandler          [WEAK
]
  244 00000084                 EXPORT           UART3_IRQHandler          [WEAK
]
  245 00000084                 EXPORT           PWM1_IRQHandler           [WEAK
]
  246 00000084                 EXPORT           I2C0_IRQHandler           [WEAK
]
  247 00000084                 EXPORT           I2C1_IRQHandler           [WEAK
]
  248 00000084                 EXPORT           I2C2_IRQHandler           [WEAK
]
  249 00000084                 EXPORT           SPI_IRQHandler            [WEAK
]
  250 00000084                 EXPORT           SSP0_IRQHandler           [WEAK
]
  251 00000084                 EXPORT           SSP1_IRQHandler           [WEAK
]
  252 00000084                 EXPORT           PLL0_IRQHandler           [WEAK
]
  253 00000084                 EXPORT           RTC_IRQHandler            [WEAK
]
  254 00000084                 EXPORT           EINT0_IRQHandler          [WEAK
]
  255 00000084                 EXPORT           EINT1_IRQHandler          [WEAK
]
  256 00000084                 EXPORT           EINT2_IRQHandler          [WEAK
]
  257 00000084                 EXPORT           EINT3_IRQHandler          [WEAK
]
  258 00000084                 EXPORT           ADC_IRQHandler            [WEAK
]
  259 00000084                 EXPORT           BOD_IRQHandler            [WEAK
]



ARM Macro Assembler    Page 7 


  260 00000084                 EXPORT           USB_IRQHandler            [WEAK
]
  261 00000084                 EXPORT           CAN_IRQHandler            [WEAK
]
  262 00000084                 EXPORT           DMA_IRQHandler            [WEAK
]
  263 00000084                 EXPORT           I2S_IRQHandler            [WEAK
]
  264 00000084                 EXPORT           ENET_IRQHandler           [WEAK
]
  265 00000084                 EXPORT           RIT_IRQHandler            [WEAK
]
  266 00000084                 EXPORT           MCPWM_IRQHandler          [WEAK
]
  267 00000084                 EXPORT           QEI_IRQHandler            [WEAK
]
  268 00000084                 EXPORT           PLL1_IRQHandler           [WEAK
]
  269 00000084                 EXPORT           USBActivity_IRQHandler    [WEAK
]
  270 00000084                 EXPORT           CANActivity_IRQHandler    [WEAK
]
  271 00000084         
  272 00000084         WDT_IRQHandler
  273 00000084         TIMER0_IRQHandler
  274 00000084         TIMER1_IRQHandler
  275 00000084         TIMER2_IRQHandler
  276 00000084         TIMER3_IRQHandler
  277 00000084         UART0_IRQHandler
  278 00000084         UART1_IRQHandler
  279 00000084         UART2_IRQHandler
  280 00000084         UART3_IRQHandler
  281 00000084         PWM1_IRQHandler
  282 00000084         I2C0_IRQHandler
  283 00000084         I2C1_IRQHandler
  284 00000084         I2C2_IRQHandler
  285 00000084         SPI_IRQHandler
  286 00000084         SSP0_IRQHandler
  287 00000084         SSP1_IRQHandler
  288 00000084         PLL0_IRQHandler
  289 00000084         RTC_IRQHandler
  290 00000084         EINT0_IRQHandler
  291 00000084         EINT1_IRQHandler
  292 00000084         EINT2_IRQHandler
  293 00000084         EINT3_IRQHandler
  294 00000084         ADC_IRQHandler
  295 00000084         BOD_IRQHandler
  296 00000084         USB_IRQHandler
  297 00000084         CAN_IRQHandler
  298 00000084         DMA_IRQHandler
  299 00000084         I2S_IRQHandler
  300 00000084         ENET_IRQHandler
  301 00000084         RIT_IRQHandler
  302 00000084         MCPWM_IRQHandler
  303 00000084         QEI_IRQHandler
  304 00000084         PLL1_IRQHandler
  305 00000084         USBActivity_IRQHandler
  306 00000084         CANActivity_IRQHandler
  307 00000084         



ARM Macro Assembler    Page 8 


  308 00000084 E7FE            B                .
  309 00000086         
  310 00000086                 ENDP
  311 00000086         
  312 00000086         
  313 00000086 00 00           ALIGN
  314 00000088         
  315 00000088         
  316 00000088         ; User Initial Stack & Heap
  317 00000088         
  318 00000088                 IF               :DEF:__MICROLIB
  325 00000088         
  326 00000088                 IMPORT           __use_two_region_memory
  327 00000088                 EXPORT           __user_initial_stackheap
  328 00000088         __user_initial_stackheap
  329 00000088         
  330 00000088 4804            LDR              R0, =  Heap_Mem
  331 0000008A 4905            LDR              R1, =(Stack_Mem + Stack_Size)
  332 0000008C 4A03            LDR              R2, = (Heap_Mem +  Heap_Size)
  333 0000008E 4B05            LDR              R3, = Stack_Mem
  334 00000090 4770            BX               LR
  335 00000092         
  336 00000092 00 00           ALIGN
  337 00000094         
  338 00000094                 ENDIF
  339 00000094         
  340 00000094         
  341 00000094                 END
              7A30458D 
              C3159EAA 
              00000000 
              00000200 
              00000000 
Command Line: --debug --xref --diag_suppress=9931 --cpu=Cortex-M3 --apcs=interw
ork --depend=.\objects\startup_lpc17xx.d -o.\objects\startup_lpc17xx.o -I.\RTE\
Device\LPC1768 -I.\RTE\_Target_1 -I"D:\Program Files\Keil_V5\pack\ARM\CMSIS\5.6
.0\CMSIS\Core\Include" -I"D:\Program Files\Keil_V5\pack\Keil\LPC1700_DFP\2.6.0\
Device\Include" --predefine="__EVAL SETA 1" --predefine="__UVISION_VERSION SETA
 529" --predefine="_RTE_ SETA 1" --predefine="LPC175x_6x SETA 1" --list=.\listi
ngs\startup_lpc17xx.lst RTE\Device\LPC1768\startup_LPC17xx.s



ARM Macro Assembler    Page 1 Alphabetic symbol ordering
Relocatable symbols

STACK 00000000

Symbol: STACK
   Definitions
      At line 33 in file RTE\Device\LPC1768\startup_LPC17xx.s
   Uses
      None
Comment: STACK unused
Stack_Mem 00000000

Symbol: Stack_Mem
   Definitions
      At line 34 in file RTE\Device\LPC1768\startup_LPC17xx.s
   Uses
      At line 331 in file RTE\Device\LPC1768\startup_LPC17xx.s
      At line 333 in file RTE\Device\LPC1768\startup_LPC17xx.s

__initial_sp 00000200

Symbol: __initial_sp
   Definitions
      At line 35 in file RTE\Device\LPC1768\startup_LPC17xx.s
   Uses
      At line 59 in file RTE\Device\LPC1768\startup_LPC17xx.s
Comment: __initial_sp used once
3 symbols



ARM Macro Assembler    Page 1 Alphabetic symbol ordering
Relocatable symbols

HEAP 00000000

Symbol: HEAP
   Definitions
      At line 44 in file RTE\Device\LPC1768\startup_LPC17xx.s
   Uses
      None
Comment: HEAP unused
Heap_Mem 00000000

Symbol: Heap_Mem
   Definitions
      At line 46 in file RTE\Device\LPC1768\startup_LPC17xx.s
   Uses
      At line 330 in file RTE\Device\LPC1768\startup_LPC17xx.s
      At line 332 in file RTE\Device\LPC1768\startup_LPC17xx.s

__heap_base 00000000

Symbol: __heap_base
   Definitions
      At line 45 in file RTE\Device\LPC1768\startup_LPC17xx.s
   Uses
      None
Comment: __heap_base unused
__heap_limit 00000000

Symbol: __heap_limit
   Definitions
      At line 47 in file RTE\Device\LPC1768\startup_LPC17xx.s
   Uses
      None
Comment: __heap_limit unused
4 symbols



ARM Macro Assembler    Page 1 Alphabetic symbol ordering
Relocatable symbols

RESET 00000000

Symbol: RESET
   Definitions
      At line 56 in file RTE\Device\LPC1768\startup_LPC17xx.s
   Uses
      None
Comment: RESET unused
__Vectors 00000000

Symbol: __Vectors
   Definitions
      At line 59 in file RTE\Device\LPC1768\startup_LPC17xx.s
   Uses
      At line 57 in file RTE\Device\LPC1768\startup_LPC17xx.s
Comment: __Vectors used once
2 symbols



ARM Macro Assembler    Page 1 Alphabetic symbol ordering
Relocatable symbols

.ARM.__at_0x02FC 00000000

Symbol: .ARM.__at_0x02FC
   Definitions
      At line 115 in file RTE\Device\LPC1768\startup_LPC17xx.s
   Uses
      None
Comment: .ARM.__at_0x02FC unused
CRP_Key 00000000

Symbol: CRP_Key
   Definitions
      At line 116 in file RTE\Device\LPC1768\startup_LPC17xx.s
   Uses
      None
Comment: CRP_Key unused
2 symbols



ARM Macro Assembler    Page 1 Alphabetic symbol ordering
Relocatable symbols

MYDATA 00000000

Symbol: MYDATA
   Definitions
      At line 119 in file RTE\Device\LPC1768\startup_LPC17xx.s
   Uses
      None
Comment: MYDATA unused
MYSMUAD 00000000

Symbol: MYSMUAD
   Definitions
      At line 120 in file RTE\Device\LPC1768\startup_LPC17xx.s
   Uses
      None
Comment: MYSMUAD unused
MYSMUSD 00000004

Symbol: MYSMUSD
   Definitions
      At line 121 in file RTE\Device\LPC1768\startup_LPC17xx.s
   Uses
      None
Comment: MYSMUSD unused
3 symbols



ARM Macro Assembler    Page 1 Alphabetic symbol ordering
Relocatable symbols

.text 00000000

Symbol: .text
   Definitions
      At line 123 in file RTE\Device\LPC1768\startup_LPC17xx.s
   Uses
      None
Comment: .text unused
ADC_IRQHandler 00000084

Symbol: ADC_IRQHandler
   Definitions
      At line 294 in file RTE\Device\LPC1768\startup_LPC17xx.s
   Uses
      At line 99 in file RTE\Device\LPC1768\startup_LPC17xx.s
      At line 258 in file RTE\Device\LPC1768\startup_LPC17xx.s

BOD_IRQHandler 00000084

Symbol: BOD_IRQHandler
   Definitions
      At line 295 in file RTE\Device\LPC1768\startup_LPC17xx.s
   Uses
      At line 100 in file RTE\Device\LPC1768\startup_LPC17xx.s
      At line 259 in file RTE\Device\LPC1768\startup_LPC17xx.s

BusFault_Handler 00000078

Symbol: BusFault_Handler
   Definitions
      At line 207 in file RTE\Device\LPC1768\startup_LPC17xx.s
   Uses
      At line 64 in file RTE\Device\LPC1768\startup_LPC17xx.s
      At line 208 in file RTE\Device\LPC1768\startup_LPC17xx.s

CANActivity_IRQHandler 00000084

Symbol: CANActivity_IRQHandler
   Definitions
      At line 306 in file RTE\Device\LPC1768\startup_LPC17xx.s
   Uses
      At line 111 in file RTE\Device\LPC1768\startup_LPC17xx.s
      At line 270 in file RTE\Device\LPC1768\startup_LPC17xx.s

CAN_IRQHandler 00000084

Symbol: CAN_IRQHandler
   Definitions
      At line 297 in file RTE\Device\LPC1768\startup_LPC17xx.s
   Uses
      At line 102 in file RTE\Device\LPC1768\startup_LPC17xx.s
      At line 261 in file RTE\Device\LPC1768\startup_LPC17xx.s

DMA_IRQHandler 00000084

Symbol: DMA_IRQHandler
   Definitions
      At line 298 in file RTE\Device\LPC1768\startup_LPC17xx.s
   Uses



ARM Macro Assembler    Page 2 Alphabetic symbol ordering
Relocatable symbols

      At line 103 in file RTE\Device\LPC1768\startup_LPC17xx.s
      At line 262 in file RTE\Device\LPC1768\startup_LPC17xx.s

DebugMon_Handler 0000007E

Symbol: DebugMon_Handler
   Definitions
      At line 221 in file RTE\Device\LPC1768\startup_LPC17xx.s
   Uses
      At line 71 in file RTE\Device\LPC1768\startup_LPC17xx.s
      At line 222 in file RTE\Device\LPC1768\startup_LPC17xx.s

Default_Handler 00000084

Symbol: Default_Handler
   Definitions
      At line 234 in file RTE\Device\LPC1768\startup_LPC17xx.s
   Uses
      None
Comment: Default_Handler unused
EINT0_IRQHandler 00000084

Symbol: EINT0_IRQHandler
   Definitions
      At line 290 in file RTE\Device\LPC1768\startup_LPC17xx.s
   Uses
      At line 95 in file RTE\Device\LPC1768\startup_LPC17xx.s
      At line 254 in file RTE\Device\LPC1768\startup_LPC17xx.s

EINT1_IRQHandler 00000084

Symbol: EINT1_IRQHandler
   Definitions
      At line 291 in file RTE\Device\LPC1768\startup_LPC17xx.s
   Uses
      At line 96 in file RTE\Device\LPC1768\startup_LPC17xx.s
      At line 255 in file RTE\Device\LPC1768\startup_LPC17xx.s

EINT2_IRQHandler 00000084

Symbol: EINT2_IRQHandler
   Definitions
      At line 292 in file RTE\Device\LPC1768\startup_LPC17xx.s
   Uses
      At line 97 in file RTE\Device\LPC1768\startup_LPC17xx.s
      At line 256 in file RTE\Device\LPC1768\startup_LPC17xx.s

EINT3_IRQHandler 00000084

Symbol: EINT3_IRQHandler
   Definitions
      At line 293 in file RTE\Device\LPC1768\startup_LPC17xx.s
   Uses
      At line 98 in file RTE\Device\LPC1768\startup_LPC17xx.s
      At line 257 in file RTE\Device\LPC1768\startup_LPC17xx.s

ENET_IRQHandler 00000084

Symbol: ENET_IRQHandler



ARM Macro Assembler    Page 3 Alphabetic symbol ordering
Relocatable symbols

   Definitions
      At line 300 in file RTE\Device\LPC1768\startup_LPC17xx.s
   Uses
      At line 105 in file RTE\Device\LPC1768\startup_LPC17xx.s
      At line 264 in file RTE\Device\LPC1768\startup_LPC17xx.s

HardFault_Handler 00000074

Symbol: HardFault_Handler
   Definitions
      At line 197 in file RTE\Device\LPC1768\startup_LPC17xx.s
   Uses
      At line 62 in file RTE\Device\LPC1768\startup_LPC17xx.s
      At line 198 in file RTE\Device\LPC1768\startup_LPC17xx.s

I2C0_IRQHandler 00000084

Symbol: I2C0_IRQHandler
   Definitions
      At line 282 in file RTE\Device\LPC1768\startup_LPC17xx.s
   Uses
      At line 87 in file RTE\Device\LPC1768\startup_LPC17xx.s
      At line 246 in file RTE\Device\LPC1768\startup_LPC17xx.s

I2C1_IRQHandler 00000084

Symbol: I2C1_IRQHandler
   Definitions
      At line 283 in file RTE\Device\LPC1768\startup_LPC17xx.s
   Uses
      At line 88 in file RTE\Device\LPC1768\startup_LPC17xx.s
      At line 247 in file RTE\Device\LPC1768\startup_LPC17xx.s

I2C2_IRQHandler 00000084

Symbol: I2C2_IRQHandler
   Definitions
      At line 284 in file RTE\Device\LPC1768\startup_LPC17xx.s
   Uses
      At line 89 in file RTE\Device\LPC1768\startup_LPC17xx.s
      At line 248 in file RTE\Device\LPC1768\startup_LPC17xx.s

I2S_IRQHandler 00000084

Symbol: I2S_IRQHandler
   Definitions
      At line 299 in file RTE\Device\LPC1768\startup_LPC17xx.s
   Uses
      At line 104 in file RTE\Device\LPC1768\startup_LPC17xx.s
      At line 263 in file RTE\Device\LPC1768\startup_LPC17xx.s

MCPWM_IRQHandler 00000084

Symbol: MCPWM_IRQHandler
   Definitions
      At line 302 in file RTE\Device\LPC1768\startup_LPC17xx.s
   Uses
      At line 107 in file RTE\Device\LPC1768\startup_LPC17xx.s
      At line 266 in file RTE\Device\LPC1768\startup_LPC17xx.s



ARM Macro Assembler    Page 4 Alphabetic symbol ordering
Relocatable symbols


MemManage_Handler 00000076

Symbol: MemManage_Handler
   Definitions
      At line 202 in file RTE\Device\LPC1768\startup_LPC17xx.s
   Uses
      At line 63 in file RTE\Device\LPC1768\startup_LPC17xx.s
      At line 203 in file RTE\Device\LPC1768\startup_LPC17xx.s

NMI_Handler 00000072

Symbol: NMI_Handler
   Definitions
      At line 192 in file RTE\Device\LPC1768\startup_LPC17xx.s
   Uses
      At line 61 in file RTE\Device\LPC1768\startup_LPC17xx.s
      At line 193 in file RTE\Device\LPC1768\startup_LPC17xx.s

PLL0_IRQHandler 00000084

Symbol: PLL0_IRQHandler
   Definitions
      At line 288 in file RTE\Device\LPC1768\startup_LPC17xx.s
   Uses
      At line 93 in file RTE\Device\LPC1768\startup_LPC17xx.s
      At line 252 in file RTE\Device\LPC1768\startup_LPC17xx.s

PLL1_IRQHandler 00000084

Symbol: PLL1_IRQHandler
   Definitions
      At line 304 in file RTE\Device\LPC1768\startup_LPC17xx.s
   Uses
      At line 109 in file RTE\Device\LPC1768\startup_LPC17xx.s
      At line 268 in file RTE\Device\LPC1768\startup_LPC17xx.s

PWM1_IRQHandler 00000084

Symbol: PWM1_IRQHandler
   Definitions
      At line 281 in file RTE\Device\LPC1768\startup_LPC17xx.s
   Uses
      At line 86 in file RTE\Device\LPC1768\startup_LPC17xx.s
      At line 245 in file RTE\Device\LPC1768\startup_LPC17xx.s

PendSV_Handler 00000080

Symbol: PendSV_Handler
   Definitions
      At line 225 in file RTE\Device\LPC1768\startup_LPC17xx.s
   Uses
      At line 73 in file RTE\Device\LPC1768\startup_LPC17xx.s
      At line 226 in file RTE\Device\LPC1768\startup_LPC17xx.s

QEI_IRQHandler 00000084

Symbol: QEI_IRQHandler
   Definitions



ARM Macro Assembler    Page 5 Alphabetic symbol ordering
Relocatable symbols

      At line 303 in file RTE\Device\LPC1768\startup_LPC17xx.s
   Uses
      At line 108 in file RTE\Device\LPC1768\startup_LPC17xx.s
      At line 267 in file RTE\Device\LPC1768\startup_LPC17xx.s

RIT_IRQHandler 00000084

Symbol: RIT_IRQHandler
   Definitions
      At line 301 in file RTE\Device\LPC1768\startup_LPC17xx.s
   Uses
      At line 106 in file RTE\Device\LPC1768\startup_LPC17xx.s
      At line 265 in file RTE\Device\LPC1768\startup_LPC17xx.s

RTC_IRQHandler 00000084

Symbol: RTC_IRQHandler
   Definitions
      At line 289 in file RTE\Device\LPC1768\startup_LPC17xx.s
   Uses
      At line 94 in file RTE\Device\LPC1768\startup_LPC17xx.s
      At line 253 in file RTE\Device\LPC1768\startup_LPC17xx.s

Reset_Handler 00000000

Symbol: Reset_Handler
   Definitions
      At line 128 in file RTE\Device\LPC1768\startup_LPC17xx.s
   Uses
      At line 60 in file RTE\Device\LPC1768\startup_LPC17xx.s
      At line 129 in file RTE\Device\LPC1768\startup_LPC17xx.s

SPI_IRQHandler 00000084

Symbol: SPI_IRQHandler
   Definitions
      At line 285 in file RTE\Device\LPC1768\startup_LPC17xx.s
   Uses
      At line 90 in file RTE\Device\LPC1768\startup_LPC17xx.s
      At line 249 in file RTE\Device\LPC1768\startup_LPC17xx.s

SSP0_IRQHandler 00000084

Symbol: SSP0_IRQHandler
   Definitions
      At line 286 in file RTE\Device\LPC1768\startup_LPC17xx.s
   Uses
      At line 91 in file RTE\Device\LPC1768\startup_LPC17xx.s
      At line 250 in file RTE\Device\LPC1768\startup_LPC17xx.s

SSP1_IRQHandler 00000084

Symbol: SSP1_IRQHandler
   Definitions
      At line 287 in file RTE\Device\LPC1768\startup_LPC17xx.s
   Uses
      At line 92 in file RTE\Device\LPC1768\startup_LPC17xx.s
      At line 251 in file RTE\Device\LPC1768\startup_LPC17xx.s




ARM Macro Assembler    Page 6 Alphabetic symbol ordering
Relocatable symbols

SVC_Handler 0000007C

Symbol: SVC_Handler
   Definitions
      At line 216 in file RTE\Device\LPC1768\startup_LPC17xx.s
   Uses
      At line 70 in file RTE\Device\LPC1768\startup_LPC17xx.s
      At line 217 in file RTE\Device\LPC1768\startup_LPC17xx.s

SysTick_Handler 00000082

Symbol: SysTick_Handler
   Definitions
      At line 229 in file RTE\Device\LPC1768\startup_LPC17xx.s
   Uses
      At line 74 in file RTE\Device\LPC1768\startup_LPC17xx.s
      At line 230 in file RTE\Device\LPC1768\startup_LPC17xx.s

TIMER0_IRQHandler 00000084

Symbol: TIMER0_IRQHandler
   Definitions
      At line 273 in file RTE\Device\LPC1768\startup_LPC17xx.s
   Uses
      At line 78 in file RTE\Device\LPC1768\startup_LPC17xx.s
      At line 237 in file RTE\Device\LPC1768\startup_LPC17xx.s

TIMER1_IRQHandler 00000084

Symbol: TIMER1_IRQHandler
   Definitions
      At line 274 in file RTE\Device\LPC1768\startup_LPC17xx.s
   Uses
      At line 79 in file RTE\Device\LPC1768\startup_LPC17xx.s
      At line 238 in file RTE\Device\LPC1768\startup_LPC17xx.s

TIMER2_IRQHandler 00000084

Symbol: TIMER2_IRQHandler
   Definitions
      At line 275 in file RTE\Device\LPC1768\startup_LPC17xx.s
   Uses
      At line 80 in file RTE\Device\LPC1768\startup_LPC17xx.s
      At line 239 in file RTE\Device\LPC1768\startup_LPC17xx.s

TIMER3_IRQHandler 00000084

Symbol: TIMER3_IRQHandler
   Definitions
      At line 276 in file RTE\Device\LPC1768\startup_LPC17xx.s
   Uses
      At line 81 in file RTE\Device\LPC1768\startup_LPC17xx.s
      At line 240 in file RTE\Device\LPC1768\startup_LPC17xx.s

UART0_IRQHandler 00000084

Symbol: UART0_IRQHandler
   Definitions
      At line 277 in file RTE\Device\LPC1768\startup_LPC17xx.s



ARM Macro Assembler    Page 7 Alphabetic symbol ordering
Relocatable symbols

   Uses
      At line 82 in file RTE\Device\LPC1768\startup_LPC17xx.s
      At line 241 in file RTE\Device\LPC1768\startup_LPC17xx.s

UART1_IRQHandler 00000084

Symbol: UART1_IRQHandler
   Definitions
      At line 278 in file RTE\Device\LPC1768\startup_LPC17xx.s
   Uses
      At line 83 in file RTE\Device\LPC1768\startup_LPC17xx.s
      At line 242 in file RTE\Device\LPC1768\startup_LPC17xx.s

UART2_IRQHandler 00000084

Symbol: UART2_IRQHandler
   Definitions
      At line 279 in file RTE\Device\LPC1768\startup_LPC17xx.s
   Uses
      At line 84 in file RTE\Device\LPC1768\startup_LPC17xx.s
      At line 243 in file RTE\Device\LPC1768\startup_LPC17xx.s

UART3_IRQHandler 00000084

Symbol: UART3_IRQHandler
   Definitions
      At line 280 in file RTE\Device\LPC1768\startup_LPC17xx.s
   Uses
      At line 85 in file RTE\Device\LPC1768\startup_LPC17xx.s
      At line 244 in file RTE\Device\LPC1768\startup_LPC17xx.s

USBActivity_IRQHandler 00000084

Symbol: USBActivity_IRQHandler
   Definitions
      At line 305 in file RTE\Device\LPC1768\startup_LPC17xx.s
   Uses
      At line 110 in file RTE\Device\LPC1768\startup_LPC17xx.s
      At line 269 in file RTE\Device\LPC1768\startup_LPC17xx.s

USB_IRQHandler 00000084

Symbol: USB_IRQHandler
   Definitions
      At line 296 in file RTE\Device\LPC1768\startup_LPC17xx.s
   Uses
      At line 101 in file RTE\Device\LPC1768\startup_LPC17xx.s
      At line 260 in file RTE\Device\LPC1768\startup_LPC17xx.s

UsageFault_Handler 0000007A

Symbol: UsageFault_Handler
   Definitions
      At line 212 in file RTE\Device\LPC1768\startup_LPC17xx.s
   Uses
      At line 65 in file RTE\Device\LPC1768\startup_LPC17xx.s
      At line 213 in file RTE\Device\LPC1768\startup_LPC17xx.s

WDT_IRQHandler 00000084



ARM Macro Assembler    Page 8 Alphabetic symbol ordering
Relocatable symbols


Symbol: WDT_IRQHandler
   Definitions
      At line 272 in file RTE\Device\LPC1768\startup_LPC17xx.s
   Uses
      At line 77 in file RTE\Device\LPC1768\startup_LPC17xx.s
      At line 236 in file RTE\Device\LPC1768\startup_LPC17xx.s

__user_initial_stackheap 00000088

Symbol: __user_initial_stackheap
   Definitions
      At line 328 in file RTE\Device\LPC1768\startup_LPC17xx.s
   Uses
      At line 327 in file RTE\Device\LPC1768\startup_LPC17xx.s
Comment: __user_initial_stackheap used once
mySMUAD 00000012

Symbol: mySMUAD
   Definitions
      At line 141 in file RTE\Device\LPC1768\startup_LPC17xx.s
   Uses
      At line 132 in file RTE\Device\LPC1768\startup_LPC17xx.s
Comment: mySMUAD used once
mySMUSD 00000042

Symbol: mySMUSD
   Definitions
      At line 164 in file RTE\Device\LPC1768\startup_LPC17xx.s
   Uses
      At line 136 in file RTE\Device\LPC1768\startup_LPC17xx.s
Comment: mySMUSD used once
stop 00000010

Symbol: stop
   Definitions
      At line 137 in file RTE\Device\LPC1768\startup_LPC17xx.s
   Uses
      At line 137 in file RTE\Device\LPC1768\startup_LPC17xx.s
Comment: stop used once
51 symbols



ARM Macro Assembler    Page 1 Alphabetic symbol ordering
Absolute symbols

Heap_Size 00000000

Symbol: Heap_Size
   Definitions
      At line 42 in file RTE\Device\LPC1768\startup_LPC17xx.s
   Uses
      At line 46 in file RTE\Device\LPC1768\startup_LPC17xx.s
      At line 332 in file RTE\Device\LPC1768\startup_LPC17xx.s

Stack_Size 00000200

Symbol: Stack_Size
   Definitions
      At line 31 in file RTE\Device\LPC1768\startup_LPC17xx.s
   Uses
      At line 34 in file RTE\Device\LPC1768\startup_LPC17xx.s
      At line 331 in file RTE\Device\LPC1768\startup_LPC17xx.s

2 symbols



ARM Macro Assembler    Page 1 Alphabetic symbol ordering
External symbols

__use_two_region_memory 00000000

Symbol: __use_two_region_memory
   Definitions
      At line 326 in file RTE\Device\LPC1768\startup_LPC17xx.s
   Uses
      None
Comment: __use_two_region_memory unused
1 symbol
408 symbols in table
