


ARM Macro Assembler    Page 1 


    1 00000000         ;/******************************************************
                       ********************//**
    2 00000000         ; * @file     startup_LPC17xx.s
    3 00000000         ; * @brief    CMSIS Cortex-M3 Core Device Startup File f
                       or
    4 00000000         ; *           NXP LPC17xx Device Series
    5 00000000         ; * @version  V1.10
    6 00000000         ; * @date     06. April 2011
    7 00000000         ; *
    8 00000000         ; * @note
    9 00000000         ; * Copyright (C) 2009-2011 ARM Limited. All rights rese
                       rved.
   10 00000000         ; *
   11 00000000         ; * @par
   12 00000000         ; * ARM Limited (ARM) is supplying this software for use
                        with Cortex-M
   13 00000000         ; * processor based microcontrollers.  This file can be 
                       freely distributed
   14 00000000         ; * within development tools that are supporting such AR
                       M based processors.
   15 00000000         ; *
   16 00000000         ; * @par
   17 00000000         ; * THIS SOFTWARE IS PROVIDED "AS IS".  NO WARRANTIES, W
                       HETHER EXPRESS, IMPLIED
   18 00000000         ; * OR STATUTORY, INCLUDING, BUT NOT LIMITED TO, IMPLIED
                        WARRANTIES OF
   19 00000000         ; * MERCHANTABILITY AND FITNESS FOR A PARTICULAR PURPOSE
                        APPLY TO THIS SOFTWARE.
   20 00000000         ; * ARM SHALL NOT, IN ANY CIRCUMSTANCES, BE LIABLE FOR S
                       PECIAL, INCIDENTAL, OR
   21 00000000         ; * CONSEQUENTIAL DAMAGES, FOR ANY REASON WHATSOEVER.
   22 00000000         ; *
   23 00000000         ; ******************************************************
                       ************************/
   24 00000000         
   25 00000000         ; *------- <<< Use Configuration Wizard in Context Menu 
                       >>> ------------------
   26 00000000         
   27 00000000         ; <h> Stack Configuration
   28 00000000         ;   <o> Stack Size (in Bytes) <0x0-0xFFFFFFFF:8>
   29 00000000         ; </h>
   30 00000000         
   31 00000000 00000200 
                       Stack_Size
                               EQU              0x00000200
   32 00000000 00000004 
                       N       EQU              4
   33 00000000 00000007 
                       M       EQU              7
   34 00000000 00000005 
                       P       EQU              5
   35 00000000 7FFFFFFF 
                       POS     EQU              0x7FFFFFFF
   36 00000000 80000000 
                       NAT     EQU              0x80000000
   37 00000000         
   38 00000000                 AREA             STACK, NOINIT, READWRITE, ALIGN
=3
   39 00000000         Stack_Mem



ARM Macro Assembler    Page 2 


                               SPACE            Stack_Size
   40 00000200         __initial_sp
   41 00000200         
   42 00000200         
   43 00000200         ; <h> Heap Configuration
   44 00000200         ;   <o>  Heap Size (in Bytes) <0x0-0xFFFFFFFF:8>
   45 00000200         ; </h>
   46 00000200         
   47 00000200 00000000 
                       Heap_Size
                               EQU              0x00000000
   48 00000200         
   49 00000200                 AREA             HEAP, NOINIT, READWRITE, ALIGN=
3
   50 00000000         __heap_base
   51 00000000         Heap_Mem
                               SPACE            Heap_Size
   52 00000000         __heap_limit
   53 00000000         
   54 00000000                 AREA             Matrix_source, DATA, READONLY
   55 00000000 00000BB8 
              000036B0 
              FFFFC568 
              00002328 
              00006590 
              FFFF30F8 
              00001388 
              00015BA8 
              00013498 
              00000BB8 
              000059D8 
              00014820 
              FFFFE890 
              FFFF8AD0 
              0000A7F8 
              FFFFF448 
              00014438 
              00006978 
              FFFFDCD8 
              0000C350 
              00006D60 
              FFFEA840 
              0000A028 
              00017AE8 
              FFFE6DA8 
              00010D88 
              00009858 
              FFFFDCD8 Matrix1 DCD              0x00000BB8, 0x000036B0, 0xFFFFC
568, 0x00002328, 0x00006590, 0xFFFF30F8, 0x00001388, 0x00015BA8, 0x00013498, 0x
00000BB8, 0x000059D8, 0x00014820, 0xFFFFE890, 0xFFFF8AD0, 0x0000A7F8, 0xFFFFF44
8, 0x00014438, 0x00006978, 0xFFFFDCD8, 0x0000C350, 0x00006D60, 0xFFFEA840, 0x00
00A028, 0x00017AE8, 0xFFFE6DA8, 0x00010D88, 0x00009858, 0xFFFFDCD8
   56 00000070 00009088 
              FFFE7578 
              00000000 
              0000E290 
              FFFFB1E0 
              00002328 
              00012110 



ARM Macro Assembler    Page 3 


              00016F30 
              FFFFF060 
              0000E678 
              FFFFA628 
              00015F90 
              FFFECF50 
              00003E80 
              FFFFF060 
              00000000 
              FFFF0DD0 
              00014FF0 
              00004E20 
              00015BA8 
              00002328 
              00014FF0 
              00006D60 
              00000000 
              FFFF7B30 
              00014050 
              00001388 
              000084D0 
              FFFFADF8 
              000003E8 
              00011170 
              FFFEFA48 
              00002328 
              00014050 
              000036B0 Matrix2 DCD              0x00009088, 0xFFFE7578, 0x00000
000, 0x0000E290, 0xFFFFB1E0, 0x00002328, 0x00012110, 0x00016F30, 0xFFFFF060, 0x
0000E678, 0xFFFFA628, 0x00015F90, 0xFFFECF50, 0x00003E80, 0xFFFFF060, 0x0000000
0, 0xFFFF0DD0, 0x00014FF0, 0x00004E20, 0x00015BA8, 0x00002328, 0x00014FF0, 0x00
006D60, 0x00000000, 0xFFFF7B30, 0x00014050, 0x00001388, 0x000084D0, 0xFFFFADF8,
 0x000003E8, 0x00011170, 0xFFFEFA48, 0x00002328, 0x00014050, 0x000036B0
   57 000000FC         
   58 000000FC                 AREA             Matrix_Destion, DATA, READWRITE
   59 00000000 00 00 00 
              00 00 00 
              00 00 00 
              00 00 00 
              00 00 00 
              00 00 00 
              00 00 00 
              00 00 00 
              00 00 00 
              00 00 00 
              00 00 00 
              00 00 00 
              00 00 00 
              00 00 00 
              00 00 00 
              00 00 00 
              00 00 00 
              00 00 00 
              00 00 00 
              00 00 00 
              00 00 00 
              00 00 00 
              00 00 00 
              00 00 00 



ARM Macro Assembler    Page 4 


              00 00 00 
              00 00 00 
              00 00    Matrix3 SPACE            N*P*4
   60 00000050         
   61 00000050                 PRESERVE8
   62 00000050                 THUMB
   63 00000050         
   64 00000050         
   65 00000050         ; Vector Table Mapped to Address 0 at Reset
   66 00000050         
   67 00000050                 AREA             RESET, DATA, READONLY
   68 00000000                 EXPORT           __Vectors
   69 00000000         
   70 00000000 00000000 
                       __Vectors
                               DCD              __initial_sp ; Top of Stack
   71 00000004 00000000        DCD              Reset_Handler ; Reset Handler
   72 00000008 00000000        DCD              NMI_Handler ; NMI Handler
   73 0000000C 00000000        DCD              HardFault_Handler ; Hard Fault 
                                                            Handler
   74 00000010 00000000        DCD              MemManage_Handler 
                                                            ; MPU Fault Handler
                                                            
   75 00000014 00000000        DCD              BusFault_Handler 
                                                            ; Bus Fault Handler
                                                            
   76 00000018 00000000        DCD              UsageFault_Handler ; Usage Faul
                                                            t Handler
   77 0000001C 00000000        DCD              0           ; Reserved
   78 00000020 00000000        DCD              0           ; Reserved
   79 00000024 00000000        DCD              0           ; Reserved
   80 00000028 00000000        DCD              0           ; Reserved
   81 0000002C 00000000        DCD              SVC_Handler ; SVCall Handler
   82 00000030 00000000        DCD              DebugMon_Handler ; Debug Monito
                                                            r Handler
   83 00000034 00000000        DCD              0           ; Reserved
   84 00000038 00000000        DCD              PendSV_Handler ; PendSV Handler
                                                            
   85 0000003C 00000000        DCD              SysTick_Handler 
                                                            ; SysTick Handler
   86 00000040         
   87 00000040         ; External Interrupts
   88 00000040 00000000        DCD              WDT_IRQHandler ; 16: Watchdog T
                                                            imer
   89 00000044 00000000        DCD              TIMER0_IRQHandler ; 17: Timer0
   90 00000048 00000000        DCD              TIMER1_IRQHandler ; 18: Timer1
   91 0000004C 00000000        DCD              TIMER2_IRQHandler ; 19: Timer2
   92 00000050 00000000        DCD              TIMER3_IRQHandler ; 20: Timer3
   93 00000054 00000000        DCD              UART0_IRQHandler ; 21: UART0
   94 00000058 00000000        DCD              UART1_IRQHandler ; 22: UART1
   95 0000005C 00000000        DCD              UART2_IRQHandler ; 23: UART2
   96 00000060 00000000        DCD              UART3_IRQHandler ; 24: UART3
   97 00000064 00000000        DCD              PWM1_IRQHandler ; 25: PWM1
   98 00000068 00000000        DCD              I2C0_IRQHandler ; 26: I2C0
   99 0000006C 00000000        DCD              I2C1_IRQHandler ; 27: I2C1
  100 00000070 00000000        DCD              I2C2_IRQHandler ; 28: I2C2
  101 00000074 00000000        DCD              SPI_IRQHandler ; 29: SPI
  102 00000078 00000000        DCD              SSP0_IRQHandler ; 30: SSP0
  103 0000007C 00000000        DCD              SSP1_IRQHandler ; 31: SSP1



ARM Macro Assembler    Page 5 


  104 00000080 00000000        DCD              PLL0_IRQHandler ; 32: PLL0 Lock
                                                             (Main PLL)
  105 00000084 00000000        DCD              RTC_IRQHandler ; 33: Real Time 
                                                            Clock
  106 00000088 00000000        DCD              EINT0_IRQHandler ; 34: External
                                                             Interrupt 0
  107 0000008C 00000000        DCD              EINT1_IRQHandler ; 35: External
                                                             Interrupt 1
  108 00000090 00000000        DCD              EINT2_IRQHandler ; 36: External
                                                             Interrupt 2
  109 00000094 00000000        DCD              EINT3_IRQHandler ; 37: External
                                                             Interrupt 3
  110 00000098 00000000        DCD              ADC_IRQHandler 
                                                            ; 38: A/D Converter
                                                            
  111 0000009C 00000000        DCD              BOD_IRQHandler ; 39: Brown-Out 
                                                            Detect
  112 000000A0 00000000        DCD              USB_IRQHandler ; 40: USB
  113 000000A4 00000000        DCD              CAN_IRQHandler ; 41: CAN
  114 000000A8 00000000        DCD              DMA_IRQHandler ; 42: General Pu
                                                            rpose DMA
  115 000000AC 00000000        DCD              I2S_IRQHandler ; 43: I2S
  116 000000B0 00000000        DCD              ENET_IRQHandler ; 44: Ethernet
  117 000000B4 00000000        DCD              RIT_IRQHandler ; 45: Repetitive
                                                             Interrupt Timer
  118 000000B8 00000000        DCD              MCPWM_IRQHandler ; 46: Motor Co
                                                            ntrol PWM
  119 000000BC 00000000        DCD              QEI_IRQHandler ; 47: Quadrature
                                                             Encoder Interface
  120 000000C0 00000000        DCD              PLL1_IRQHandler ; 48: PLL1 Lock
                                                             (USB PLL)
  121 000000C4 00000000        DCD              USBActivity_IRQHandler ; 49: US
                                                            B Activity interrup
                                                            t to wakeup
  122 000000C8 00000000        DCD              CANActivity_IRQHandler ; 50: CA
                                                            N Activity interrup
                                                            t to wakeup
  123 000000CC         
  124 000000CC         
  125 000000CC                 IF               :LNOT::DEF:NO_CRP
  126 000000CC                 AREA             |.ARM.__at_0x02FC|, CODE, READO
NLY
  127 00000000 FFFFFFFF 
                       CRP_Key DCD              0xFFFFFFFF
  128 00000004                 ENDIF
  129 00000004         
  130 00000004         
  131 00000004                 AREA             |.text|, CODE, READONLY
  132 00000000         
  133 00000000         
  134 00000000         ; Reset Handler
  135 00000000         
  136 00000000         Reset_Handler
                               PROC
  137 00000000                 EXPORT           Reset_Handler             [WEAK
]
  138 00000000         
  139 00000000 4A31            LDR              R2, =Matrix3
  140 00000002 F043 0304       ORR              R3, N



ARM Macro Assembler    Page 6 


  141 00000006 F04F 0A04       MOV              R10, #4
  142 0000000A         
  143 0000000A F04F 0904 
                       outloop MOV              R9, N
  144 0000000E EBA9 0903       SUB              R9, R3
  145 00000012 B408            PUSH             {R3}
  146 00000014 FB09 F90A       MUL              R9, R10
  147 00000018 F04F 0307       MOV              R3, M
  148 0000001C FB09 F903       MUL              R9, R3
  149 00000020 F04F 0305       MOV              R3, P
  150 00000024         
  151 00000024         
  152 00000024         
  153 00000024 4929    midloop LDR              R1, =Matrix2
  154 00000026 482A            LDR              R0, =Matrix1
  155 00000028 F04F 0805       MOV              R8, P
  156 0000002C EBA8 0803       SUB              R8, R3
  157 00000030 FB08 F80A       MUL              R8, R10
  158 00000034 4441            ADD              R1, R8
  159 00000036 4448            ADD              R0, R9
  160 00000038 B408            PUSH             {R3}
  161 0000003A F04F 0307       MOV              R3, M
  162 0000003E EA87 0707       EOR              R7, R7
  163 00000042 EA8B 0B0B       EOR              R11, R11
  164 00000046         
  165 00000046 F850 4B04 
                       innloop LDR              R4, [R0], #4
  166 0000004A F851 5B14       LDR              R5, [R1], #4*P
  167 0000004E FBC4 7B05       SMLAL            R7, R11, R4, R5
  168 00000052         ;ADD R7, R6
  169 00000052         ;ADD R11, R12
  170 00000052 F1A3 0301       SUB              R3, #1
  171 00000056 2B00            CMP              R3, #0
  172 00000058 D1F5            BNE              innloop
  173 0000005A         
  174 0000005A BC08            POP              {R3}
  175 0000005C F1A3 0301       SUB              R3, #1
  176 00000060 F1BB 0F00       CMP              R11, #0
  177 00000064 DC0B            BGT              pos
  178 00000066 DB00            BLT              nat
  179 00000068 E00C            B                zer
  180 0000006A         
  181 0000006A F1BB 3FFF 
                       nat     CMP              R11, #-1
  182 0000006E DB03            BLT              nat1
  183 00000070 F1B7 4F00       CMP              R7, NAT
  184 00000074 D300            BLO              nat1
  185 00000076 E00C            B                stor
  186 00000078         
  187 00000078 F04F 4700 
                       nat1    MOV              R7, NAT
  188 0000007C E009            B                stor
  189 0000007E         
  190 0000007E F1BB 0F01 
                       pos     CMP              R11, #1
  191 00000082 DA03            BGE              pos1
  192 00000084 F1B7 4F00 
                       zer     CMP              R7, NAT
  193 00000088 D200            BHS              pos1



ARM Macro Assembler    Page 7 


  194 0000008A E002            B                stor
  195 0000008C         
  196 0000008C F06F 4700 
                       pos1    MOV              R7, POS
  197 00000090 E7FF            B                stor
  198 00000092         
  199 00000092         
  200 00000092 F842 7B04 
                       stor    STR              R7, [R2], #4
  201 00000096 2B00            CMP              R3, #0
  202 00000098 D1C4            BNE              midloop
  203 0000009A         
  204 0000009A BC08            POP              {R3}
  205 0000009C F1A3 0301       SUB              R3, #1
  206 000000A0 2B00            CMP              R3, #0
  207 000000A2 D1B2            BNE              outloop
  208 000000A4         
  209 000000A4 E7FE    stop    B                stop
  210 000000A6                 ENDP
  211 000000A6         
  212 000000A6         
  213 000000A6         ; Dummy Exception Handlers (infinite loops which can be 
                       modified)
  214 000000A6         
  215 000000A6         NMI_Handler
                               PROC
  216 000000A6                 EXPORT           NMI_Handler               [WEAK
]
  217 000000A6 E7FE            B                .
  218 000000A8                 ENDP
  220 000000A8         HardFault_Handler
                               PROC
  221 000000A8                 EXPORT           HardFault_Handler         [WEAK
]
  222 000000A8 E7FE            B                .
  223 000000AA                 ENDP
  225 000000AA         MemManage_Handler
                               PROC
  226 000000AA                 EXPORT           MemManage_Handler         [WEAK
]
  227 000000AA E7FE            B                .
  228 000000AC                 ENDP
  230 000000AC         BusFault_Handler
                               PROC
  231 000000AC                 EXPORT           BusFault_Handler          [WEAK
]
  232 000000AC E7FE            B                .
  233 000000AE                 ENDP
  235 000000AE         UsageFault_Handler
                               PROC
  236 000000AE                 EXPORT           UsageFault_Handler        [WEAK
]
  237 000000AE E7FE            B                .
  238 000000B0                 ENDP
  239 000000B0         SVC_Handler
                               PROC
  240 000000B0                 EXPORT           SVC_Handler               [WEAK
]
  241 000000B0 E7FE            B                .



ARM Macro Assembler    Page 8 


  242 000000B2                 ENDP
  244 000000B2         DebugMon_Handler
                               PROC
  245 000000B2                 EXPORT           DebugMon_Handler          [WEAK
]
  246 000000B2 E7FE            B                .
  247 000000B4                 ENDP
  248 000000B4         PendSV_Handler
                               PROC
  249 000000B4                 EXPORT           PendSV_Handler            [WEAK
]
  250 000000B4 E7FE            B                .
  251 000000B6                 ENDP
  252 000000B6         SysTick_Handler
                               PROC
  253 000000B6                 EXPORT           SysTick_Handler           [WEAK
]
  254 000000B6 E7FE            B                .
  255 000000B8                 ENDP
  256 000000B8         
  257 000000B8         Default_Handler
                               PROC
  258 000000B8         
  259 000000B8                 EXPORT           WDT_IRQHandler            [WEAK
]
  260 000000B8                 EXPORT           TIMER0_IRQHandler         [WEAK
]
  261 000000B8                 EXPORT           TIMER1_IRQHandler         [WEAK
]
  262 000000B8                 EXPORT           TIMER2_IRQHandler         [WEAK
]
  263 000000B8                 EXPORT           TIMER3_IRQHandler         [WEAK
]
  264 000000B8                 EXPORT           UART0_IRQHandler          [WEAK
]
  265 000000B8                 EXPORT           UART1_IRQHandler          [WEAK
]
  266 000000B8                 EXPORT           UART2_IRQHandler          [WEAK
]
  267 000000B8                 EXPORT           UART3_IRQHandler          [WEAK
]
  268 000000B8                 EXPORT           PWM1_IRQHandler           [WEAK
]
  269 000000B8                 EXPORT           I2C0_IRQHandler           [WEAK
]
  270 000000B8                 EXPORT           I2C1_IRQHandler           [WEAK
]
  271 000000B8                 EXPORT           I2C2_IRQHandler           [WEAK
]
  272 000000B8                 EXPORT           SPI_IRQHandler            [WEAK
]
  273 000000B8                 EXPORT           SSP0_IRQHandler           [WEAK
]
  274 000000B8                 EXPORT           SSP1_IRQHandler           [WEAK
]
  275 000000B8                 EXPORT           PLL0_IRQHandler           [WEAK
]
  276 000000B8                 EXPORT           RTC_IRQHandler            [WEAK
]



ARM Macro Assembler    Page 9 


  277 000000B8                 EXPORT           EINT0_IRQHandler          [WEAK
]
  278 000000B8                 EXPORT           EINT1_IRQHandler          [WEAK
]
  279 000000B8                 EXPORT           EINT2_IRQHandler          [WEAK
]
  280 000000B8                 EXPORT           EINT3_IRQHandler          [WEAK
]
  281 000000B8                 EXPORT           ADC_IRQHandler            [WEAK
]
  282 000000B8                 EXPORT           BOD_IRQHandler            [WEAK
]
  283 000000B8                 EXPORT           USB_IRQHandler            [WEAK
]
  284 000000B8                 EXPORT           CAN_IRQHandler            [WEAK
]
  285 000000B8                 EXPORT           DMA_IRQHandler            [WEAK
]
  286 000000B8                 EXPORT           I2S_IRQHandler            [WEAK
]
  287 000000B8                 EXPORT           ENET_IRQHandler           [WEAK
]
  288 000000B8                 EXPORT           RIT_IRQHandler            [WEAK
]
  289 000000B8                 EXPORT           MCPWM_IRQHandler          [WEAK
]
  290 000000B8                 EXPORT           QEI_IRQHandler            [WEAK
]
  291 000000B8                 EXPORT           PLL1_IRQHandler           [WEAK
]
  292 000000B8                 EXPORT           USBActivity_IRQHandler    [WEAK
]
  293 000000B8                 EXPORT           CANActivity_IRQHandler    [WEAK
]
  294 000000B8         
  295 000000B8         WDT_IRQHandler
  296 000000B8         TIMER0_IRQHandler
  297 000000B8         TIMER1_IRQHandler
  298 000000B8         TIMER2_IRQHandler
  299 000000B8         TIMER3_IRQHandler
  300 000000B8         UART0_IRQHandler
  301 000000B8         UART1_IRQHandler
  302 000000B8         UART2_IRQHandler
  303 000000B8         UART3_IRQHandler
  304 000000B8         PWM1_IRQHandler
  305 000000B8         I2C0_IRQHandler
  306 000000B8         I2C1_IRQHandler
  307 000000B8         I2C2_IRQHandler
  308 000000B8         SPI_IRQHandler
  309 000000B8         SSP0_IRQHandler
  310 000000B8         SSP1_IRQHandler
  311 000000B8         PLL0_IRQHandler
  312 000000B8         RTC_IRQHandler
  313 000000B8         EINT0_IRQHandler
  314 000000B8         EINT1_IRQHandler
  315 000000B8         EINT2_IRQHandler
  316 000000B8         EINT3_IRQHandler
  317 000000B8         ADC_IRQHandler
  318 000000B8         BOD_IRQHandler



ARM Macro Assembler    Page 10 


  319 000000B8         USB_IRQHandler
  320 000000B8         CAN_IRQHandler
  321 000000B8         DMA_IRQHandler
  322 000000B8         I2S_IRQHandler
  323 000000B8         ENET_IRQHandler
  324 000000B8         RIT_IRQHandler
  325 000000B8         MCPWM_IRQHandler
  326 000000B8         QEI_IRQHandler
  327 000000B8         PLL1_IRQHandler
  328 000000B8         USBActivity_IRQHandler
  329 000000B8         CANActivity_IRQHandler
  330 000000B8         
  331 000000B8 E7FE            B                .
  332 000000BA         
  333 000000BA                 ENDP
  334 000000BA         
  335 000000BA         
  336 000000BA 00 00           ALIGN
  337 000000BC         
  338 000000BC         
  339 000000BC         ; User Initial Stack & Heap
  340 000000BC         
  341 000000BC                 IF               :DEF:__MICROLIB
  348 000000BC         
  349 000000BC                 IMPORT           __use_two_region_memory
  350 000000BC                 EXPORT           __user_initial_stackheap
  351 000000BC         __user_initial_stackheap
  352 000000BC         
  353 000000BC 4805            LDR              R0, =  Heap_Mem
  354 000000BE 4906            LDR              R1, =(Stack_Mem + Stack_Size)
  355 000000C0 4A04            LDR              R2, = (Heap_Mem +  Heap_Size)
  356 000000C2 4B06            LDR              R3, = Stack_Mem
  357 000000C4 4770            BX               LR
  358 000000C6         
  359 000000C6 00 00           ALIGN
  360 000000C8         
  361 000000C8                 ENDIF
  362 000000C8         
  363 000000C8         
  364 000000C8                 END
              00000000 
              00000000 
              00000000 
              00000000 
              00000200 
              00000000 
Command Line: --debug --xref --diag_suppress=9931 --cpu=Cortex-M3 --apcs=interw
ork --depend=.\objects\startup_lpc17xx.d -o.\objects\startup_lpc17xx.o -I.\RTE\
Device\LPC1768 -I.\RTE\_Target_1 -I"D:\Program Files\Keil_V5\pack\ARM\CMSIS\5.6
.0\CMSIS\Core\Include" -I"D:\Program Files\Keil_V5\pack\Keil\LPC1700_DFP\2.6.0\
Device\Include" --predefine="__EVAL SETA 1" --predefine="__UVISION_VERSION SETA
 529" --predefine="_RTE_ SETA 1" --predefine="LPC175x_6x SETA 1" --list=.\listi
ngs\startup_lpc17xx.lst RTE\Device\LPC1768\startup_LPC17xx.s



ARM Macro Assembler    Page 1 Alphabetic symbol ordering
Relocatable symbols

STACK 00000000

Symbol: STACK
   Definitions
      At line 38 in file RTE\Device\LPC1768\startup_LPC17xx.s
   Uses
      None
Comment: STACK unused
Stack_Mem 00000000

Symbol: Stack_Mem
   Definitions
      At line 39 in file RTE\Device\LPC1768\startup_LPC17xx.s
   Uses
      At line 354 in file RTE\Device\LPC1768\startup_LPC17xx.s
      At line 356 in file RTE\Device\LPC1768\startup_LPC17xx.s

__initial_sp 00000200

Symbol: __initial_sp
   Definitions
      At line 40 in file RTE\Device\LPC1768\startup_LPC17xx.s
   Uses
      At line 70 in file RTE\Device\LPC1768\startup_LPC17xx.s
Comment: __initial_sp used once
3 symbols



ARM Macro Assembler    Page 1 Alphabetic symbol ordering
Relocatable symbols

HEAP 00000000

Symbol: HEAP
   Definitions
      At line 49 in file RTE\Device\LPC1768\startup_LPC17xx.s
   Uses
      None
Comment: HEAP unused
Heap_Mem 00000000

Symbol: Heap_Mem
   Definitions
      At line 51 in file RTE\Device\LPC1768\startup_LPC17xx.s
   Uses
      At line 353 in file RTE\Device\LPC1768\startup_LPC17xx.s
      At line 355 in file RTE\Device\LPC1768\startup_LPC17xx.s

__heap_base 00000000

Symbol: __heap_base
   Definitions
      At line 50 in file RTE\Device\LPC1768\startup_LPC17xx.s
   Uses
      None
Comment: __heap_base unused
__heap_limit 00000000

Symbol: __heap_limit
   Definitions
      At line 52 in file RTE\Device\LPC1768\startup_LPC17xx.s
   Uses
      None
Comment: __heap_limit unused
4 symbols



ARM Macro Assembler    Page 1 Alphabetic symbol ordering
Relocatable symbols

Matrix1 00000000

Symbol: Matrix1
   Definitions
      At line 55 in file RTE\Device\LPC1768\startup_LPC17xx.s
   Uses
      At line 154 in file RTE\Device\LPC1768\startup_LPC17xx.s
Comment: Matrix1 used once
Matrix2 00000070

Symbol: Matrix2
   Definitions
      At line 56 in file RTE\Device\LPC1768\startup_LPC17xx.s
   Uses
      At line 153 in file RTE\Device\LPC1768\startup_LPC17xx.s
Comment: Matrix2 used once
Matrix_source 00000000

Symbol: Matrix_source
   Definitions
      At line 54 in file RTE\Device\LPC1768\startup_LPC17xx.s
   Uses
      None
Comment: Matrix_source unused
3 symbols



ARM Macro Assembler    Page 1 Alphabetic symbol ordering
Relocatable symbols

Matrix3 00000000

Symbol: Matrix3
   Definitions
      At line 59 in file RTE\Device\LPC1768\startup_LPC17xx.s
   Uses
      At line 139 in file RTE\Device\LPC1768\startup_LPC17xx.s
Comment: Matrix3 used once
Matrix_Destion 00000000

Symbol: Matrix_Destion
   Definitions
      At line 58 in file RTE\Device\LPC1768\startup_LPC17xx.s
   Uses
      None
Comment: Matrix_Destion unused
2 symbols



ARM Macro Assembler    Page 1 Alphabetic symbol ordering
Relocatable symbols

RESET 00000000

Symbol: RESET
   Definitions
      At line 67 in file RTE\Device\LPC1768\startup_LPC17xx.s
   Uses
      None
Comment: RESET unused
__Vectors 00000000

Symbol: __Vectors
   Definitions
      At line 70 in file RTE\Device\LPC1768\startup_LPC17xx.s
   Uses
      At line 68 in file RTE\Device\LPC1768\startup_LPC17xx.s
Comment: __Vectors used once
2 symbols



ARM Macro Assembler    Page 1 Alphabetic symbol ordering
Relocatable symbols

.ARM.__at_0x02FC 00000000

Symbol: .ARM.__at_0x02FC
   Definitions
      At line 126 in file RTE\Device\LPC1768\startup_LPC17xx.s
   Uses
      None
Comment: .ARM.__at_0x02FC unused
CRP_Key 00000000

Symbol: CRP_Key
   Definitions
      At line 127 in file RTE\Device\LPC1768\startup_LPC17xx.s
   Uses
      None
Comment: CRP_Key unused
2 symbols



ARM Macro Assembler    Page 1 Alphabetic symbol ordering
Relocatable symbols

.text 00000000

Symbol: .text
   Definitions
      At line 131 in file RTE\Device\LPC1768\startup_LPC17xx.s
   Uses
      None
Comment: .text unused
ADC_IRQHandler 000000B8

Symbol: ADC_IRQHandler
   Definitions
      At line 317 in file RTE\Device\LPC1768\startup_LPC17xx.s
   Uses
      At line 110 in file RTE\Device\LPC1768\startup_LPC17xx.s
      At line 281 in file RTE\Device\LPC1768\startup_LPC17xx.s

BOD_IRQHandler 000000B8

Symbol: BOD_IRQHandler
   Definitions
      At line 318 in file RTE\Device\LPC1768\startup_LPC17xx.s
   Uses
      At line 111 in file RTE\Device\LPC1768\startup_LPC17xx.s
      At line 282 in file RTE\Device\LPC1768\startup_LPC17xx.s

BusFault_Handler 000000AC

Symbol: BusFault_Handler
   Definitions
      At line 230 in file RTE\Device\LPC1768\startup_LPC17xx.s
   Uses
      At line 75 in file RTE\Device\LPC1768\startup_LPC17xx.s
      At line 231 in file RTE\Device\LPC1768\startup_LPC17xx.s

CANActivity_IRQHandler 000000B8

Symbol: CANActivity_IRQHandler
   Definitions
      At line 329 in file RTE\Device\LPC1768\startup_LPC17xx.s
   Uses
      At line 122 in file RTE\Device\LPC1768\startup_LPC17xx.s
      At line 293 in file RTE\Device\LPC1768\startup_LPC17xx.s

CAN_IRQHandler 000000B8

Symbol: CAN_IRQHandler
   Definitions
      At line 320 in file RTE\Device\LPC1768\startup_LPC17xx.s
   Uses
      At line 113 in file RTE\Device\LPC1768\startup_LPC17xx.s
      At line 284 in file RTE\Device\LPC1768\startup_LPC17xx.s

DMA_IRQHandler 000000B8

Symbol: DMA_IRQHandler
   Definitions
      At line 321 in file RTE\Device\LPC1768\startup_LPC17xx.s
   Uses



ARM Macro Assembler    Page 2 Alphabetic symbol ordering
Relocatable symbols

      At line 114 in file RTE\Device\LPC1768\startup_LPC17xx.s
      At line 285 in file RTE\Device\LPC1768\startup_LPC17xx.s

DebugMon_Handler 000000B2

Symbol: DebugMon_Handler
   Definitions
      At line 244 in file RTE\Device\LPC1768\startup_LPC17xx.s
   Uses
      At line 82 in file RTE\Device\LPC1768\startup_LPC17xx.s
      At line 245 in file RTE\Device\LPC1768\startup_LPC17xx.s

Default_Handler 000000B8

Symbol: Default_Handler
   Definitions
      At line 257 in file RTE\Device\LPC1768\startup_LPC17xx.s
   Uses
      None
Comment: Default_Handler unused
EINT0_IRQHandler 000000B8

Symbol: EINT0_IRQHandler
   Definitions
      At line 313 in file RTE\Device\LPC1768\startup_LPC17xx.s
   Uses
      At line 106 in file RTE\Device\LPC1768\startup_LPC17xx.s
      At line 277 in file RTE\Device\LPC1768\startup_LPC17xx.s

EINT1_IRQHandler 000000B8

Symbol: EINT1_IRQHandler
   Definitions
      At line 314 in file RTE\Device\LPC1768\startup_LPC17xx.s
   Uses
      At line 107 in file RTE\Device\LPC1768\startup_LPC17xx.s
      At line 278 in file RTE\Device\LPC1768\startup_LPC17xx.s

EINT2_IRQHandler 000000B8

Symbol: EINT2_IRQHandler
   Definitions
      At line 315 in file RTE\Device\LPC1768\startup_LPC17xx.s
   Uses
      At line 108 in file RTE\Device\LPC1768\startup_LPC17xx.s
      At line 279 in file RTE\Device\LPC1768\startup_LPC17xx.s

EINT3_IRQHandler 000000B8

Symbol: EINT3_IRQHandler
   Definitions
      At line 316 in file RTE\Device\LPC1768\startup_LPC17xx.s
   Uses
      At line 109 in file RTE\Device\LPC1768\startup_LPC17xx.s
      At line 280 in file RTE\Device\LPC1768\startup_LPC17xx.s

ENET_IRQHandler 000000B8

Symbol: ENET_IRQHandler



ARM Macro Assembler    Page 3 Alphabetic symbol ordering
Relocatable symbols

   Definitions
      At line 323 in file RTE\Device\LPC1768\startup_LPC17xx.s
   Uses
      At line 116 in file RTE\Device\LPC1768\startup_LPC17xx.s
      At line 287 in file RTE\Device\LPC1768\startup_LPC17xx.s

HardFault_Handler 000000A8

Symbol: HardFault_Handler
   Definitions
      At line 220 in file RTE\Device\LPC1768\startup_LPC17xx.s
   Uses
      At line 73 in file RTE\Device\LPC1768\startup_LPC17xx.s
      At line 221 in file RTE\Device\LPC1768\startup_LPC17xx.s

I2C0_IRQHandler 000000B8

Symbol: I2C0_IRQHandler
   Definitions
      At line 305 in file RTE\Device\LPC1768\startup_LPC17xx.s
   Uses
      At line 98 in file RTE\Device\LPC1768\startup_LPC17xx.s
      At line 269 in file RTE\Device\LPC1768\startup_LPC17xx.s

I2C1_IRQHandler 000000B8

Symbol: I2C1_IRQHandler
   Definitions
      At line 306 in file RTE\Device\LPC1768\startup_LPC17xx.s
   Uses
      At line 99 in file RTE\Device\LPC1768\startup_LPC17xx.s
      At line 270 in file RTE\Device\LPC1768\startup_LPC17xx.s

I2C2_IRQHandler 000000B8

Symbol: I2C2_IRQHandler
   Definitions
      At line 307 in file RTE\Device\LPC1768\startup_LPC17xx.s
   Uses
      At line 100 in file RTE\Device\LPC1768\startup_LPC17xx.s
      At line 271 in file RTE\Device\LPC1768\startup_LPC17xx.s

I2S_IRQHandler 000000B8

Symbol: I2S_IRQHandler
   Definitions
      At line 322 in file RTE\Device\LPC1768\startup_LPC17xx.s
   Uses
      At line 115 in file RTE\Device\LPC1768\startup_LPC17xx.s
      At line 286 in file RTE\Device\LPC1768\startup_LPC17xx.s

MCPWM_IRQHandler 000000B8

Symbol: MCPWM_IRQHandler
   Definitions
      At line 325 in file RTE\Device\LPC1768\startup_LPC17xx.s
   Uses
      At line 118 in file RTE\Device\LPC1768\startup_LPC17xx.s
      At line 289 in file RTE\Device\LPC1768\startup_LPC17xx.s



ARM Macro Assembler    Page 4 Alphabetic symbol ordering
Relocatable symbols


MemManage_Handler 000000AA

Symbol: MemManage_Handler
   Definitions
      At line 225 in file RTE\Device\LPC1768\startup_LPC17xx.s
   Uses
      At line 74 in file RTE\Device\LPC1768\startup_LPC17xx.s
      At line 226 in file RTE\Device\LPC1768\startup_LPC17xx.s

NMI_Handler 000000A6

Symbol: NMI_Handler
   Definitions
      At line 215 in file RTE\Device\LPC1768\startup_LPC17xx.s
   Uses
      At line 72 in file RTE\Device\LPC1768\startup_LPC17xx.s
      At line 216 in file RTE\Device\LPC1768\startup_LPC17xx.s

PLL0_IRQHandler 000000B8

Symbol: PLL0_IRQHandler
   Definitions
      At line 311 in file RTE\Device\LPC1768\startup_LPC17xx.s
   Uses
      At line 104 in file RTE\Device\LPC1768\startup_LPC17xx.s
      At line 275 in file RTE\Device\LPC1768\startup_LPC17xx.s

PLL1_IRQHandler 000000B8

Symbol: PLL1_IRQHandler
   Definitions
      At line 327 in file RTE\Device\LPC1768\startup_LPC17xx.s
   Uses
      At line 120 in file RTE\Device\LPC1768\startup_LPC17xx.s
      At line 291 in file RTE\Device\LPC1768\startup_LPC17xx.s

PWM1_IRQHandler 000000B8

Symbol: PWM1_IRQHandler
   Definitions
      At line 304 in file RTE\Device\LPC1768\startup_LPC17xx.s
   Uses
      At line 97 in file RTE\Device\LPC1768\startup_LPC17xx.s
      At line 268 in file RTE\Device\LPC1768\startup_LPC17xx.s

PendSV_Handler 000000B4

Symbol: PendSV_Handler
   Definitions
      At line 248 in file RTE\Device\LPC1768\startup_LPC17xx.s
   Uses
      At line 84 in file RTE\Device\LPC1768\startup_LPC17xx.s
      At line 249 in file RTE\Device\LPC1768\startup_LPC17xx.s

QEI_IRQHandler 000000B8

Symbol: QEI_IRQHandler
   Definitions



ARM Macro Assembler    Page 5 Alphabetic symbol ordering
Relocatable symbols

      At line 326 in file RTE\Device\LPC1768\startup_LPC17xx.s
   Uses
      At line 119 in file RTE\Device\LPC1768\startup_LPC17xx.s
      At line 290 in file RTE\Device\LPC1768\startup_LPC17xx.s

RIT_IRQHandler 000000B8

Symbol: RIT_IRQHandler
   Definitions
      At line 324 in file RTE\Device\LPC1768\startup_LPC17xx.s
   Uses
      At line 117 in file RTE\Device\LPC1768\startup_LPC17xx.s
      At line 288 in file RTE\Device\LPC1768\startup_LPC17xx.s

RTC_IRQHandler 000000B8

Symbol: RTC_IRQHandler
   Definitions
      At line 312 in file RTE\Device\LPC1768\startup_LPC17xx.s
   Uses
      At line 105 in file RTE\Device\LPC1768\startup_LPC17xx.s
      At line 276 in file RTE\Device\LPC1768\startup_LPC17xx.s

Reset_Handler 00000000

Symbol: Reset_Handler
   Definitions
      At line 136 in file RTE\Device\LPC1768\startup_LPC17xx.s
   Uses
      At line 71 in file RTE\Device\LPC1768\startup_LPC17xx.s
      At line 137 in file RTE\Device\LPC1768\startup_LPC17xx.s

SPI_IRQHandler 000000B8

Symbol: SPI_IRQHandler
   Definitions
      At line 308 in file RTE\Device\LPC1768\startup_LPC17xx.s
   Uses
      At line 101 in file RTE\Device\LPC1768\startup_LPC17xx.s
      At line 272 in file RTE\Device\LPC1768\startup_LPC17xx.s

SSP0_IRQHandler 000000B8

Symbol: SSP0_IRQHandler
   Definitions
      At line 309 in file RTE\Device\LPC1768\startup_LPC17xx.s
   Uses
      At line 102 in file RTE\Device\LPC1768\startup_LPC17xx.s
      At line 273 in file RTE\Device\LPC1768\startup_LPC17xx.s

SSP1_IRQHandler 000000B8

Symbol: SSP1_IRQHandler
   Definitions
      At line 310 in file RTE\Device\LPC1768\startup_LPC17xx.s
   Uses
      At line 103 in file RTE\Device\LPC1768\startup_LPC17xx.s
      At line 274 in file RTE\Device\LPC1768\startup_LPC17xx.s




ARM Macro Assembler    Page 6 Alphabetic symbol ordering
Relocatable symbols

SVC_Handler 000000B0

Symbol: SVC_Handler
   Definitions
      At line 239 in file RTE\Device\LPC1768\startup_LPC17xx.s
   Uses
      At line 81 in file RTE\Device\LPC1768\startup_LPC17xx.s
      At line 240 in file RTE\Device\LPC1768\startup_LPC17xx.s

SysTick_Handler 000000B6

Symbol: SysTick_Handler
   Definitions
      At line 252 in file RTE\Device\LPC1768\startup_LPC17xx.s
   Uses
      At line 85 in file RTE\Device\LPC1768\startup_LPC17xx.s
      At line 253 in file RTE\Device\LPC1768\startup_LPC17xx.s

TIMER0_IRQHandler 000000B8

Symbol: TIMER0_IRQHandler
   Definitions
      At line 296 in file RTE\Device\LPC1768\startup_LPC17xx.s
   Uses
      At line 89 in file RTE\Device\LPC1768\startup_LPC17xx.s
      At line 260 in file RTE\Device\LPC1768\startup_LPC17xx.s

TIMER1_IRQHandler 000000B8

Symbol: TIMER1_IRQHandler
   Definitions
      At line 297 in file RTE\Device\LPC1768\startup_LPC17xx.s
   Uses
      At line 90 in file RTE\Device\LPC1768\startup_LPC17xx.s
      At line 261 in file RTE\Device\LPC1768\startup_LPC17xx.s

TIMER2_IRQHandler 000000B8

Symbol: TIMER2_IRQHandler
   Definitions
      At line 298 in file RTE\Device\LPC1768\startup_LPC17xx.s
   Uses
      At line 91 in file RTE\Device\LPC1768\startup_LPC17xx.s
      At line 262 in file RTE\Device\LPC1768\startup_LPC17xx.s

TIMER3_IRQHandler 000000B8

Symbol: TIMER3_IRQHandler
   Definitions
      At line 299 in file RTE\Device\LPC1768\startup_LPC17xx.s
   Uses
      At line 92 in file RTE\Device\LPC1768\startup_LPC17xx.s
      At line 263 in file RTE\Device\LPC1768\startup_LPC17xx.s

UART0_IRQHandler 000000B8

Symbol: UART0_IRQHandler
   Definitions
      At line 300 in file RTE\Device\LPC1768\startup_LPC17xx.s



ARM Macro Assembler    Page 7 Alphabetic symbol ordering
Relocatable symbols

   Uses
      At line 93 in file RTE\Device\LPC1768\startup_LPC17xx.s
      At line 264 in file RTE\Device\LPC1768\startup_LPC17xx.s

UART1_IRQHandler 000000B8

Symbol: UART1_IRQHandler
   Definitions
      At line 301 in file RTE\Device\LPC1768\startup_LPC17xx.s
   Uses
      At line 94 in file RTE\Device\LPC1768\startup_LPC17xx.s
      At line 265 in file RTE\Device\LPC1768\startup_LPC17xx.s

UART2_IRQHandler 000000B8

Symbol: UART2_IRQHandler
   Definitions
      At line 302 in file RTE\Device\LPC1768\startup_LPC17xx.s
   Uses
      At line 95 in file RTE\Device\LPC1768\startup_LPC17xx.s
      At line 266 in file RTE\Device\LPC1768\startup_LPC17xx.s

UART3_IRQHandler 000000B8

Symbol: UART3_IRQHandler
   Definitions
      At line 303 in file RTE\Device\LPC1768\startup_LPC17xx.s
   Uses
      At line 96 in file RTE\Device\LPC1768\startup_LPC17xx.s
      At line 267 in file RTE\Device\LPC1768\startup_LPC17xx.s

USBActivity_IRQHandler 000000B8

Symbol: USBActivity_IRQHandler
   Definitions
      At line 328 in file RTE\Device\LPC1768\startup_LPC17xx.s
   Uses
      At line 121 in file RTE\Device\LPC1768\startup_LPC17xx.s
      At line 292 in file RTE\Device\LPC1768\startup_LPC17xx.s

USB_IRQHandler 000000B8

Symbol: USB_IRQHandler
   Definitions
      At line 319 in file RTE\Device\LPC1768\startup_LPC17xx.s
   Uses
      At line 112 in file RTE\Device\LPC1768\startup_LPC17xx.s
      At line 283 in file RTE\Device\LPC1768\startup_LPC17xx.s

UsageFault_Handler 000000AE

Symbol: UsageFault_Handler
   Definitions
      At line 235 in file RTE\Device\LPC1768\startup_LPC17xx.s
   Uses
      At line 76 in file RTE\Device\LPC1768\startup_LPC17xx.s
      At line 236 in file RTE\Device\LPC1768\startup_LPC17xx.s

WDT_IRQHandler 000000B8



ARM Macro Assembler    Page 8 Alphabetic symbol ordering
Relocatable symbols


Symbol: WDT_IRQHandler
   Definitions
      At line 295 in file RTE\Device\LPC1768\startup_LPC17xx.s
   Uses
      At line 88 in file RTE\Device\LPC1768\startup_LPC17xx.s
      At line 259 in file RTE\Device\LPC1768\startup_LPC17xx.s

__user_initial_stackheap 000000BC

Symbol: __user_initial_stackheap
   Definitions
      At line 351 in file RTE\Device\LPC1768\startup_LPC17xx.s
   Uses
      At line 350 in file RTE\Device\LPC1768\startup_LPC17xx.s
Comment: __user_initial_stackheap used once
innloop 00000046

Symbol: innloop
   Definitions
      At line 165 in file RTE\Device\LPC1768\startup_LPC17xx.s
   Uses
      At line 172 in file RTE\Device\LPC1768\startup_LPC17xx.s
Comment: innloop used once
midloop 00000024

Symbol: midloop
   Definitions
      At line 153 in file RTE\Device\LPC1768\startup_LPC17xx.s
   Uses
      At line 202 in file RTE\Device\LPC1768\startup_LPC17xx.s
Comment: midloop used once
nat 0000006A

Symbol: nat
   Definitions
      At line 181 in file RTE\Device\LPC1768\startup_LPC17xx.s
   Uses
      At line 178 in file RTE\Device\LPC1768\startup_LPC17xx.s
Comment: nat used once
nat1 00000078

Symbol: nat1
   Definitions
      At line 187 in file RTE\Device\LPC1768\startup_LPC17xx.s
   Uses
      At line 182 in file RTE\Device\LPC1768\startup_LPC17xx.s
      At line 184 in file RTE\Device\LPC1768\startup_LPC17xx.s

outloop 0000000A

Symbol: outloop
   Definitions
      At line 143 in file RTE\Device\LPC1768\startup_LPC17xx.s
   Uses
      At line 207 in file RTE\Device\LPC1768\startup_LPC17xx.s
Comment: outloop used once
pos 0000007E




ARM Macro Assembler    Page 9 Alphabetic symbol ordering
Relocatable symbols

Symbol: pos
   Definitions
      At line 190 in file RTE\Device\LPC1768\startup_LPC17xx.s
   Uses
      At line 177 in file RTE\Device\LPC1768\startup_LPC17xx.s
Comment: pos used once
pos1 0000008C

Symbol: pos1
   Definitions
      At line 196 in file RTE\Device\LPC1768\startup_LPC17xx.s
   Uses
      At line 191 in file RTE\Device\LPC1768\startup_LPC17xx.s
      At line 193 in file RTE\Device\LPC1768\startup_LPC17xx.s

stop 000000A4

Symbol: stop
   Definitions
      At line 209 in file RTE\Device\LPC1768\startup_LPC17xx.s
   Uses
      At line 209 in file RTE\Device\LPC1768\startup_LPC17xx.s
Comment: stop used once
stor 00000092

Symbol: stor
   Definitions
      At line 200 in file RTE\Device\LPC1768\startup_LPC17xx.s
   Uses
      At line 185 in file RTE\Device\LPC1768\startup_LPC17xx.s
      At line 188 in file RTE\Device\LPC1768\startup_LPC17xx.s
      At line 194 in file RTE\Device\LPC1768\startup_LPC17xx.s
      At line 197 in file RTE\Device\LPC1768\startup_LPC17xx.s

zer 00000084

Symbol: zer
   Definitions
      At line 192 in file RTE\Device\LPC1768\startup_LPC17xx.s
   Uses
      At line 179 in file RTE\Device\LPC1768\startup_LPC17xx.s
Comment: zer used once
58 symbols



ARM Macro Assembler    Page 1 Alphabetic symbol ordering
Absolute symbols

Heap_Size 00000000

Symbol: Heap_Size
   Definitions
      At line 47 in file RTE\Device\LPC1768\startup_LPC17xx.s
   Uses
      At line 51 in file RTE\Device\LPC1768\startup_LPC17xx.s
      At line 355 in file RTE\Device\LPC1768\startup_LPC17xx.s

M 00000007

Symbol: M
   Definitions
      At line 33 in file RTE\Device\LPC1768\startup_LPC17xx.s
   Uses
      At line 147 in file RTE\Device\LPC1768\startup_LPC17xx.s
      At line 161 in file RTE\Device\LPC1768\startup_LPC17xx.s

N 00000004

Symbol: N
   Definitions
      At line 32 in file RTE\Device\LPC1768\startup_LPC17xx.s
   Uses
      At line 59 in file RTE\Device\LPC1768\startup_LPC17xx.s
      At line 140 in file RTE\Device\LPC1768\startup_LPC17xx.s
      At line 143 in file RTE\Device\LPC1768\startup_LPC17xx.s

NAT 80000000

Symbol: NAT
   Definitions
      At line 36 in file RTE\Device\LPC1768\startup_LPC17xx.s
   Uses
      At line 183 in file RTE\Device\LPC1768\startup_LPC17xx.s
      At line 187 in file RTE\Device\LPC1768\startup_LPC17xx.s
      At line 192 in file RTE\Device\LPC1768\startup_LPC17xx.s

P 00000005

Symbol: P
   Definitions
      At line 34 in file RTE\Device\LPC1768\startup_LPC17xx.s
   Uses
      At line 59 in file RTE\Device\LPC1768\startup_LPC17xx.s
      At line 149 in file RTE\Device\LPC1768\startup_LPC17xx.s
      At line 155 in file RTE\Device\LPC1768\startup_LPC17xx.s
      At line 166 in file RTE\Device\LPC1768\startup_LPC17xx.s

POS 7FFFFFFF

Symbol: POS
   Definitions
      At line 35 in file RTE\Device\LPC1768\startup_LPC17xx.s
   Uses
      At line 196 in file RTE\Device\LPC1768\startup_LPC17xx.s
Comment: POS used once
Stack_Size 00000200




ARM Macro Assembler    Page 2 Alphabetic symbol ordering
Absolute symbols

Symbol: Stack_Size
   Definitions
      At line 31 in file RTE\Device\LPC1768\startup_LPC17xx.s
   Uses
      At line 39 in file RTE\Device\LPC1768\startup_LPC17xx.s
      At line 354 in file RTE\Device\LPC1768\startup_LPC17xx.s

7 symbols



ARM Macro Assembler    Page 1 Alphabetic symbol ordering
External symbols

__use_two_region_memory 00000000

Symbol: __use_two_region_memory
   Definitions
      At line 349 in file RTE\Device\LPC1768\startup_LPC17xx.s
   Uses
      None
Comment: __use_two_region_memory unused
1 symbol
422 symbols in table
