


ARM Macro Assembler    Page 1 


    1 00000000         ;/******************************************************
                       ********************//**
    2 00000000         ; * @file     startup_LPC17xx.s
    3 00000000         ; * @brief    CMSIS Cortex-M3 Core Device Startup File f
                       or
    4 00000000         ; *           NXP LPC17xx Device Series
    5 00000000         ; * @version  V1.10
    6 00000000         ; * @date     06. April 2011
    7 00000000         ; *
    8 00000000         ; * @note
    9 00000000         ; * Copyright (C) 2009-2011 ARM Limited. All rights rese
                       rved.
   10 00000000         ; *
   11 00000000         ; * @par
   12 00000000         ; * ARM Limited (ARM) is supplying this software for use
                        with Cortex-M
   13 00000000         ; * processor based microcontrollers.  This file can be 
                       freely distributed
   14 00000000         ; * within development tools that are supporting such AR
                       M based processors.
   15 00000000         ; *
   16 00000000         ; * @par
   17 00000000         ; * THIS SOFTWARE IS PROVIDED "AS IS".  NO WARRANTIES, W
                       HETHER EXPRESS, IMPLIED
   18 00000000         ; * OR STATUTORY, INCLUDING, BUT NOT LIMITED TO, IMPLIED
                        WARRANTIES OF
   19 00000000         ; * MERCHANTABILITY AND FITNESS FOR A PARTICULAR PURPOSE
                        APPLY TO THIS SOFTWARE.
   20 00000000         ; * ARM SHALL NOT, IN ANY CIRCUMSTANCES, BE LIABLE FOR S
                       PECIAL, INCIDENTAL, OR
   21 00000000         ; * CONSEQUENTIAL DAMAGES, FOR ANY REASON WHATSOEVER.
   22 00000000         ; *
   23 00000000         ; ******************************************************
                       ************************/
   24 00000000         
   25 00000000         ; *------- <<< Use Configuration Wizard in Context Menu 
                       >>> ------------------
   26 00000000         
   27 00000000         ; <h> Stack Configuration
   28 00000000         ;   <o> Stack Size (in Bytes) <0x0-0xFFFFFFFF:8>
   29 00000000         ; </h>
   30 00000000         
   31 00000000 00000200 
                       Stack_Size
                               EQU              0x00000200
   32 00000000         
   33 00000000                 AREA             STACK, NOINIT, READWRITE, ALIGN
=3
   34 00000000         Stack_Mem
                               SPACE            Stack_Size
   35 00000200         __initial_sp
   36 00000200         
   37 00000200         
   38 00000200         ; <h> Heap Configuration
   39 00000200         ;   <o>  Heap Size (in Bytes) <0x0-0xFFFFFFFF:8>
   40 00000200         ; </h>
   41 00000200         
   42 00000200 00000000 
                       Heap_Size



ARM Macro Assembler    Page 2 


                               EQU              0x00000000
   43 00000200         
   44 00000200                 AREA             HEAP, NOINIT, READWRITE, ALIGN=
3
   45 00000000         __heap_base
   46 00000000         Heap_Mem
                               SPACE            Heap_Size
   47 00000000         __heap_limit
   48 00000000         
   49 00000000         
   50 00000000                 PRESERVE8
   51 00000000                 THUMB
   52 00000000         
   53 00000000         
   54 00000000         ; Vector Table Mapped to Address 0 at Reset
   55 00000000         
   56 00000000                 AREA             RESET, DATA, READONLY
   57 00000000                 EXPORT           __Vectors
   58 00000000         
   59 00000000 00000000 
                       __Vectors
                               DCD              __initial_sp ; Top of Stack
   60 00000004 00000000        DCD              Reset_Handler ; Reset Handler
   61 00000008 00000000        DCD              NMI_Handler ; NMI Handler
   62 0000000C 00000000        DCD              HardFault_Handler ; Hard Fault 
                                                            Handler
   63 00000010 00000000        DCD              MemManage_Handler 
                                                            ; MPU Fault Handler
                                                            
   64 00000014 00000000        DCD              BusFault_Handler 
                                                            ; Bus Fault Handler
                                                            
   65 00000018 00000000        DCD              UsageFault_Handler ; Usage Faul
                                                            t Handler
   66 0000001C 00000000        DCD              0           ; Reserved
   67 00000020 00000000        DCD              0           ; Reserved
   68 00000024 00000000        DCD              0           ; Reserved
   69 00000028 00000000        DCD              0           ; Reserved
   70 0000002C 00000000        DCD              SVC_Handler ; SVCall Handler
   71 00000030 00000000        DCD              DebugMon_Handler ; Debug Monito
                                                            r Handler
   72 00000034 00000000        DCD              0           ; Reserved
   73 00000038 00000000        DCD              PendSV_Handler ; PendSV Handler
                                                            
   74 0000003C 00000000        DCD              SysTick_Handler 
                                                            ; SysTick Handler
   75 00000040         
   76 00000040         ; External Interrupts
   77 00000040 00000000        DCD              WDT_IRQHandler ; 16: Watchdog T
                                                            imer
   78 00000044 00000000        DCD              TIMER0_IRQHandler ; 17: Timer0
   79 00000048 00000000        DCD              TIMER1_IRQHandler ; 18: Timer1
   80 0000004C 00000000        DCD              TIMER2_IRQHandler ; 19: Timer2
   81 00000050 00000000        DCD              TIMER3_IRQHandler ; 20: Timer3
   82 00000054 00000000        DCD              UART0_IRQHandler ; 21: UART0
   83 00000058 00000000        DCD              UART1_IRQHandler ; 22: UART1
   84 0000005C 00000000        DCD              UART2_IRQHandler ; 23: UART2
   85 00000060 00000000        DCD              UART3_IRQHandler ; 24: UART3
   86 00000064 00000000        DCD              PWM1_IRQHandler ; 25: PWM1



ARM Macro Assembler    Page 3 


   87 00000068 00000000        DCD              I2C0_IRQHandler ; 26: I2C0
   88 0000006C 00000000        DCD              I2C1_IRQHandler ; 27: I2C1
   89 00000070 00000000        DCD              I2C2_IRQHandler ; 28: I2C2
   90 00000074 00000000        DCD              SPI_IRQHandler ; 29: SPI
   91 00000078 00000000        DCD              SSP0_IRQHandler ; 30: SSP0
   92 0000007C 00000000        DCD              SSP1_IRQHandler ; 31: SSP1
   93 00000080 00000000        DCD              PLL0_IRQHandler ; 32: PLL0 Lock
                                                             (Main PLL)
   94 00000084 00000000        DCD              RTC_IRQHandler ; 33: Real Time 
                                                            Clock
   95 00000088 00000000        DCD              EINT0_IRQHandler ; 34: External
                                                             Interrupt 0
   96 0000008C 00000000        DCD              EINT1_IRQHandler ; 35: External
                                                             Interrupt 1
   97 00000090 00000000        DCD              EINT2_IRQHandler ; 36: External
                                                             Interrupt 2
   98 00000094 00000000        DCD              EINT3_IRQHandler ; 37: External
                                                             Interrupt 3
   99 00000098 00000000        DCD              ADC_IRQHandler 
                                                            ; 38: A/D Converter
                                                            
  100 0000009C 00000000        DCD              BOD_IRQHandler ; 39: Brown-Out 
                                                            Detect
  101 000000A0 00000000        DCD              USB_IRQHandler ; 40: USB
  102 000000A4 00000000        DCD              CAN_IRQHandler ; 41: CAN
  103 000000A8 00000000        DCD              DMA_IRQHandler ; 42: General Pu
                                                            rpose DMA
  104 000000AC 00000000        DCD              I2S_IRQHandler ; 43: I2S
  105 000000B0 00000000        DCD              ENET_IRQHandler ; 44: Ethernet
  106 000000B4 00000000        DCD              RIT_IRQHandler ; 45: Repetitive
                                                             Interrupt Timer
  107 000000B8 00000000        DCD              MCPWM_IRQHandler ; 46: Motor Co
                                                            ntrol PWM
  108 000000BC 00000000        DCD              QEI_IRQHandler ; 47: Quadrature
                                                             Encoder Interface
  109 000000C0 00000000        DCD              PLL1_IRQHandler ; 48: PLL1 Lock
                                                             (USB PLL)
  110 000000C4 00000000        DCD              USBActivity_IRQHandler ; 49: US
                                                            B Activity interrup
                                                            t to wakeup
  111 000000C8 00000000        DCD              CANActivity_IRQHandler ; 50: CA
                                                            N Activity interrup
                                                            t to wakeup
  112 000000CC         
  113 000000CC         
  114 000000CC                 IF               :LNOT::DEF:NO_CRP
  115 000000CC                 AREA             |.ARM.__at_0x02FC|, CODE, READO
NLY
  116 00000000 FFFFFFFF 
                       CRP_Key DCD              0xFFFFFFFF
  117 00000004                 ENDIF
  118 00000004         
  119 00000004                 AREA             MYCODE, CODE, READONLY
  120 00000000         
  121 00000000         binaryGCD
                               PROC
  122 00000000                 EXPORT           binaryGCD             [WEAK]
  123 00000000         
  124 00000000 E92D 4FF0       PUSH             {R4-R11, LR}



ARM Macro Assembler    Page 4 


  125 00000004 EA84 0404       EOR              R4, R4
  126 00000008 EA85 0505       EOR              R5, R5
  127 0000000C         
  128 0000000C         tst1
  129 0000000C 2800            CMP              R0, 0
  130 0000000E D02C            BEQ              labEx
  131 00000010         
  132 00000010         
  133 00000010 F010 0F01       TST              R0, #1
  134 00000014 D000            BEQ              labadd0
  135 00000016 D109            BNE              tst3
  136 00000018         
  137 00000018         labadd0
  138 00000018 EA4F 0050       LSR              R0, #1
  139 0000001C F105 0501       ADD              R5, #1
  140 00000020 E004            B                tst3
  141 00000022         
  142 00000022         labadd1
  143 00000022 EA4F 0151       LSR              R1, #1
  144 00000026 F105 0502       ADD              R5, #2
  145 0000002A E006            B                tst4
  146 0000002C         
  147 0000002C F011 0F01 
                       tst3    TST              R1, #1
  148 00000030 D0F7            BEQ              labadd1
  149 00000032 D102            BNE              tst4
  150 00000034         
  151 00000034         labG
  152 00000034 F104 0401       ADD              R4,1
  153 00000038 E7E8            B                tst1
  154 0000003A         
  155 0000003A         tst4
  156 0000003A 46AA            MOV              R10, R5
  157 0000003C EA85 0505       EOR              R5, R5
  158 00000040 F1BA 0F03       CMP              R10, #3
  159 00000044 D0F6            BEQ              labG
  160 00000046 F1BA 0F02       CMP              R10, #2
  161 0000004A D0DF            BEQ              tst1
  162 0000004C F1BA 0F01       CMP              R10, #1
  163 00000050 D0EC            BEQ              tst3
  164 00000052 F1BA 0F00       CMP              R10, #0
  165 00000056 D0FF            BEQ              labC
  166 00000058         
  167 00000058         labC
  168 00000058 4288            CMP              R0, R1
  169 0000005A D200            BCS              labSub
  170 0000005C D302            BLO              labRsb
  171 0000005E         
  172 0000005E         
  173 0000005E EBA0 0001 
                       labSub  SUB              R0, R1
  174 00000062 E7D3            B                tst1
  175 00000064         
  176 00000064 EBA1 0100 
                       labRsb  SUB              R1, R0
  177 00000068 E7D0            B                tst1
  178 0000006A         
  179 0000006A         labEx
  180 0000006A F04F 0B01       MOV              R11, 1



ARM Macro Assembler    Page 5 


  181 0000006E FA0B FB04       LSL              R11, R4
  182 00000072 FB01 F00B       MUL              R0, R1 ,R11
  183 00000076         
  184 00000076         
  185 00000076 E8BD 8FF0       POP              {R4-R11, PC}
  186 0000007A         
  187 0000007A                 ENDP
  188 0000007A         
  189 0000007A         
  190 0000007A                 AREA             MYCODE1, CODE, READONLY
  191 00000000         
  192 00000000         binaryExtendedGCD
                               PROC
  193 00000000                 EXPORT           binaryExtendedGCD             [
WEAK]
  194 00000000 E92D 4FF0       PUSH             {R4-R11, LR}
  195 00000004 EA84 0404       EOR              R4, R4
  196 00000008 EA85 0505       EOR              R5, R5
  197 0000000C         
  198 0000000C 4682            MOV              R10, R0
  199 0000000E 4689            MOV              R9, R1
  200 00000010 F04F 0A01       MOV              R10, 1
  201 00000014 F04F 0A00       MOV              R10, 0
  202 00000018 F04F 0A00       MOV              R10, 0
  203 0000001C F04F 0A01       MOV              R10, 1
  204 00000020         
  205 00000020         
  206 00000020 E8BD 8FF0       POP              {R4-R11, PC}
  207 00000024                 ENDP
  208 00000024         
  209 00000024         
  210 00000024                 AREA             |.text|, CODE, READONLY
  211 00000000         
  212 00000000         
  213 00000000         ; Reset Handler
  214 00000000         
  215 00000000         Reset_Handler
                               PROC
  216 00000000                 EXPORT           Reset_Handler             [WEAK
]
  217 00000000         
  218 00000000         ; item 1
  219 00000000 F04F 0002       MOV              r0, #2
  220 00000004 F04F 0104       MOV              r1, #4
  221 00000008 F7FF FFFE       BL               binaryGCD
  222 0000000C         
  223 0000000C         
  224 0000000C         
  225 0000000C         ; remove comments to solve item 2
  226 0000000C F04F 001B       MOV              r0, #27
  227 00000010 F04F 0129       MOV              r1, #41
  228 00000014 F7FF FFFE       BL               binaryExtendedGCD
  229 00000018         
  230 00000018         ; remove comments to solve item 3
  231 00000018         ;IMPORT  SystemInit
  232 00000018         ;IMPORT  __main
  233 00000018         ;LDR     R0, =SystemInit
  234 00000018         ;BLX     R0
  235 00000018         ;LDR     R0, =__main



ARM Macro Assembler    Page 6 


  236 00000018         ;BX      R0
  237 00000018 E7FE    stop    B                stop
  238 0000001A                 ENDP
  239 0000001A         
  240 0000001A         
  241 0000001A         ; Dummy Exception Handlers (infinite loops which can be 
                       modified)
  242 0000001A         
  243 0000001A         NMI_Handler
                               PROC
  244 0000001A                 EXPORT           NMI_Handler               [WEAK
]
  245 0000001A E7FE            B                .
  246 0000001C                 ENDP
  248 0000001C         HardFault_Handler
                               PROC
  249 0000001C                 EXPORT           HardFault_Handler         [WEAK
]
  250 0000001C E7FE            B                .
  251 0000001E                 ENDP
  253 0000001E         MemManage_Handler
                               PROC
  254 0000001E                 EXPORT           MemManage_Handler         [WEAK
]
  255 0000001E E7FE            B                .
  256 00000020                 ENDP
  258 00000020         BusFault_Handler
                               PROC
  259 00000020                 EXPORT           BusFault_Handler          [WEAK
]
  260 00000020 E7FE            B                .
  261 00000022                 ENDP
  263 00000022         UsageFault_Handler
                               PROC
  264 00000022                 EXPORT           UsageFault_Handler        [WEAK
]
  265 00000022 E7FE            B                .
  266 00000024                 ENDP
  267 00000024         SVC_Handler
                               PROC
  268 00000024                 EXPORT           SVC_Handler               [WEAK
]
  269 00000024 E7FE            B                .
  270 00000026                 ENDP
  272 00000026         DebugMon_Handler
                               PROC
  273 00000026                 EXPORT           DebugMon_Handler          [WEAK
]
  274 00000026 E7FE            B                .
  275 00000028                 ENDP
  276 00000028         PendSV_Handler
                               PROC
  277 00000028                 EXPORT           PendSV_Handler            [WEAK
]
  278 00000028 E7FE            B                .
  279 0000002A                 ENDP
  280 0000002A         SysTick_Handler
                               PROC
  281 0000002A                 EXPORT           SysTick_Handler           [WEAK



ARM Macro Assembler    Page 7 


]
  282 0000002A E7FE            B                .
  283 0000002C                 ENDP
  284 0000002C         
  285 0000002C         Default_Handler
                               PROC
  286 0000002C         
  287 0000002C                 EXPORT           WDT_IRQHandler            [WEAK
]
  288 0000002C                 EXPORT           TIMER0_IRQHandler         [WEAK
]
  289 0000002C                 EXPORT           TIMER1_IRQHandler         [WEAK
]
  290 0000002C                 EXPORT           TIMER2_IRQHandler         [WEAK
]
  291 0000002C                 EXPORT           TIMER3_IRQHandler         [WEAK
]
  292 0000002C                 EXPORT           UART0_IRQHandler          [WEAK
]
  293 0000002C                 EXPORT           UART1_IRQHandler          [WEAK
]
  294 0000002C                 EXPORT           UART2_IRQHandler          [WEAK
]
  295 0000002C                 EXPORT           UART3_IRQHandler          [WEAK
]
  296 0000002C                 EXPORT           PWM1_IRQHandler           [WEAK
]
  297 0000002C                 EXPORT           I2C0_IRQHandler           [WEAK
]
  298 0000002C                 EXPORT           I2C1_IRQHandler           [WEAK
]
  299 0000002C                 EXPORT           I2C2_IRQHandler           [WEAK
]
  300 0000002C                 EXPORT           SPI_IRQHandler            [WEAK
]
  301 0000002C                 EXPORT           SSP0_IRQHandler           [WEAK
]
  302 0000002C                 EXPORT           SSP1_IRQHandler           [WEAK
]
  303 0000002C                 EXPORT           PLL0_IRQHandler           [WEAK
]
  304 0000002C                 EXPORT           RTC_IRQHandler            [WEAK
]
  305 0000002C                 EXPORT           EINT0_IRQHandler          [WEAK
]
  306 0000002C                 EXPORT           EINT1_IRQHandler          [WEAK
]
  307 0000002C                 EXPORT           EINT2_IRQHandler          [WEAK
]
  308 0000002C                 EXPORT           EINT3_IRQHandler          [WEAK
]
  309 0000002C                 EXPORT           ADC_IRQHandler            [WEAK
]
  310 0000002C                 EXPORT           BOD_IRQHandler            [WEAK
]
  311 0000002C                 EXPORT           USB_IRQHandler            [WEAK
]
  312 0000002C                 EXPORT           CAN_IRQHandler            [WEAK
]



ARM Macro Assembler    Page 8 


  313 0000002C                 EXPORT           DMA_IRQHandler            [WEAK
]
  314 0000002C                 EXPORT           I2S_IRQHandler            [WEAK
]
  315 0000002C                 EXPORT           ENET_IRQHandler           [WEAK
]
  316 0000002C                 EXPORT           RIT_IRQHandler            [WEAK
]
  317 0000002C                 EXPORT           MCPWM_IRQHandler          [WEAK
]
  318 0000002C                 EXPORT           QEI_IRQHandler            [WEAK
]
  319 0000002C                 EXPORT           PLL1_IRQHandler           [WEAK
]
  320 0000002C                 EXPORT           USBActivity_IRQHandler    [WEAK
]
  321 0000002C                 EXPORT           CANActivity_IRQHandler    [WEAK
]
  322 0000002C         
  323 0000002C         WDT_IRQHandler
  324 0000002C         TIMER0_IRQHandler
  325 0000002C         TIMER1_IRQHandler
  326 0000002C         TIMER2_IRQHandler
  327 0000002C         TIMER3_IRQHandler
  328 0000002C         UART0_IRQHandler
  329 0000002C         UART1_IRQHandler
  330 0000002C         UART2_IRQHandler
  331 0000002C         UART3_IRQHandler
  332 0000002C         PWM1_IRQHandler
  333 0000002C         I2C0_IRQHandler
  334 0000002C         I2C1_IRQHandler
  335 0000002C         I2C2_IRQHandler
  336 0000002C         SPI_IRQHandler
  337 0000002C         SSP0_IRQHandler
  338 0000002C         SSP1_IRQHandler
  339 0000002C         PLL0_IRQHandler
  340 0000002C         RTC_IRQHandler
  341 0000002C         EINT0_IRQHandler
  342 0000002C         EINT1_IRQHandler
  343 0000002C         EINT2_IRQHandler
  344 0000002C         EINT3_IRQHandler
  345 0000002C         ADC_IRQHandler
  346 0000002C         BOD_IRQHandler
  347 0000002C         USB_IRQHandler
  348 0000002C         CAN_IRQHandler
  349 0000002C         DMA_IRQHandler
  350 0000002C         I2S_IRQHandler
  351 0000002C         ENET_IRQHandler
  352 0000002C         RIT_IRQHandler
  353 0000002C         MCPWM_IRQHandler
  354 0000002C         QEI_IRQHandler
  355 0000002C         PLL1_IRQHandler
  356 0000002C         USBActivity_IRQHandler
  357 0000002C         CANActivity_IRQHandler
  358 0000002C         
  359 0000002C E7FE            B                .
  360 0000002E         
  361 0000002E                 ENDP
  362 0000002E         



ARM Macro Assembler    Page 9 


  363 0000002E         
  364 0000002E 00 00           ALIGN
  365 00000030         
  366 00000030         
  367 00000030         ; User Initial Stack & Heap
  368 00000030         
  369 00000030                 IF               :DEF:__MICROLIB
  376 00000030         
  377 00000030                 IMPORT           __use_two_region_memory
  378 00000030                 EXPORT           __user_initial_stackheap
  379 00000030         __user_initial_stackheap
  380 00000030         
  381 00000030 4802            LDR              R0, =  Heap_Mem
  382 00000032 4903            LDR              R1, =(Stack_Mem + Stack_Size)
  383 00000034 4A01            LDR              R2, = (Heap_Mem +  Heap_Size)
  384 00000036 4B03            LDR              R3, = Stack_Mem
  385 00000038 4770            BX               LR
  386 0000003A         
  387 0000003A 00 00           ALIGN
  388 0000003C         
  389 0000003C                 ENDIF
  390 0000003C         
  391 0000003C         
  392 0000003C                 END
              00000000 
              00000200 
              00000000 
Command Line: --debug --xref --diag_suppress=9931 --cpu=Cortex-M3 --apcs=interw
ork --depend=.\objects\startup_lpc17xx.d -o.\objects\startup_lpc17xx.o -I.\RTE\
Device\LPC1768 -I.\RTE\_Target_1 -I"D:\Program Files\Keil_V5\pack\ARM\CMSIS\5.6
.0\CMSIS\Core\Include" -I"D:\Program Files\Keil_V5\pack\Keil\LPC1700_DFP\2.6.0\
Device\Include" --predefine="__EVAL SETA 1" --predefine="__UVISION_VERSION SETA
 529" --predefine="_RTE_ SETA 1" --predefine="LPC175x_6x SETA 1" --list=.\listi
ngs\startup_lpc17xx.lst RTE\Device\LPC1768\startup_LPC17xx.s



ARM Macro Assembler    Page 1 Alphabetic symbol ordering
Relocatable symbols

STACK 00000000

Symbol: STACK
   Definitions
      At line 33 in file RTE\Device\LPC1768\startup_LPC17xx.s
   Uses
      None
Comment: STACK unused
Stack_Mem 00000000

Symbol: Stack_Mem
   Definitions
      At line 34 in file RTE\Device\LPC1768\startup_LPC17xx.s
   Uses
      At line 382 in file RTE\Device\LPC1768\startup_LPC17xx.s
      At line 384 in file RTE\Device\LPC1768\startup_LPC17xx.s

__initial_sp 00000200

Symbol: __initial_sp
   Definitions
      At line 35 in file RTE\Device\LPC1768\startup_LPC17xx.s
   Uses
      At line 59 in file RTE\Device\LPC1768\startup_LPC17xx.s
Comment: __initial_sp used once
3 symbols



ARM Macro Assembler    Page 1 Alphabetic symbol ordering
Relocatable symbols

HEAP 00000000

Symbol: HEAP
   Definitions
      At line 44 in file RTE\Device\LPC1768\startup_LPC17xx.s
   Uses
      None
Comment: HEAP unused
Heap_Mem 00000000

Symbol: Heap_Mem
   Definitions
      At line 46 in file RTE\Device\LPC1768\startup_LPC17xx.s
   Uses
      At line 381 in file RTE\Device\LPC1768\startup_LPC17xx.s
      At line 383 in file RTE\Device\LPC1768\startup_LPC17xx.s

__heap_base 00000000

Symbol: __heap_base
   Definitions
      At line 45 in file RTE\Device\LPC1768\startup_LPC17xx.s
   Uses
      None
Comment: __heap_base unused
__heap_limit 00000000

Symbol: __heap_limit
   Definitions
      At line 47 in file RTE\Device\LPC1768\startup_LPC17xx.s
   Uses
      None
Comment: __heap_limit unused
4 symbols



ARM Macro Assembler    Page 1 Alphabetic symbol ordering
Relocatable symbols

RESET 00000000

Symbol: RESET
   Definitions
      At line 56 in file RTE\Device\LPC1768\startup_LPC17xx.s
   Uses
      None
Comment: RESET unused
__Vectors 00000000

Symbol: __Vectors
   Definitions
      At line 59 in file RTE\Device\LPC1768\startup_LPC17xx.s
   Uses
      At line 57 in file RTE\Device\LPC1768\startup_LPC17xx.s
Comment: __Vectors used once
2 symbols



ARM Macro Assembler    Page 1 Alphabetic symbol ordering
Relocatable symbols

.ARM.__at_0x02FC 00000000

Symbol: .ARM.__at_0x02FC
   Definitions
      At line 115 in file RTE\Device\LPC1768\startup_LPC17xx.s
   Uses
      None
Comment: .ARM.__at_0x02FC unused
CRP_Key 00000000

Symbol: CRP_Key
   Definitions
      At line 116 in file RTE\Device\LPC1768\startup_LPC17xx.s
   Uses
      None
Comment: CRP_Key unused
2 symbols



ARM Macro Assembler    Page 1 Alphabetic symbol ordering
Relocatable symbols

MYCODE 00000000

Symbol: MYCODE
   Definitions
      At line 119 in file RTE\Device\LPC1768\startup_LPC17xx.s
   Uses
      None
Comment: MYCODE unused
binaryGCD 00000000

Symbol: binaryGCD
   Definitions
      At line 121 in file RTE\Device\LPC1768\startup_LPC17xx.s
   Uses
      At line 122 in file RTE\Device\LPC1768\startup_LPC17xx.s
      At line 221 in file RTE\Device\LPC1768\startup_LPC17xx.s

labC 00000058

Symbol: labC
   Definitions
      At line 167 in file RTE\Device\LPC1768\startup_LPC17xx.s
   Uses
      At line 165 in file RTE\Device\LPC1768\startup_LPC17xx.s
Comment: labC used once
labEx 0000006A

Symbol: labEx
   Definitions
      At line 179 in file RTE\Device\LPC1768\startup_LPC17xx.s
   Uses
      At line 130 in file RTE\Device\LPC1768\startup_LPC17xx.s
Comment: labEx used once
labG 00000034

Symbol: labG
   Definitions
      At line 151 in file RTE\Device\LPC1768\startup_LPC17xx.s
   Uses
      At line 159 in file RTE\Device\LPC1768\startup_LPC17xx.s
Comment: labG used once
labRsb 00000064

Symbol: labRsb
   Definitions
      At line 176 in file RTE\Device\LPC1768\startup_LPC17xx.s
   Uses
      At line 170 in file RTE\Device\LPC1768\startup_LPC17xx.s
Comment: labRsb used once
labSub 0000005E

Symbol: labSub
   Definitions
      At line 173 in file RTE\Device\LPC1768\startup_LPC17xx.s
   Uses
      At line 169 in file RTE\Device\LPC1768\startup_LPC17xx.s
Comment: labSub used once
labadd0 00000018




ARM Macro Assembler    Page 2 Alphabetic symbol ordering
Relocatable symbols

Symbol: labadd0
   Definitions
      At line 137 in file RTE\Device\LPC1768\startup_LPC17xx.s
   Uses
      At line 134 in file RTE\Device\LPC1768\startup_LPC17xx.s
Comment: labadd0 used once
labadd1 00000022

Symbol: labadd1
   Definitions
      At line 142 in file RTE\Device\LPC1768\startup_LPC17xx.s
   Uses
      At line 148 in file RTE\Device\LPC1768\startup_LPC17xx.s
Comment: labadd1 used once
tst1 0000000C

Symbol: tst1
   Definitions
      At line 128 in file RTE\Device\LPC1768\startup_LPC17xx.s
   Uses
      At line 153 in file RTE\Device\LPC1768\startup_LPC17xx.s
      At line 161 in file RTE\Device\LPC1768\startup_LPC17xx.s
      At line 174 in file RTE\Device\LPC1768\startup_LPC17xx.s
      At line 177 in file RTE\Device\LPC1768\startup_LPC17xx.s

tst3 0000002C

Symbol: tst3
   Definitions
      At line 147 in file RTE\Device\LPC1768\startup_LPC17xx.s
   Uses
      At line 135 in file RTE\Device\LPC1768\startup_LPC17xx.s
      At line 140 in file RTE\Device\LPC1768\startup_LPC17xx.s
      At line 163 in file RTE\Device\LPC1768\startup_LPC17xx.s

tst4 0000003A

Symbol: tst4
   Definitions
      At line 155 in file RTE\Device\LPC1768\startup_LPC17xx.s
   Uses
      At line 145 in file RTE\Device\LPC1768\startup_LPC17xx.s
      At line 149 in file RTE\Device\LPC1768\startup_LPC17xx.s

12 symbols



ARM Macro Assembler    Page 1 Alphabetic symbol ordering
Relocatable symbols

MYCODE1 00000000

Symbol: MYCODE1
   Definitions
      At line 190 in file RTE\Device\LPC1768\startup_LPC17xx.s
   Uses
      None
Comment: MYCODE1 unused
binaryExtendedGCD 00000000

Symbol: binaryExtendedGCD
   Definitions
      At line 192 in file RTE\Device\LPC1768\startup_LPC17xx.s
   Uses
      At line 193 in file RTE\Device\LPC1768\startup_LPC17xx.s
      At line 228 in file RTE\Device\LPC1768\startup_LPC17xx.s

2 symbols



ARM Macro Assembler    Page 1 Alphabetic symbol ordering
Relocatable symbols

.text 00000000

Symbol: .text
   Definitions
      At line 210 in file RTE\Device\LPC1768\startup_LPC17xx.s
   Uses
      None
Comment: .text unused
ADC_IRQHandler 0000002C

Symbol: ADC_IRQHandler
   Definitions
      At line 345 in file RTE\Device\LPC1768\startup_LPC17xx.s
   Uses
      At line 99 in file RTE\Device\LPC1768\startup_LPC17xx.s
      At line 309 in file RTE\Device\LPC1768\startup_LPC17xx.s

BOD_IRQHandler 0000002C

Symbol: BOD_IRQHandler
   Definitions
      At line 346 in file RTE\Device\LPC1768\startup_LPC17xx.s
   Uses
      At line 100 in file RTE\Device\LPC1768\startup_LPC17xx.s
      At line 310 in file RTE\Device\LPC1768\startup_LPC17xx.s

BusFault_Handler 00000020

Symbol: BusFault_Handler
   Definitions
      At line 258 in file RTE\Device\LPC1768\startup_LPC17xx.s
   Uses
      At line 64 in file RTE\Device\LPC1768\startup_LPC17xx.s
      At line 259 in file RTE\Device\LPC1768\startup_LPC17xx.s

CANActivity_IRQHandler 0000002C

Symbol: CANActivity_IRQHandler
   Definitions
      At line 357 in file RTE\Device\LPC1768\startup_LPC17xx.s
   Uses
      At line 111 in file RTE\Device\LPC1768\startup_LPC17xx.s
      At line 321 in file RTE\Device\LPC1768\startup_LPC17xx.s

CAN_IRQHandler 0000002C

Symbol: CAN_IRQHandler
   Definitions
      At line 348 in file RTE\Device\LPC1768\startup_LPC17xx.s
   Uses
      At line 102 in file RTE\Device\LPC1768\startup_LPC17xx.s
      At line 312 in file RTE\Device\LPC1768\startup_LPC17xx.s

DMA_IRQHandler 0000002C

Symbol: DMA_IRQHandler
   Definitions
      At line 349 in file RTE\Device\LPC1768\startup_LPC17xx.s
   Uses



ARM Macro Assembler    Page 2 Alphabetic symbol ordering
Relocatable symbols

      At line 103 in file RTE\Device\LPC1768\startup_LPC17xx.s
      At line 313 in file RTE\Device\LPC1768\startup_LPC17xx.s

DebugMon_Handler 00000026

Symbol: DebugMon_Handler
   Definitions
      At line 272 in file RTE\Device\LPC1768\startup_LPC17xx.s
   Uses
      At line 71 in file RTE\Device\LPC1768\startup_LPC17xx.s
      At line 273 in file RTE\Device\LPC1768\startup_LPC17xx.s

Default_Handler 0000002C

Symbol: Default_Handler
   Definitions
      At line 285 in file RTE\Device\LPC1768\startup_LPC17xx.s
   Uses
      None
Comment: Default_Handler unused
EINT0_IRQHandler 0000002C

Symbol: EINT0_IRQHandler
   Definitions
      At line 341 in file RTE\Device\LPC1768\startup_LPC17xx.s
   Uses
      At line 95 in file RTE\Device\LPC1768\startup_LPC17xx.s
      At line 305 in file RTE\Device\LPC1768\startup_LPC17xx.s

EINT1_IRQHandler 0000002C

Symbol: EINT1_IRQHandler
   Definitions
      At line 342 in file RTE\Device\LPC1768\startup_LPC17xx.s
   Uses
      At line 96 in file RTE\Device\LPC1768\startup_LPC17xx.s
      At line 306 in file RTE\Device\LPC1768\startup_LPC17xx.s

EINT2_IRQHandler 0000002C

Symbol: EINT2_IRQHandler
   Definitions
      At line 343 in file RTE\Device\LPC1768\startup_LPC17xx.s
   Uses
      At line 97 in file RTE\Device\LPC1768\startup_LPC17xx.s
      At line 307 in file RTE\Device\LPC1768\startup_LPC17xx.s

EINT3_IRQHandler 0000002C

Symbol: EINT3_IRQHandler
   Definitions
      At line 344 in file RTE\Device\LPC1768\startup_LPC17xx.s
   Uses
      At line 98 in file RTE\Device\LPC1768\startup_LPC17xx.s
      At line 308 in file RTE\Device\LPC1768\startup_LPC17xx.s

ENET_IRQHandler 0000002C

Symbol: ENET_IRQHandler



ARM Macro Assembler    Page 3 Alphabetic symbol ordering
Relocatable symbols

   Definitions
      At line 351 in file RTE\Device\LPC1768\startup_LPC17xx.s
   Uses
      At line 105 in file RTE\Device\LPC1768\startup_LPC17xx.s
      At line 315 in file RTE\Device\LPC1768\startup_LPC17xx.s

HardFault_Handler 0000001C

Symbol: HardFault_Handler
   Definitions
      At line 248 in file RTE\Device\LPC1768\startup_LPC17xx.s
   Uses
      At line 62 in file RTE\Device\LPC1768\startup_LPC17xx.s
      At line 249 in file RTE\Device\LPC1768\startup_LPC17xx.s

I2C0_IRQHandler 0000002C

Symbol: I2C0_IRQHandler
   Definitions
      At line 333 in file RTE\Device\LPC1768\startup_LPC17xx.s
   Uses
      At line 87 in file RTE\Device\LPC1768\startup_LPC17xx.s
      At line 297 in file RTE\Device\LPC1768\startup_LPC17xx.s

I2C1_IRQHandler 0000002C

Symbol: I2C1_IRQHandler
   Definitions
      At line 334 in file RTE\Device\LPC1768\startup_LPC17xx.s
   Uses
      At line 88 in file RTE\Device\LPC1768\startup_LPC17xx.s
      At line 298 in file RTE\Device\LPC1768\startup_LPC17xx.s

I2C2_IRQHandler 0000002C

Symbol: I2C2_IRQHandler
   Definitions
      At line 335 in file RTE\Device\LPC1768\startup_LPC17xx.s
   Uses
      At line 89 in file RTE\Device\LPC1768\startup_LPC17xx.s
      At line 299 in file RTE\Device\LPC1768\startup_LPC17xx.s

I2S_IRQHandler 0000002C

Symbol: I2S_IRQHandler
   Definitions
      At line 350 in file RTE\Device\LPC1768\startup_LPC17xx.s
   Uses
      At line 104 in file RTE\Device\LPC1768\startup_LPC17xx.s
      At line 314 in file RTE\Device\LPC1768\startup_LPC17xx.s

MCPWM_IRQHandler 0000002C

Symbol: MCPWM_IRQHandler
   Definitions
      At line 353 in file RTE\Device\LPC1768\startup_LPC17xx.s
   Uses
      At line 107 in file RTE\Device\LPC1768\startup_LPC17xx.s
      At line 317 in file RTE\Device\LPC1768\startup_LPC17xx.s



ARM Macro Assembler    Page 4 Alphabetic symbol ordering
Relocatable symbols


MemManage_Handler 0000001E

Symbol: MemManage_Handler
   Definitions
      At line 253 in file RTE\Device\LPC1768\startup_LPC17xx.s
   Uses
      At line 63 in file RTE\Device\LPC1768\startup_LPC17xx.s
      At line 254 in file RTE\Device\LPC1768\startup_LPC17xx.s

NMI_Handler 0000001A

Symbol: NMI_Handler
   Definitions
      At line 243 in file RTE\Device\LPC1768\startup_LPC17xx.s
   Uses
      At line 61 in file RTE\Device\LPC1768\startup_LPC17xx.s
      At line 244 in file RTE\Device\LPC1768\startup_LPC17xx.s

PLL0_IRQHandler 0000002C

Symbol: PLL0_IRQHandler
   Definitions
      At line 339 in file RTE\Device\LPC1768\startup_LPC17xx.s
   Uses
      At line 93 in file RTE\Device\LPC1768\startup_LPC17xx.s
      At line 303 in file RTE\Device\LPC1768\startup_LPC17xx.s

PLL1_IRQHandler 0000002C

Symbol: PLL1_IRQHandler
   Definitions
      At line 355 in file RTE\Device\LPC1768\startup_LPC17xx.s
   Uses
      At line 109 in file RTE\Device\LPC1768\startup_LPC17xx.s
      At line 319 in file RTE\Device\LPC1768\startup_LPC17xx.s

PWM1_IRQHandler 0000002C

Symbol: PWM1_IRQHandler
   Definitions
      At line 332 in file RTE\Device\LPC1768\startup_LPC17xx.s
   Uses
      At line 86 in file RTE\Device\LPC1768\startup_LPC17xx.s
      At line 296 in file RTE\Device\LPC1768\startup_LPC17xx.s

PendSV_Handler 00000028

Symbol: PendSV_Handler
   Definitions
      At line 276 in file RTE\Device\LPC1768\startup_LPC17xx.s
   Uses
      At line 73 in file RTE\Device\LPC1768\startup_LPC17xx.s
      At line 277 in file RTE\Device\LPC1768\startup_LPC17xx.s

QEI_IRQHandler 0000002C

Symbol: QEI_IRQHandler
   Definitions



ARM Macro Assembler    Page 5 Alphabetic symbol ordering
Relocatable symbols

      At line 354 in file RTE\Device\LPC1768\startup_LPC17xx.s
   Uses
      At line 108 in file RTE\Device\LPC1768\startup_LPC17xx.s
      At line 318 in file RTE\Device\LPC1768\startup_LPC17xx.s

RIT_IRQHandler 0000002C

Symbol: RIT_IRQHandler
   Definitions
      At line 352 in file RTE\Device\LPC1768\startup_LPC17xx.s
   Uses
      At line 106 in file RTE\Device\LPC1768\startup_LPC17xx.s
      At line 316 in file RTE\Device\LPC1768\startup_LPC17xx.s

RTC_IRQHandler 0000002C

Symbol: RTC_IRQHandler
   Definitions
      At line 340 in file RTE\Device\LPC1768\startup_LPC17xx.s
   Uses
      At line 94 in file RTE\Device\LPC1768\startup_LPC17xx.s
      At line 304 in file RTE\Device\LPC1768\startup_LPC17xx.s

Reset_Handler 00000000

Symbol: Reset_Handler
   Definitions
      At line 215 in file RTE\Device\LPC1768\startup_LPC17xx.s
   Uses
      At line 60 in file RTE\Device\LPC1768\startup_LPC17xx.s
      At line 216 in file RTE\Device\LPC1768\startup_LPC17xx.s

SPI_IRQHandler 0000002C

Symbol: SPI_IRQHandler
   Definitions
      At line 336 in file RTE\Device\LPC1768\startup_LPC17xx.s
   Uses
      At line 90 in file RTE\Device\LPC1768\startup_LPC17xx.s
      At line 300 in file RTE\Device\LPC1768\startup_LPC17xx.s

SSP0_IRQHandler 0000002C

Symbol: SSP0_IRQHandler
   Definitions
      At line 337 in file RTE\Device\LPC1768\startup_LPC17xx.s
   Uses
      At line 91 in file RTE\Device\LPC1768\startup_LPC17xx.s
      At line 301 in file RTE\Device\LPC1768\startup_LPC17xx.s

SSP1_IRQHandler 0000002C

Symbol: SSP1_IRQHandler
   Definitions
      At line 338 in file RTE\Device\LPC1768\startup_LPC17xx.s
   Uses
      At line 92 in file RTE\Device\LPC1768\startup_LPC17xx.s
      At line 302 in file RTE\Device\LPC1768\startup_LPC17xx.s




ARM Macro Assembler    Page 6 Alphabetic symbol ordering
Relocatable symbols

SVC_Handler 00000024

Symbol: SVC_Handler
   Definitions
      At line 267 in file RTE\Device\LPC1768\startup_LPC17xx.s
   Uses
      At line 70 in file RTE\Device\LPC1768\startup_LPC17xx.s
      At line 268 in file RTE\Device\LPC1768\startup_LPC17xx.s

SysTick_Handler 0000002A

Symbol: SysTick_Handler
   Definitions
      At line 280 in file RTE\Device\LPC1768\startup_LPC17xx.s
   Uses
      At line 74 in file RTE\Device\LPC1768\startup_LPC17xx.s
      At line 281 in file RTE\Device\LPC1768\startup_LPC17xx.s

TIMER0_IRQHandler 0000002C

Symbol: TIMER0_IRQHandler
   Definitions
      At line 324 in file RTE\Device\LPC1768\startup_LPC17xx.s
   Uses
      At line 78 in file RTE\Device\LPC1768\startup_LPC17xx.s
      At line 288 in file RTE\Device\LPC1768\startup_LPC17xx.s

TIMER1_IRQHandler 0000002C

Symbol: TIMER1_IRQHandler
   Definitions
      At line 325 in file RTE\Device\LPC1768\startup_LPC17xx.s
   Uses
      At line 79 in file RTE\Device\LPC1768\startup_LPC17xx.s
      At line 289 in file RTE\Device\LPC1768\startup_LPC17xx.s

TIMER2_IRQHandler 0000002C

Symbol: TIMER2_IRQHandler
   Definitions
      At line 326 in file RTE\Device\LPC1768\startup_LPC17xx.s
   Uses
      At line 80 in file RTE\Device\LPC1768\startup_LPC17xx.s
      At line 290 in file RTE\Device\LPC1768\startup_LPC17xx.s

TIMER3_IRQHandler 0000002C

Symbol: TIMER3_IRQHandler
   Definitions
      At line 327 in file RTE\Device\LPC1768\startup_LPC17xx.s
   Uses
      At line 81 in file RTE\Device\LPC1768\startup_LPC17xx.s
      At line 291 in file RTE\Device\LPC1768\startup_LPC17xx.s

UART0_IRQHandler 0000002C

Symbol: UART0_IRQHandler
   Definitions
      At line 328 in file RTE\Device\LPC1768\startup_LPC17xx.s



ARM Macro Assembler    Page 7 Alphabetic symbol ordering
Relocatable symbols

   Uses
      At line 82 in file RTE\Device\LPC1768\startup_LPC17xx.s
      At line 292 in file RTE\Device\LPC1768\startup_LPC17xx.s

UART1_IRQHandler 0000002C

Symbol: UART1_IRQHandler
   Definitions
      At line 329 in file RTE\Device\LPC1768\startup_LPC17xx.s
   Uses
      At line 83 in file RTE\Device\LPC1768\startup_LPC17xx.s
      At line 293 in file RTE\Device\LPC1768\startup_LPC17xx.s

UART2_IRQHandler 0000002C

Symbol: UART2_IRQHandler
   Definitions
      At line 330 in file RTE\Device\LPC1768\startup_LPC17xx.s
   Uses
      At line 84 in file RTE\Device\LPC1768\startup_LPC17xx.s
      At line 294 in file RTE\Device\LPC1768\startup_LPC17xx.s

UART3_IRQHandler 0000002C

Symbol: UART3_IRQHandler
   Definitions
      At line 331 in file RTE\Device\LPC1768\startup_LPC17xx.s
   Uses
      At line 85 in file RTE\Device\LPC1768\startup_LPC17xx.s
      At line 295 in file RTE\Device\LPC1768\startup_LPC17xx.s

USBActivity_IRQHandler 0000002C

Symbol: USBActivity_IRQHandler
   Definitions
      At line 356 in file RTE\Device\LPC1768\startup_LPC17xx.s
   Uses
      At line 110 in file RTE\Device\LPC1768\startup_LPC17xx.s
      At line 320 in file RTE\Device\LPC1768\startup_LPC17xx.s

USB_IRQHandler 0000002C

Symbol: USB_IRQHandler
   Definitions
      At line 347 in file RTE\Device\LPC1768\startup_LPC17xx.s
   Uses
      At line 101 in file RTE\Device\LPC1768\startup_LPC17xx.s
      At line 311 in file RTE\Device\LPC1768\startup_LPC17xx.s

UsageFault_Handler 00000022

Symbol: UsageFault_Handler
   Definitions
      At line 263 in file RTE\Device\LPC1768\startup_LPC17xx.s
   Uses
      At line 65 in file RTE\Device\LPC1768\startup_LPC17xx.s
      At line 264 in file RTE\Device\LPC1768\startup_LPC17xx.s

WDT_IRQHandler 0000002C



ARM Macro Assembler    Page 8 Alphabetic symbol ordering
Relocatable symbols


Symbol: WDT_IRQHandler
   Definitions
      At line 323 in file RTE\Device\LPC1768\startup_LPC17xx.s
   Uses
      At line 77 in file RTE\Device\LPC1768\startup_LPC17xx.s
      At line 287 in file RTE\Device\LPC1768\startup_LPC17xx.s

__user_initial_stackheap 00000030

Symbol: __user_initial_stackheap
   Definitions
      At line 379 in file RTE\Device\LPC1768\startup_LPC17xx.s
   Uses
      At line 378 in file RTE\Device\LPC1768\startup_LPC17xx.s
Comment: __user_initial_stackheap used once
stop 00000018

Symbol: stop
   Definitions
      At line 237 in file RTE\Device\LPC1768\startup_LPC17xx.s
   Uses
      At line 237 in file RTE\Device\LPC1768\startup_LPC17xx.s
Comment: stop used once
49 symbols



ARM Macro Assembler    Page 1 Alphabetic symbol ordering
Absolute symbols

Heap_Size 00000000

Symbol: Heap_Size
   Definitions
      At line 42 in file RTE\Device\LPC1768\startup_LPC17xx.s
   Uses
      At line 46 in file RTE\Device\LPC1768\startup_LPC17xx.s
      At line 383 in file RTE\Device\LPC1768\startup_LPC17xx.s

Stack_Size 00000200

Symbol: Stack_Size
   Definitions
      At line 31 in file RTE\Device\LPC1768\startup_LPC17xx.s
   Uses
      At line 34 in file RTE\Device\LPC1768\startup_LPC17xx.s
      At line 382 in file RTE\Device\LPC1768\startup_LPC17xx.s

2 symbols



ARM Macro Assembler    Page 1 Alphabetic symbol ordering
External symbols

__use_two_region_memory 00000000

Symbol: __use_two_region_memory
   Definitions
      At line 377 in file RTE\Device\LPC1768\startup_LPC17xx.s
   Uses
      None
Comment: __use_two_region_memory unused
1 symbol
417 symbols in table
