


ARM Macro Assembler    Page 1 


    1 00000000         ;/******************************************************
                       ********************//**
    2 00000000         ; * @file     startup_LPC17xx.s
    3 00000000         ; * @brief    CMSIS Cortex-M3 Core Device Startup File f
                       or
    4 00000000         ; *           NXP LPC17xx Device Series
    5 00000000         ; * @version  V1.10
    6 00000000         ; * @date     06. April 2011
    7 00000000         ; *
    8 00000000         ; * @note
    9 00000000         ; * Copyright (C) 2009-2011 ARM Limited. All rights rese
                       rved.
   10 00000000         ; *
   11 00000000         ; * @par
   12 00000000         ; * ARM Limited (ARM) is supplying this software for use
                        with Cortex-M
   13 00000000         ; * processor based microcontrollers.  This file can be 
                       freely distributed
   14 00000000         ; * within development tools that are supporting such AR
                       M based processors.
   15 00000000         ; *
   16 00000000         ; * @par
   17 00000000         ; * THIS SOFTWARE IS PROVIDED "AS IS".  NO WARRANTIES, W
                       HETHER EXPRESS, IMPLIED
   18 00000000         ; * OR STATUTORY, INCLUDING, BUT NOT LIMITED TO, IMPLIED
                        WARRANTIES OF
   19 00000000         ; * MERCHANTABILITY AND FITNESS FOR A PARTICULAR PURPOSE
                        APPLY TO THIS SOFTWARE.
   20 00000000         ; * ARM SHALL NOT, IN ANY CIRCUMSTANCES, BE LIABLE FOR S
                       PECIAL, INCIDENTAL, OR
   21 00000000         ; * CONSEQUENTIAL DAMAGES, FOR ANY REASON WHATSOEVER.
   22 00000000         ; *
   23 00000000         ; ******************************************************
                       ************************/
   24 00000000         
   25 00000000         ; *------- <<< Use Configuration Wizard in Context Menu 
                       >>> ------------------
   26 00000000         
   27 00000000         ; <h> Stack Configuration
   28 00000000         ;   <o> Stack Size (in Bytes) <0x0-0xFFFFFFFF:8>
   29 00000000         ; </h>
   30 00000000         
   31 00000000 00000200 
                       Stack_Size
                               EQU              0x00000200
   32 00000000         
   33 00000000                 AREA             STACK, NOINIT, READWRITE, ALIGN
=3
   34 00000000         Stack_Mem
                               SPACE            Stack_Size
   35 00000200         __initial_sp
   36 00000200         
   37 00000200         
   38 00000200         ; <h> Heap Configuration
   39 00000200         ;   <o>  Heap Size (in Bytes) <0x0-0xFFFFFFFF:8>
   40 00000200         ; </h>
   41 00000200         
   42 00000200 00000000 
                       Heap_Size



ARM Macro Assembler    Page 2 


                               EQU              0x00000000
   43 00000200         
   44 00000200                 AREA             HEAP, NOINIT, READWRITE, ALIGN=
3
   45 00000000         __heap_base
   46 00000000         Heap_Mem
                               SPACE            Heap_Size
   47 00000000         __heap_limit
   48 00000000         
   49 00000000         
   50 00000000                 PRESERVE8
   51 00000000                 THUMB
   52 00000000         
   53 00000000         
   54 00000000         ; Vector Table Mapped to Address 0 at Reset
   55 00000000         
   56 00000000                 AREA             RESET, DATA, READONLY
   57 00000000                 EXPORT           __Vectors
   58 00000000         
   59 00000000 00000000 
                       __Vectors
                               DCD              __initial_sp ; Top of Stack
   60 00000004 00000000        DCD              Reset_Handler ; Reset Handler
   61 00000008 00000000        DCD              NMI_Handler ; NMI Handler
   62 0000000C 00000000        DCD              HardFault_Handler ; Hard Fault 
                                                            Handler
   63 00000010 00000000        DCD              MemManage_Handler 
                                                            ; MPU Fault Handler
                                                            
   64 00000014 00000000        DCD              BusFault_Handler 
                                                            ; Bus Fault Handler
                                                            
   65 00000018 00000000        DCD              UsageFault_Handler ; Usage Faul
                                                            t Handler
   66 0000001C 00000000        DCD              0           ; Reserved
   67 00000020 00000000        DCD              0           ; Reserved
   68 00000024 00000000        DCD              0           ; Reserved
   69 00000028 00000000        DCD              0           ; Reserved
   70 0000002C 00000000        DCD              SVC_Handler ; SVCall Handler
   71 00000030 00000000        DCD              DebugMon_Handler ; Debug Monito
                                                            r Handler
   72 00000034 00000000        DCD              0           ; Reserved
   73 00000038 00000000        DCD              PendSV_Handler ; PendSV Handler
                                                            
   74 0000003C 00000000        DCD              SysTick_Handler 
                                                            ; SysTick Handler
   75 00000040         
   76 00000040         ; External Interrupts
   77 00000040 00000000        DCD              WDT_IRQHandler ; 16: Watchdog T
                                                            imer
   78 00000044 00000000        DCD              TIMER0_IRQHandler ; 17: Timer0
   79 00000048 00000000        DCD              TIMER1_IRQHandler ; 18: Timer1
   80 0000004C 00000000        DCD              TIMER2_IRQHandler ; 19: Timer2
   81 00000050 00000000        DCD              TIMER3_IRQHandler ; 20: Timer3
   82 00000054 00000000        DCD              UART0_IRQHandler ; 21: UART0
   83 00000058 00000000        DCD              UART1_IRQHandler ; 22: UART1
   84 0000005C 00000000        DCD              UART2_IRQHandler ; 23: UART2
   85 00000060 00000000        DCD              UART3_IRQHandler ; 24: UART3
   86 00000064 00000000        DCD              PWM1_IRQHandler ; 25: PWM1



ARM Macro Assembler    Page 3 


   87 00000068 00000000        DCD              I2C0_IRQHandler ; 26: I2C0
   88 0000006C 00000000        DCD              I2C1_IRQHandler ; 27: I2C1
   89 00000070 00000000        DCD              I2C2_IRQHandler ; 28: I2C2
   90 00000074 00000000        DCD              SPI_IRQHandler ; 29: SPI
   91 00000078 00000000        DCD              SSP0_IRQHandler ; 30: SSP0
   92 0000007C 00000000        DCD              SSP1_IRQHandler ; 31: SSP1
   93 00000080 00000000        DCD              PLL0_IRQHandler ; 32: PLL0 Lock
                                                             (Main PLL)
   94 00000084 00000000        DCD              RTC_IRQHandler ; 33: Real Time 
                                                            Clock
   95 00000088 00000000        DCD              EINT0_IRQHandler ; 34: External
                                                             Interrupt 0
   96 0000008C 00000000        DCD              EINT1_IRQHandler ; 35: External
                                                             Interrupt 1
   97 00000090 00000000        DCD              EINT2_IRQHandler ; 36: External
                                                             Interrupt 2
   98 00000094 00000000        DCD              EINT3_IRQHandler ; 37: External
                                                             Interrupt 3
   99 00000098 00000000        DCD              ADC_IRQHandler 
                                                            ; 38: A/D Converter
                                                            
  100 0000009C 00000000        DCD              BOD_IRQHandler ; 39: Brown-Out 
                                                            Detect
  101 000000A0 00000000        DCD              USB_IRQHandler ; 40: USB
  102 000000A4 00000000        DCD              CAN_IRQHandler ; 41: CAN
  103 000000A8 00000000        DCD              DMA_IRQHandler ; 42: General Pu
                                                            rpose DMA
  104 000000AC 00000000        DCD              I2S_IRQHandler ; 43: I2S
  105 000000B0 00000000        DCD              ENET_IRQHandler ; 44: Ethernet
  106 000000B4 00000000        DCD              RIT_IRQHandler ; 45: Repetitive
                                                             Interrupt Timer
  107 000000B8 00000000        DCD              MCPWM_IRQHandler ; 46: Motor Co
                                                            ntrol PWM
  108 000000BC 00000000        DCD              QEI_IRQHandler ; 47: Quadrature
                                                             Encoder Interface
  109 000000C0 00000000        DCD              PLL1_IRQHandler ; 48: PLL1 Lock
                                                             (USB PLL)
  110 000000C4 00000000        DCD              USBActivity_IRQHandler ; 49: US
                                                            B Activity interrup
                                                            t to wakeup
  111 000000C8 00000000        DCD              CANActivity_IRQHandler ; 50: CA
                                                            N Activity interrup
                                                            t to wakeup
  112 000000CC         
  113 000000CC         
  114 000000CC                 IF               :LNOT::DEF:NO_CRP
  115 000000CC                 AREA             |.ARM.__at_0x02FC|, CODE, READO
NLY
  116 00000000 FFFFFFFF 
                       CRP_Key DCD              0xFFFFFFFF
  117 00000004                 ENDIF
  118 00000004         
  119 00000004         
  120 00000004                 AREA             |.text|, CODE, READONLY
  121 00000000         
  122 00000000         
  123 00000000         ; Reset Handler
  124 00000000         
  125 00000000         Reset_Handler



ARM Macro Assembler    Page 4 


                               PROC
  126 00000000                 EXPORT           Reset_Handler             [WEAK
]
  127 00000000 4824            LDR              R0, =0x7A30458D
  128 00000002 4925            LDR              R1, =0xC3159EAA
  129 00000004         
  130 00000004 F000 02FF       AND              R2, R0, 0x000000FF
  131 00000008 F001 03FF       AND              R3, R1, 0x000000FF
  132 0000000C 429A            CMP              R2, R3
  133 0000000E D302            BCC              Resub
  134 00000010 EBA2 0403       SUB              R4, R2, R3
  135 00000014 E001            B                Con0
  136 00000016         
  137 00000016 EBC2 0403 
                       Resub   RSB              R4, R2, R3
  138 0000001A         
  139 0000001A F400 427F 
                       Con0    AND              R2, R0, 0x0000FF00
  140 0000001E F401 437F       AND              R3, R1, 0x0000FF00
  141 00000022 429A            CMP              R2, R3
  142 00000024 D302            BCC              Resub1
  143 00000026 EBA2 0503       SUB              R5, R2, R3
  144 0000002A E001            B                Con1
  145 0000002C         
  146 0000002C EBC2 0503 
                       Resub1  RSB              R5, R2, R3
  147 00000030         
  148 00000030 F400 027F 
                       Con1    AND              R2, R0, 0x00FF0000
  149 00000034 F401 037F       AND              R3, R1, 0x00FF0000
  150 00000038 429A            CMP              R2, R3
  151 0000003A D302            BCC              Resub2
  152 0000003C EBA2 0603       SUB              R6, R2, R3
  153 00000040 E001            B                Con2
  154 00000042         
  155 00000042 EBC2 0603 
                       Resub2  RSB              R6, R2, R3
  156 00000046         
  157 00000046 F000 427F 
                       Con2    AND              R2, R0, 0xFF000000
  158 0000004A F001 437F       AND              R3, R1, 0xFF000000
  159 0000004E 429A            CMP              R2, R3
  160 00000050 D302            BCC              Resub3
  161 00000052 EBA2 0703       SUB              R7, R2, R3
  162 00000056 E001            B                Con3
  163 00000058         
  164 00000058 EBC2 0703 
                       Resub3  RSB              R7, R2, R3
  165 0000005C         
  166 0000005C EA4F 2515 
                       Con3    LSR              R5, #8
  167 00000060 EA4F 4616       LSR              R6, #16
  168 00000064 EA4F 6717       LSR              R7, #24
  169 00000068 EB04 0805       ADD              R8, R4, R5
  170 0000006C 44B0            ADD              R8, R6
  171 0000006E 44B8            ADD              R8, R7
  172 00000070         
  173 00000070         
  174 00000070 E7FE    stop    B                stop



ARM Macro Assembler    Page 5 


  175 00000072                 ENDP
  176 00000072         
  177 00000072         
  178 00000072         ; Dummy Exception Handlers (infinite loops which can be 
                       modified)
  179 00000072         
  180 00000072         NMI_Handler
                               PROC
  181 00000072                 EXPORT           NMI_Handler               [WEAK
]
  182 00000072 E7FE            B                .
  183 00000074                 ENDP
  185 00000074         HardFault_Handler
                               PROC
  186 00000074                 EXPORT           HardFault_Handler         [WEAK
]
  187 00000074 E7FE            B                .
  188 00000076                 ENDP
  190 00000076         MemManage_Handler
                               PROC
  191 00000076                 EXPORT           MemManage_Handler         [WEAK
]
  192 00000076 E7FE            B                .
  193 00000078                 ENDP
  195 00000078         BusFault_Handler
                               PROC
  196 00000078                 EXPORT           BusFault_Handler          [WEAK
]
  197 00000078 E7FE            B                .
  198 0000007A                 ENDP
  200 0000007A         UsageFault_Handler
                               PROC
  201 0000007A                 EXPORT           UsageFault_Handler        [WEAK
]
  202 0000007A E7FE            B                .
  203 0000007C                 ENDP
  204 0000007C         SVC_Handler
                               PROC
  205 0000007C                 EXPORT           SVC_Handler               [WEAK
]
  206 0000007C E7FE            B                .
  207 0000007E                 ENDP
  209 0000007E         DebugMon_Handler
                               PROC
  210 0000007E                 EXPORT           DebugMon_Handler          [WEAK
]
  211 0000007E E7FE            B                .
  212 00000080                 ENDP
  213 00000080         PendSV_Handler
                               PROC
  214 00000080                 EXPORT           PendSV_Handler            [WEAK
]
  215 00000080 E7FE            B                .
  216 00000082                 ENDP
  217 00000082         SysTick_Handler
                               PROC
  218 00000082                 EXPORT           SysTick_Handler           [WEAK
]
  219 00000082 E7FE            B                .



ARM Macro Assembler    Page 6 


  220 00000084                 ENDP
  221 00000084         
  222 00000084         Default_Handler
                               PROC
  223 00000084         
  224 00000084                 EXPORT           WDT_IRQHandler            [WEAK
]
  225 00000084                 EXPORT           TIMER0_IRQHandler         [WEAK
]
  226 00000084                 EXPORT           TIMER1_IRQHandler         [WEAK
]
  227 00000084                 EXPORT           TIMER2_IRQHandler         [WEAK
]
  228 00000084                 EXPORT           TIMER3_IRQHandler         [WEAK
]
  229 00000084                 EXPORT           UART0_IRQHandler          [WEAK
]
  230 00000084                 EXPORT           UART1_IRQHandler          [WEAK
]
  231 00000084                 EXPORT           UART2_IRQHandler          [WEAK
]
  232 00000084                 EXPORT           UART3_IRQHandler          [WEAK
]
  233 00000084                 EXPORT           PWM1_IRQHandler           [WEAK
]
  234 00000084                 EXPORT           I2C0_IRQHandler           [WEAK
]
  235 00000084                 EXPORT           I2C1_IRQHandler           [WEAK
]
  236 00000084                 EXPORT           I2C2_IRQHandler           [WEAK
]
  237 00000084                 EXPORT           SPI_IRQHandler            [WEAK
]
  238 00000084                 EXPORT           SSP0_IRQHandler           [WEAK
]
  239 00000084                 EXPORT           SSP1_IRQHandler           [WEAK
]
  240 00000084                 EXPORT           PLL0_IRQHandler           [WEAK
]
  241 00000084                 EXPORT           RTC_IRQHandler            [WEAK
]
  242 00000084                 EXPORT           EINT0_IRQHandler          [WEAK
]
  243 00000084                 EXPORT           EINT1_IRQHandler          [WEAK
]
  244 00000084                 EXPORT           EINT2_IRQHandler          [WEAK
]
  245 00000084                 EXPORT           EINT3_IRQHandler          [WEAK
]
  246 00000084                 EXPORT           ADC_IRQHandler            [WEAK
]
  247 00000084                 EXPORT           BOD_IRQHandler            [WEAK
]
  248 00000084                 EXPORT           USB_IRQHandler            [WEAK
]
  249 00000084                 EXPORT           CAN_IRQHandler            [WEAK
]
  250 00000084                 EXPORT           DMA_IRQHandler            [WEAK
]



ARM Macro Assembler    Page 7 


  251 00000084                 EXPORT           I2S_IRQHandler            [WEAK
]
  252 00000084                 EXPORT           ENET_IRQHandler           [WEAK
]
  253 00000084                 EXPORT           RIT_IRQHandler            [WEAK
]
  254 00000084                 EXPORT           MCPWM_IRQHandler          [WEAK
]
  255 00000084                 EXPORT           QEI_IRQHandler            [WEAK
]
  256 00000084                 EXPORT           PLL1_IRQHandler           [WEAK
]
  257 00000084                 EXPORT           USBActivity_IRQHandler    [WEAK
]
  258 00000084                 EXPORT           CANActivity_IRQHandler    [WEAK
]
  259 00000084         
  260 00000084         WDT_IRQHandler
  261 00000084         TIMER0_IRQHandler
  262 00000084         TIMER1_IRQHandler
  263 00000084         TIMER2_IRQHandler
  264 00000084         TIMER3_IRQHandler
  265 00000084         UART0_IRQHandler
  266 00000084         UART1_IRQHandler
  267 00000084         UART2_IRQHandler
  268 00000084         UART3_IRQHandler
  269 00000084         PWM1_IRQHandler
  270 00000084         I2C0_IRQHandler
  271 00000084         I2C1_IRQHandler
  272 00000084         I2C2_IRQHandler
  273 00000084         SPI_IRQHandler
  274 00000084         SSP0_IRQHandler
  275 00000084         SSP1_IRQHandler
  276 00000084         PLL0_IRQHandler
  277 00000084         RTC_IRQHandler
  278 00000084         EINT0_IRQHandler
  279 00000084         EINT1_IRQHandler
  280 00000084         EINT2_IRQHandler
  281 00000084         EINT3_IRQHandler
  282 00000084         ADC_IRQHandler
  283 00000084         BOD_IRQHandler
  284 00000084         USB_IRQHandler
  285 00000084         CAN_IRQHandler
  286 00000084         DMA_IRQHandler
  287 00000084         I2S_IRQHandler
  288 00000084         ENET_IRQHandler
  289 00000084         RIT_IRQHandler
  290 00000084         MCPWM_IRQHandler
  291 00000084         QEI_IRQHandler
  292 00000084         PLL1_IRQHandler
  293 00000084         USBActivity_IRQHandler
  294 00000084         CANActivity_IRQHandler
  295 00000084         
  296 00000084 E7FE            B                .
  297 00000086         
  298 00000086                 ENDP
  299 00000086         
  300 00000086         
  301 00000086 00 00           ALIGN



ARM Macro Assembler    Page 8 


  302 00000088         
  303 00000088         
  304 00000088         ; User Initial Stack & Heap
  305 00000088         
  306 00000088                 IF               :DEF:__MICROLIB
  313 00000088         
  314 00000088                 IMPORT           __use_two_region_memory
  315 00000088                 EXPORT           __user_initial_stackheap
  316 00000088         __user_initial_stackheap
  317 00000088         
  318 00000088 4804            LDR              R0, =  Heap_Mem
  319 0000008A 4905            LDR              R1, =(Stack_Mem + Stack_Size)
  320 0000008C 4A03            LDR              R2, = (Heap_Mem +  Heap_Size)
  321 0000008E 4B05            LDR              R3, = Stack_Mem
  322 00000090 4770            BX               LR
  323 00000092         
  324 00000092 00 00           ALIGN
  325 00000094         
  326 00000094                 ENDIF
  327 00000094         
  328 00000094         
  329 00000094                 END
              7A30458D 
              C3159EAA 
              00000000 
              00000200 
              00000000 
Command Line: --debug --xref --diag_suppress=9931 --cpu=Cortex-M3 --apcs=interw
ork --depend=.\objects\startup_lpc17xx.d -o.\objects\startup_lpc17xx.o -I.\RTE\
Device\LPC1768 -I.\RTE\_Target_1 -I"D:\Program Files\Keil_V5\pack\ARM\CMSIS\5.6
.0\CMSIS\Core\Include" -I"D:\Program Files\Keil_V5\pack\Keil\LPC1700_DFP\2.6.0\
Device\Include" --predefine="__EVAL SETA 1" --predefine="__UVISION_VERSION SETA
 529" --predefine="_RTE_ SETA 1" --predefine="LPC175x_6x SETA 1" --list=.\listi
ngs\startup_lpc17xx.lst RTE\Device\LPC1768\startup_LPC17xx.s



ARM Macro Assembler    Page 1 Alphabetic symbol ordering
Relocatable symbols

STACK 00000000

Symbol: STACK
   Definitions
      At line 33 in file RTE\Device\LPC1768\startup_LPC17xx.s
   Uses
      None
Comment: STACK unused
Stack_Mem 00000000

Symbol: Stack_Mem
   Definitions
      At line 34 in file RTE\Device\LPC1768\startup_LPC17xx.s
   Uses
      At line 319 in file RTE\Device\LPC1768\startup_LPC17xx.s
      At line 321 in file RTE\Device\LPC1768\startup_LPC17xx.s

__initial_sp 00000200

Symbol: __initial_sp
   Definitions
      At line 35 in file RTE\Device\LPC1768\startup_LPC17xx.s
   Uses
      At line 59 in file RTE\Device\LPC1768\startup_LPC17xx.s
Comment: __initial_sp used once
3 symbols



ARM Macro Assembler    Page 1 Alphabetic symbol ordering
Relocatable symbols

HEAP 00000000

Symbol: HEAP
   Definitions
      At line 44 in file RTE\Device\LPC1768\startup_LPC17xx.s
   Uses
      None
Comment: HEAP unused
Heap_Mem 00000000

Symbol: Heap_Mem
   Definitions
      At line 46 in file RTE\Device\LPC1768\startup_LPC17xx.s
   Uses
      At line 318 in file RTE\Device\LPC1768\startup_LPC17xx.s
      At line 320 in file RTE\Device\LPC1768\startup_LPC17xx.s

__heap_base 00000000

Symbol: __heap_base
   Definitions
      At line 45 in file RTE\Device\LPC1768\startup_LPC17xx.s
   Uses
      None
Comment: __heap_base unused
__heap_limit 00000000

Symbol: __heap_limit
   Definitions
      At line 47 in file RTE\Device\LPC1768\startup_LPC17xx.s
   Uses
      None
Comment: __heap_limit unused
4 symbols



ARM Macro Assembler    Page 1 Alphabetic symbol ordering
Relocatable symbols

RESET 00000000

Symbol: RESET
   Definitions
      At line 56 in file RTE\Device\LPC1768\startup_LPC17xx.s
   Uses
      None
Comment: RESET unused
__Vectors 00000000

Symbol: __Vectors
   Definitions
      At line 59 in file RTE\Device\LPC1768\startup_LPC17xx.s
   Uses
      At line 57 in file RTE\Device\LPC1768\startup_LPC17xx.s
Comment: __Vectors used once
2 symbols



ARM Macro Assembler    Page 1 Alphabetic symbol ordering
Relocatable symbols

.ARM.__at_0x02FC 00000000

Symbol: .ARM.__at_0x02FC
   Definitions
      At line 115 in file RTE\Device\LPC1768\startup_LPC17xx.s
   Uses
      None
Comment: .ARM.__at_0x02FC unused
CRP_Key 00000000

Symbol: CRP_Key
   Definitions
      At line 116 in file RTE\Device\LPC1768\startup_LPC17xx.s
   Uses
      None
Comment: CRP_Key unused
2 symbols



ARM Macro Assembler    Page 1 Alphabetic symbol ordering
Relocatable symbols

.text 00000000

Symbol: .text
   Definitions
      At line 120 in file RTE\Device\LPC1768\startup_LPC17xx.s
   Uses
      None
Comment: .text unused
ADC_IRQHandler 00000084

Symbol: ADC_IRQHandler
   Definitions
      At line 282 in file RTE\Device\LPC1768\startup_LPC17xx.s
   Uses
      At line 99 in file RTE\Device\LPC1768\startup_LPC17xx.s
      At line 246 in file RTE\Device\LPC1768\startup_LPC17xx.s

BOD_IRQHandler 00000084

Symbol: BOD_IRQHandler
   Definitions
      At line 283 in file RTE\Device\LPC1768\startup_LPC17xx.s
   Uses
      At line 100 in file RTE\Device\LPC1768\startup_LPC17xx.s
      At line 247 in file RTE\Device\LPC1768\startup_LPC17xx.s

BusFault_Handler 00000078

Symbol: BusFault_Handler
   Definitions
      At line 195 in file RTE\Device\LPC1768\startup_LPC17xx.s
   Uses
      At line 64 in file RTE\Device\LPC1768\startup_LPC17xx.s
      At line 196 in file RTE\Device\LPC1768\startup_LPC17xx.s

CANActivity_IRQHandler 00000084

Symbol: CANActivity_IRQHandler
   Definitions
      At line 294 in file RTE\Device\LPC1768\startup_LPC17xx.s
   Uses
      At line 111 in file RTE\Device\LPC1768\startup_LPC17xx.s
      At line 258 in file RTE\Device\LPC1768\startup_LPC17xx.s

CAN_IRQHandler 00000084

Symbol: CAN_IRQHandler
   Definitions
      At line 285 in file RTE\Device\LPC1768\startup_LPC17xx.s
   Uses
      At line 102 in file RTE\Device\LPC1768\startup_LPC17xx.s
      At line 249 in file RTE\Device\LPC1768\startup_LPC17xx.s

Con0 0000001A

Symbol: Con0
   Definitions
      At line 139 in file RTE\Device\LPC1768\startup_LPC17xx.s
   Uses



ARM Macro Assembler    Page 2 Alphabetic symbol ordering
Relocatable symbols

      At line 135 in file RTE\Device\LPC1768\startup_LPC17xx.s
Comment: Con0 used once
Con1 00000030

Symbol: Con1
   Definitions
      At line 148 in file RTE\Device\LPC1768\startup_LPC17xx.s
   Uses
      At line 144 in file RTE\Device\LPC1768\startup_LPC17xx.s
Comment: Con1 used once
Con2 00000046

Symbol: Con2
   Definitions
      At line 157 in file RTE\Device\LPC1768\startup_LPC17xx.s
   Uses
      At line 153 in file RTE\Device\LPC1768\startup_LPC17xx.s
Comment: Con2 used once
Con3 0000005C

Symbol: Con3
   Definitions
      At line 166 in file RTE\Device\LPC1768\startup_LPC17xx.s
   Uses
      At line 162 in file RTE\Device\LPC1768\startup_LPC17xx.s
Comment: Con3 used once
DMA_IRQHandler 00000084

Symbol: DMA_IRQHandler
   Definitions
      At line 286 in file RTE\Device\LPC1768\startup_LPC17xx.s
   Uses
      At line 103 in file RTE\Device\LPC1768\startup_LPC17xx.s
      At line 250 in file RTE\Device\LPC1768\startup_LPC17xx.s

DebugMon_Handler 0000007E

Symbol: DebugMon_Handler
   Definitions
      At line 209 in file RTE\Device\LPC1768\startup_LPC17xx.s
   Uses
      At line 71 in file RTE\Device\LPC1768\startup_LPC17xx.s
      At line 210 in file RTE\Device\LPC1768\startup_LPC17xx.s

Default_Handler 00000084

Symbol: Default_Handler
   Definitions
      At line 222 in file RTE\Device\LPC1768\startup_LPC17xx.s
   Uses
      None
Comment: Default_Handler unused
EINT0_IRQHandler 00000084

Symbol: EINT0_IRQHandler
   Definitions
      At line 278 in file RTE\Device\LPC1768\startup_LPC17xx.s
   Uses
      At line 95 in file RTE\Device\LPC1768\startup_LPC17xx.s



ARM Macro Assembler    Page 3 Alphabetic symbol ordering
Relocatable symbols

      At line 242 in file RTE\Device\LPC1768\startup_LPC17xx.s

EINT1_IRQHandler 00000084

Symbol: EINT1_IRQHandler
   Definitions
      At line 279 in file RTE\Device\LPC1768\startup_LPC17xx.s
   Uses
      At line 96 in file RTE\Device\LPC1768\startup_LPC17xx.s
      At line 243 in file RTE\Device\LPC1768\startup_LPC17xx.s

EINT2_IRQHandler 00000084

Symbol: EINT2_IRQHandler
   Definitions
      At line 280 in file RTE\Device\LPC1768\startup_LPC17xx.s
   Uses
      At line 97 in file RTE\Device\LPC1768\startup_LPC17xx.s
      At line 244 in file RTE\Device\LPC1768\startup_LPC17xx.s

EINT3_IRQHandler 00000084

Symbol: EINT3_IRQHandler
   Definitions
      At line 281 in file RTE\Device\LPC1768\startup_LPC17xx.s
   Uses
      At line 98 in file RTE\Device\LPC1768\startup_LPC17xx.s
      At line 245 in file RTE\Device\LPC1768\startup_LPC17xx.s

ENET_IRQHandler 00000084

Symbol: ENET_IRQHandler
   Definitions
      At line 288 in file RTE\Device\LPC1768\startup_LPC17xx.s
   Uses
      At line 105 in file RTE\Device\LPC1768\startup_LPC17xx.s
      At line 252 in file RTE\Device\LPC1768\startup_LPC17xx.s

HardFault_Handler 00000074

Symbol: HardFault_Handler
   Definitions
      At line 185 in file RTE\Device\LPC1768\startup_LPC17xx.s
   Uses
      At line 62 in file RTE\Device\LPC1768\startup_LPC17xx.s
      At line 186 in file RTE\Device\LPC1768\startup_LPC17xx.s

I2C0_IRQHandler 00000084

Symbol: I2C0_IRQHandler
   Definitions
      At line 270 in file RTE\Device\LPC1768\startup_LPC17xx.s
   Uses
      At line 87 in file RTE\Device\LPC1768\startup_LPC17xx.s
      At line 234 in file RTE\Device\LPC1768\startup_LPC17xx.s

I2C1_IRQHandler 00000084

Symbol: I2C1_IRQHandler



ARM Macro Assembler    Page 4 Alphabetic symbol ordering
Relocatable symbols

   Definitions
      At line 271 in file RTE\Device\LPC1768\startup_LPC17xx.s
   Uses
      At line 88 in file RTE\Device\LPC1768\startup_LPC17xx.s
      At line 235 in file RTE\Device\LPC1768\startup_LPC17xx.s

I2C2_IRQHandler 00000084

Symbol: I2C2_IRQHandler
   Definitions
      At line 272 in file RTE\Device\LPC1768\startup_LPC17xx.s
   Uses
      At line 89 in file RTE\Device\LPC1768\startup_LPC17xx.s
      At line 236 in file RTE\Device\LPC1768\startup_LPC17xx.s

I2S_IRQHandler 00000084

Symbol: I2S_IRQHandler
   Definitions
      At line 287 in file RTE\Device\LPC1768\startup_LPC17xx.s
   Uses
      At line 104 in file RTE\Device\LPC1768\startup_LPC17xx.s
      At line 251 in file RTE\Device\LPC1768\startup_LPC17xx.s

MCPWM_IRQHandler 00000084

Symbol: MCPWM_IRQHandler
   Definitions
      At line 290 in file RTE\Device\LPC1768\startup_LPC17xx.s
   Uses
      At line 107 in file RTE\Device\LPC1768\startup_LPC17xx.s
      At line 254 in file RTE\Device\LPC1768\startup_LPC17xx.s

MemManage_Handler 00000076

Symbol: MemManage_Handler
   Definitions
      At line 190 in file RTE\Device\LPC1768\startup_LPC17xx.s
   Uses
      At line 63 in file RTE\Device\LPC1768\startup_LPC17xx.s
      At line 191 in file RTE\Device\LPC1768\startup_LPC17xx.s

NMI_Handler 00000072

Symbol: NMI_Handler
   Definitions
      At line 180 in file RTE\Device\LPC1768\startup_LPC17xx.s
   Uses
      At line 61 in file RTE\Device\LPC1768\startup_LPC17xx.s
      At line 181 in file RTE\Device\LPC1768\startup_LPC17xx.s

PLL0_IRQHandler 00000084

Symbol: PLL0_IRQHandler
   Definitions
      At line 276 in file RTE\Device\LPC1768\startup_LPC17xx.s
   Uses
      At line 93 in file RTE\Device\LPC1768\startup_LPC17xx.s
      At line 240 in file RTE\Device\LPC1768\startup_LPC17xx.s



ARM Macro Assembler    Page 5 Alphabetic symbol ordering
Relocatable symbols


PLL1_IRQHandler 00000084

Symbol: PLL1_IRQHandler
   Definitions
      At line 292 in file RTE\Device\LPC1768\startup_LPC17xx.s
   Uses
      At line 109 in file RTE\Device\LPC1768\startup_LPC17xx.s
      At line 256 in file RTE\Device\LPC1768\startup_LPC17xx.s

PWM1_IRQHandler 00000084

Symbol: PWM1_IRQHandler
   Definitions
      At line 269 in file RTE\Device\LPC1768\startup_LPC17xx.s
   Uses
      At line 86 in file RTE\Device\LPC1768\startup_LPC17xx.s
      At line 233 in file RTE\Device\LPC1768\startup_LPC17xx.s

PendSV_Handler 00000080

Symbol: PendSV_Handler
   Definitions
      At line 213 in file RTE\Device\LPC1768\startup_LPC17xx.s
   Uses
      At line 73 in file RTE\Device\LPC1768\startup_LPC17xx.s
      At line 214 in file RTE\Device\LPC1768\startup_LPC17xx.s

QEI_IRQHandler 00000084

Symbol: QEI_IRQHandler
   Definitions
      At line 291 in file RTE\Device\LPC1768\startup_LPC17xx.s
   Uses
      At line 108 in file RTE\Device\LPC1768\startup_LPC17xx.s
      At line 255 in file RTE\Device\LPC1768\startup_LPC17xx.s

RIT_IRQHandler 00000084

Symbol: RIT_IRQHandler
   Definitions
      At line 289 in file RTE\Device\LPC1768\startup_LPC17xx.s
   Uses
      At line 106 in file RTE\Device\LPC1768\startup_LPC17xx.s
      At line 253 in file RTE\Device\LPC1768\startup_LPC17xx.s

RTC_IRQHandler 00000084

Symbol: RTC_IRQHandler
   Definitions
      At line 277 in file RTE\Device\LPC1768\startup_LPC17xx.s
   Uses
      At line 94 in file RTE\Device\LPC1768\startup_LPC17xx.s
      At line 241 in file RTE\Device\LPC1768\startup_LPC17xx.s

Reset_Handler 00000000

Symbol: Reset_Handler
   Definitions



ARM Macro Assembler    Page 6 Alphabetic symbol ordering
Relocatable symbols

      At line 125 in file RTE\Device\LPC1768\startup_LPC17xx.s
   Uses
      At line 60 in file RTE\Device\LPC1768\startup_LPC17xx.s
      At line 126 in file RTE\Device\LPC1768\startup_LPC17xx.s

Resub 00000016

Symbol: Resub
   Definitions
      At line 137 in file RTE\Device\LPC1768\startup_LPC17xx.s
   Uses
      At line 133 in file RTE\Device\LPC1768\startup_LPC17xx.s
Comment: Resub used once
Resub1 0000002C

Symbol: Resub1
   Definitions
      At line 146 in file RTE\Device\LPC1768\startup_LPC17xx.s
   Uses
      At line 142 in file RTE\Device\LPC1768\startup_LPC17xx.s
Comment: Resub1 used once
Resub2 00000042

Symbol: Resub2
   Definitions
      At line 155 in file RTE\Device\LPC1768\startup_LPC17xx.s
   Uses
      At line 151 in file RTE\Device\LPC1768\startup_LPC17xx.s
Comment: Resub2 used once
Resub3 00000058

Symbol: Resub3
   Definitions
      At line 164 in file RTE\Device\LPC1768\startup_LPC17xx.s
   Uses
      At line 160 in file RTE\Device\LPC1768\startup_LPC17xx.s
Comment: Resub3 used once
SPI_IRQHandler 00000084

Symbol: SPI_IRQHandler
   Definitions
      At line 273 in file RTE\Device\LPC1768\startup_LPC17xx.s
   Uses
      At line 90 in file RTE\Device\LPC1768\startup_LPC17xx.s
      At line 237 in file RTE\Device\LPC1768\startup_LPC17xx.s

SSP0_IRQHandler 00000084

Symbol: SSP0_IRQHandler
   Definitions
      At line 274 in file RTE\Device\LPC1768\startup_LPC17xx.s
   Uses
      At line 91 in file RTE\Device\LPC1768\startup_LPC17xx.s
      At line 238 in file RTE\Device\LPC1768\startup_LPC17xx.s

SSP1_IRQHandler 00000084

Symbol: SSP1_IRQHandler
   Definitions



ARM Macro Assembler    Page 7 Alphabetic symbol ordering
Relocatable symbols

      At line 275 in file RTE\Device\LPC1768\startup_LPC17xx.s
   Uses
      At line 92 in file RTE\Device\LPC1768\startup_LPC17xx.s
      At line 239 in file RTE\Device\LPC1768\startup_LPC17xx.s

SVC_Handler 0000007C

Symbol: SVC_Handler
   Definitions
      At line 204 in file RTE\Device\LPC1768\startup_LPC17xx.s
   Uses
      At line 70 in file RTE\Device\LPC1768\startup_LPC17xx.s
      At line 205 in file RTE\Device\LPC1768\startup_LPC17xx.s

SysTick_Handler 00000082

Symbol: SysTick_Handler
   Definitions
      At line 217 in file RTE\Device\LPC1768\startup_LPC17xx.s
   Uses
      At line 74 in file RTE\Device\LPC1768\startup_LPC17xx.s
      At line 218 in file RTE\Device\LPC1768\startup_LPC17xx.s

TIMER0_IRQHandler 00000084

Symbol: TIMER0_IRQHandler
   Definitions
      At line 261 in file RTE\Device\LPC1768\startup_LPC17xx.s
   Uses
      At line 78 in file RTE\Device\LPC1768\startup_LPC17xx.s
      At line 225 in file RTE\Device\LPC1768\startup_LPC17xx.s

TIMER1_IRQHandler 00000084

Symbol: TIMER1_IRQHandler
   Definitions
      At line 262 in file RTE\Device\LPC1768\startup_LPC17xx.s
   Uses
      At line 79 in file RTE\Device\LPC1768\startup_LPC17xx.s
      At line 226 in file RTE\Device\LPC1768\startup_LPC17xx.s

TIMER2_IRQHandler 00000084

Symbol: TIMER2_IRQHandler
   Definitions
      At line 263 in file RTE\Device\LPC1768\startup_LPC17xx.s
   Uses
      At line 80 in file RTE\Device\LPC1768\startup_LPC17xx.s
      At line 227 in file RTE\Device\LPC1768\startup_LPC17xx.s

TIMER3_IRQHandler 00000084

Symbol: TIMER3_IRQHandler
   Definitions
      At line 264 in file RTE\Device\LPC1768\startup_LPC17xx.s
   Uses
      At line 81 in file RTE\Device\LPC1768\startup_LPC17xx.s
      At line 228 in file RTE\Device\LPC1768\startup_LPC17xx.s




ARM Macro Assembler    Page 8 Alphabetic symbol ordering
Relocatable symbols

UART0_IRQHandler 00000084

Symbol: UART0_IRQHandler
   Definitions
      At line 265 in file RTE\Device\LPC1768\startup_LPC17xx.s
   Uses
      At line 82 in file RTE\Device\LPC1768\startup_LPC17xx.s
      At line 229 in file RTE\Device\LPC1768\startup_LPC17xx.s

UART1_IRQHandler 00000084

Symbol: UART1_IRQHandler
   Definitions
      At line 266 in file RTE\Device\LPC1768\startup_LPC17xx.s
   Uses
      At line 83 in file RTE\Device\LPC1768\startup_LPC17xx.s
      At line 230 in file RTE\Device\LPC1768\startup_LPC17xx.s

UART2_IRQHandler 00000084

Symbol: UART2_IRQHandler
   Definitions
      At line 267 in file RTE\Device\LPC1768\startup_LPC17xx.s
   Uses
      At line 84 in file RTE\Device\LPC1768\startup_LPC17xx.s
      At line 231 in file RTE\Device\LPC1768\startup_LPC17xx.s

UART3_IRQHandler 00000084

Symbol: UART3_IRQHandler
   Definitions
      At line 268 in file RTE\Device\LPC1768\startup_LPC17xx.s
   Uses
      At line 85 in file RTE\Device\LPC1768\startup_LPC17xx.s
      At line 232 in file RTE\Device\LPC1768\startup_LPC17xx.s

USBActivity_IRQHandler 00000084

Symbol: USBActivity_IRQHandler
   Definitions
      At line 293 in file RTE\Device\LPC1768\startup_LPC17xx.s
   Uses
      At line 110 in file RTE\Device\LPC1768\startup_LPC17xx.s
      At line 257 in file RTE\Device\LPC1768\startup_LPC17xx.s

USB_IRQHandler 00000084

Symbol: USB_IRQHandler
   Definitions
      At line 284 in file RTE\Device\LPC1768\startup_LPC17xx.s
   Uses
      At line 101 in file RTE\Device\LPC1768\startup_LPC17xx.s
      At line 248 in file RTE\Device\LPC1768\startup_LPC17xx.s

UsageFault_Handler 0000007A

Symbol: UsageFault_Handler
   Definitions
      At line 200 in file RTE\Device\LPC1768\startup_LPC17xx.s



ARM Macro Assembler    Page 9 Alphabetic symbol ordering
Relocatable symbols

   Uses
      At line 65 in file RTE\Device\LPC1768\startup_LPC17xx.s
      At line 201 in file RTE\Device\LPC1768\startup_LPC17xx.s

WDT_IRQHandler 00000084

Symbol: WDT_IRQHandler
   Definitions
      At line 260 in file RTE\Device\LPC1768\startup_LPC17xx.s
   Uses
      At line 77 in file RTE\Device\LPC1768\startup_LPC17xx.s
      At line 224 in file RTE\Device\LPC1768\startup_LPC17xx.s

__user_initial_stackheap 00000088

Symbol: __user_initial_stackheap
   Definitions
      At line 316 in file RTE\Device\LPC1768\startup_LPC17xx.s
   Uses
      At line 315 in file RTE\Device\LPC1768\startup_LPC17xx.s
Comment: __user_initial_stackheap used once
stop 00000070

Symbol: stop
   Definitions
      At line 174 in file RTE\Device\LPC1768\startup_LPC17xx.s
   Uses
      At line 174 in file RTE\Device\LPC1768\startup_LPC17xx.s
Comment: stop used once
57 symbols



ARM Macro Assembler    Page 1 Alphabetic symbol ordering
Absolute symbols

Heap_Size 00000000

Symbol: Heap_Size
   Definitions
      At line 42 in file RTE\Device\LPC1768\startup_LPC17xx.s
   Uses
      At line 46 in file RTE\Device\LPC1768\startup_LPC17xx.s
      At line 320 in file RTE\Device\LPC1768\startup_LPC17xx.s

Stack_Size 00000200

Symbol: Stack_Size
   Definitions
      At line 31 in file RTE\Device\LPC1768\startup_LPC17xx.s
   Uses
      At line 34 in file RTE\Device\LPC1768\startup_LPC17xx.s
      At line 319 in file RTE\Device\LPC1768\startup_LPC17xx.s

2 symbols



ARM Macro Assembler    Page 1 Alphabetic symbol ordering
External symbols

__use_two_region_memory 00000000

Symbol: __use_two_region_memory
   Definitions
      At line 314 in file RTE\Device\LPC1768\startup_LPC17xx.s
   Uses
      None
Comment: __use_two_region_memory unused
1 symbol
411 symbols in table
