


ARM Macro Assembler    Page 1 


    1 00000000         ;/******************************************************
                       ********************//**
    2 00000000         ; * @file     startup_LPC17xx.s
    3 00000000         ; * @brief    CMSIS Cortex-M3 Core Device Startup File f
                       or
    4 00000000         ; *           NXP LPC17xx Device Series
    5 00000000         ; * @version  V1.10
    6 00000000         ; * @date     06. April 2011
    7 00000000         ; *
    8 00000000         ; * @note
    9 00000000         ; * Copyright (C) 2009-2011 ARM Limited. All rights rese
                       rved.
   10 00000000         ; *
   11 00000000         ; * @par
   12 00000000         ; * ARM Limited (ARM) is supplying this software for use
                        with Cortex-M
   13 00000000         ; * processor based microcontrollers.  This file can be 
                       freely distributed
   14 00000000         ; * within development tools that are supporting such AR
                       M based processors.
   15 00000000         ; *
   16 00000000         ; * @par
   17 00000000         ; * THIS SOFTWARE IS PROVIDED "AS IS".  NO WARRANTIES, W
                       HETHER EXPRESS, IMPLIED
   18 00000000         ; * OR STATUTORY, INCLUDING, BUT NOT LIMITED TO, IMPLIED
                        WARRANTIES OF
   19 00000000         ; * MERCHANTABILITY AND FITNESS FOR A PARTICULAR PURPOSE
                        APPLY TO THIS SOFTWARE.
   20 00000000         ; * ARM SHALL NOT, IN ANY CIRCUMSTANCES, BE LIABLE FOR S
                       PECIAL, INCIDENTAL, OR
   21 00000000         ; * CONSEQUENTIAL DAMAGES, FOR ANY REASON WHATSOEVER.
   22 00000000         ; *
   23 00000000         ; ******************************************************
                       ************************/
   24 00000000         
   25 00000000         ; *------- <<< Use Configuration Wizard in Context Menu 
                       >>> ------------------
   26 00000000         
   27 00000000         ; <h> Stack Configuration
   28 00000000         ;   <o> Stack Size (in Bytes) <0x0-0xFFFFFFFF:8>
   29 00000000         ; </h>
   30 00000000         
   31 00000000 00000200 
                       Stack_Size
                               EQU              0x00000200
   32 00000000         
   33 00000000                 AREA             STACK, NOINIT, READWRITE, ALIGN
=3
   34 00000000         Stack_Mem
                               SPACE            Stack_Size
   35 00000200         __initial_sp
   36 00000200         
   37 00000200         
   38 00000200         ; <h> Heap Configuration
   39 00000200         ;   <o>  Heap Size (in Bytes) <0x0-0xFFFFFFFF:8>
   40 00000200         ; </h>
   41 00000200         
   42 00000200 00000000 
                       Heap_Size



ARM Macro Assembler    Page 2 


                               EQU              0x00000000
   43 00000200         
   44 00000200                 AREA             HEAP, NOINIT, READWRITE, ALIGN=
3
   45 00000000         __heap_base
   46 00000000         Heap_Mem
                               SPACE            Heap_Size
   47 00000000         __heap_limit
   48 00000000         
   49 00000000         
   50 00000000                 PRESERVE8
   51 00000000                 THUMB
   52 00000000         
   53 00000000         
   54 00000000         ; Vector Table Mapped to Address 0 at Reset
   55 00000000         
   56 00000000                 AREA             RESET, DATA, READONLY
   57 00000000                 EXPORT           __Vectors
   58 00000000         
   59 00000000 00000000 
                       __Vectors
                               DCD              __initial_sp ; Top of Stack
   60 00000004 00000000        DCD              Reset_Handler ; Reset Handler
   61 00000008 00000000        DCD              NMI_Handler ; NMI Handler
   62 0000000C 00000000        DCD              HardFault_Handler ; Hard Fault 
                                                            Handler
   63 00000010 00000000        DCD              MemManage_Handler 
                                                            ; MPU Fault Handler
                                                            
   64 00000014 00000000        DCD              BusFault_Handler 
                                                            ; Bus Fault Handler
                                                            
   65 00000018 00000000        DCD              UsageFault_Handler ; Usage Faul
                                                            t Handler
   66 0000001C 00000000        DCD              0           ; Reserved
   67 00000020 00000000        DCD              0           ; Reserved
   68 00000024 00000000        DCD              0           ; Reserved
   69 00000028 00000000        DCD              0           ; Reserved
   70 0000002C 00000000        DCD              SVC_Handler ; SVCall Handler
   71 00000030 00000000        DCD              DebugMon_Handler ; Debug Monito
                                                            r Handler
   72 00000034 00000000        DCD              0           ; Reserved
   73 00000038 00000000        DCD              PendSV_Handler ; PendSV Handler
                                                            
   74 0000003C 00000000        DCD              SysTick_Handler 
                                                            ; SysTick Handler
   75 00000040         
   76 00000040         ; External Interrupts
   77 00000040 00000000        DCD              WDT_IRQHandler ; 16: Watchdog T
                                                            imer
   78 00000044 00000000        DCD              TIMER0_IRQHandler ; 17: Timer0
   79 00000048 00000000        DCD              TIMER1_IRQHandler ; 18: Timer1
   80 0000004C 00000000        DCD              TIMER2_IRQHandler ; 19: Timer2
   81 00000050 00000000        DCD              TIMER3_IRQHandler ; 20: Timer3
   82 00000054 00000000        DCD              UART0_IRQHandler ; 21: UART0
   83 00000058 00000000        DCD              UART1_IRQHandler ; 22: UART1
   84 0000005C 00000000        DCD              UART2_IRQHandler ; 23: UART2
   85 00000060 00000000        DCD              UART3_IRQHandler ; 24: UART3
   86 00000064 00000000        DCD              PWM1_IRQHandler ; 25: PWM1



ARM Macro Assembler    Page 3 


   87 00000068 00000000        DCD              I2C0_IRQHandler ; 26: I2C0
   88 0000006C 00000000        DCD              I2C1_IRQHandler ; 27: I2C1
   89 00000070 00000000        DCD              I2C2_IRQHandler ; 28: I2C2
   90 00000074 00000000        DCD              SPI_IRQHandler ; 29: SPI
   91 00000078 00000000        DCD              SSP0_IRQHandler ; 30: SSP0
   92 0000007C 00000000        DCD              SSP1_IRQHandler ; 31: SSP1
   93 00000080 00000000        DCD              PLL0_IRQHandler ; 32: PLL0 Lock
                                                             (Main PLL)
   94 00000084 00000000        DCD              RTC_IRQHandler ; 33: Real Time 
                                                            Clock
   95 00000088 00000000        DCD              EINT0_IRQHandler ; 34: External
                                                             Interrupt 0
   96 0000008C 00000000        DCD              EINT1_IRQHandler ; 35: External
                                                             Interrupt 1
   97 00000090 00000000        DCD              EINT2_IRQHandler ; 36: External
                                                             Interrupt 2
   98 00000094 00000000        DCD              EINT3_IRQHandler ; 37: External
                                                             Interrupt 3
   99 00000098 00000000        DCD              ADC_IRQHandler 
                                                            ; 38: A/D Converter
                                                            
  100 0000009C 00000000        DCD              BOD_IRQHandler ; 39: Brown-Out 
                                                            Detect
  101 000000A0 00000000        DCD              USB_IRQHandler ; 40: USB
  102 000000A4 00000000        DCD              CAN_IRQHandler ; 41: CAN
  103 000000A8 00000000        DCD              DMA_IRQHandler ; 42: General Pu
                                                            rpose DMA
  104 000000AC 00000000        DCD              I2S_IRQHandler ; 43: I2S
  105 000000B0 00000000        DCD              ENET_IRQHandler ; 44: Ethernet
  106 000000B4 00000000        DCD              RIT_IRQHandler ; 45: Repetitive
                                                             Interrupt Timer
  107 000000B8 00000000        DCD              MCPWM_IRQHandler ; 46: Motor Co
                                                            ntrol PWM
  108 000000BC 00000000        DCD              QEI_IRQHandler ; 47: Quadrature
                                                             Encoder Interface
  109 000000C0 00000000        DCD              PLL1_IRQHandler ; 48: PLL1 Lock
                                                             (USB PLL)
  110 000000C4 00000000        DCD              USBActivity_IRQHandler ; 49: US
                                                            B Activity interrup
                                                            t to wakeup
  111 000000C8 00000000        DCD              CANActivity_IRQHandler ; 50: CA
                                                            N Activity interrup
                                                            t to wakeup
  112 000000CC         
  113 000000CC         
  114 000000CC                 IF               :LNOT::DEF:NO_CRP
  115 000000CC                 AREA             |.ARM.__at_0x02FC|, CODE, READO
NLY
  116 00000000 FFFFFFFF 
                       CRP_Key DCD              0xFFFFFFFF
  117 00000004                 ENDIF
  118 00000004         
  119 00000004         
  120 00000004                 AREA             |.text|, CODE, READONLY
  121 00000000         
  122 00000000         
  123 00000000         ; Reset Handler
  124 00000000         
  125 00000000         Reset_Handler



ARM Macro Assembler    Page 4 


                               PROC
  126 00000000                 EXPORT           Reset_Handler             [WEAK
]
  127 00000000                 IMPORT           SystemInit
  128 00000000 F04F 003C       MOV              R0, #60
  129 00000004 F7FF FFFE       BL               cosine
  130 00000008 F04F 0096       MOV              R0, #150
  131 0000000C F7FF FFFE       BL               cosine
  132 00000010         
  133 00000010 F04F 003C       MOV              R0, #60
  134 00000014 F7FF FFFE       BL               doubleAngleSine
  135 00000018 F04F 0096       MOV              R0, #150
  136 0000001C F7FF FFFE       BL               doubleAngleSine
  137 00000020         
  138 00000020 F04F 003C       MOV              R0, #60
  139 00000024 F7FF FFFE       BL               doubleAngleCosine
  140 00000028 F04F 0096       MOV              R0, #150
  141 0000002C F7FF FFFE       BL               doubleAngleCosine
  142 00000030         
  143 00000030         ;MOV     R0, #60
  144 00000030         ;BL      recursiveCosine
  145 00000030         ;MOV     R0, #100
  146 00000030         ;BL      recursiveCosine      ;endless calls
  147 00000030         
  148 00000030 F04F 003C       MOV              R0, #60
  149 00000034 F7FF FFFE       BL               recursiveSine
  150 00000038 F04F 0096       MOV              R0, #150
  151 0000003C F7FF FFFE       BL               recursiveSine
  152 00000040         
  153 00000040 E7FF            B                stop
  154 00000042         stop
  155 00000042                 ENDP
  156 00000042         
  157 00000042         cosine  PROC
  158 00000042 E92D 4DF0       PUSH             {R4-R8, R10, R11, LR}
  159 00000046 4604            MOV              R4, R0
  160 00000048 FB04 F500       MUL              R5, R4, R0
  161 0000004C EA4F 2625       ASR              R6, R5, #8  ;  LSR  ->  ASR
  162 00000050 F04F 0780       MOV              R7, #128
  163 00000054 EBA7 0006       SUB              R0, R7, R6
  164 00000058 E8BD 8DF0       POP              {R4-R8, R10, R11, PC} 
                                                            ; LR    ->  PC
  165 0000005C                 ENDP
  166 0000005C         
  167 0000005C         
  168 0000005C         doubleAngleSine
                               PROC
  169 0000005C E92D 4DF0       PUSH             {R4-R8, R10, R11, LR}
  170 00000060 4604            MOV              R4, R0
  171 00000062 F114 0F40       CMP              R4, #-64
  172 00000066 DC00            BGT              checkPos1
  173 00000068 DD03            BLE              equation51  ;euqation51  ->  eq
                                                            uation
  174 0000006A         
  175 0000006A 2C40    checkPos1
                               CMP              R4, #64
  176 0000006C DB00            BLT              equation31
  177 0000006E DA00            BGE              equation51
  178 00000070         



ARM Macro Assembler    Page 5 


  179 00000070 E00C    equation31
                               B                return1     ;return   ->  retur
                                                            n1
  180 00000072         
  181 00000072 EA4F 0464 
                       equation51
                               ASR              R4, #1      ;  LSR ->  ASR
  182 00000076 4620            MOV              R0, R4
  183 00000078 F7FF FFFE       BL               cosine
  184 0000007C 4605            MOV              R5, R0
  185 0000007E 4620            MOV              R0, R4
  186 00000080 F7FF FFFE       BL               doubleAngleSine
  187 00000084 FB00 F605       MUL              R6, R0, R5
  188 00000088 EA4F 10A6       ASR              R0, R6, #6  ;LSR ->  ASR
  189 0000008C         
  190 0000008C E8BD 8DF0 
                       return1 POP              {R4-R8, R10, R11, PC}
  191 00000090                 ENDP
  192 00000090         
  193 00000090         doubleAngleCosine
                               PROC
  194 00000090 E92D 4DF0       PUSH             {R4-R8, R10, R11, LR}
  195 00000094 4604            MOV              R4, R0
  196 00000096 F114 0F80       CMP              R4, #-128
  197 0000009A DC00            BGT              checkPos2
  198 0000009C DD02            BLE              equation72
  199 0000009E         
  200 0000009E 2C80    checkPos2
                               CMP              R4, #128
  201 000000A0 DB0E            BLT              divide2
  202 000000A2 DAFF            BGE              equation72
  203 000000A4         
  204 000000A4 EA4F 0060 
                       equation72
                               ASR              R0, #1      ;LSR  ->  ASR
  205 000000A8 F7FF FFFE       BL               doubleAngleSine
  206 000000AC 4605            MOV              R5, R0
  207 000000AE FB05 F600       MUL              R6, R5, R0
  208 000000B2 EA4F 16A6       ASR              R6, #6      ; LSR  ->  ASR
  209 000000B6 F04F 0780       MOV              R7, #128
  210 000000BA EBA7 0006       SUB              R0, R7, R6
  211 000000BE E003            B                return2
  212 000000C0         
  213 000000C0 EA4F 0060 
                       divide2 ASR              R0, #1      ;divider2    ->   d
                                                            ivide2   LSR -> ASR
                                                            
  214 000000C4 F7FF FFFE       BL               cosine
  215 000000C8         
  216 000000C8 E8BD 8DF0 
                       return2 POP              {R4-R8, R10, R11, PC}
  217 000000CC                 ENDP
  218 000000CC         
  219 000000CC         
  220 000000CC         recursiveCosine
                               PROC
  221 000000CC E92D 4DF0       PUSH             {R4-R8, R10, R11, LR}
  222 000000D0 4604            MOV              R4, R0
  223 000000D2 F114 0F80       CMP              R4, #-128



ARM Macro Assembler    Page 6 


  224 000000D6 DC00            BGT              reCheckPos2
  225 000000D8 DD02            BLE              reEquation72
  226 000000DA         
  227 000000DA         reCheckPos2
  228 000000DA 2C80            CMP              R4, #128
  229 000000DC DB0E            BLT              reDivid2
  230 000000DE DAFF            BGE              reEquation72
  231 000000E0         
  232 000000E0 EA4F 0060 
                       reEquation72
                               ASR              R0, #1      ;LSR  ->  ASR
  233 000000E4 F7FF FFFE       BL               doubleAngleSine
  234 000000E8 4605            MOV              R5, R0
  235 000000EA FB05 F600       MUL              R6, R5, R0
  236 000000EE EA4F 16A6       ASR              R6, #6      ; LSR  ->  ASR
  237 000000F2 F04F 0780       MOV              R7, #128
  238 000000F6 EBA7 0006       SUB              R0, R7, R6
  239 000000FA E003            B                reReturn2
  240 000000FC         
  241 000000FC EA4F 0060 
                       reDivid2
                               ASR              R0, #1      ;  LSR ->  ASR
  242 00000100 F7FF FFFE       BL               recursiveCosine
  243 00000104         
  244 00000104         reReturn2
  245 00000104 E8BD 8DF0       POP              {R4-R8, R10, R11, PC}
  246 00000108                 ENDP
  247 00000108         
  248 00000108         
  249 00000108         recursiveSine
                               PROC                         ;recusiveSine -> re
                                                            cursiveSine
  250 00000108 E92D 4DF0       PUSH             {R4-R8, R10, R11, LR}
  251 0000010C 4604            MOV              R4, R0
  252 0000010E F114 0F40       CMP              R4, #-64
  253 00000112 DC00            BGT              reCheckPos1
  254 00000114 DD03            BLE              reEquation51
  255 00000116         
  256 00000116 2C40    reCheckPos1
                               CMP              R4, #64
  257 00000118 DB00            BLT              reEquation31
  258 0000011A DA00            BGE              reEquation51
  259 0000011C         
  260 0000011C E00C    reEquation31
                               B                reReturn1
  261 0000011E         
  262 0000011E EA4F 0464 
                       reEquation51
                               ASR              R4, #1      ;  LSR  - >   ASR
  263 00000122 4620            MOV              R0, R4
  264 00000124 F7FF FFFE       BL               recursiveCosine
  265 00000128 4605            MOV              R5, R0
  266 0000012A 4620            MOV              R0, R4
  267 0000012C F7FF FFFE       BL               recursiveSine
  268 00000130 FB00 F605       MUL              R6, R0, R5
  269 00000134 EA4F 10A6       ASR              R0, R6, #6  ;   LSR  ->    ASR
  270 00000138         
  271 00000138         reReturn1
  272 00000138 E8BD 8DF0       POP              {R4-R8, R10, R11, PC}



ARM Macro Assembler    Page 7 


  273 0000013C                 ENDP
  274 0000013C         
  275 0000013C         ; Dummy Exception Handlers (infinite loops which can be 
                       modified)
  276 0000013C         
  277 0000013C         NMI_Handler
                               PROC
  278 0000013C                 EXPORT           NMI_Handler               [WEAK
]
  279 0000013C E7FE            B                .
  280 0000013E                 ENDP
  282 0000013E         HardFault_Handler
                               PROC
  283 0000013E                 EXPORT           HardFault_Handler         [WEAK
]
  284 0000013E E7FE            B                .
  285 00000140                 ENDP
  287 00000140         MemManage_Handler
                               PROC
  288 00000140                 EXPORT           MemManage_Handler         [WEAK
]
  289 00000140 E7FE            B                .
  290 00000142                 ENDP
  292 00000142         BusFault_Handler
                               PROC
  293 00000142                 EXPORT           BusFault_Handler          [WEAK
]
  294 00000142 E7FE            B                .
  295 00000144                 ENDP
  297 00000144         UsageFault_Handler
                               PROC
  298 00000144                 EXPORT           UsageFault_Handler        [WEAK
]
  299 00000144 E7FE            B                .
  300 00000146                 ENDP
  301 00000146         SVC_Handler
                               PROC
  302 00000146                 EXPORT           SVC_Handler               [WEAK
]
  303 00000146 E7FE            B                .
  304 00000148                 ENDP
  306 00000148         DebugMon_Handler
                               PROC
  307 00000148                 EXPORT           DebugMon_Handler          [WEAK
]
  308 00000148 E7FE            B                .
  309 0000014A                 ENDP
  310 0000014A         PendSV_Handler
                               PROC
  311 0000014A                 EXPORT           PendSV_Handler            [WEAK
]
  312 0000014A E7FE            B                .
  313 0000014C                 ENDP
  314 0000014C         SysTick_Handler
                               PROC
  315 0000014C                 EXPORT           SysTick_Handler           [WEAK
]
  316 0000014C E7FE            B                .
  317 0000014E                 ENDP



ARM Macro Assembler    Page 8 


  318 0000014E         
  319 0000014E         Default_Handler
                               PROC
  320 0000014E         
  321 0000014E                 EXPORT           WDT_IRQHandler            [WEAK
]
  322 0000014E                 EXPORT           TIMER0_IRQHandler         [WEAK
]
  323 0000014E                 EXPORT           TIMER1_IRQHandler         [WEAK
]
  324 0000014E                 EXPORT           TIMER2_IRQHandler         [WEAK
]
  325 0000014E                 EXPORT           TIMER3_IRQHandler         [WEAK
]
  326 0000014E                 EXPORT           UART0_IRQHandler          [WEAK
]
  327 0000014E                 EXPORT           UART1_IRQHandler          [WEAK
]
  328 0000014E                 EXPORT           UART2_IRQHandler          [WEAK
]
  329 0000014E                 EXPORT           UART3_IRQHandler          [WEAK
]
  330 0000014E                 EXPORT           PWM1_IRQHandler           [WEAK
]
  331 0000014E                 EXPORT           I2C0_IRQHandler           [WEAK
]
  332 0000014E                 EXPORT           I2C1_IRQHandler           [WEAK
]
  333 0000014E                 EXPORT           I2C2_IRQHandler           [WEAK
]
  334 0000014E                 EXPORT           SPI_IRQHandler            [WEAK
]
  335 0000014E                 EXPORT           SSP0_IRQHandler           [WEAK
]
  336 0000014E                 EXPORT           SSP1_IRQHandler           [WEAK
]
  337 0000014E                 EXPORT           PLL0_IRQHandler           [WEAK
]
  338 0000014E                 EXPORT           RTC_IRQHandler            [WEAK
]
  339 0000014E                 EXPORT           EINT0_IRQHandler          [WEAK
]
  340 0000014E                 EXPORT           EINT1_IRQHandler          [WEAK
]
  341 0000014E                 EXPORT           EINT2_IRQHandler          [WEAK
]
  342 0000014E                 EXPORT           EINT3_IRQHandler          [WEAK
]
  343 0000014E                 EXPORT           ADC_IRQHandler            [WEAK
]
  344 0000014E                 EXPORT           BOD_IRQHandler            [WEAK
]
  345 0000014E                 EXPORT           USB_IRQHandler            [WEAK
]
  346 0000014E                 EXPORT           CAN_IRQHandler            [WEAK
]
  347 0000014E                 EXPORT           DMA_IRQHandler            [WEAK
]
  348 0000014E                 EXPORT           I2S_IRQHandler            [WEAK



ARM Macro Assembler    Page 9 


]
  349 0000014E                 EXPORT           ENET_IRQHandler           [WEAK
]
  350 0000014E                 EXPORT           RIT_IRQHandler            [WEAK
]
  351 0000014E                 EXPORT           MCPWM_IRQHandler          [WEAK
]
  352 0000014E                 EXPORT           QEI_IRQHandler            [WEAK
]
  353 0000014E                 EXPORT           PLL1_IRQHandler           [WEAK
]
  354 0000014E                 EXPORT           USBActivity_IRQHandler    [WEAK
]
  355 0000014E                 EXPORT           CANActivity_IRQHandler    [WEAK
]
  356 0000014E         
  357 0000014E         WDT_IRQHandler
  358 0000014E         TIMER0_IRQHandler
  359 0000014E         TIMER1_IRQHandler
  360 0000014E         TIMER2_IRQHandler
  361 0000014E         TIMER3_IRQHandler
  362 0000014E         UART0_IRQHandler
  363 0000014E         UART1_IRQHandler
  364 0000014E         UART2_IRQHandler
  365 0000014E         UART3_IRQHandler
  366 0000014E         PWM1_IRQHandler
  367 0000014E         I2C0_IRQHandler
  368 0000014E         I2C1_IRQHandler
  369 0000014E         I2C2_IRQHandler
  370 0000014E         SPI_IRQHandler
  371 0000014E         SSP0_IRQHandler
  372 0000014E         SSP1_IRQHandler
  373 0000014E         PLL0_IRQHandler
  374 0000014E         RTC_IRQHandler
  375 0000014E         EINT0_IRQHandler
  376 0000014E         EINT1_IRQHandler
  377 0000014E         EINT2_IRQHandler
  378 0000014E         EINT3_IRQHandler
  379 0000014E         ADC_IRQHandler
  380 0000014E         BOD_IRQHandler
  381 0000014E         USB_IRQHandler
  382 0000014E         CAN_IRQHandler
  383 0000014E         DMA_IRQHandler
  384 0000014E         I2S_IRQHandler
  385 0000014E         ENET_IRQHandler
  386 0000014E         RIT_IRQHandler
  387 0000014E         MCPWM_IRQHandler
  388 0000014E         QEI_IRQHandler
  389 0000014E         PLL1_IRQHandler
  390 0000014E         USBActivity_IRQHandler
  391 0000014E         CANActivity_IRQHandler
  392 0000014E         
  393 0000014E E7FE            B                .
  394 00000150         
  395 00000150                 ENDP
  396 00000150         
  397 00000150         
  398 00000150                 ALIGN
  399 00000150         



ARM Macro Assembler    Page 10 


  400 00000150         
  401 00000150         ; User Initial Stack & Heap
  402 00000150         
  403 00000150                 IF               :DEF:__MICROLIB
  410 00000150         
  411 00000150                 IMPORT           __use_two_region_memory
  412 00000150                 EXPORT           __user_initial_stackheap
  413 00000150         __user_initial_stackheap
  414 00000150         
  415 00000150 4802            LDR              R0, =  Heap_Mem
  416 00000152 4903            LDR              R1, =(Stack_Mem + Stack_Size)
  417 00000154 4A01            LDR              R2, = (Heap_Mem +  Heap_Size)
  418 00000156 4B03            LDR              R3, = Stack_Mem
  419 00000158 4770            BX               LR
  420 0000015A         
  421 0000015A 00 00           ALIGN
  422 0000015C         
  423 0000015C                 ENDIF
  424 0000015C         
  425 0000015C         
  426 0000015C                 END
              00000000 
              00000200 
              00000000 
Command Line: --debug --xref --diag_suppress=9931 --cpu=Cortex-M3 --apcs=interw
ork --depend=.\objects\startup_lpc17xx.d -o.\objects\startup_lpc17xx.o -I.\RTE\
Device\LPC1768 -I.\RTE\_Target_1 -I"D:\Program Files\Keil_V5\pack\ARM\CMSIS\5.6
.0\CMSIS\Core\Include" -I"D:\Program Files\Keil_V5\pack\Keil\LPC1700_DFP\2.6.0\
Device\Include" --predefine="__EVAL SETA 1" --predefine="__UVISION_VERSION SETA
 529" --predefine="_RTE_ SETA 1" --predefine="LPC175x_6x SETA 1" --list=.\listi
ngs\startup_lpc17xx.lst RTE\Device\LPC1768\startup_LPC17xx.s



ARM Macro Assembler    Page 1 Alphabetic symbol ordering
Relocatable symbols

STACK 00000000

Symbol: STACK
   Definitions
      At line 33 in file RTE\Device\LPC1768\startup_LPC17xx.s
   Uses
      None
Comment: STACK unused
Stack_Mem 00000000

Symbol: Stack_Mem
   Definitions
      At line 34 in file RTE\Device\LPC1768\startup_LPC17xx.s
   Uses
      At line 416 in file RTE\Device\LPC1768\startup_LPC17xx.s
      At line 418 in file RTE\Device\LPC1768\startup_LPC17xx.s

__initial_sp 00000200

Symbol: __initial_sp
   Definitions
      At line 35 in file RTE\Device\LPC1768\startup_LPC17xx.s
   Uses
      At line 59 in file RTE\Device\LPC1768\startup_LPC17xx.s
Comment: __initial_sp used once
3 symbols



ARM Macro Assembler    Page 1 Alphabetic symbol ordering
Relocatable symbols

HEAP 00000000

Symbol: HEAP
   Definitions
      At line 44 in file RTE\Device\LPC1768\startup_LPC17xx.s
   Uses
      None
Comment: HEAP unused
Heap_Mem 00000000

Symbol: Heap_Mem
   Definitions
      At line 46 in file RTE\Device\LPC1768\startup_LPC17xx.s
   Uses
      At line 415 in file RTE\Device\LPC1768\startup_LPC17xx.s
      At line 417 in file RTE\Device\LPC1768\startup_LPC17xx.s

__heap_base 00000000

Symbol: __heap_base
   Definitions
      At line 45 in file RTE\Device\LPC1768\startup_LPC17xx.s
   Uses
      None
Comment: __heap_base unused
__heap_limit 00000000

Symbol: __heap_limit
   Definitions
      At line 47 in file RTE\Device\LPC1768\startup_LPC17xx.s
   Uses
      None
Comment: __heap_limit unused
4 symbols



ARM Macro Assembler    Page 1 Alphabetic symbol ordering
Relocatable symbols

RESET 00000000

Symbol: RESET
   Definitions
      At line 56 in file RTE\Device\LPC1768\startup_LPC17xx.s
   Uses
      None
Comment: RESET unused
__Vectors 00000000

Symbol: __Vectors
   Definitions
      At line 59 in file RTE\Device\LPC1768\startup_LPC17xx.s
   Uses
      At line 57 in file RTE\Device\LPC1768\startup_LPC17xx.s
Comment: __Vectors used once
2 symbols



ARM Macro Assembler    Page 1 Alphabetic symbol ordering
Relocatable symbols

.ARM.__at_0x02FC 00000000

Symbol: .ARM.__at_0x02FC
   Definitions
      At line 115 in file RTE\Device\LPC1768\startup_LPC17xx.s
   Uses
      None
Comment: .ARM.__at_0x02FC unused
CRP_Key 00000000

Symbol: CRP_Key
   Definitions
      At line 116 in file RTE\Device\LPC1768\startup_LPC17xx.s
   Uses
      None
Comment: CRP_Key unused
2 symbols



ARM Macro Assembler    Page 1 Alphabetic symbol ordering
Relocatable symbols

.text 00000000

Symbol: .text
   Definitions
      At line 120 in file RTE\Device\LPC1768\startup_LPC17xx.s
   Uses
      None
Comment: .text unused
ADC_IRQHandler 0000014E

Symbol: ADC_IRQHandler
   Definitions
      At line 379 in file RTE\Device\LPC1768\startup_LPC17xx.s
   Uses
      At line 99 in file RTE\Device\LPC1768\startup_LPC17xx.s
      At line 343 in file RTE\Device\LPC1768\startup_LPC17xx.s

BOD_IRQHandler 0000014E

Symbol: BOD_IRQHandler
   Definitions
      At line 380 in file RTE\Device\LPC1768\startup_LPC17xx.s
   Uses
      At line 100 in file RTE\Device\LPC1768\startup_LPC17xx.s
      At line 344 in file RTE\Device\LPC1768\startup_LPC17xx.s

BusFault_Handler 00000142

Symbol: BusFault_Handler
   Definitions
      At line 292 in file RTE\Device\LPC1768\startup_LPC17xx.s
   Uses
      At line 64 in file RTE\Device\LPC1768\startup_LPC17xx.s
      At line 293 in file RTE\Device\LPC1768\startup_LPC17xx.s

CANActivity_IRQHandler 0000014E

Symbol: CANActivity_IRQHandler
   Definitions
      At line 391 in file RTE\Device\LPC1768\startup_LPC17xx.s
   Uses
      At line 111 in file RTE\Device\LPC1768\startup_LPC17xx.s
      At line 355 in file RTE\Device\LPC1768\startup_LPC17xx.s

CAN_IRQHandler 0000014E

Symbol: CAN_IRQHandler
   Definitions
      At line 382 in file RTE\Device\LPC1768\startup_LPC17xx.s
   Uses
      At line 102 in file RTE\Device\LPC1768\startup_LPC17xx.s
      At line 346 in file RTE\Device\LPC1768\startup_LPC17xx.s

DMA_IRQHandler 0000014E

Symbol: DMA_IRQHandler
   Definitions
      At line 383 in file RTE\Device\LPC1768\startup_LPC17xx.s
   Uses



ARM Macro Assembler    Page 2 Alphabetic symbol ordering
Relocatable symbols

      At line 103 in file RTE\Device\LPC1768\startup_LPC17xx.s
      At line 347 in file RTE\Device\LPC1768\startup_LPC17xx.s

DebugMon_Handler 00000148

Symbol: DebugMon_Handler
   Definitions
      At line 306 in file RTE\Device\LPC1768\startup_LPC17xx.s
   Uses
      At line 71 in file RTE\Device\LPC1768\startup_LPC17xx.s
      At line 307 in file RTE\Device\LPC1768\startup_LPC17xx.s

Default_Handler 0000014E

Symbol: Default_Handler
   Definitions
      At line 319 in file RTE\Device\LPC1768\startup_LPC17xx.s
   Uses
      None
Comment: Default_Handler unused
EINT0_IRQHandler 0000014E

Symbol: EINT0_IRQHandler
   Definitions
      At line 375 in file RTE\Device\LPC1768\startup_LPC17xx.s
   Uses
      At line 95 in file RTE\Device\LPC1768\startup_LPC17xx.s
      At line 339 in file RTE\Device\LPC1768\startup_LPC17xx.s

EINT1_IRQHandler 0000014E

Symbol: EINT1_IRQHandler
   Definitions
      At line 376 in file RTE\Device\LPC1768\startup_LPC17xx.s
   Uses
      At line 96 in file RTE\Device\LPC1768\startup_LPC17xx.s
      At line 340 in file RTE\Device\LPC1768\startup_LPC17xx.s

EINT2_IRQHandler 0000014E

Symbol: EINT2_IRQHandler
   Definitions
      At line 377 in file RTE\Device\LPC1768\startup_LPC17xx.s
   Uses
      At line 97 in file RTE\Device\LPC1768\startup_LPC17xx.s
      At line 341 in file RTE\Device\LPC1768\startup_LPC17xx.s

EINT3_IRQHandler 0000014E

Symbol: EINT3_IRQHandler
   Definitions
      At line 378 in file RTE\Device\LPC1768\startup_LPC17xx.s
   Uses
      At line 98 in file RTE\Device\LPC1768\startup_LPC17xx.s
      At line 342 in file RTE\Device\LPC1768\startup_LPC17xx.s

ENET_IRQHandler 0000014E

Symbol: ENET_IRQHandler



ARM Macro Assembler    Page 3 Alphabetic symbol ordering
Relocatable symbols

   Definitions
      At line 385 in file RTE\Device\LPC1768\startup_LPC17xx.s
   Uses
      At line 105 in file RTE\Device\LPC1768\startup_LPC17xx.s
      At line 349 in file RTE\Device\LPC1768\startup_LPC17xx.s

HardFault_Handler 0000013E

Symbol: HardFault_Handler
   Definitions
      At line 282 in file RTE\Device\LPC1768\startup_LPC17xx.s
   Uses
      At line 62 in file RTE\Device\LPC1768\startup_LPC17xx.s
      At line 283 in file RTE\Device\LPC1768\startup_LPC17xx.s

I2C0_IRQHandler 0000014E

Symbol: I2C0_IRQHandler
   Definitions
      At line 367 in file RTE\Device\LPC1768\startup_LPC17xx.s
   Uses
      At line 87 in file RTE\Device\LPC1768\startup_LPC17xx.s
      At line 331 in file RTE\Device\LPC1768\startup_LPC17xx.s

I2C1_IRQHandler 0000014E

Symbol: I2C1_IRQHandler
   Definitions
      At line 368 in file RTE\Device\LPC1768\startup_LPC17xx.s
   Uses
      At line 88 in file RTE\Device\LPC1768\startup_LPC17xx.s
      At line 332 in file RTE\Device\LPC1768\startup_LPC17xx.s

I2C2_IRQHandler 0000014E

Symbol: I2C2_IRQHandler
   Definitions
      At line 369 in file RTE\Device\LPC1768\startup_LPC17xx.s
   Uses
      At line 89 in file RTE\Device\LPC1768\startup_LPC17xx.s
      At line 333 in file RTE\Device\LPC1768\startup_LPC17xx.s

I2S_IRQHandler 0000014E

Symbol: I2S_IRQHandler
   Definitions
      At line 384 in file RTE\Device\LPC1768\startup_LPC17xx.s
   Uses
      At line 104 in file RTE\Device\LPC1768\startup_LPC17xx.s
      At line 348 in file RTE\Device\LPC1768\startup_LPC17xx.s

MCPWM_IRQHandler 0000014E

Symbol: MCPWM_IRQHandler
   Definitions
      At line 387 in file RTE\Device\LPC1768\startup_LPC17xx.s
   Uses
      At line 107 in file RTE\Device\LPC1768\startup_LPC17xx.s
      At line 351 in file RTE\Device\LPC1768\startup_LPC17xx.s



ARM Macro Assembler    Page 4 Alphabetic symbol ordering
Relocatable symbols


MemManage_Handler 00000140

Symbol: MemManage_Handler
   Definitions
      At line 287 in file RTE\Device\LPC1768\startup_LPC17xx.s
   Uses
      At line 63 in file RTE\Device\LPC1768\startup_LPC17xx.s
      At line 288 in file RTE\Device\LPC1768\startup_LPC17xx.s

NMI_Handler 0000013C

Symbol: NMI_Handler
   Definitions
      At line 277 in file RTE\Device\LPC1768\startup_LPC17xx.s
   Uses
      At line 61 in file RTE\Device\LPC1768\startup_LPC17xx.s
      At line 278 in file RTE\Device\LPC1768\startup_LPC17xx.s

PLL0_IRQHandler 0000014E

Symbol: PLL0_IRQHandler
   Definitions
      At line 373 in file RTE\Device\LPC1768\startup_LPC17xx.s
   Uses
      At line 93 in file RTE\Device\LPC1768\startup_LPC17xx.s
      At line 337 in file RTE\Device\LPC1768\startup_LPC17xx.s

PLL1_IRQHandler 0000014E

Symbol: PLL1_IRQHandler
   Definitions
      At line 389 in file RTE\Device\LPC1768\startup_LPC17xx.s
   Uses
      At line 109 in file RTE\Device\LPC1768\startup_LPC17xx.s
      At line 353 in file RTE\Device\LPC1768\startup_LPC17xx.s

PWM1_IRQHandler 0000014E

Symbol: PWM1_IRQHandler
   Definitions
      At line 366 in file RTE\Device\LPC1768\startup_LPC17xx.s
   Uses
      At line 86 in file RTE\Device\LPC1768\startup_LPC17xx.s
      At line 330 in file RTE\Device\LPC1768\startup_LPC17xx.s

PendSV_Handler 0000014A

Symbol: PendSV_Handler
   Definitions
      At line 310 in file RTE\Device\LPC1768\startup_LPC17xx.s
   Uses
      At line 73 in file RTE\Device\LPC1768\startup_LPC17xx.s
      At line 311 in file RTE\Device\LPC1768\startup_LPC17xx.s

QEI_IRQHandler 0000014E

Symbol: QEI_IRQHandler
   Definitions



ARM Macro Assembler    Page 5 Alphabetic symbol ordering
Relocatable symbols

      At line 388 in file RTE\Device\LPC1768\startup_LPC17xx.s
   Uses
      At line 108 in file RTE\Device\LPC1768\startup_LPC17xx.s
      At line 352 in file RTE\Device\LPC1768\startup_LPC17xx.s

RIT_IRQHandler 0000014E

Symbol: RIT_IRQHandler
   Definitions
      At line 386 in file RTE\Device\LPC1768\startup_LPC17xx.s
   Uses
      At line 106 in file RTE\Device\LPC1768\startup_LPC17xx.s
      At line 350 in file RTE\Device\LPC1768\startup_LPC17xx.s

RTC_IRQHandler 0000014E

Symbol: RTC_IRQHandler
   Definitions
      At line 374 in file RTE\Device\LPC1768\startup_LPC17xx.s
   Uses
      At line 94 in file RTE\Device\LPC1768\startup_LPC17xx.s
      At line 338 in file RTE\Device\LPC1768\startup_LPC17xx.s

Reset_Handler 00000000

Symbol: Reset_Handler
   Definitions
      At line 125 in file RTE\Device\LPC1768\startup_LPC17xx.s
   Uses
      At line 60 in file RTE\Device\LPC1768\startup_LPC17xx.s
      At line 126 in file RTE\Device\LPC1768\startup_LPC17xx.s

SPI_IRQHandler 0000014E

Symbol: SPI_IRQHandler
   Definitions
      At line 370 in file RTE\Device\LPC1768\startup_LPC17xx.s
   Uses
      At line 90 in file RTE\Device\LPC1768\startup_LPC17xx.s
      At line 334 in file RTE\Device\LPC1768\startup_LPC17xx.s

SSP0_IRQHandler 0000014E

Symbol: SSP0_IRQHandler
   Definitions
      At line 371 in file RTE\Device\LPC1768\startup_LPC17xx.s
   Uses
      At line 91 in file RTE\Device\LPC1768\startup_LPC17xx.s
      At line 335 in file RTE\Device\LPC1768\startup_LPC17xx.s

SSP1_IRQHandler 0000014E

Symbol: SSP1_IRQHandler
   Definitions
      At line 372 in file RTE\Device\LPC1768\startup_LPC17xx.s
   Uses
      At line 92 in file RTE\Device\LPC1768\startup_LPC17xx.s
      At line 336 in file RTE\Device\LPC1768\startup_LPC17xx.s




ARM Macro Assembler    Page 6 Alphabetic symbol ordering
Relocatable symbols

SVC_Handler 00000146

Symbol: SVC_Handler
   Definitions
      At line 301 in file RTE\Device\LPC1768\startup_LPC17xx.s
   Uses
      At line 70 in file RTE\Device\LPC1768\startup_LPC17xx.s
      At line 302 in file RTE\Device\LPC1768\startup_LPC17xx.s

SysTick_Handler 0000014C

Symbol: SysTick_Handler
   Definitions
      At line 314 in file RTE\Device\LPC1768\startup_LPC17xx.s
   Uses
      At line 74 in file RTE\Device\LPC1768\startup_LPC17xx.s
      At line 315 in file RTE\Device\LPC1768\startup_LPC17xx.s

TIMER0_IRQHandler 0000014E

Symbol: TIMER0_IRQHandler
   Definitions
      At line 358 in file RTE\Device\LPC1768\startup_LPC17xx.s
   Uses
      At line 78 in file RTE\Device\LPC1768\startup_LPC17xx.s
      At line 322 in file RTE\Device\LPC1768\startup_LPC17xx.s

TIMER1_IRQHandler 0000014E

Symbol: TIMER1_IRQHandler
   Definitions
      At line 359 in file RTE\Device\LPC1768\startup_LPC17xx.s
   Uses
      At line 79 in file RTE\Device\LPC1768\startup_LPC17xx.s
      At line 323 in file RTE\Device\LPC1768\startup_LPC17xx.s

TIMER2_IRQHandler 0000014E

Symbol: TIMER2_IRQHandler
   Definitions
      At line 360 in file RTE\Device\LPC1768\startup_LPC17xx.s
   Uses
      At line 80 in file RTE\Device\LPC1768\startup_LPC17xx.s
      At line 324 in file RTE\Device\LPC1768\startup_LPC17xx.s

TIMER3_IRQHandler 0000014E

Symbol: TIMER3_IRQHandler
   Definitions
      At line 361 in file RTE\Device\LPC1768\startup_LPC17xx.s
   Uses
      At line 81 in file RTE\Device\LPC1768\startup_LPC17xx.s
      At line 325 in file RTE\Device\LPC1768\startup_LPC17xx.s

UART0_IRQHandler 0000014E

Symbol: UART0_IRQHandler
   Definitions
      At line 362 in file RTE\Device\LPC1768\startup_LPC17xx.s



ARM Macro Assembler    Page 7 Alphabetic symbol ordering
Relocatable symbols

   Uses
      At line 82 in file RTE\Device\LPC1768\startup_LPC17xx.s
      At line 326 in file RTE\Device\LPC1768\startup_LPC17xx.s

UART1_IRQHandler 0000014E

Symbol: UART1_IRQHandler
   Definitions
      At line 363 in file RTE\Device\LPC1768\startup_LPC17xx.s
   Uses
      At line 83 in file RTE\Device\LPC1768\startup_LPC17xx.s
      At line 327 in file RTE\Device\LPC1768\startup_LPC17xx.s

UART2_IRQHandler 0000014E

Symbol: UART2_IRQHandler
   Definitions
      At line 364 in file RTE\Device\LPC1768\startup_LPC17xx.s
   Uses
      At line 84 in file RTE\Device\LPC1768\startup_LPC17xx.s
      At line 328 in file RTE\Device\LPC1768\startup_LPC17xx.s

UART3_IRQHandler 0000014E

Symbol: UART3_IRQHandler
   Definitions
      At line 365 in file RTE\Device\LPC1768\startup_LPC17xx.s
   Uses
      At line 85 in file RTE\Device\LPC1768\startup_LPC17xx.s
      At line 329 in file RTE\Device\LPC1768\startup_LPC17xx.s

USBActivity_IRQHandler 0000014E

Symbol: USBActivity_IRQHandler
   Definitions
      At line 390 in file RTE\Device\LPC1768\startup_LPC17xx.s
   Uses
      At line 110 in file RTE\Device\LPC1768\startup_LPC17xx.s
      At line 354 in file RTE\Device\LPC1768\startup_LPC17xx.s

USB_IRQHandler 0000014E

Symbol: USB_IRQHandler
   Definitions
      At line 381 in file RTE\Device\LPC1768\startup_LPC17xx.s
   Uses
      At line 101 in file RTE\Device\LPC1768\startup_LPC17xx.s
      At line 345 in file RTE\Device\LPC1768\startup_LPC17xx.s

UsageFault_Handler 00000144

Symbol: UsageFault_Handler
   Definitions
      At line 297 in file RTE\Device\LPC1768\startup_LPC17xx.s
   Uses
      At line 65 in file RTE\Device\LPC1768\startup_LPC17xx.s
      At line 298 in file RTE\Device\LPC1768\startup_LPC17xx.s

WDT_IRQHandler 0000014E



ARM Macro Assembler    Page 8 Alphabetic symbol ordering
Relocatable symbols


Symbol: WDT_IRQHandler
   Definitions
      At line 357 in file RTE\Device\LPC1768\startup_LPC17xx.s
   Uses
      At line 77 in file RTE\Device\LPC1768\startup_LPC17xx.s
      At line 321 in file RTE\Device\LPC1768\startup_LPC17xx.s

__user_initial_stackheap 00000150

Symbol: __user_initial_stackheap
   Definitions
      At line 413 in file RTE\Device\LPC1768\startup_LPC17xx.s
   Uses
      At line 412 in file RTE\Device\LPC1768\startup_LPC17xx.s
Comment: __user_initial_stackheap used once
checkPos1 0000006A

Symbol: checkPos1
   Definitions
      At line 175 in file RTE\Device\LPC1768\startup_LPC17xx.s
   Uses
      At line 172 in file RTE\Device\LPC1768\startup_LPC17xx.s
Comment: checkPos1 used once
checkPos2 0000009E

Symbol: checkPos2
   Definitions
      At line 200 in file RTE\Device\LPC1768\startup_LPC17xx.s
   Uses
      At line 197 in file RTE\Device\LPC1768\startup_LPC17xx.s
Comment: checkPos2 used once
cosine 00000042

Symbol: cosine
   Definitions
      At line 157 in file RTE\Device\LPC1768\startup_LPC17xx.s
   Uses
      At line 129 in file RTE\Device\LPC1768\startup_LPC17xx.s
      At line 131 in file RTE\Device\LPC1768\startup_LPC17xx.s
      At line 183 in file RTE\Device\LPC1768\startup_LPC17xx.s
      At line 214 in file RTE\Device\LPC1768\startup_LPC17xx.s

divide2 000000C0

Symbol: divide2
   Definitions
      At line 213 in file RTE\Device\LPC1768\startup_LPC17xx.s
   Uses
      At line 201 in file RTE\Device\LPC1768\startup_LPC17xx.s
Comment: divide2 used once
doubleAngleCosine 00000090

Symbol: doubleAngleCosine
   Definitions
      At line 193 in file RTE\Device\LPC1768\startup_LPC17xx.s
   Uses
      At line 139 in file RTE\Device\LPC1768\startup_LPC17xx.s
      At line 141 in file RTE\Device\LPC1768\startup_LPC17xx.s



ARM Macro Assembler    Page 9 Alphabetic symbol ordering
Relocatable symbols


doubleAngleSine 0000005C

Symbol: doubleAngleSine
   Definitions
      At line 168 in file RTE\Device\LPC1768\startup_LPC17xx.s
   Uses
      At line 134 in file RTE\Device\LPC1768\startup_LPC17xx.s
      At line 136 in file RTE\Device\LPC1768\startup_LPC17xx.s
      At line 186 in file RTE\Device\LPC1768\startup_LPC17xx.s
      At line 205 in file RTE\Device\LPC1768\startup_LPC17xx.s
      At line 233 in file RTE\Device\LPC1768\startup_LPC17xx.s

equation31 00000070

Symbol: equation31
   Definitions
      At line 179 in file RTE\Device\LPC1768\startup_LPC17xx.s
   Uses
      At line 176 in file RTE\Device\LPC1768\startup_LPC17xx.s
Comment: equation31 used once
equation51 00000072

Symbol: equation51
   Definitions
      At line 181 in file RTE\Device\LPC1768\startup_LPC17xx.s
   Uses
      At line 173 in file RTE\Device\LPC1768\startup_LPC17xx.s
      At line 177 in file RTE\Device\LPC1768\startup_LPC17xx.s

equation72 000000A4

Symbol: equation72
   Definitions
      At line 204 in file RTE\Device\LPC1768\startup_LPC17xx.s
   Uses
      At line 198 in file RTE\Device\LPC1768\startup_LPC17xx.s
      At line 202 in file RTE\Device\LPC1768\startup_LPC17xx.s

reCheckPos1 00000116

Symbol: reCheckPos1
   Definitions
      At line 256 in file RTE\Device\LPC1768\startup_LPC17xx.s
   Uses
      At line 253 in file RTE\Device\LPC1768\startup_LPC17xx.s
Comment: reCheckPos1 used once
reCheckPos2 000000DA

Symbol: reCheckPos2
   Definitions
      At line 227 in file RTE\Device\LPC1768\startup_LPC17xx.s
   Uses
      At line 224 in file RTE\Device\LPC1768\startup_LPC17xx.s
Comment: reCheckPos2 used once
reDivid2 000000FC

Symbol: reDivid2
   Definitions



ARM Macro Assembler    Page 10 Alphabetic symbol ordering
Relocatable symbols

      At line 241 in file RTE\Device\LPC1768\startup_LPC17xx.s
   Uses
      At line 229 in file RTE\Device\LPC1768\startup_LPC17xx.s
Comment: reDivid2 used once
reEquation31 0000011C

Symbol: reEquation31
   Definitions
      At line 260 in file RTE\Device\LPC1768\startup_LPC17xx.s
   Uses
      At line 257 in file RTE\Device\LPC1768\startup_LPC17xx.s
Comment: reEquation31 used once
reEquation51 0000011E

Symbol: reEquation51
   Definitions
      At line 262 in file RTE\Device\LPC1768\startup_LPC17xx.s
   Uses
      At line 254 in file RTE\Device\LPC1768\startup_LPC17xx.s
      At line 258 in file RTE\Device\LPC1768\startup_LPC17xx.s

reEquation72 000000E0

Symbol: reEquation72
   Definitions
      At line 232 in file RTE\Device\LPC1768\startup_LPC17xx.s
   Uses
      At line 225 in file RTE\Device\LPC1768\startup_LPC17xx.s
      At line 230 in file RTE\Device\LPC1768\startup_LPC17xx.s

reReturn1 00000138

Symbol: reReturn1
   Definitions
      At line 271 in file RTE\Device\LPC1768\startup_LPC17xx.s
   Uses
      At line 260 in file RTE\Device\LPC1768\startup_LPC17xx.s
Comment: reReturn1 used once
reReturn2 00000104

Symbol: reReturn2
   Definitions
      At line 244 in file RTE\Device\LPC1768\startup_LPC17xx.s
   Uses
      At line 239 in file RTE\Device\LPC1768\startup_LPC17xx.s
Comment: reReturn2 used once
recursiveCosine 000000CC

Symbol: recursiveCosine
   Definitions
      At line 220 in file RTE\Device\LPC1768\startup_LPC17xx.s
   Uses
      At line 242 in file RTE\Device\LPC1768\startup_LPC17xx.s
      At line 264 in file RTE\Device\LPC1768\startup_LPC17xx.s

recursiveSine 00000108

Symbol: recursiveSine
   Definitions



ARM Macro Assembler    Page 11 Alphabetic symbol ordering
Relocatable symbols

      At line 249 in file RTE\Device\LPC1768\startup_LPC17xx.s
   Uses
      At line 149 in file RTE\Device\LPC1768\startup_LPC17xx.s
      At line 151 in file RTE\Device\LPC1768\startup_LPC17xx.s
      At line 267 in file RTE\Device\LPC1768\startup_LPC17xx.s

return1 0000008C

Symbol: return1
   Definitions
      At line 190 in file RTE\Device\LPC1768\startup_LPC17xx.s
   Uses
      At line 179 in file RTE\Device\LPC1768\startup_LPC17xx.s
Comment: return1 used once
return2 000000C8

Symbol: return2
   Definitions
      At line 216 in file RTE\Device\LPC1768\startup_LPC17xx.s
   Uses
      At line 211 in file RTE\Device\LPC1768\startup_LPC17xx.s
Comment: return2 used once
stop 00000042

Symbol: stop
   Definitions
      At line 154 in file RTE\Device\LPC1768\startup_LPC17xx.s
   Uses
      At line 153 in file RTE\Device\LPC1768\startup_LPC17xx.s
Comment: stop used once
70 symbols



ARM Macro Assembler    Page 1 Alphabetic symbol ordering
Absolute symbols

Heap_Size 00000000

Symbol: Heap_Size
   Definitions
      At line 42 in file RTE\Device\LPC1768\startup_LPC17xx.s
   Uses
      At line 46 in file RTE\Device\LPC1768\startup_LPC17xx.s
      At line 417 in file RTE\Device\LPC1768\startup_LPC17xx.s

Stack_Size 00000200

Symbol: Stack_Size
   Definitions
      At line 31 in file RTE\Device\LPC1768\startup_LPC17xx.s
   Uses
      At line 34 in file RTE\Device\LPC1768\startup_LPC17xx.s
      At line 416 in file RTE\Device\LPC1768\startup_LPC17xx.s

2 symbols



ARM Macro Assembler    Page 1 Alphabetic symbol ordering
External symbols

SystemInit 00000000

Symbol: SystemInit
   Definitions
      At line 127 in file RTE\Device\LPC1768\startup_LPC17xx.s
   Uses
      None
Comment: SystemInit unused
__use_two_region_memory 00000000

Symbol: __use_two_region_memory
   Definitions
      At line 411 in file RTE\Device\LPC1768\startup_LPC17xx.s
   Uses
      None
Comment: __use_two_region_memory unused
2 symbols
425 symbols in table
